[0.234s] Invoking command in '/home/mariobo/ernest_ws/src/ernest_simulations/build/ernest_mpc': CMAKE_PREFIX_PATH=/opt/ros/foxy /usr/local/bin/cmake --build /home/mariobo/ernest_ws/src/ernest_simulations/build/ernest_mpc -- -j8 -l8
[0.256s] -- Found ament_cmake: 0.9.12 (/opt/ros/foxy/share/ament_cmake/cmake)
[0.284s] -- Using PYTHON_EXECUTABLE: /usr/bin/python3
[0.558s] -- Found rclcpp: 2.4.3 (/opt/ros/foxy/share/rclcpp/cmake)
[0.600s] -- Using all available rosidl_typesupport_c: rosidl_typesupport_fastrtps_c;rosidl_typesupport_introspection_c
[0.605s] -- Found rosidl_adapter: 1.3.1 (/opt/ros/foxy/share/rosidl_adapter/cmake)
[0.751s] -- Using all available rosidl_typesupport_cpp: rosidl_typesupport_fastrtps_cpp;rosidl_typesupport_introspection_cpp
[0.803s] -- Found rmw_implementation_cmake: 1.0.4 (/opt/ros/foxy/share/rmw_implementation_cmake/cmake)
[0.805s] -- Using RMW implementation 'rmw_fastrtps_cpp' as default
[0.957s] -- Found geometry_msgs: 2.0.5 (/opt/ros/foxy/share/geometry_msgs/cmake)
[0.995s] -- Found nav_msgs: 2.0.5 (/opt/ros/foxy/share/nav_msgs/cmake)
[1.060s] -- Found tf2: 0.13.14 (/opt/ros/foxy/share/tf2/cmake)
[1.070s] -- Found ament_lint_auto: 0.9.8 (/opt/ros/foxy/share/ament_lint_auto/cmake)
[1.161s] -- Added test 'copyright' to check source files copyright and LICENSE
[1.162s] -- Added test 'cppcheck' to perform static code analysis on C / C++ code
[1.162s] -- Configured cppcheck include dirs: 
[1.163s] -- Configured cppcheck exclude dirs and/or files: 
[1.163s] -- Added test 'cpplint' to check C / C++ code against the Google style
[1.163s] -- Configured cpplint exclude dirs and/or files: 
[1.164s] -- Added test 'lint_cmake' to check CMake code style
[1.165s] -- Added test 'uncrustify' to check C / C++ code style
[1.165s] -- Configured uncrustify additional arguments: 
[1.166s] -- Added test 'xmllint' to check XML markup files
[1.167s] -- Configuring done
[1.186s] -- Generating done
[1.190s] -- Build files have been written to: /home/mariobo/ernest_ws/src/ernest_simulations/build/ernest_mpc
[1.217s] [ 50%] [32mBuilding CXX object CMakeFiles/straight_line_node.dir/src/straight_line.cpp.o[0m
[5.242s] [100%] [32m[1mLinking CXX executable straight_line_node[0m
[5.462s] [100%] Built target straight_line_node
[5.482s] Invoked command in '/home/mariobo/ernest_ws/src/ernest_simulations/build/ernest_mpc' returned '0': CMAKE_PREFIX_PATH=/opt/ros/foxy /usr/local/bin/cmake --build /home/mariobo/ernest_ws/src/ernest_simulations/build/ernest_mpc -- -j8 -l8
[5.533s] Invoking command in '/home/mariobo/ernest_ws/src/ernest_simulations/build/ernest_mpc': CMAKE_PREFIX_PATH=/opt/ros/foxy /usr/local/bin/cmake --install /home/mariobo/ernest_ws/src/ernest_simulations/build/ernest_mpc
[5.539s] -- Install configuration: ""
[5.539s] -- Installing: /home/mariobo/ernest_ws/src/ernest_simulations/install/ernest_mpc/lib/ernest_mpc/straight_line_node
[5.545s] -- Set runtime path of "/home/mariobo/ernest_ws/src/ernest_simulations/install/ernest_mpc/lib/ernest_mpc/straight_line_node" to ""
[5.546s] -- Up-to-date: /home/mariobo/ernest_ws/src/ernest_simulations/install/ernest_mpc/share/ament_index/resource_index/package_run_dependencies/ernest_mpc
[5.546s] -- Up-to-date: /home/mariobo/ernest_ws/src/ernest_simulations/install/ernest_mpc/share/ament_index/resource_index/parent_prefix_path/ernest_mpc
[5.546s] -- Up-to-date: /home/mariobo/ernest_ws/src/ernest_simulations/install/ernest_mpc/share/ernest_mpc/environment/ament_prefix_path.sh
[5.547s] -- Installing: /home/mariobo/ernest_ws/src/ernest_simulations/install/ernest_mpc/share/ernest_mpc/environment/ament_prefix_path.dsv
[5.547s] -- Up-to-date: /home/mariobo/ernest_ws/src/ernest_simulations/install/ernest_mpc/share/ernest_mpc/environment/path.sh
[5.547s] -- Installing: /home/mariobo/ernest_ws/src/ernest_simulations/install/ernest_mpc/share/ernest_mpc/environment/path.dsv
[5.548s] -- Up-to-date: /home/mariobo/ernest_ws/src/ernest_simulations/install/ernest_mpc/share/ernest_mpc/local_setup.bash
[5.548s] -- Up-to-date: /home/mariobo/ernest_ws/src/ernest_simulations/install/ernest_mpc/share/ernest_mpc/local_setup.sh
[5.549s] -- Up-to-date: /home/mariobo/ernest_ws/src/ernest_simulations/install/ernest_mpc/share/ernest_mpc/local_setup.zsh
[5.549s] -- Installing: /home/mariobo/ernest_ws/src/ernest_simulations/install/ernest_mpc/share/ernest_mpc/local_setup.dsv
[5.549s] -- Installing: /home/mariobo/ernest_ws/src/ernest_simulations/install/ernest_mpc/share/ernest_mpc/package.dsv
[5.549s] -- Up-to-date: /home/mariobo/ernest_ws/src/ernest_simulations/install/ernest_mpc/share/ament_index/resource_index/packages/ernest_mpc
[5.550s] -- Up-to-date: /home/mariobo/ernest_ws/src/ernest_simulations/install/ernest_mpc/share/ernest_mpc/cmake/ernest_mpcConfig.cmake
[5.550s] -- Up-to-date: /home/mariobo/ernest_ws/src/ernest_simulations/install/ernest_mpc/share/ernest_mpc/cmake/ernest_mpcConfig-version.cmake
[5.551s] -- Up-to-date: /home/mariobo/ernest_ws/src/ernest_simulations/install/ernest_mpc/share/ernest_mpc/package.xml
[5.551s] Invoked command in '/home/mariobo/ernest_ws/src/ernest_simulations/build/ernest_mpc' returned '0': CMAKE_PREFIX_PATH=/opt/ros/foxy /usr/local/bin/cmake --install /home/mariobo/ernest_ws/src/ernest_simulations/build/ernest_mpc
