[2.313s] Invoking command in '/home/mariobo/ernest_ws/src/ernest_simulations/build/bringup': CMAKE_PREFIX_PATH=${CMAKE_PREFIX_PATH}:/home/mariobo/ernest_ws/src/ernest_simulations/install/mpc_controller:/home/mariobo/ernest_ws/install/mpc_controller:/opt/ros/foxy /usr/local/bin/cmake --build /home/mariobo/ernest_ws/src/ernest_simulations/build/bringup -- -j8 -l8
[3.318s] Invoked command in '/home/mariobo/ernest_ws/src/ernest_simulations/build/bringup' returned '0': CMAKE_PREFIX_PATH=${CMAKE_PREFIX_PATH}:/home/mariobo/ernest_ws/src/ernest_simulations/install/mpc_controller:/home/mariobo/ernest_ws/install/mpc_controller:/opt/ros/foxy /usr/local/bin/cmake --build /home/mariobo/ernest_ws/src/ernest_simulations/build/bringup -- -j8 -l8
[3.389s] Invoking command in '/home/mariobo/ernest_ws/src/ernest_simulations/build/bringup': CMAKE_PREFIX_PATH=${CMAKE_PREFIX_PATH}:/home/mariobo/ernest_ws/src/ernest_simulations/install/mpc_controller:/home/mariobo/ernest_ws/install/mpc_controller:/opt/ros/foxy /usr/local/bin/cmake --install /home/mariobo/ernest_ws/src/ernest_simulations/build/bringup
[3.420s] -- Install configuration: ""
[3.422s] -- Execute custom install script
[3.422s] -- Up-to-date symlink: /home/mariobo/ernest_ws/src/ernest_simulations/install/bringup/share/bringup/launch/ernest_gazebo.launch.py
[3.423s] -- Up-to-date symlink: /home/mariobo/ernest_ws/src/ernest_simulations/install/bringup/share/bringup/launch/joint_controller.launch.py
[3.423s] -- Up-to-date symlink: /home/mariobo/ernest_ws/src/ernest_simulations/install/bringup/share/bringup/config/joint_controller_config.yaml
[3.423s] -- Up-to-date symlink: /home/mariobo/ernest_ws/src/ernest_simulations/install/bringup/share/ament_index/resource_index/package_run_dependencies/bringup
[3.424s] -- Up-to-date symlink: /home/mariobo/ernest_ws/src/ernest_simulations/install/bringup/share/ament_index/resource_index/parent_prefix_path/bringup
[3.424s] -- Up-to-date symlink: /home/mariobo/ernest_ws/src/ernest_simulations/install/bringup/share/bringup/environment/ament_prefix_path.sh
[3.424s] -- Up-to-date symlink: /home/mariobo/ernest_ws/src/ernest_simulations/install/bringup/share/bringup/environment/ament_prefix_path.dsv
[3.425s] -- Up-to-date symlink: /home/mariobo/ernest_ws/src/ernest_simulations/install/bringup/share/bringup/environment/path.sh
[3.427s] -- Up-to-date symlink: /home/mariobo/ernest_ws/src/ernest_simulations/install/bringup/share/bringup/environment/path.dsv
[3.427s] -- Up-to-date symlink: /home/mariobo/ernest_ws/src/ernest_simulations/install/bringup/share/bringup/local_setup.bash
[3.428s] -- Up-to-date symlink: /home/mariobo/ernest_ws/src/ernest_simulations/install/bringup/share/bringup/local_setup.sh
[3.429s] -- Up-to-date symlink: /home/mariobo/ernest_ws/src/ernest_simulations/install/bringup/share/bringup/local_setup.zsh
[3.429s] -- Up-to-date symlink: /home/mariobo/ernest_ws/src/ernest_simulations/install/bringup/share/bringup/local_setup.dsv
[3.430s] -- Symlinking: /home/mariobo/ernest_ws/src/ernest_simulations/install/bringup/share/bringup/package.dsv
[3.435s] -- Up-to-date symlink: /home/mariobo/ernest_ws/src/ernest_simulations/install/bringup/share/ament_index/resource_index/packages/bringup
[3.438s] -- Up-to-date symlink: /home/mariobo/ernest_ws/src/ernest_simulations/install/bringup/share/bringup/cmake/bringupConfig.cmake
[3.438s] -- Up-to-date symlink: /home/mariobo/ernest_ws/src/ernest_simulations/install/bringup/share/bringup/cmake/bringupConfig-version.cmake
[3.439s] -- Up-to-date symlink: /home/mariobo/ernest_ws/src/ernest_simulations/install/bringup/share/bringup/package.xml
[3.493s] Invoked command in '/home/mariobo/ernest_ws/src/ernest_simulations/build/bringup' returned '0': CMAKE_PREFIX_PATH=${CMAKE_PREFIX_PATH}:/home/mariobo/ernest_ws/src/ernest_simulations/install/mpc_controller:/home/mariobo/ernest_ws/install/mpc_controller:/opt/ros/foxy /usr/local/bin/cmake --install /home/mariobo/ernest_ws/src/ernest_simulations/build/bringup
