-- The C compiler identification is GNU 9.4.0
-- The CXX compiler identification is GNU 9.4.0
-- Detecting C compiler ABI info
-- Detecting C compiler ABI info - done
-- Check for working C compiler: /usr/bin/cc - skipped
-- Detecting C compile features
-- Detecting C compile features - done
-- Detecting CXX compiler ABI info
-- Detecting CXX compiler ABI info - done
-- Check for working CXX compiler: /usr/bin/c++ - skipped
-- Detecting CXX compile features
-- Detecting CXX compile features - done
-- Found ament_cmake: 0.9.12 (/opt/ros/foxy/share/ament_cmake/cmake)
-- Found PythonInterp: /usr/bin/python3 (found suitable version "3.8.10", minimum required is "3") 
-- Using PYTHON_EXECUTABLE: /usr/bin/python3
-- Override CMake install command with custom implementation using symlinks instead of copying resources
-- Found rclcpp: 2.4.3 (/opt/ros/foxy/share/rclcpp/cmake)
-- Using all available rosidl_typesupport_c: rosidl_typesupport_fastrtps_c;rosidl_typesupport_introspection_c
-- Found rosidl_adapter: 1.3.1 (/opt/ros/foxy/share/rosidl_adapter/cmake)
-- Found OpenSSL: /usr/lib/x86_64-linux-gnu/libcrypto.so (found version "1.1.1f")  
-- Found FastRTPS: /opt/ros/foxy/include  
-- Using all available rosidl_typesupport_cpp: rosidl_typesupport_fastrtps_cpp;rosidl_typesupport_introspection_cpp
-- Found rmw_implementation_cmake: 1.0.4 (/opt/ros/foxy/share/rmw_implementation_cmake/cmake)
-- Using RMW implementation 'rmw_fastrtps_cpp' as default
-- Looking for pthread.h
-- Looking for pthread.h - found
-- Performing Test CMAKE_HAVE_LIBC_PTHREAD
-- Performing Test CMAKE_HAVE_LIBC_PTHREAD - Failed
-- Looking for pthread_create in pthreads
-- Looking for pthread_create in pthreads - not found
-- Looking for pthread_create in pthread
-- Looking for pthread_create in pthread - found
-- Found Threads: TRUE  
-- Found sensor_msgs: 2.0.5 (/opt/ros/foxy/share/sensor_msgs/cmake)
-- Found pluginlib: 2.5.4 (/opt/ros/foxy/share/pluginlib/cmake)
-- Found ament_lint_auto: 0.9.8 (/opt/ros/foxy/share/ament_lint_auto/cmake)
-- Added test 'copyright' to check source files copyright and LICENSE
-- Added test 'flake8' to check Python code syntax and style conventions
-- Added test 'lint_cmake' to check CMake code style
-- Added test 'pep257' to check Python code against some of the style conventions in PEP 257
-- Added test 'xmllint' to check XML markup files
-- Configuring done
-- Generating done
-- Build files have been written to: /home/mariobo/ernest_ws/src/ernest_simulations/build/bringup
-- Install configuration: ""
-- Execute custom install script
-- Symlinking: /home/mariobo/ernest_ws/src/ernest_simulations/install/bringup/share/bringup/launch/ernest_gazebo.launch.py
-- Symlinking: /home/mariobo/ernest_ws/src/ernest_simulations/install/bringup/share/bringup/launch/joint_controller.launch.py
-- Symlinking: /home/mariobo/ernest_ws/src/ernest_simulations/install/bringup/share/bringup/config/joint_controller_config.yaml
-- Symlinking: /home/mariobo/ernest_ws/src/ernest_simulations/install/bringup/share/ament_index/resource_index/package_run_dependencies/bringup
-- Symlinking: /home/mariobo/ernest_ws/src/ernest_simulations/install/bringup/share/ament_index/resource_index/parent_prefix_path/bringup
-- Symlinking: /home/mariobo/ernest_ws/src/ernest_simulations/install/bringup/share/bringup/environment/ament_prefix_path.sh
-- Symlinking: /home/mariobo/ernest_ws/src/ernest_simulations/install/bringup/share/bringup/environment/ament_prefix_path.dsv
-- Symlinking: /home/mariobo/ernest_ws/src/ernest_simulations/install/bringup/share/bringup/environment/path.sh
-- Symlinking: /home/mariobo/ernest_ws/src/ernest_simulations/install/bringup/share/bringup/environment/path.dsv
-- Symlinking: /home/mariobo/ernest_ws/src/ernest_simulations/install/bringup/share/bringup/local_setup.bash
-- Symlinking: /home/mariobo/ernest_ws/src/ernest_simulations/install/bringup/share/bringup/local_setup.sh
-- Symlinking: /home/mariobo/ernest_ws/src/ernest_simulations/install/bringup/share/bringup/local_setup.zsh
-- Symlinking: /home/mariobo/ernest_ws/src/ernest_simulations/install/bringup/share/bringup/local_setup.dsv
-- Symlinking: /home/mariobo/ernest_ws/src/ernest_simulations/install/bringup/share/bringup/package.dsv
-- Symlinking: /home/mariobo/ernest_ws/src/ernest_simulations/install/bringup/share/ament_index/resource_index/packages/bringup
-- Symlinking: /home/mariobo/ernest_ws/src/ernest_simulations/install/bringup/share/bringup/cmake/bringupConfig.cmake
-- Symlinking: /home/mariobo/ernest_ws/src/ernest_simulations/install/bringup/share/bringup/cmake/bringupConfig-version.cmake
-- Symlinking: /home/mariobo/ernest_ws/src/ernest_simulations/install/bringup/share/bringup/package.xml
