[3.044s] Invoking command in '/home/mariobo/ernest_ws/src/ernest_simulations/build/mpc_controller': PYTHONPATH=/home/mariobo/ernest_ws/src/ernest_simulations/build/mpc_controller/prefix_override:/home/mariobo/ernest_ws/src/ernest_simulations/install/mpc_controller/lib/python3.8/site-packages:${PYTHONPATH} /usr/bin/python3 setup.py develop --editable --build-directory /home/mariobo/ernest_ws/src/ernest_simulations/build/mpc_controller/build --no-deps install_data
[3.912s] running develop
[3.912s] running egg_info
[3.912s] writing mpc_controller.egg-info/PKG-INFO
[3.913s] writing dependency_links to mpc_controller.egg-info/dependency_links.txt
[3.913s] writing entry points to mpc_controller.egg-info/entry_points.txt
[3.913s] writing requirements to mpc_controller.egg-info/requires.txt
[3.914s] writing top-level names to mpc_controller.egg-info/top_level.txt
[3.914s] reading manifest file 'mpc_controller.egg-info/SOURCES.txt'
[3.914s] writing manifest file 'mpc_controller.egg-info/SOURCES.txt'
[3.977s] running build_ext
[3.977s] Creating /home/mariobo/ernest_ws/src/ernest_simulations/install/mpc_controller/lib/python3.8/site-packages/mpc-controller.egg-link (link to .)
[3.978s] Installing data script to /home/mariobo/ernest_ws/src/ernest_simulations/install/mpc_controller/lib/mpc_controller
[3.979s] Installing mpc script to /home/mariobo/ernest_ws/src/ernest_simulations/install/mpc_controller/lib/mpc_controller
[3.980s] Installing mpc_node script to /home/mariobo/ernest_ws/src/ernest_simulations/install/mpc_controller/lib/mpc_controller
[3.980s] Installing mpc_solve script to /home/mariobo/ernest_ws/src/ernest_simulations/install/mpc_controller/lib/mpc_controller
[3.980s] Installing utils script to /home/mariobo/ernest_ws/src/ernest_simulations/install/mpc_controller/lib/mpc_controller
[3.981s] 
[3.981s] Installed /home/mariobo/ernest_ws/src/ernest_simulations/build/mpc_controller
[3.981s] running install_data
[4.662s] Invoked command in '/home/mariobo/ernest_ws/src/ernest_simulations/build/mpc_controller' returned '0': PYTHONPATH=/home/mariobo/ernest_ws/src/ernest_simulations/build/mpc_controller/prefix_override:/home/mariobo/ernest_ws/src/ernest_simulations/install/mpc_controller/lib/python3.8/site-packages:${PYTHONPATH} /usr/bin/python3 setup.py develop --editable --build-directory /home/mariobo/ernest_ws/src/ernest_simulations/build/mpc_controller/build --no-deps install_data
