[1.865s] Invoking command in '/home/mariobo/ernest_ws/src/ernest_simulations/build/controller': CMAKE_PREFIX_PATH=${CMAKE_PREFIX_PATH}:/home/mariobo/ernest_ws/src/ernest_simulations/install/mpc_controller:/home/mariobo/ernest_ws/install/mpc_controller:/opt/ros/foxy /usr/local/bin/cmake --build /home/mariobo/ernest_ws/src/ernest_simulations/build/controller -- -j8 -l8
[2.845s] [ 33%] Built target pid_controller
[2.848s] [ 66%] Built target trajectory_controller
[2.849s] [100%] Built target odom_subs
[2.883s] Invoked command in '/home/mariobo/ernest_ws/src/ernest_simulations/build/controller' returned '0': CMAKE_PREFIX_PATH=${CMAKE_PREFIX_PATH}:/home/mariobo/ernest_ws/src/ernest_simulations/install/mpc_controller:/home/mariobo/ernest_ws/install/mpc_controller:/opt/ros/foxy /usr/local/bin/cmake --build /home/mariobo/ernest_ws/src/ernest_simulations/build/controller -- -j8 -l8
[3.010s] Invoking command in '/home/mariobo/ernest_ws/src/ernest_simulations/build/controller': CMAKE_PREFIX_PATH=${CMAKE_PREFIX_PATH}:/home/mariobo/ernest_ws/src/ernest_simulations/install/mpc_controller:/home/mariobo/ernest_ws/install/mpc_controller:/opt/ros/foxy /usr/local/bin/cmake --install /home/mariobo/ernest_ws/src/ernest_simulations/build/controller
[3.020s] -- Install configuration: ""
[3.021s] -- Execute custom install script
[3.023s] -- Up-to-date symlink: /home/mariobo/ernest_ws/src/ernest_simulations/install/controller/lib/controller/pid_controller
[3.023s] -- Up-to-date symlink: /home/mariobo/ernest_ws/src/ernest_simulations/install/controller/lib/controller/odom_subs
[3.023s] -- Up-to-date symlink: /home/mariobo/ernest_ws/src/ernest_simulations/install/controller/lib/controller/trajectory_controller
[3.024s] -- Up-to-date symlink: /home/mariobo/ernest_ws/src/ernest_simulations/install/controller/share/controller/matlab/README.md
[3.024s] -- Up-to-date symlink: /home/mariobo/ernest_ws/src/ernest_simulations/install/controller/share/controller/matlab/prova.txt
[3.025s] -- Up-to-date symlink: /home/mariobo/ernest_ws/src/ernest_simulations/install/controller/share/controller/matlab/speed.txt
[3.025s] -- Up-to-date symlink: /home/mariobo/ernest_ws/src/ernest_simulations/install/controller/share/controller/matlab/steering_angles.txt
[3.025s] -- Up-to-date symlink: /home/mariobo/ernest_ws/src/ernest_simulations/install/controller/share/controller/matlab/traj_gen.m
[3.026s] -- Up-to-date symlink: /home/mariobo/ernest_ws/src/ernest_simulations/install/controller/share/ament_index/resource_index/package_run_dependencies/controller
[3.026s] -- Up-to-date symlink: /home/mariobo/ernest_ws/src/ernest_simulations/install/controller/share/ament_index/resource_index/parent_prefix_path/controller
[3.026s] -- Up-to-date symlink: /home/mariobo/ernest_ws/src/ernest_simulations/install/controller/share/controller/environment/ament_prefix_path.sh
[3.026s] -- Up-to-date symlink: /home/mariobo/ernest_ws/src/ernest_simulations/install/controller/share/controller/environment/ament_prefix_path.dsv
[3.027s] -- Up-to-date symlink: /home/mariobo/ernest_ws/src/ernest_simulations/install/controller/share/controller/environment/path.sh
[3.027s] -- Up-to-date symlink: /home/mariobo/ernest_ws/src/ernest_simulations/install/controller/share/controller/environment/path.dsv
[3.027s] -- Up-to-date symlink: /home/mariobo/ernest_ws/src/ernest_simulations/install/controller/share/controller/local_setup.bash
[3.027s] -- Up-to-date symlink: /home/mariobo/ernest_ws/src/ernest_simulations/install/controller/share/controller/local_setup.sh
[3.028s] -- Up-to-date symlink: /home/mariobo/ernest_ws/src/ernest_simulations/install/controller/share/controller/local_setup.zsh
[3.028s] -- Up-to-date symlink: /home/mariobo/ernest_ws/src/ernest_simulations/install/controller/share/controller/local_setup.dsv
[3.028s] -- Symlinking: /home/mariobo/ernest_ws/src/ernest_simulations/install/controller/share/controller/package.dsv
[3.029s] -- Up-to-date symlink: /home/mariobo/ernest_ws/src/ernest_simulations/install/controller/share/ament_index/resource_index/packages/controller
[3.029s] -- Up-to-date symlink: /home/mariobo/ernest_ws/src/ernest_simulations/install/controller/share/controller/cmake/controllerConfig.cmake
[3.030s] -- Up-to-date symlink: /home/mariobo/ernest_ws/src/ernest_simulations/install/controller/share/controller/cmake/controllerConfig-version.cmake
[3.030s] -- Up-to-date symlink: /home/mariobo/ernest_ws/src/ernest_simulations/install/controller/share/controller/package.xml
[4.021s] Invoked command in '/home/mariobo/ernest_ws/src/ernest_simulations/build/controller' returned '0': CMAKE_PREFIX_PATH=${CMAKE_PREFIX_PATH}:/home/mariobo/ernest_ws/src/ernest_simulations/install/mpc_controller:/home/mariobo/ernest_ws/install/mpc_controller:/opt/ros/foxy /usr/local/bin/cmake --install /home/mariobo/ernest_ws/src/ernest_simulations/build/controller
