[0.221s] Invoking command in '/home/mariobo/ernest_ws/src/ernest_simulations/build/ernest_mpc': CMAKE_PREFIX_PATH=/opt/ros/foxy /usr/local/bin/cmake --build /home/mariobo/ernest_ws/src/ernest_simulations/build/ernest_mpc -- -j8 -l8
[0.251s] [35m[1mConsolidate compiler generated dependencies of target straight_line_node[0m
[0.272s] [ 50%] [32mBuilding CXX object CMakeFiles/straight_line_node.dir/src/straight_line.cpp.o[0m
[5.283s] [100%] [32m[1mLinking CXX executable straight_line_node[0m
[5.698s] [100%] Built target straight_line_node
[5.709s] Invoked command in '/home/mariobo/ernest_ws/src/ernest_simulations/build/ernest_mpc' returned '0': CMAKE_PREFIX_PATH=/opt/ros/foxy /usr/local/bin/cmake --build /home/mariobo/ernest_ws/src/ernest_simulations/build/ernest_mpc -- -j8 -l8
[5.775s] Invoking command in '/home/mariobo/ernest_ws/src/ernest_simulations/build/ernest_mpc': CMAKE_PREFIX_PATH=/opt/ros/foxy /usr/local/bin/cmake --install /home/mariobo/ernest_ws/src/ernest_simulations/build/ernest_mpc
[5.783s] -- Install configuration: ""
[5.784s] -- Installing: /home/mariobo/ernest_ws/src/ernest_simulations/install/ernest_mpc/lib/ernest_mpc/straight_line_node
[5.787s] -- Set runtime path of "/home/mariobo/ernest_ws/src/ernest_simulations/install/ernest_mpc/lib/ernest_mpc/straight_line_node" to ""
[5.787s] -- Up-to-date: /home/mariobo/ernest_ws/src/ernest_simulations/install/ernest_mpc/share/ament_index/resource_index/package_run_dependencies/ernest_mpc
[5.788s] -- Up-to-date: /home/mariobo/ernest_ws/src/ernest_simulations/install/ernest_mpc/share/ament_index/resource_index/parent_prefix_path/ernest_mpc
[5.788s] -- Up-to-date: /home/mariobo/ernest_ws/src/ernest_simulations/install/ernest_mpc/share/ernest_mpc/environment/ament_prefix_path.sh
[5.788s] -- Up-to-date: /home/mariobo/ernest_ws/src/ernest_simulations/install/ernest_mpc/share/ernest_mpc/environment/ament_prefix_path.dsv
[5.788s] -- Up-to-date: /home/mariobo/ernest_ws/src/ernest_simulations/install/ernest_mpc/share/ernest_mpc/environment/path.sh
[5.788s] -- Up-to-date: /home/mariobo/ernest_ws/src/ernest_simulations/install/ernest_mpc/share/ernest_mpc/environment/path.dsv
[5.788s] -- Up-to-date: /home/mariobo/ernest_ws/src/ernest_simulations/install/ernest_mpc/share/ernest_mpc/local_setup.bash
[5.789s] -- Up-to-date: /home/mariobo/ernest_ws/src/ernest_simulations/install/ernest_mpc/share/ernest_mpc/local_setup.sh
[5.789s] -- Up-to-date: /home/mariobo/ernest_ws/src/ernest_simulations/install/ernest_mpc/share/ernest_mpc/local_setup.zsh
[5.789s] -- Up-to-date: /home/mariobo/ernest_ws/src/ernest_simulations/install/ernest_mpc/share/ernest_mpc/local_setup.dsv
[5.789s] -- Installing: /home/mariobo/ernest_ws/src/ernest_simulations/install/ernest_mpc/share/ernest_mpc/package.dsv
[5.789s] -- Up-to-date: /home/mariobo/ernest_ws/src/ernest_simulations/install/ernest_mpc/share/ament_index/resource_index/packages/ernest_mpc
[5.789s] -- Up-to-date: /home/mariobo/ernest_ws/src/ernest_simulations/install/ernest_mpc/share/ernest_mpc/cmake/ernest_mpcConfig.cmake
[5.791s] -- Up-to-date: /home/mariobo/ernest_ws/src/ernest_simulations/install/ernest_mpc/share/ernest_mpc/cmake/ernest_mpcConfig-version.cmake
[5.792s] -- Up-to-date: /home/mariobo/ernest_ws/src/ernest_simulations/install/ernest_mpc/share/ernest_mpc/package.xml
[5.794s] Invoked command in '/home/mariobo/ernest_ws/src/ernest_simulations/build/ernest_mpc' returned '0': CMAKE_PREFIX_PATH=/opt/ros/foxy /usr/local/bin/cmake --install /home/mariobo/ernest_ws/src/ernest_simulations/build/ernest_mpc
