running develop
running egg_info
creating mpc_controller.egg-info
writing mpc_controller.egg-info/PKG-INFO
writing dependency_links to mpc_controller.egg-info/dependency_links.txt
writing entry points to mpc_controller.egg-info/entry_points.txt
writing requirements to mpc_controller.egg-info/requires.txt
writing top-level names to mpc_controller.egg-info/top_level.txt
writing manifest file 'mpc_controller.egg-info/SOURCES.txt'
reading manifest file 'mpc_controller.egg-info/SOURCES.txt'
writing manifest file 'mpc_controller.egg-info/SOURCES.txt'
running build_ext
Creating /home/mariobo/ernest_ws/src/ernest_simulations/install/mpc_controller/lib/python3.8/site-packages/site.py
Creating /home/mariobo/ernest_ws/src/ernest_simulations/install/mpc_controller/lib/python3.8/site-packages/mpc-controller.egg-link (link to .)
Installing data script to /home/mariobo/ernest_ws/src/ernest_simulations/install/mpc_controller/lib/mpc_controller
Installing mpc script to /home/mariobo/ernest_ws/src/ernest_simulations/install/mpc_controller/lib/mpc_controller
Installing mpc_node script to /home/mariobo/ernest_ws/src/ernest_simulations/install/mpc_controller/lib/mpc_controller
Installing mpc_solve script to /home/mariobo/ernest_ws/src/ernest_simulations/install/mpc_controller/lib/mpc_controller
Installing utils script to /home/mariobo/ernest_ws/src/ernest_simulations/install/mpc_controller/lib/mpc_controller

Installed /home/mariobo/ernest_ws/src/ernest_simulations/build/mpc_controller
running install_data
creating /home/mariobo/ernest_ws/src/ernest_simulations/install/mpc_controller/share/ament_index
creating /home/mariobo/ernest_ws/src/ernest_simulations/install/mpc_controller/share/ament_index/resource_index
creating /home/mariobo/ernest_ws/src/ernest_simulations/install/mpc_controller/share/ament_index/resource_index/packages
copying resource/mpc_controller -> /home/mariobo/ernest_ws/src/ernest_simulations/install/mpc_controller/share/ament_index/resource_index/packages
copying package.xml -> /home/mariobo/ernest_ws/src/ernest_simulations/install/mpc_controller/share/mpc_controller
creating /home/mariobo/ernest_ws/src/ernest_simulations/install/mpc_controller/share/mpc_controller/launch
