[4.859s] DEBUG:colcon:Command line arguments: ['/usr/bin/colcon', 'build', '--symlink-install']
[4.859s] DEBUG:colcon:Parsed command line arguments: Namespace(allow_overriding=[], ament_cmake_args=None, base_paths=['.'], build_base='build', catkin_cmake_args=None, catkin_skip_building_tests=False, cmake_args=None, cmake_clean_cache=False, cmake_clean_first=False, cmake_force_configure=False, cmake_target=None, cmake_target_skip_unavailable=False, continue_on_error=False, event_handlers=None, executor='parallel', ignore_user_meta=False, install_base='install', log_base=None, log_level=None, main=<bound method BuildVerb.main of <colcon_core.verb.build.BuildVerb object at 0x7fc1ff4053d0>>, merge_install=False, metas=['./colcon.meta'], packages_above=None, packages_above_and_dependencies=None, packages_above_depth=None, packages_end=None, packages_ignore=None, packages_ignore_regex=None, packages_select=None, packages_select_build_failed=False, packages_select_by_dep=None, packages_select_regex=None, packages_select_test_failures=False, packages_skip=None, packages_skip_build_finished=False, packages_skip_by_dep=None, packages_skip_regex=None, packages_skip_test_passed=False, packages_skip_up_to=None, packages_start=None, packages_up_to=None, packages_up_to_regex=None, parallel_workers=8, paths=None, symlink_install=True, test_result_base=None, verb_extension=<colcon_core.verb.build.BuildVerb object at 0x7fc1ff4053d0>, verb_name='build', verb_parser=<colcon_defaults.argument_parser.defaults.DefaultArgumentsDecorator object at 0x7fc1ff405160>)
[5.069s] Level 1:colcon.colcon_core.package_discovery:discover_packages(colcon_meta) check parameters
[5.069s] Level 1:colcon.colcon_core.package_discovery:discover_packages(recursive) check parameters
[5.069s] Level 1:colcon.colcon_core.package_discovery:discover_packages(ignore) check parameters
[5.070s] Level 1:colcon.colcon_core.package_discovery:discover_packages(path) check parameters
[5.070s] Level 1:colcon.colcon_core.package_discovery:discover_packages(colcon_meta) discover
[5.070s] Level 1:colcon.colcon_core.package_discovery:discover_packages(recursive) discover
[5.070s] INFO:colcon.colcon_core.package_discovery:Crawling recursively for packages in '/home/mariobo/ernest_ws/src/ernest_simulations'
[5.070s] Level 1:colcon.colcon_core.package_identification:_identify(.) by extensions ['ignore', 'ignore_ament_install']
[5.070s] Level 1:colcon.colcon_core.package_identification:_identify(.) by extension 'ignore'
[5.070s] Level 1:colcon.colcon_core.package_identification:_identify(.) by extension 'ignore_ament_install'
[5.070s] Level 1:colcon.colcon_core.package_identification:_identify(.) by extensions ['colcon_pkg']
[5.071s] Level 1:colcon.colcon_core.package_identification:_identify(.) by extension 'colcon_pkg'
[5.071s] Level 1:colcon.colcon_core.package_identification:_identify(.) by extensions ['colcon_meta']
[5.071s] Level 1:colcon.colcon_core.package_identification:_identify(.) by extension 'colcon_meta'
[5.071s] Level 1:colcon.colcon_core.package_identification:_identify(.) by extensions ['ros']
[5.071s] Level 1:colcon.colcon_core.package_identification:_identify(.) by extension 'ros'
[5.090s] Level 1:colcon.colcon_core.package_identification:_identify(.) by extensions ['cmake', 'python']
[5.090s] Level 1:colcon.colcon_core.package_identification:_identify(.) by extension 'cmake'
[5.090s] Level 1:colcon.colcon_core.package_identification:_identify(.) by extension 'python'
[5.090s] Level 1:colcon.colcon_core.package_identification:_identify(.) by extensions ['python_setup_py']
[5.090s] Level 1:colcon.colcon_core.package_identification:_identify(.) by extension 'python_setup_py'
[5.091s] Level 1:colcon.colcon_core.package_identification:_identify(bringup) by extensions ['ignore', 'ignore_ament_install']
[5.091s] Level 1:colcon.colcon_core.package_identification:_identify(bringup) by extension 'ignore'
[5.091s] Level 1:colcon.colcon_core.package_identification:_identify(bringup) by extension 'ignore_ament_install'
[5.091s] Level 1:colcon.colcon_core.package_identification:_identify(bringup) by extensions ['colcon_pkg']
[5.092s] Level 1:colcon.colcon_core.package_identification:_identify(bringup) by extension 'colcon_pkg'
[5.092s] Level 1:colcon.colcon_core.package_identification:_identify(bringup) by extensions ['colcon_meta']
[5.092s] Level 1:colcon.colcon_core.package_identification:_identify(bringup) by extension 'colcon_meta'
[5.092s] Level 1:colcon.colcon_core.package_identification:_identify(bringup) by extensions ['ros']
[5.092s] Level 1:colcon.colcon_core.package_identification:_identify(bringup) by extension 'ros'
[5.097s] DEBUG:colcon.colcon_core.package_identification:Package 'bringup' with type 'ros.ament_cmake' and name 'bringup'
[5.098s] Level 1:colcon.colcon_core.package_identification:_identify(build) by extensions ['ignore', 'ignore_ament_install']
[5.098s] Level 1:colcon.colcon_core.package_identification:_identify(build) by extension 'ignore'
[5.098s] Level 1:colcon.colcon_core.package_identification:_identify(build) ignored
[5.098s] Level 1:colcon.colcon_core.package_identification:_identify(controller) by extensions ['ignore', 'ignore_ament_install']
[5.098s] Level 1:colcon.colcon_core.package_identification:_identify(controller) by extension 'ignore'
[5.099s] Level 1:colcon.colcon_core.package_identification:_identify(controller) by extension 'ignore_ament_install'
[5.099s] Level 1:colcon.colcon_core.package_identification:_identify(controller) by extensions ['colcon_pkg']
[5.099s] Level 1:colcon.colcon_core.package_identification:_identify(controller) by extension 'colcon_pkg'
[5.099s] Level 1:colcon.colcon_core.package_identification:_identify(controller) by extensions ['colcon_meta']
[5.099s] Level 1:colcon.colcon_core.package_identification:_identify(controller) by extension 'colcon_meta'
[5.099s] Level 1:colcon.colcon_core.package_identification:_identify(controller) by extensions ['ros']
[5.099s] Level 1:colcon.colcon_core.package_identification:_identify(controller) by extension 'ros'
[5.100s] DEBUG:colcon.colcon_core.package_identification:Package 'controller' with type 'ros.ament_cmake' and name 'controller'
[5.100s] Level 1:colcon.colcon_core.package_identification:_identify(description) by extensions ['ignore', 'ignore_ament_install']
[5.101s] Level 1:colcon.colcon_core.package_identification:_identify(description) by extension 'ignore'
[5.101s] Level 1:colcon.colcon_core.package_identification:_identify(description) by extension 'ignore_ament_install'
[5.101s] Level 1:colcon.colcon_core.package_identification:_identify(description) by extensions ['colcon_pkg']
[5.101s] Level 1:colcon.colcon_core.package_identification:_identify(description) by extension 'colcon_pkg'
[5.101s] Level 1:colcon.colcon_core.package_identification:_identify(description) by extensions ['colcon_meta']
[5.101s] Level 1:colcon.colcon_core.package_identification:_identify(description) by extension 'colcon_meta'
[5.101s] Level 1:colcon.colcon_core.package_identification:_identify(description) by extensions ['ros']
[5.101s] Level 1:colcon.colcon_core.package_identification:_identify(description) by extension 'ros'
[5.102s] DEBUG:colcon.colcon_core.package_identification:Package 'description' with type 'ros.ament_cmake' and name 'description'
[5.103s] Level 1:colcon.colcon_core.package_identification:_identify(gazebo_ros2_control) by extensions ['ignore', 'ignore_ament_install']
[5.103s] Level 1:colcon.colcon_core.package_identification:_identify(gazebo_ros2_control) by extension 'ignore'
[5.103s] Level 1:colcon.colcon_core.package_identification:_identify(gazebo_ros2_control) by extension 'ignore_ament_install'
[5.103s] Level 1:colcon.colcon_core.package_identification:_identify(gazebo_ros2_control) by extensions ['colcon_pkg']
[5.103s] Level 1:colcon.colcon_core.package_identification:_identify(gazebo_ros2_control) by extension 'colcon_pkg'
[5.103s] Level 1:colcon.colcon_core.package_identification:_identify(gazebo_ros2_control) by extensions ['colcon_meta']
[5.103s] Level 1:colcon.colcon_core.package_identification:_identify(gazebo_ros2_control) by extension 'colcon_meta'
[5.104s] Level 1:colcon.colcon_core.package_identification:_identify(gazebo_ros2_control) by extensions ['ros']
[5.104s] Level 1:colcon.colcon_core.package_identification:_identify(gazebo_ros2_control) by extension 'ros'
[5.106s] DEBUG:colcon.colcon_core.package_identification:Package 'gazebo_ros2_control' with type 'ros.ament_cmake' and name 'gazebo_ros2_control'
[5.106s] Level 1:colcon.colcon_core.package_identification:_identify(install) by extensions ['ignore', 'ignore_ament_install']
[5.107s] Level 1:colcon.colcon_core.package_identification:_identify(install) by extension 'ignore'
[5.107s] Level 1:colcon.colcon_core.package_identification:_identify(install) ignored
[5.107s] Level 1:colcon.colcon_core.package_identification:_identify(log) by extensions ['ignore', 'ignore_ament_install']
[5.108s] Level 1:colcon.colcon_core.package_identification:_identify(log) by extension 'ignore'
[5.108s] Level 1:colcon.colcon_core.package_identification:_identify(log) ignored
[5.108s] Level 1:colcon.colcon_core.package_identification:_identify(mpc_controller) by extensions ['ignore', 'ignore_ament_install']
[5.109s] Level 1:colcon.colcon_core.package_identification:_identify(mpc_controller) by extension 'ignore'
[5.109s] Level 1:colcon.colcon_core.package_identification:_identify(mpc_controller) by extension 'ignore_ament_install'
[5.109s] Level 1:colcon.colcon_core.package_identification:_identify(mpc_controller) by extensions ['colcon_pkg']
[5.109s] Level 1:colcon.colcon_core.package_identification:_identify(mpc_controller) by extension 'colcon_pkg'
[5.109s] Level 1:colcon.colcon_core.package_identification:_identify(mpc_controller) by extensions ['colcon_meta']
[5.109s] Level 1:colcon.colcon_core.package_identification:_identify(mpc_controller) by extension 'colcon_meta'
[5.109s] Level 1:colcon.colcon_core.package_identification:_identify(mpc_controller) by extensions ['ros']
[5.109s] Level 1:colcon.colcon_core.package_identification:_identify(mpc_controller) by extension 'ros'
[5.111s] DEBUG:colcon.colcon_core.package_identification:Package 'mpc_controller' with type 'ros.ament_python' and name 'mpc_controller'
[5.111s] Level 1:colcon.colcon_core.package_discovery:discover_packages(recursive) using defaults
[5.111s] Level 1:colcon.colcon_core.package_discovery:discover_packages(ignore) discover
[5.111s] Level 1:colcon.colcon_core.package_discovery:discover_packages(ignore) using defaults
[5.111s] Level 1:colcon.colcon_core.package_discovery:discover_packages(path) discover
[5.111s] Level 1:colcon.colcon_core.package_discovery:discover_packages(path) using defaults
[5.566s] Level 1:colcon.colcon_core.package_discovery:discover_packages(prefix_path) check parameters
[5.566s] Level 1:colcon.colcon_core.package_discovery:discover_packages(prefix_path) discover
[5.739s] DEBUG:colcon.colcon_installed_package_information.package_discovery:Found 5 installed packages in /home/mariobo/ernest_ws/src/ernest_simulations/install
[5.821s] DEBUG:colcon.colcon_installed_package_information.package_discovery:Found 5 installed packages in /home/mariobo/ernest_ws/install
[5.903s] DEBUG:colcon.colcon_installed_package_information.package_discovery:Found 282 installed packages in /opt/ros/foxy
[5.905s] Level 1:colcon.colcon_core.package_discovery:discover_packages(prefix_path) using defaults
[6.266s] Level 5:colcon.colcon_core.verb:set package 'bringup' build argument 'cmake_args' from command line to 'None'
[6.266s] Level 5:colcon.colcon_core.verb:set package 'bringup' build argument 'cmake_target' from command line to 'None'
[6.266s] Level 5:colcon.colcon_core.verb:set package 'bringup' build argument 'cmake_target_skip_unavailable' from command line to 'False'
[6.266s] Level 5:colcon.colcon_core.verb:set package 'bringup' build argument 'cmake_clean_cache' from command line to 'False'
[6.266s] Level 5:colcon.colcon_core.verb:set package 'bringup' build argument 'cmake_clean_first' from command line to 'False'
[6.266s] Level 5:colcon.colcon_core.verb:set package 'bringup' build argument 'cmake_force_configure' from command line to 'False'
[6.266s] Level 5:colcon.colcon_core.verb:set package 'bringup' build argument 'ament_cmake_args' from command line to 'None'
[6.267s] Level 5:colcon.colcon_core.verb:set package 'bringup' build argument 'catkin_cmake_args' from command line to 'None'
[6.267s] Level 5:colcon.colcon_core.verb:set package 'bringup' build argument 'catkin_skip_building_tests' from command line to 'False'
[6.267s] DEBUG:colcon.colcon_core.verb:Building package 'bringup' with the following arguments: {'ament_cmake_args': None, 'build_base': '/home/mariobo/ernest_ws/src/ernest_simulations/build/bringup', 'catkin_cmake_args': None, 'catkin_skip_building_tests': False, 'cmake_args': None, 'cmake_clean_cache': False, 'cmake_clean_first': False, 'cmake_force_configure': False, 'cmake_target': None, 'cmake_target_skip_unavailable': False, 'install_base': '/home/mariobo/ernest_ws/src/ernest_simulations/install/bringup', 'merge_install': False, 'path': '/home/mariobo/ernest_ws/src/ernest_simulations/bringup', 'symlink_install': True, 'test_result_base': None}
[6.341s] Level 5:colcon.colcon_core.verb:set package 'controller' build argument 'cmake_args' from command line to 'None'
[6.342s] Level 5:colcon.colcon_core.verb:set package 'controller' build argument 'cmake_target' from command line to 'None'
[6.342s] Level 5:colcon.colcon_core.verb:set package 'controller' build argument 'cmake_target_skip_unavailable' from command line to 'False'
[6.342s] Level 5:colcon.colcon_core.verb:set package 'controller' build argument 'cmake_clean_cache' from command line to 'False'
[6.342s] Level 5:colcon.colcon_core.verb:set package 'controller' build argument 'cmake_clean_first' from command line to 'False'
[6.342s] Level 5:colcon.colcon_core.verb:set package 'controller' build argument 'cmake_force_configure' from command line to 'False'
[6.342s] Level 5:colcon.colcon_core.verb:set package 'controller' build argument 'ament_cmake_args' from command line to 'None'
[6.342s] Level 5:colcon.colcon_core.verb:set package 'controller' build argument 'catkin_cmake_args' from command line to 'None'
[6.342s] Level 5:colcon.colcon_core.verb:set package 'controller' build argument 'catkin_skip_building_tests' from command line to 'False'
[6.342s] DEBUG:colcon.colcon_core.verb:Building package 'controller' with the following arguments: {'ament_cmake_args': None, 'build_base': '/home/mariobo/ernest_ws/src/ernest_simulations/build/controller', 'catkin_cmake_args': None, 'catkin_skip_building_tests': False, 'cmake_args': None, 'cmake_clean_cache': False, 'cmake_clean_first': False, 'cmake_force_configure': False, 'cmake_target': None, 'cmake_target_skip_unavailable': False, 'install_base': '/home/mariobo/ernest_ws/src/ernest_simulations/install/controller', 'merge_install': False, 'path': '/home/mariobo/ernest_ws/src/ernest_simulations/controller', 'symlink_install': True, 'test_result_base': None}
[6.425s] Level 5:colcon.colcon_core.verb:set package 'description' build argument 'cmake_args' from command line to 'None'
[6.425s] Level 5:colcon.colcon_core.verb:set package 'description' build argument 'cmake_target' from command line to 'None'
[6.425s] Level 5:colcon.colcon_core.verb:set package 'description' build argument 'cmake_target_skip_unavailable' from command line to 'False'
[6.425s] Level 5:colcon.colcon_core.verb:set package 'description' build argument 'cmake_clean_cache' from command line to 'False'
[6.425s] Level 5:colcon.colcon_core.verb:set package 'description' build argument 'cmake_clean_first' from command line to 'False'
[6.425s] Level 5:colcon.colcon_core.verb:set package 'description' build argument 'cmake_force_configure' from command line to 'False'
[6.425s] Level 5:colcon.colcon_core.verb:set package 'description' build argument 'ament_cmake_args' from command line to 'None'
[6.426s] Level 5:colcon.colcon_core.verb:set package 'description' build argument 'catkin_cmake_args' from command line to 'None'
[6.426s] Level 5:colcon.colcon_core.verb:set package 'description' build argument 'catkin_skip_building_tests' from command line to 'False'
[6.426s] DEBUG:colcon.colcon_core.verb:Building package 'description' with the following arguments: {'ament_cmake_args': None, 'build_base': '/home/mariobo/ernest_ws/src/ernest_simulations/build/description', 'catkin_cmake_args': None, 'catkin_skip_building_tests': False, 'cmake_args': None, 'cmake_clean_cache': False, 'cmake_clean_first': False, 'cmake_force_configure': False, 'cmake_target': None, 'cmake_target_skip_unavailable': False, 'install_base': '/home/mariobo/ernest_ws/src/ernest_simulations/install/description', 'merge_install': False, 'path': '/home/mariobo/ernest_ws/src/ernest_simulations/description', 'symlink_install': True, 'test_result_base': None}
[6.506s] Level 5:colcon.colcon_core.verb:set package 'gazebo_ros2_control' build argument 'cmake_args' from command line to 'None'
[6.506s] Level 5:colcon.colcon_core.verb:set package 'gazebo_ros2_control' build argument 'cmake_target' from command line to 'None'
[6.506s] Level 5:colcon.colcon_core.verb:set package 'gazebo_ros2_control' build argument 'cmake_target_skip_unavailable' from command line to 'False'
[6.506s] Level 5:colcon.colcon_core.verb:set package 'gazebo_ros2_control' build argument 'cmake_clean_cache' from command line to 'False'
[6.506s] Level 5:colcon.colcon_core.verb:set package 'gazebo_ros2_control' build argument 'cmake_clean_first' from command line to 'False'
[6.507s] Level 5:colcon.colcon_core.verb:set package 'gazebo_ros2_control' build argument 'cmake_force_configure' from command line to 'False'
[6.507s] Level 5:colcon.colcon_core.verb:set package 'gazebo_ros2_control' build argument 'ament_cmake_args' from command line to 'None'
[6.507s] Level 5:colcon.colcon_core.verb:set package 'gazebo_ros2_control' build argument 'catkin_cmake_args' from command line to 'None'
[6.507s] Level 5:colcon.colcon_core.verb:set package 'gazebo_ros2_control' build argument 'catkin_skip_building_tests' from command line to 'False'
[6.507s] DEBUG:colcon.colcon_core.verb:Building package 'gazebo_ros2_control' with the following arguments: {'ament_cmake_args': None, 'build_base': '/home/mariobo/ernest_ws/src/ernest_simulations/build/gazebo_ros2_control', 'catkin_cmake_args': None, 'catkin_skip_building_tests': False, 'cmake_args': None, 'cmake_clean_cache': False, 'cmake_clean_first': False, 'cmake_force_configure': False, 'cmake_target': None, 'cmake_target_skip_unavailable': False, 'install_base': '/home/mariobo/ernest_ws/src/ernest_simulations/install/gazebo_ros2_control', 'merge_install': False, 'path': '/home/mariobo/ernest_ws/src/ernest_simulations/gazebo_ros2_control', 'symlink_install': True, 'test_result_base': None}
[6.590s] Level 5:colcon.colcon_core.verb:set package 'mpc_controller' build argument 'cmake_args' from command line to 'None'
[6.590s] Level 5:colcon.colcon_core.verb:set package 'mpc_controller' build argument 'cmake_target' from command line to 'None'
[6.591s] Level 5:colcon.colcon_core.verb:set package 'mpc_controller' build argument 'cmake_target_skip_unavailable' from command line to 'False'
[6.591s] Level 5:colcon.colcon_core.verb:set package 'mpc_controller' build argument 'cmake_clean_cache' from command line to 'False'
[6.591s] Level 5:colcon.colcon_core.verb:set package 'mpc_controller' build argument 'cmake_clean_first' from command line to 'False'
[6.591s] Level 5:colcon.colcon_core.verb:set package 'mpc_controller' build argument 'cmake_force_configure' from command line to 'False'
[6.591s] Level 5:colcon.colcon_core.verb:set package 'mpc_controller' build argument 'ament_cmake_args' from command line to 'None'
[6.591s] Level 5:colcon.colcon_core.verb:set package 'mpc_controller' build argument 'catkin_cmake_args' from command line to 'None'
[6.591s] Level 5:colcon.colcon_core.verb:set package 'mpc_controller' build argument 'catkin_skip_building_tests' from command line to 'False'
[6.591s] DEBUG:colcon.colcon_core.verb:Building package 'mpc_controller' with the following arguments: {'ament_cmake_args': None, 'build_base': '/home/mariobo/ernest_ws/src/ernest_simulations/build/mpc_controller', 'catkin_cmake_args': None, 'catkin_skip_building_tests': False, 'cmake_args': None, 'cmake_clean_cache': False, 'cmake_clean_first': False, 'cmake_force_configure': False, 'cmake_target': None, 'cmake_target_skip_unavailable': False, 'install_base': '/home/mariobo/ernest_ws/src/ernest_simulations/install/mpc_controller', 'merge_install': False, 'path': '/home/mariobo/ernest_ws/src/ernest_simulations/mpc_controller', 'symlink_install': True, 'test_result_base': None}
[6.671s] INFO:colcon.colcon_core.executor:Executing jobs using 'parallel' executor
[6.766s] DEBUG:colcon.colcon_parallel_executor.executor.parallel:run_until_complete
[6.767s] INFO:colcon.colcon_ros.task.ament_cmake.build:Building ROS package in '/home/mariobo/ernest_ws/src/ernest_simulations/bringup' with build type 'ament_cmake'
[6.767s] INFO:colcon.colcon_cmake.task.cmake.build:Building CMake package in '/home/mariobo/ernest_ws/src/ernest_simulations/bringup'
[6.857s] INFO:colcon.colcon_core.plugin_system:Skipping extension 'colcon_core.shell.bat': Not used on non-Windows systems
[6.858s] INFO:colcon.colcon_core.shell:Skip shell extension 'powershell' for command environment: Not usable outside of PowerShell
[6.858s] DEBUG:colcon.colcon_core.shell:Skip shell extension 'dsv' for command environment
[7.237s] INFO:colcon.colcon_ros.task.ament_cmake.build:Building ROS package in '/home/mariobo/ernest_ws/src/ernest_simulations/controller' with build type 'ament_cmake'
[7.238s] INFO:colcon.colcon_cmake.task.cmake.build:Building CMake package in '/home/mariobo/ernest_ws/src/ernest_simulations/controller'
[7.335s] INFO:colcon.colcon_core.shell:Skip shell extension 'powershell' for command environment: Not usable outside of PowerShell
[7.335s] DEBUG:colcon.colcon_core.shell:Skip shell extension 'dsv' for command environment
[7.675s] INFO:colcon.colcon_ros.task.ament_cmake.build:Building ROS package in '/home/mariobo/ernest_ws/src/ernest_simulations/description' with build type 'ament_cmake'
[7.676s] INFO:colcon.colcon_cmake.task.cmake.build:Building CMake package in '/home/mariobo/ernest_ws/src/ernest_simulations/description'
[7.759s] INFO:colcon.colcon_core.shell:Skip shell extension 'powershell' for command environment: Not usable outside of PowerShell
[7.760s] DEBUG:colcon.colcon_core.shell:Skip shell extension 'dsv' for command environment
[8.137s] INFO:colcon.colcon_ros.task.ament_cmake.build:Building ROS package in '/home/mariobo/ernest_ws/src/ernest_simulations/gazebo_ros2_control' with build type 'ament_cmake'
[8.137s] INFO:colcon.colcon_cmake.task.cmake.build:Building CMake package in '/home/mariobo/ernest_ws/src/ernest_simulations/gazebo_ros2_control'
[8.228s] INFO:colcon.colcon_core.shell:Skip shell extension 'powershell' for command environment: Not usable outside of PowerShell
[8.229s] DEBUG:colcon.colcon_core.shell:Skip shell extension 'dsv' for command environment
[8.571s] INFO:colcon.colcon_ros.task.ament_python.build:Building ROS package in '/home/mariobo/ernest_ws/src/ernest_simulations/mpc_controller' with build type 'ament_python'
[8.573s] Level 1:colcon.colcon_core.shell:create_environment_hook('mpc_controller', 'ament_prefix_path')
[8.664s] INFO:colcon.colcon_core.shell:Creating environment hook '/home/mariobo/ernest_ws/src/ernest_simulations/install/mpc_controller/share/mpc_controller/hook/ament_prefix_path.ps1'
[8.666s] INFO:colcon.colcon_core.shell:Creating environment descriptor '/home/mariobo/ernest_ws/src/ernest_simulations/install/mpc_controller/share/mpc_controller/hook/ament_prefix_path.dsv'
[8.667s] INFO:colcon.colcon_core.shell:Creating environment hook '/home/mariobo/ernest_ws/src/ernest_simulations/install/mpc_controller/share/mpc_controller/hook/ament_prefix_path.sh'
[8.760s] INFO:colcon.colcon_core.shell:Skip shell extension 'powershell' for command environment: Not usable outside of PowerShell
[8.760s] DEBUG:colcon.colcon_core.shell:Skip shell extension 'dsv' for command environment
[9.137s] DEBUG:colcon.colcon_core.event_handler.log_command:Invoking command in '/home/mariobo/ernest_ws/src/ernest_simulations/build/bringup': CMAKE_PREFIX_PATH=${CMAKE_PREFIX_PATH}:/home/mariobo/ernest_ws/src/ernest_simulations/install/mpc_controller:/home/mariobo/ernest_ws/install/mpc_controller:/opt/ros/foxy /usr/local/bin/cmake --build /home/mariobo/ernest_ws/src/ernest_simulations/build/bringup -- -j8 -l8
[9.154s] DEBUG:colcon.colcon_core.event_handler.log_command:Invoking command in '/home/mariobo/ernest_ws/src/ernest_simulations/build/controller': CMAKE_PREFIX_PATH=${CMAKE_PREFIX_PATH}:/home/mariobo/ernest_ws/src/ernest_simulations/install/mpc_controller:/home/mariobo/ernest_ws/install/mpc_controller:/opt/ros/foxy /usr/local/bin/cmake --build /home/mariobo/ernest_ws/src/ernest_simulations/build/controller -- -j8 -l8
[9.166s] DEBUG:colcon.colcon_core.event_handler.log_command:Invoking command in '/home/mariobo/ernest_ws/src/ernest_simulations/build/description': CMAKE_PREFIX_PATH=${CMAKE_PREFIX_PATH}:/home/mariobo/ernest_ws/src/ernest_simulations/install/mpc_controller:/home/mariobo/ernest_ws/install/mpc_controller:/opt/ros/foxy /usr/local/bin/cmake --build /home/mariobo/ernest_ws/src/ernest_simulations/build/description -- -j8 -l8
[9.183s] DEBUG:colcon.colcon_core.event_handler.log_command:Invoking command in '/home/mariobo/ernest_ws/src/ernest_simulations/build/gazebo_ros2_control': CMAKE_PREFIX_PATH=${CMAKE_PREFIX_PATH}:/home/mariobo/ernest_ws/src/ernest_simulations/install/mpc_controller:/home/mariobo/ernest_ws/install/mpc_controller:/opt/ros/foxy /usr/local/bin/cmake --build /home/mariobo/ernest_ws/src/ernest_simulations/build/gazebo_ros2_control -- -j8 -l8
[10.050s] DEBUG:colcon.colcon_parallel_executor.executor.parallel:closing loop
[10.051s] DEBUG:colcon.colcon_parallel_executor.executor.parallel:loop closed
[10.052s] DEBUG:colcon.colcon_parallel_executor.executor.parallel:run_until_complete finished with 'Command '['/usr/bin/python3', '-c', 'import sys;from contextlib import suppress;exec("with suppress(ImportError):    from setuptools.extern.packaging.specifiers    import SpecifierSet");exec("with suppress(ImportError):    from packaging.specifiers import SpecifierSet");from distutils.core import run_setup;dist = run_setup(    \'setup.py\', script_args=(\'--dry-run\',), stop_after=\'config\');skip_keys = (\'cmdclass\', \'distclass\', \'ext_modules\', \'metadata\');data = {    key: value for key, value in dist.__dict__.items()     if (        not key.startswith(\'_\') and         not callable(value) and         key not in skip_keys and         key not in dist.display_option_names    )};data[\'metadata\'] = {    k: v for k, v in dist.metadata.__dict__.items()     if k not in (\'license_files\', \'provides_extras\')};sys.stdout.buffer.write(repr(data).encode(\'utf-8\'))']' returned non-zero exit status 1.'
[10.052s] DEBUG:colcon.colcon_core.event_reactor:joining thread
[10.179s] INFO:colcon.colcon_core.plugin_system:Skipping extension 'colcon_notification.desktop_notification.terminal_notifier': Not used on non-Darwin systems
[10.179s] INFO:colcon.colcon_core.plugin_system:Skipping extension 'colcon_notification.desktop_notification.win32': Not used on non-Windows systems
[10.179s] INFO:colcon.colcon_notification.desktop_notification:Sending desktop notification using 'notify2'
[10.229s] DEBUG:colcon.colcon_core.event_reactor:joined thread
[10.339s] INFO:colcon.colcon_core.shell:Creating prefix script '/home/mariobo/ernest_ws/src/ernest_simulations/install/local_setup.ps1'
[10.342s] INFO:colcon.colcon_core.shell:Creating prefix util module '/home/mariobo/ernest_ws/src/ernest_simulations/install/_local_setup_util_ps1.py'
[10.346s] INFO:colcon.colcon_core.shell:Creating prefix chain script '/home/mariobo/ernest_ws/src/ernest_simulations/install/setup.ps1'
[10.455s] INFO:colcon.colcon_core.shell:Creating prefix script '/home/mariobo/ernest_ws/src/ernest_simulations/install/local_setup.sh'
[10.456s] INFO:colcon.colcon_core.shell:Creating prefix util module '/home/mariobo/ernest_ws/src/ernest_simulations/install/_local_setup_util_sh.py'
[10.457s] INFO:colcon.colcon_core.shell:Creating prefix chain script '/home/mariobo/ernest_ws/src/ernest_simulations/install/setup.sh'
[10.604s] INFO:colcon.colcon_core.shell:Creating prefix script '/home/mariobo/ernest_ws/src/ernest_simulations/install/local_setup.bash'
[10.605s] INFO:colcon.colcon_core.shell:Creating prefix chain script '/home/mariobo/ernest_ws/src/ernest_simulations/install/setup.bash'
[10.723s] INFO:colcon.colcon_core.shell:Creating prefix script '/home/mariobo/ernest_ws/src/ernest_simulations/install/local_setup.zsh'
[10.725s] INFO:colcon.colcon_core.shell:Creating prefix chain script '/home/mariobo/ernest_ws/src/ernest_simulations/install/setup.zsh'
