-- The C compiler identification is GNU 9.4.0
-- The CXX compiler identification is GNU 9.4.0
-- Detecting C compiler ABI info
-- Detecting C compiler ABI info - done
-- Check for working C compiler: /usr/bin/cc - skipped
-- Detecting C compile features
-- Detecting C compile features - done
-- Detecting CXX compiler ABI info
-- Detecting CXX compiler ABI info - done
-- Check for working CXX compiler: /usr/bin/c++ - skipped
-- Detecting CXX compile features
-- Detecting CXX compile features - done
-- Found ament_cmake: 0.9.12 (/opt/ros/foxy/share/ament_cmake/cmake)
-- Found PythonInterp: /usr/bin/python3 (found suitable version "3.8.10", minimum required is "3") 
-- Using PYTHON_EXECUTABLE: /usr/bin/python3
-- Override CMake install command with custom implementation using symlinks instead of copying resources
-- Found nav_msgs: 2.0.5 (/opt/ros/foxy/share/nav_msgs/cmake)
-- Using all available rosidl_typesupport_c: rosidl_typesupport_fastrtps_c;rosidl_typesupport_introspection_c
-- Found rosidl_adapter: 1.3.1 (/opt/ros/foxy/share/rosidl_adapter/cmake)
-- Found OpenSSL: /usr/lib/x86_64-linux-gnu/libcrypto.so (found version "1.1.1f")  
-- Found FastRTPS: /opt/ros/foxy/include  
-- Using all available rosidl_typesupport_cpp: rosidl_typesupport_fastrtps_cpp;rosidl_typesupport_introspection_cpp
-- Found rclcpp: 2.4.3 (/opt/ros/foxy/share/rclcpp/cmake)
-- Found rmw_implementation_cmake: 1.0.4 (/opt/ros/foxy/share/rmw_implementation_cmake/cmake)
-- Using RMW implementation 'rmw_fastrtps_cpp' as default
-- Looking for pthread.h
-- Looking for pthread.h - found
-- Performing Test CMAKE_HAVE_LIBC_PTHREAD
-- Performing Test CMAKE_HAVE_LIBC_PTHREAD - Failed
-- Looking for pthread_create in pthreads
-- Looking for pthread_create in pthreads - not found
-- Looking for pthread_create in pthread
-- Looking for pthread_create in pthread - found
-- Found Threads: TRUE  
-- Found pluginlib: 2.5.4 (/opt/ros/foxy/share/pluginlib/cmake)
-- Found trajectory_msgs: 2.0.5 (/opt/ros/foxy/share/trajectory_msgs/cmake)
-- Found ament_lint_auto: 0.9.8 (/opt/ros/foxy/share/ament_lint_auto/cmake)
-- Added test 'copyright' to check source files copyright and LICENSE
-- Added test 'cppcheck' to perform static code analysis on C / C++ code
-- Configured cppcheck include dirs: 
-- Configured cppcheck exclude dirs and/or files: 
-- Added test 'cpplint' to check C / C++ code against the Google style
-- Configured cpplint exclude dirs and/or files: 
-- Added test 'flake8' to check Python code syntax and style conventions
-- Added test 'lint_cmake' to check CMake code style
-- Added test 'pep257' to check Python code against some of the style conventions in PEP 257
-- Added test 'uncrustify' to check C / C++ code style
-- Configured uncrustify additional arguments: 
-- Added test 'xmllint' to check XML markup files
-- Configuring done
-- Generating done
-- Build files have been written to: /home/mariobo/ernest_ws/src/ernest_simulations/build/controller
[ 16%] [32mBuilding CXX object CMakeFiles/pid_controller.dir/src/PID.cpp.o[0m
[ 33%] [32mBuilding CXX object CMakeFiles/odom_subs.dir/src/subs.cpp.o[0m
[ 50%] [32mBuilding CXX object CMakeFiles/trajectory_controller.dir/src/trajectory_controller.cpp.o[0m
[ 66%] [32m[1mLinking CXX executable trajectory_controller[0m
[ 83%] [32m[1mLinking CXX executable pid_controller[0m
[ 83%] Built target trajectory_controller
[100%] [32m[1mLinking CXX executable odom_subs[0m
[100%] Built target pid_controller
[100%] Built target odom_subs
-- Install configuration: ""
-- Execute custom install script
-- Symlinking: /home/mariobo/ernest_ws/src/ernest_simulations/install/controller/lib/controller/pid_controller
-- Symlinking: /home/mariobo/ernest_ws/src/ernest_simulations/install/controller/lib/controller/odom_subs
-- Symlinking: /home/mariobo/ernest_ws/src/ernest_simulations/install/controller/lib/controller/trajectory_controller
-- Symlinking: /home/mariobo/ernest_ws/src/ernest_simulations/install/controller/share/controller/matlab/README.md
-- Symlinking: /home/mariobo/ernest_ws/src/ernest_simulations/install/controller/share/controller/matlab/prova.txt
-- Symlinking: /home/mariobo/ernest_ws/src/ernest_simulations/install/controller/share/controller/matlab/speed.txt
-- Symlinking: /home/mariobo/ernest_ws/src/ernest_simulations/install/controller/share/controller/matlab/steering_angles.txt
-- Symlinking: /home/mariobo/ernest_ws/src/ernest_simulations/install/controller/share/controller/matlab/traj_gen.m
-- Symlinking: /home/mariobo/ernest_ws/src/ernest_simulations/install/controller/share/ament_index/resource_index/package_run_dependencies/controller
-- Symlinking: /home/mariobo/ernest_ws/src/ernest_simulations/install/controller/share/ament_index/resource_index/parent_prefix_path/controller
-- Symlinking: /home/mariobo/ernest_ws/src/ernest_simulations/install/controller/share/controller/environment/ament_prefix_path.sh
-- Symlinking: /home/mariobo/ernest_ws/src/ernest_simulations/install/controller/share/controller/environment/ament_prefix_path.dsv
-- Symlinking: /home/mariobo/ernest_ws/src/ernest_simulations/install/controller/share/controller/environment/path.sh
-- Symlinking: /home/mariobo/ernest_ws/src/ernest_simulations/install/controller/share/controller/environment/path.dsv
-- Symlinking: /home/mariobo/ernest_ws/src/ernest_simulations/install/controller/share/controller/local_setup.bash
-- Symlinking: /home/mariobo/ernest_ws/src/ernest_simulations/install/controller/share/controller/local_setup.sh
-- Symlinking: /home/mariobo/ernest_ws/src/ernest_simulations/install/controller/share/controller/local_setup.zsh
-- Symlinking: /home/mariobo/ernest_ws/src/ernest_simulations/install/controller/share/controller/local_setup.dsv
-- Symlinking: /home/mariobo/ernest_ws/src/ernest_simulations/install/controller/share/controller/package.dsv
-- Symlinking: /home/mariobo/ernest_ws/src/ernest_simulations/install/controller/share/ament_index/resource_index/packages/controller
-- Symlinking: /home/mariobo/ernest_ws/src/ernest_simulations/install/controller/share/controller/cmake/controllerConfig.cmake
-- Symlinking: /home/mariobo/ernest_ws/src/ernest_simulations/install/controller/share/controller/cmake/controllerConfig-version.cmake
-- Symlinking: /home/mariobo/ernest_ws/src/ernest_simulations/install/controller/share/controller/package.xml
