[1.027s] Invoking command in '/home/mariobo/ernest_ws/src/ernest_simulations/build/controller': CMAKE_PREFIX_PATH=${CMAKE_PREFIX_PATH}:/home/mariobo/ernest_ws/install/mpc_controller:/opt/ros/foxy /usr/local/bin/cmake /home/mariobo/ernest_ws/src/ernest_simulations/controller -DAMENT_CMAKE_SYMLINK_INSTALL=1 -DCMAKE_INSTALL_PREFIX=/home/mariobo/ernest_ws/src/ernest_simulations/install/controller
[1.934s] -- The C compiler identification is GNU 9.4.0
[1.934s] -- The CXX compiler identification is GNU 9.4.0
[1.934s] -- Detecting C compiler ABI info
[1.935s] -- Detecting C compiler ABI info - done
[1.935s] -- Check for working C compiler: /usr/bin/cc - skipped
[1.935s] -- Detecting C compile features
[1.935s] -- Detecting C compile features - done
[1.935s] -- Detecting CXX compiler ABI info
[1.935s] -- Detecting CXX compiler ABI info - done
[1.935s] -- Check for working CXX compiler: /usr/bin/c++ - skipped
[1.935s] -- Detecting CXX compile features
[1.936s] -- Detecting CXX compile features - done
[1.936s] -- Found ament_cmake: 0.9.12 (/opt/ros/foxy/share/ament_cmake/cmake)
[1.936s] -- Found PythonInterp: /usr/bin/python3 (found suitable version "3.8.10", minimum required is "3") 
[1.936s] -- Using PYTHON_EXECUTABLE: /usr/bin/python3
[2.032s] -- Override CMake install command with custom implementation using symlinks instead of copying resources
[2.078s] -- Found nav_msgs: 2.0.5 (/opt/ros/foxy/share/nav_msgs/cmake)
[2.124s] -- Using all available rosidl_typesupport_c: rosidl_typesupport_fastrtps_c;rosidl_typesupport_introspection_c
[2.134s] -- Found rosidl_adapter: 1.3.1 (/opt/ros/foxy/share/rosidl_adapter/cmake)
[2.253s] -- Found OpenSSL: /usr/lib/x86_64-linux-gnu/libcrypto.so (found version "1.1.1f")  
[2.294s] -- Found FastRTPS: /opt/ros/foxy/include  
[2.408s] -- Using all available rosidl_typesupport_cpp: rosidl_typesupport_fastrtps_cpp;rosidl_typesupport_introspection_cpp
[2.652s] -- Found rclcpp: 2.4.3 (/opt/ros/foxy/share/rclcpp/cmake)
[2.722s] -- Found rmw_implementation_cmake: 1.0.4 (/opt/ros/foxy/share/rmw_implementation_cmake/cmake)
[2.724s] -- Using RMW implementation 'rmw_fastrtps_cpp' as default
[2.726s] -- Looking for pthread.h
[2.828s] -- Looking for pthread.h - found
[2.828s] -- Performing Test CMAKE_HAVE_LIBC_PTHREAD
[2.928s] -- Performing Test CMAKE_HAVE_LIBC_PTHREAD - Failed
[2.929s] -- Looking for pthread_create in pthreads
[2.991s] -- Looking for pthread_create in pthreads - not found
[2.991s] -- Looking for pthread_create in pthread
[3.071s] -- Looking for pthread_create in pthread - found
[3.073s] -- Found Threads: TRUE  
[3.273s] -- Found pluginlib: 2.5.4 (/opt/ros/foxy/share/pluginlib/cmake)
[3.319s] -- Found trajectory_msgs: 2.0.5 (/opt/ros/foxy/share/trajectory_msgs/cmake)
[3.436s] -- Found ament_lint_auto: 0.9.8 (/opt/ros/foxy/share/ament_lint_auto/cmake)
[3.583s] -- Added test 'copyright' to check source files copyright and LICENSE
[3.587s] -- Added test 'cppcheck' to perform static code analysis on C / C++ code
[3.588s] -- Configured cppcheck include dirs: 
[3.588s] -- Configured cppcheck exclude dirs and/or files: 
[3.591s] -- Added test 'cpplint' to check C / C++ code against the Google style
[3.591s] -- Configured cpplint exclude dirs and/or files: 
[3.594s] -- Added test 'flake8' to check Python code syntax and style conventions
[3.595s] -- Added test 'lint_cmake' to check CMake code style
[3.597s] -- Added test 'pep257' to check Python code against some of the style conventions in PEP 257
[3.599s] -- Added test 'uncrustify' to check C / C++ code style
[3.600s] -- Configured uncrustify additional arguments: 
[3.600s] -- Added test 'xmllint' to check XML markup files
[3.603s] -- Configuring done
[3.637s] -- Generating done
[3.642s] -- Build files have been written to: /home/mariobo/ernest_ws/src/ernest_simulations/build/controller
[3.659s] Invoked command in '/home/mariobo/ernest_ws/src/ernest_simulations/build/controller' returned '0': CMAKE_PREFIX_PATH=${CMAKE_PREFIX_PATH}:/home/mariobo/ernest_ws/install/mpc_controller:/opt/ros/foxy /usr/local/bin/cmake /home/mariobo/ernest_ws/src/ernest_simulations/controller -DAMENT_CMAKE_SYMLINK_INSTALL=1 -DCMAKE_INSTALL_PREFIX=/home/mariobo/ernest_ws/src/ernest_simulations/install/controller
[3.665s] Invoking command in '/home/mariobo/ernest_ws/src/ernest_simulations/build/controller': CMAKE_PREFIX_PATH=${CMAKE_PREFIX_PATH}:/home/mariobo/ernest_ws/install/mpc_controller:/opt/ros/foxy /usr/local/bin/cmake --build /home/mariobo/ernest_ws/src/ernest_simulations/build/controller -- -j8 -l8
[3.724s] [ 16%] [32mBuilding CXX object CMakeFiles/pid_controller.dir/src/PID.cpp.o[0m
[3.735s] [ 33%] [32mBuilding CXX object CMakeFiles/odom_subs.dir/src/subs.cpp.o[0m
[3.747s] [ 50%] [32mBuilding CXX object CMakeFiles/trajectory_controller.dir/src/trajectory_controller.cpp.o[0m
[20.993s] [ 66%] [32m[1mLinking CXX executable trajectory_controller[0m
[21.419s] [ 83%] [32m[1mLinking CXX executable pid_controller[0m
[21.451s] [ 83%] Built target trajectory_controller
[21.502s] [100%] [32m[1mLinking CXX executable odom_subs[0m
[21.811s] [100%] Built target pid_controller
[21.835s] [100%] Built target odom_subs
[21.846s] Invoked command in '/home/mariobo/ernest_ws/src/ernest_simulations/build/controller' returned '0': CMAKE_PREFIX_PATH=${CMAKE_PREFIX_PATH}:/home/mariobo/ernest_ws/install/mpc_controller:/opt/ros/foxy /usr/local/bin/cmake --build /home/mariobo/ernest_ws/src/ernest_simulations/build/controller -- -j8 -l8
[21.887s] Invoking command in '/home/mariobo/ernest_ws/src/ernest_simulations/build/controller': CMAKE_PREFIX_PATH=${CMAKE_PREFIX_PATH}:/home/mariobo/ernest_ws/install/mpc_controller:/opt/ros/foxy /usr/local/bin/cmake --install /home/mariobo/ernest_ws/src/ernest_simulations/build/controller
[21.891s] -- Install configuration: ""
[21.892s] -- Execute custom install script
[21.892s] -- Symlinking: /home/mariobo/ernest_ws/src/ernest_simulations/install/controller/lib/controller/pid_controller
[21.897s] -- Symlinking: /home/mariobo/ernest_ws/src/ernest_simulations/install/controller/lib/controller/odom_subs
[21.904s] -- Symlinking: /home/mariobo/ernest_ws/src/ernest_simulations/install/controller/lib/controller/trajectory_controller
[21.909s] -- Symlinking: /home/mariobo/ernest_ws/src/ernest_simulations/install/controller/share/controller/matlab/README.md
[21.914s] -- Symlinking: /home/mariobo/ernest_ws/src/ernest_simulations/install/controller/share/controller/matlab/prova.txt
[21.918s] -- Symlinking: /home/mariobo/ernest_ws/src/ernest_simulations/install/controller/share/controller/matlab/speed.txt
[21.923s] -- Symlinking: /home/mariobo/ernest_ws/src/ernest_simulations/install/controller/share/controller/matlab/steering_angles.txt
[21.927s] -- Symlinking: /home/mariobo/ernest_ws/src/ernest_simulations/install/controller/share/controller/matlab/traj_gen.m
[21.930s] -- Symlinking: /home/mariobo/ernest_ws/src/ernest_simulations/install/controller/share/ament_index/resource_index/package_run_dependencies/controller
[21.935s] -- Symlinking: /home/mariobo/ernest_ws/src/ernest_simulations/install/controller/share/ament_index/resource_index/parent_prefix_path/controller
[21.939s] -- Symlinking: /home/mariobo/ernest_ws/src/ernest_simulations/install/controller/share/controller/environment/ament_prefix_path.sh
[21.944s] -- Symlinking: /home/mariobo/ernest_ws/src/ernest_simulations/install/controller/share/controller/environment/ament_prefix_path.dsv
[21.949s] -- Symlinking: /home/mariobo/ernest_ws/src/ernest_simulations/install/controller/share/controller/environment/path.sh
[21.953s] -- Symlinking: /home/mariobo/ernest_ws/src/ernest_simulations/install/controller/share/controller/environment/path.dsv
[21.959s] -- Symlinking: /home/mariobo/ernest_ws/src/ernest_simulations/install/controller/share/controller/local_setup.bash
[21.964s] -- Symlinking: /home/mariobo/ernest_ws/src/ernest_simulations/install/controller/share/controller/local_setup.sh
[21.968s] -- Symlinking: /home/mariobo/ernest_ws/src/ernest_simulations/install/controller/share/controller/local_setup.zsh
[21.974s] -- Symlinking: /home/mariobo/ernest_ws/src/ernest_simulations/install/controller/share/controller/local_setup.dsv
[21.979s] -- Symlinking: /home/mariobo/ernest_ws/src/ernest_simulations/install/controller/share/controller/package.dsv
[21.984s] -- Symlinking: /home/mariobo/ernest_ws/src/ernest_simulations/install/controller/share/ament_index/resource_index/packages/controller
[21.989s] -- Symlinking: /home/mariobo/ernest_ws/src/ernest_simulations/install/controller/share/controller/cmake/controllerConfig.cmake
[21.993s] -- Symlinking: /home/mariobo/ernest_ws/src/ernest_simulations/install/controller/share/controller/cmake/controllerConfig-version.cmake
[21.997s] -- Symlinking: /home/mariobo/ernest_ws/src/ernest_simulations/install/controller/share/controller/package.xml
[22.008s] Invoked command in '/home/mariobo/ernest_ws/src/ernest_simulations/build/controller' returned '0': CMAKE_PREFIX_PATH=${CMAKE_PREFIX_PATH}:/home/mariobo/ernest_ws/install/mpc_controller:/opt/ros/foxy /usr/local/bin/cmake --install /home/mariobo/ernest_ws/src/ernest_simulations/build/controller
