[1.028s] Invoking command in '/home/mariobo/ernest_ws/src/ernest_simulations/build/gazebo_ros2_control': CMAKE_PREFIX_PATH=${CMAKE_PREFIX_PATH}:/home/mariobo/ernest_ws/src/ernest_simulations/install/mpc_controller:/home/mariobo/ernest_ws/install/mpc_controller:/opt/ros/foxy /usr/local/bin/cmake --build /home/mariobo/ernest_ws/src/ernest_simulations/build/gazebo_ros2_control -- -j8 -l8
[1.901s] [ 50%] Built target gazebo_hardware_plugins
[1.902s] [100%] Built target gazebo_ros2_control
[1.941s] Invoked command in '/home/mariobo/ernest_ws/src/ernest_simulations/build/gazebo_ros2_control' returned '0': CMAKE_PREFIX_PATH=${CMAKE_PREFIX_PATH}:/home/mariobo/ernest_ws/src/ernest_simulations/install/mpc_controller:/home/mariobo/ernest_ws/install/mpc_controller:/opt/ros/foxy /usr/local/bin/cmake --build /home/mariobo/ernest_ws/src/ernest_simulations/build/gazebo_ros2_control -- -j8 -l8
[2.082s] Invoking command in '/home/mariobo/ernest_ws/src/ernest_simulations/build/gazebo_ros2_control': CMAKE_PREFIX_PATH=${CMAKE_PREFIX_PATH}:/home/mariobo/ernest_ws/src/ernest_simulations/install/mpc_controller:/home/mariobo/ernest_ws/install/mpc_controller:/opt/ros/foxy /usr/local/bin/cmake --install /home/mariobo/ernest_ws/src/ernest_simulations/build/gazebo_ros2_control
[2.094s] -- Install configuration: ""
[2.094s] -- Execute custom install script
[2.095s] -- Up-to-date symlink: /home/mariobo/ernest_ws/src/ernest_simulations/install/gazebo_ros2_control/lib/libgazebo_ros2_control.so
[2.095s] -- Up-to-date symlink: /home/mariobo/ernest_ws/src/ernest_simulations/install/gazebo_ros2_control/lib/libgazebo_hardware_plugins.so
[2.096s] -- Up-to-date symlink: /home/mariobo/ernest_ws/src/ernest_simulations/install/gazebo_ros2_control/share/gazebo_ros2_control/environment/library_path.sh
[2.096s] -- Up-to-date symlink: /home/mariobo/ernest_ws/src/ernest_simulations/install/gazebo_ros2_control/share/gazebo_ros2_control/environment/library_path.dsv
[2.096s] -- Up-to-date symlink: /home/mariobo/ernest_ws/src/ernest_simulations/install/gazebo_ros2_control/include/gazebo_ros2_control/gazebo_ros2_control_plugin.hpp
[2.097s] -- Up-to-date symlink: /home/mariobo/ernest_ws/src/ernest_simulations/install/gazebo_ros2_control/include/gazebo_ros2_control/gazebo_system.hpp
[2.097s] -- Up-to-date symlink: /home/mariobo/ernest_ws/src/ernest_simulations/install/gazebo_ros2_control/include/gazebo_ros2_control/gazebo_system_interface.hpp
[2.097s] -- Up-to-date symlink: /home/mariobo/ernest_ws/src/ernest_simulations/install/gazebo_ros2_control/share/gazebo_ros2_control//gazebo_hardware_plugins.xml
[2.098s] -- Up-to-date symlink: /home/mariobo/ernest_ws/src/ernest_simulations/install/gazebo_ros2_control/share/ament_index/resource_index/package_run_dependencies/gazebo_ros2_control
[2.100s] -- Up-to-date symlink: /home/mariobo/ernest_ws/src/ernest_simulations/install/gazebo_ros2_control/share/ament_index/resource_index/parent_prefix_path/gazebo_ros2_control
[2.100s] -- Up-to-date symlink: /home/mariobo/ernest_ws/src/ernest_simulations/install/gazebo_ros2_control/share/gazebo_ros2_control/environment/ament_prefix_path.sh
[2.100s] -- Up-to-date symlink: /home/mariobo/ernest_ws/src/ernest_simulations/install/gazebo_ros2_control/share/gazebo_ros2_control/environment/ament_prefix_path.dsv
[2.101s] -- Up-to-date symlink: /home/mariobo/ernest_ws/src/ernest_simulations/install/gazebo_ros2_control/share/gazebo_ros2_control/environment/path.sh
[2.101s] -- Up-to-date symlink: /home/mariobo/ernest_ws/src/ernest_simulations/install/gazebo_ros2_control/share/gazebo_ros2_control/environment/path.dsv
[2.101s] -- Up-to-date symlink: /home/mariobo/ernest_ws/src/ernest_simulations/install/gazebo_ros2_control/share/gazebo_ros2_control/local_setup.bash
[2.102s] -- Up-to-date symlink: /home/mariobo/ernest_ws/src/ernest_simulations/install/gazebo_ros2_control/share/gazebo_ros2_control/local_setup.sh
[2.102s] -- Up-to-date symlink: /home/mariobo/ernest_ws/src/ernest_simulations/install/gazebo_ros2_control/share/gazebo_ros2_control/local_setup.zsh
[2.102s] -- Up-to-date symlink: /home/mariobo/ernest_ws/src/ernest_simulations/install/gazebo_ros2_control/share/gazebo_ros2_control/local_setup.dsv
[2.102s] -- Symlinking: /home/mariobo/ernest_ws/src/ernest_simulations/install/gazebo_ros2_control/share/gazebo_ros2_control/package.dsv
[2.102s] -- Up-to-date symlink: /home/mariobo/ernest_ws/src/ernest_simulations/install/gazebo_ros2_control/share/ament_index/resource_index/packages/gazebo_ros2_control
[2.103s] -- Up-to-date symlink: /home/mariobo/ernest_ws/src/ernest_simulations/install/gazebo_ros2_control/share/ament_index/resource_index/gazebo_ros2_control__pluginlib__plugin/gazebo_ros2_control
[2.103s] -- Up-to-date symlink: /home/mariobo/ernest_ws/src/ernest_simulations/install/gazebo_ros2_control/share/gazebo_ros2_control/cmake/ament_cmake_export_include_directories-extras.cmake
[2.103s] -- Up-to-date symlink: /home/mariobo/ernest_ws/src/ernest_simulations/install/gazebo_ros2_control/share/gazebo_ros2_control/cmake/ament_cmake_export_dependencies-extras.cmake
[2.103s] -- Up-to-date symlink: /home/mariobo/ernest_ws/src/ernest_simulations/install/gazebo_ros2_control/share/gazebo_ros2_control/cmake/ament_cmake_export_libraries-extras.cmake
[2.103s] -- Up-to-date symlink: /home/mariobo/ernest_ws/src/ernest_simulations/install/gazebo_ros2_control/share/gazebo_ros2_control/cmake/gazebo_ros2_controlConfig.cmake
[2.104s] -- Up-to-date symlink: /home/mariobo/ernest_ws/src/ernest_simulations/install/gazebo_ros2_control/share/gazebo_ros2_control/cmake/gazebo_ros2_controlConfig-version.cmake
[2.104s] -- Up-to-date symlink: /home/mariobo/ernest_ws/src/ernest_simulations/install/gazebo_ros2_control/share/gazebo_ros2_control/package.xml
[2.990s] Invoked command in '/home/mariobo/ernest_ws/src/ernest_simulations/build/gazebo_ros2_control' returned '0': CMAKE_PREFIX_PATH=${CMAKE_PREFIX_PATH}:/home/mariobo/ernest_ws/src/ernest_simulations/install/mpc_controller:/home/mariobo/ernest_ws/install/mpc_controller:/opt/ros/foxy /usr/local/bin/cmake --install /home/mariobo/ernest_ws/src/ernest_simulations/build/gazebo_ros2_control
