[2.899s] DEBUG:colcon:Command line arguments: ['/usr/bin/colcon', 'build', '--packages-select', 'ernest_mpc']
[2.899s] DEBUG:colcon:Parsed command line arguments: Namespace(allow_overriding=[], ament_cmake_args=None, base_paths=['.'], build_base='build', catkin_cmake_args=None, catkin_skip_building_tests=False, cmake_args=None, cmake_clean_cache=False, cmake_clean_first=False, cmake_force_configure=False, cmake_target=None, cmake_target_skip_unavailable=False, continue_on_error=False, event_handlers=None, executor='parallel', ignore_user_meta=False, install_base='install', log_base=None, log_level=None, main=<bound method BuildVerb.main of <colcon_core.verb.build.BuildVerb object at 0x7f6de34155b0>>, merge_install=False, metas=['./colcon.meta'], packages_above=None, packages_above_and_dependencies=None, packages_above_depth=None, packages_end=None, packages_ignore=None, packages_ignore_regex=None, packages_select=['ernest_mpc'], packages_select_build_failed=False, packages_select_by_dep=None, packages_select_regex=None, packages_select_test_failures=False, packages_skip=None, packages_skip_build_finished=False, packages_skip_by_dep=None, packages_skip_regex=None, packages_skip_test_passed=False, packages_skip_up_to=None, packages_start=None, packages_up_to=None, packages_up_to_regex=None, parallel_workers=8, paths=None, symlink_install=False, test_result_base=None, verb_extension=<colcon_core.verb.build.BuildVerb object at 0x7f6de34155b0>, verb_name='build', verb_parser=<colcon_defaults.argument_parser.defaults.DefaultArgumentsDecorator object at 0x7f6de3415130>)
[3.034s] Level 1:colcon.colcon_core.package_discovery:discover_packages(colcon_meta) check parameters
[3.034s] Level 1:colcon.colcon_core.package_discovery:discover_packages(recursive) check parameters
[3.034s] Level 1:colcon.colcon_core.package_discovery:discover_packages(ignore) check parameters
[3.034s] Level 1:colcon.colcon_core.package_discovery:discover_packages(path) check parameters
[3.034s] Level 1:colcon.colcon_core.package_discovery:discover_packages(colcon_meta) discover
[3.034s] Level 1:colcon.colcon_core.package_discovery:discover_packages(recursive) discover
[3.034s] INFO:colcon.colcon_core.package_discovery:Crawling recursively for packages in '/home/mariobo/ernest_ws/src/ernest_simulations'
[3.034s] Level 1:colcon.colcon_core.package_identification:_identify(.) by extensions ['ignore', 'ignore_ament_install']
[3.035s] Level 1:colcon.colcon_core.package_identification:_identify(.) by extension 'ignore'
[3.035s] Level 1:colcon.colcon_core.package_identification:_identify(.) by extension 'ignore_ament_install'
[3.035s] Level 1:colcon.colcon_core.package_identification:_identify(.) by extensions ['colcon_pkg']
[3.035s] Level 1:colcon.colcon_core.package_identification:_identify(.) by extension 'colcon_pkg'
[3.035s] Level 1:colcon.colcon_core.package_identification:_identify(.) by extensions ['colcon_meta']
[3.035s] Level 1:colcon.colcon_core.package_identification:_identify(.) by extension 'colcon_meta'
[3.035s] Level 1:colcon.colcon_core.package_identification:_identify(.) by extensions ['ros']
[3.035s] Level 1:colcon.colcon_core.package_identification:_identify(.) by extension 'ros'
[3.048s] Level 1:colcon.colcon_core.package_identification:_identify(.) by extensions ['cmake', 'python']
[3.048s] Level 1:colcon.colcon_core.package_identification:_identify(.) by extension 'cmake'
[3.048s] Level 1:colcon.colcon_core.package_identification:_identify(.) by extension 'python'
[3.048s] Level 1:colcon.colcon_core.package_identification:_identify(.) by extensions ['python_setup_py']
[3.048s] Level 1:colcon.colcon_core.package_identification:_identify(.) by extension 'python_setup_py'
[3.048s] Level 1:colcon.colcon_core.package_identification:_identify(build) by extensions ['ignore', 'ignore_ament_install']
[3.049s] Level 1:colcon.colcon_core.package_identification:_identify(build) by extension 'ignore'
[3.049s] Level 1:colcon.colcon_core.package_identification:_identify(build) ignored
[3.049s] Level 1:colcon.colcon_core.package_identification:_identify(ernest_controller) by extensions ['ignore', 'ignore_ament_install']
[3.049s] Level 1:colcon.colcon_core.package_identification:_identify(ernest_controller) by extension 'ignore'
[3.049s] Level 1:colcon.colcon_core.package_identification:_identify(ernest_controller) by extension 'ignore_ament_install'
[3.049s] Level 1:colcon.colcon_core.package_identification:_identify(ernest_controller) by extensions ['colcon_pkg']
[3.050s] Level 1:colcon.colcon_core.package_identification:_identify(ernest_controller) by extension 'colcon_pkg'
[3.050s] Level 1:colcon.colcon_core.package_identification:_identify(ernest_controller) by extensions ['colcon_meta']
[3.050s] Level 1:colcon.colcon_core.package_identification:_identify(ernest_controller) by extension 'colcon_meta'
[3.050s] Level 1:colcon.colcon_core.package_identification:_identify(ernest_controller) by extensions ['ros']
[3.050s] Level 1:colcon.colcon_core.package_identification:_identify(ernest_controller) by extension 'ros'
[3.053s] DEBUG:colcon.colcon_core.package_identification:Package 'ernest_controller' with type 'ros.ament_cmake' and name 'ernest_controller'
[3.053s] Level 1:colcon.colcon_core.package_identification:_identify(ernest_description) by extensions ['ignore', 'ignore_ament_install']
[3.054s] Level 1:colcon.colcon_core.package_identification:_identify(ernest_description) by extension 'ignore'
[3.054s] Level 1:colcon.colcon_core.package_identification:_identify(ernest_description) by extension 'ignore_ament_install'
[3.054s] Level 1:colcon.colcon_core.package_identification:_identify(ernest_description) by extensions ['colcon_pkg']
[3.054s] Level 1:colcon.colcon_core.package_identification:_identify(ernest_description) by extension 'colcon_pkg'
[3.054s] Level 1:colcon.colcon_core.package_identification:_identify(ernest_description) by extensions ['colcon_meta']
[3.054s] Level 1:colcon.colcon_core.package_identification:_identify(ernest_description) by extension 'colcon_meta'
[3.054s] Level 1:colcon.colcon_core.package_identification:_identify(ernest_description) by extensions ['ros']
[3.054s] Level 1:colcon.colcon_core.package_identification:_identify(ernest_description) by extension 'ros'
[3.055s] DEBUG:colcon.colcon_core.package_identification:Package 'ernest_description' with type 'ros.ament_cmake' and name 'ernest_description'
[3.055s] Level 1:colcon.colcon_core.package_identification:_identify(ernest_mpc) by extensions ['ignore', 'ignore_ament_install']
[3.055s] Level 1:colcon.colcon_core.package_identification:_identify(ernest_mpc) by extension 'ignore'
[3.056s] Level 1:colcon.colcon_core.package_identification:_identify(ernest_mpc) by extension 'ignore_ament_install'
[3.056s] Level 1:colcon.colcon_core.package_identification:_identify(ernest_mpc) by extensions ['colcon_pkg']
[3.056s] Level 1:colcon.colcon_core.package_identification:_identify(ernest_mpc) by extension 'colcon_pkg'
[3.056s] Level 1:colcon.colcon_core.package_identification:_identify(ernest_mpc) by extensions ['colcon_meta']
[3.056s] Level 1:colcon.colcon_core.package_identification:_identify(ernest_mpc) by extension 'colcon_meta'
[3.056s] Level 1:colcon.colcon_core.package_identification:_identify(ernest_mpc) by extensions ['ros']
[3.056s] Level 1:colcon.colcon_core.package_identification:_identify(ernest_mpc) by extension 'ros'
[3.057s] DEBUG:colcon.colcon_core.package_identification:Package 'ernest_mpc' with type 'ros.ament_cmake' and name 'ernest_mpc'
[3.057s] Level 1:colcon.colcon_core.package_identification:_identify(install) by extensions ['ignore', 'ignore_ament_install']
[3.057s] Level 1:colcon.colcon_core.package_identification:_identify(install) by extension 'ignore'
[3.057s] Level 1:colcon.colcon_core.package_identification:_identify(install) ignored
[3.058s] Level 1:colcon.colcon_core.package_identification:_identify(log) by extensions ['ignore', 'ignore_ament_install']
[3.058s] Level 1:colcon.colcon_core.package_identification:_identify(log) by extension 'ignore'
[3.058s] Level 1:colcon.colcon_core.package_identification:_identify(log) ignored
[3.058s] Level 1:colcon.colcon_core.package_discovery:discover_packages(recursive) using defaults
[3.059s] Level 1:colcon.colcon_core.package_discovery:discover_packages(ignore) discover
[3.059s] Level 1:colcon.colcon_core.package_discovery:discover_packages(ignore) using defaults
[3.059s] Level 1:colcon.colcon_core.package_discovery:discover_packages(path) discover
[3.059s] Level 1:colcon.colcon_core.package_discovery:discover_packages(path) using defaults
[3.209s] INFO:colcon.colcon_core.package_selection:Skipping not selected package 'ernest_controller' in 'ernest_controller'
[3.209s] INFO:colcon.colcon_core.package_selection:Skipping not selected package 'ernest_description' in 'ernest_description'
[3.306s] Level 1:colcon.colcon_core.package_discovery:discover_packages(prefix_path) check parameters
[3.306s] Level 1:colcon.colcon_core.package_discovery:discover_packages(prefix_path) discover
[3.412s] DEBUG:colcon.colcon_installed_package_information.package_discovery:Found 286 installed packages in /opt/ros/foxy
[3.413s] Level 1:colcon.colcon_core.package_discovery:discover_packages(prefix_path) using defaults
[3.625s] Level 5:colcon.colcon_core.verb:set package 'ernest_mpc' build argument 'cmake_args' from command line to 'None'
[3.626s] Level 5:colcon.colcon_core.verb:set package 'ernest_mpc' build argument 'cmake_target' from command line to 'None'
[3.626s] Level 5:colcon.colcon_core.verb:set package 'ernest_mpc' build argument 'cmake_target_skip_unavailable' from command line to 'False'
[3.626s] Level 5:colcon.colcon_core.verb:set package 'ernest_mpc' build argument 'cmake_clean_cache' from command line to 'False'
[3.626s] Level 5:colcon.colcon_core.verb:set package 'ernest_mpc' build argument 'cmake_clean_first' from command line to 'False'
[3.626s] Level 5:colcon.colcon_core.verb:set package 'ernest_mpc' build argument 'cmake_force_configure' from command line to 'False'
[3.626s] Level 5:colcon.colcon_core.verb:set package 'ernest_mpc' build argument 'ament_cmake_args' from command line to 'None'
[3.626s] Level 5:colcon.colcon_core.verb:set package 'ernest_mpc' build argument 'catkin_cmake_args' from command line to 'None'
[3.626s] Level 5:colcon.colcon_core.verb:set package 'ernest_mpc' build argument 'catkin_skip_building_tests' from command line to 'False'
[3.626s] DEBUG:colcon.colcon_core.verb:Building package 'ernest_mpc' with the following arguments: {'ament_cmake_args': None, 'build_base': '/home/mariobo/ernest_ws/src/ernest_simulations/build/ernest_mpc', 'catkin_cmake_args': None, 'catkin_skip_building_tests': False, 'cmake_args': None, 'cmake_clean_cache': False, 'cmake_clean_first': False, 'cmake_force_configure': False, 'cmake_target': None, 'cmake_target_skip_unavailable': False, 'install_base': '/home/mariobo/ernest_ws/src/ernest_simulations/install/ernest_mpc', 'merge_install': False, 'path': '/home/mariobo/ernest_ws/src/ernest_simulations/ernest_mpc', 'symlink_install': False, 'test_result_base': None}
[3.669s] INFO:colcon.colcon_core.executor:Executing jobs using 'parallel' executor
[3.726s] DEBUG:colcon.colcon_parallel_executor.executor.parallel:run_until_complete
[3.727s] INFO:colcon.colcon_ros.task.ament_cmake.build:Building ROS package in '/home/mariobo/ernest_ws/src/ernest_simulations/ernest_mpc' with build type 'ament_cmake'
[3.727s] INFO:colcon.colcon_cmake.task.cmake.build:Building CMake package in '/home/mariobo/ernest_ws/src/ernest_simulations/ernest_mpc'
[3.805s] INFO:colcon.colcon_core.plugin_system:Skipping extension 'colcon_core.shell.bat': Not used on non-Windows systems
[3.805s] INFO:colcon.colcon_core.shell:Skip shell extension 'powershell' for command environment: Not usable outside of PowerShell
[3.805s] DEBUG:colcon.colcon_core.shell:Skip shell extension 'dsv' for command environment
[3.963s] DEBUG:colcon.colcon_core.event_handler.log_command:Invoking command in '/home/mariobo/ernest_ws/src/ernest_simulations/build/ernest_mpc': CMAKE_PREFIX_PATH=/opt/ros/foxy /usr/local/bin/cmake --build /home/mariobo/ernest_ws/src/ernest_simulations/build/ernest_mpc -- -j8 -l8
[9.211s] DEBUG:colcon.colcon_core.event_handler.log_command:Invoked command in '/home/mariobo/ernest_ws/src/ernest_simulations/build/ernest_mpc' returned '0': CMAKE_PREFIX_PATH=/opt/ros/foxy /usr/local/bin/cmake --build /home/mariobo/ernest_ws/src/ernest_simulations/build/ernest_mpc -- -j8 -l8
[9.262s] DEBUG:colcon.colcon_core.event_handler.log_command:Invoking command in '/home/mariobo/ernest_ws/src/ernest_simulations/build/ernest_mpc': CMAKE_PREFIX_PATH=/opt/ros/foxy /usr/local/bin/cmake --install /home/mariobo/ernest_ws/src/ernest_simulations/build/ernest_mpc
[9.274s] Level 1:colcon.colcon_core.environment:create_environment_scripts_only(ernest_mpc)
[9.280s] DEBUG:colcon.colcon_core.event_handler.log_command:Invoked command in '/home/mariobo/ernest_ws/src/ernest_simulations/build/ernest_mpc' returned '0': CMAKE_PREFIX_PATH=/opt/ros/foxy /usr/local/bin/cmake --install /home/mariobo/ernest_ws/src/ernest_simulations/build/ernest_mpc
[9.355s] Level 1:colcon.colcon_core.environment:checking '/home/mariobo/ernest_ws/src/ernest_simulations/install/ernest_mpc' for CMake module files
[9.356s] Level 1:colcon.colcon_core.environment:checking '/home/mariobo/ernest_ws/src/ernest_simulations/install/ernest_mpc' for CMake config files
[9.356s] Level 1:colcon.colcon_core.shell:create_environment_hook('ernest_mpc', 'cmake_prefix_path')
[9.414s] INFO:colcon.colcon_core.shell:Creating environment hook '/home/mariobo/ernest_ws/src/ernest_simulations/install/ernest_mpc/share/ernest_mpc/hook/cmake_prefix_path.ps1'
[9.416s] INFO:colcon.colcon_core.shell:Creating environment descriptor '/home/mariobo/ernest_ws/src/ernest_simulations/install/ernest_mpc/share/ernest_mpc/hook/cmake_prefix_path.dsv'
[9.416s] INFO:colcon.colcon_core.shell:Creating environment hook '/home/mariobo/ernest_ws/src/ernest_simulations/install/ernest_mpc/share/ernest_mpc/hook/cmake_prefix_path.sh'
[9.418s] Level 1:colcon.colcon_core.environment:checking '/home/mariobo/ernest_ws/src/ernest_simulations/install/ernest_mpc/lib'
[9.418s] Level 1:colcon.colcon_core.environment:checking '/home/mariobo/ernest_ws/src/ernest_simulations/install/ernest_mpc/bin'
[9.418s] Level 1:colcon.colcon_core.environment:checking '/home/mariobo/ernest_ws/src/ernest_simulations/install/ernest_mpc/lib/pkgconfig/ernest_mpc.pc'
[9.419s] Level 1:colcon.colcon_core.environment:checking '/home/mariobo/ernest_ws/src/ernest_simulations/install/ernest_mpc/lib/python3.8/site-packages'
[9.419s] Level 1:colcon.colcon_core.environment:checking '/home/mariobo/ernest_ws/src/ernest_simulations/install/ernest_mpc/bin'
[9.472s] INFO:colcon.colcon_core.shell:Creating package script '/home/mariobo/ernest_ws/src/ernest_simulations/install/ernest_mpc/share/ernest_mpc/package.ps1'
[9.473s] INFO:colcon.colcon_core.shell:Creating package descriptor '/home/mariobo/ernest_ws/src/ernest_simulations/install/ernest_mpc/share/ernest_mpc/package.dsv'
[9.475s] INFO:colcon.colcon_core.shell:Creating package script '/home/mariobo/ernest_ws/src/ernest_simulations/install/ernest_mpc/share/ernest_mpc/package.sh'
[9.477s] INFO:colcon.colcon_core.shell:Creating package script '/home/mariobo/ernest_ws/src/ernest_simulations/install/ernest_mpc/share/ernest_mpc/package.bash'
[9.478s] INFO:colcon.colcon_core.shell:Creating package script '/home/mariobo/ernest_ws/src/ernest_simulations/install/ernest_mpc/share/ernest_mpc/package.zsh'
[9.479s] Level 1:colcon.colcon_core.environment:create_file_with_runtime_dependencies(/home/mariobo/ernest_ws/src/ernest_simulations/install/ernest_mpc/share/colcon-core/packages/ernest_mpc)
[9.571s] Level 1:colcon.colcon_core.environment:create_environment_scripts_only(ernest_mpc)
[9.625s] Level 1:colcon.colcon_core.environment:checking '/home/mariobo/ernest_ws/src/ernest_simulations/install/ernest_mpc' for CMake module files
[9.626s] Level 1:colcon.colcon_core.environment:checking '/home/mariobo/ernest_ws/src/ernest_simulations/install/ernest_mpc' for CMake config files
[9.626s] Level 1:colcon.colcon_core.shell:create_environment_hook('ernest_mpc', 'cmake_prefix_path')
[9.682s] INFO:colcon.colcon_core.shell:Creating environment hook '/home/mariobo/ernest_ws/src/ernest_simulations/install/ernest_mpc/share/ernest_mpc/hook/cmake_prefix_path.ps1'
[9.683s] INFO:colcon.colcon_core.shell:Creating environment descriptor '/home/mariobo/ernest_ws/src/ernest_simulations/install/ernest_mpc/share/ernest_mpc/hook/cmake_prefix_path.dsv'
[9.684s] INFO:colcon.colcon_core.shell:Creating environment hook '/home/mariobo/ernest_ws/src/ernest_simulations/install/ernest_mpc/share/ernest_mpc/hook/cmake_prefix_path.sh'
[9.686s] Level 1:colcon.colcon_core.environment:checking '/home/mariobo/ernest_ws/src/ernest_simulations/install/ernest_mpc/lib'
[9.686s] Level 1:colcon.colcon_core.environment:checking '/home/mariobo/ernest_ws/src/ernest_simulations/install/ernest_mpc/bin'
[9.686s] Level 1:colcon.colcon_core.environment:checking '/home/mariobo/ernest_ws/src/ernest_simulations/install/ernest_mpc/lib/pkgconfig/ernest_mpc.pc'
[9.686s] Level 1:colcon.colcon_core.environment:checking '/home/mariobo/ernest_ws/src/ernest_simulations/install/ernest_mpc/lib/python3.8/site-packages'
[9.687s] Level 1:colcon.colcon_core.environment:checking '/home/mariobo/ernest_ws/src/ernest_simulations/install/ernest_mpc/bin'
[9.748s] INFO:colcon.colcon_core.shell:Creating package script '/home/mariobo/ernest_ws/src/ernest_simulations/install/ernest_mpc/share/ernest_mpc/package.ps1'
[9.749s] INFO:colcon.colcon_core.shell:Creating package descriptor '/home/mariobo/ernest_ws/src/ernest_simulations/install/ernest_mpc/share/ernest_mpc/package.dsv'
[9.750s] INFO:colcon.colcon_core.shell:Creating package script '/home/mariobo/ernest_ws/src/ernest_simulations/install/ernest_mpc/share/ernest_mpc/package.sh'
[9.751s] INFO:colcon.colcon_core.shell:Creating package script '/home/mariobo/ernest_ws/src/ernest_simulations/install/ernest_mpc/share/ernest_mpc/package.bash'
[9.752s] INFO:colcon.colcon_core.shell:Creating package script '/home/mariobo/ernest_ws/src/ernest_simulations/install/ernest_mpc/share/ernest_mpc/package.zsh'
[9.753s] Level 1:colcon.colcon_core.environment:create_file_with_runtime_dependencies(/home/mariobo/ernest_ws/src/ernest_simulations/install/ernest_mpc/share/colcon-core/packages/ernest_mpc)
[9.754s] DEBUG:colcon.colcon_parallel_executor.executor.parallel:closing loop
[9.755s] DEBUG:colcon.colcon_parallel_executor.executor.parallel:loop closed
[9.755s] DEBUG:colcon.colcon_parallel_executor.executor.parallel:run_until_complete finished with '0'
[9.755s] DEBUG:colcon.colcon_core.event_reactor:joining thread
[9.832s] INFO:colcon.colcon_core.plugin_system:Skipping extension 'colcon_notification.desktop_notification.terminal_notifier': Not used on non-Darwin systems
[9.833s] INFO:colcon.colcon_core.plugin_system:Skipping extension 'colcon_notification.desktop_notification.win32': Not used on non-Windows systems
[9.833s] INFO:colcon.colcon_notification.desktop_notification:Sending desktop notification using 'notify2'
[9.865s] DEBUG:colcon.colcon_core.event_reactor:joined thread
[9.963s] INFO:colcon.colcon_core.shell:Creating prefix script '/home/mariobo/ernest_ws/src/ernest_simulations/install/local_setup.ps1'
[9.966s] INFO:colcon.colcon_core.shell:Creating prefix util module '/home/mariobo/ernest_ws/src/ernest_simulations/install/_local_setup_util_ps1.py'
[9.970s] INFO:colcon.colcon_core.shell:Creating prefix chain script '/home/mariobo/ernest_ws/src/ernest_simulations/install/setup.ps1'
[10.068s] INFO:colcon.colcon_core.shell:Creating prefix script '/home/mariobo/ernest_ws/src/ernest_simulations/install/local_setup.sh'
[10.070s] INFO:colcon.colcon_core.shell:Creating prefix util module '/home/mariobo/ernest_ws/src/ernest_simulations/install/_local_setup_util_sh.py'
[10.071s] INFO:colcon.colcon_core.shell:Creating prefix chain script '/home/mariobo/ernest_ws/src/ernest_simulations/install/setup.sh'
[10.157s] INFO:colcon.colcon_core.shell:Creating prefix script '/home/mariobo/ernest_ws/src/ernest_simulations/install/local_setup.bash'
[10.159s] INFO:colcon.colcon_core.shell:Creating prefix chain script '/home/mariobo/ernest_ws/src/ernest_simulations/install/setup.bash'
[10.226s] INFO:colcon.colcon_core.shell:Creating prefix script '/home/mariobo/ernest_ws/src/ernest_simulations/install/local_setup.zsh'
[10.228s] INFO:colcon.colcon_core.shell:Creating prefix chain script '/home/mariobo/ernest_ws/src/ernest_simulations/install/setup.zsh'
