[0.775s] Invoking command in '/home/mariobo/ernest_ws/src/ernest_simulations/build/description': CMAKE_PREFIX_PATH=${CMAKE_PREFIX_PATH}:/home/mariobo/ernest_ws/install/mpc_controller:/opt/ros/foxy /usr/local/bin/cmake /home/mariobo/ernest_ws/src/ernest_simulations/description -DAMENT_CMAKE_SYMLINK_INSTALL=1 -DCMAKE_INSTALL_PREFIX=/home/mariobo/ernest_ws/src/ernest_simulations/install/description
[1.677s] -- The C compiler identification is GNU 9.4.0
[1.678s] -- The CXX compiler identification is GNU 9.4.0
[1.678s] -- Detecting C compiler ABI info
[1.679s] -- Detecting C compiler ABI info - done
[1.680s] -- Check for working C compiler: /usr/bin/cc - skipped
[1.680s] -- Detecting C compile features
[1.680s] -- Detecting C compile features - done
[1.681s] -- Detecting CXX compiler ABI info
[1.681s] -- Detecting CXX compiler ABI info - done
[1.681s] -- Check for working CXX compiler: /usr/bin/c++ - skipped
[1.681s] -- Detecting CXX compile features
[1.681s] -- Detecting CXX compile features - done
[1.681s] -- Found ament_cmake: 0.9.12 (/opt/ros/foxy/share/ament_cmake/cmake)
[1.681s] -- Found PythonInterp: /usr/bin/python3 (found suitable version "3.8.10", minimum required is "3") 
[1.681s] -- Using PYTHON_EXECUTABLE: /usr/bin/python3
[1.783s] -- Override CMake install command with custom implementation using symlinks instead of copying resources
[1.832s] -- Found rclcpp: 2.4.3 (/opt/ros/foxy/share/rclcpp/cmake)
[1.903s] -- Using all available rosidl_typesupport_c: rosidl_typesupport_fastrtps_c;rosidl_typesupport_introspection_c
[1.916s] -- Found rosidl_adapter: 1.3.1 (/opt/ros/foxy/share/rosidl_adapter/cmake)
[2.030s] -- Found OpenSSL: /usr/lib/x86_64-linux-gnu/libcrypto.so (found version "1.1.1f")  
[2.069s] -- Found FastRTPS: /opt/ros/foxy/include  
[2.190s] -- Using all available rosidl_typesupport_cpp: rosidl_typesupport_fastrtps_cpp;rosidl_typesupport_introspection_cpp
[2.294s] -- Found rmw_implementation_cmake: 1.0.4 (/opt/ros/foxy/share/rmw_implementation_cmake/cmake)
[2.296s] -- Using RMW implementation 'rmw_fastrtps_cpp' as default
[2.298s] -- Looking for pthread.h
[2.387s] -- Looking for pthread.h - found
[2.387s] -- Performing Test CMAKE_HAVE_LIBC_PTHREAD
[2.483s] -- Performing Test CMAKE_HAVE_LIBC_PTHREAD - Failed
[2.483s] -- Looking for pthread_create in pthreads
[2.562s] -- Looking for pthread_create in pthreads - not found
[2.562s] -- Looking for pthread_create in pthread
[2.651s] -- Looking for pthread_create in pthread - found
[2.653s] -- Found Threads: TRUE  
[2.895s] -- Found geometry_msgs: 2.0.5 (/opt/ros/foxy/share/geometry_msgs/cmake)
[2.945s] -- Found ament_lint_auto: 0.9.8 (/opt/ros/foxy/share/ament_lint_auto/cmake)
[3.074s] -- Added test 'copyright' to check source files copyright and LICENSE
[3.078s] -- Added test 'flake8' to check Python code syntax and style conventions
[3.079s] -- Added test 'lint_cmake' to check CMake code style
[3.080s] -- Added test 'pep257' to check Python code against some of the style conventions in PEP 257
[3.083s] -- Added test 'xmllint' to check XML markup files
[3.086s] -- Configuring done
[3.092s] -- Generating done
[3.095s] -- Build files have been written to: /home/mariobo/ernest_ws/src/ernest_simulations/build/description
[3.108s] Invoked command in '/home/mariobo/ernest_ws/src/ernest_simulations/build/description' returned '0': CMAKE_PREFIX_PATH=${CMAKE_PREFIX_PATH}:/home/mariobo/ernest_ws/install/mpc_controller:/opt/ros/foxy /usr/local/bin/cmake /home/mariobo/ernest_ws/src/ernest_simulations/description -DAMENT_CMAKE_SYMLINK_INSTALL=1 -DCMAKE_INSTALL_PREFIX=/home/mariobo/ernest_ws/src/ernest_simulations/install/description
[3.113s] Invoking command in '/home/mariobo/ernest_ws/src/ernest_simulations/build/description': CMAKE_PREFIX_PATH=${CMAKE_PREFIX_PATH}:/home/mariobo/ernest_ws/install/mpc_controller:/opt/ros/foxy /usr/local/bin/cmake --build /home/mariobo/ernest_ws/src/ernest_simulations/build/description -- -j8 -l8
[3.147s] Invoked command in '/home/mariobo/ernest_ws/src/ernest_simulations/build/description' returned '0': CMAKE_PREFIX_PATH=${CMAKE_PREFIX_PATH}:/home/mariobo/ernest_ws/install/mpc_controller:/opt/ros/foxy /usr/local/bin/cmake --build /home/mariobo/ernest_ws/src/ernest_simulations/build/description -- -j8 -l8
[3.186s] Invoking command in '/home/mariobo/ernest_ws/src/ernest_simulations/build/description': CMAKE_PREFIX_PATH=${CMAKE_PREFIX_PATH}:/home/mariobo/ernest_ws/install/mpc_controller:/opt/ros/foxy /usr/local/bin/cmake --install /home/mariobo/ernest_ws/src/ernest_simulations/build/description
[3.189s] -- Install configuration: ""
[3.190s] -- Execute custom install script
[3.190s] -- Symlinking: /home/mariobo/ernest_ws/src/ernest_simulations/install/description/share/description/urdf/ernest.urdf.xacro
[3.201s] -- Symlinking: /home/mariobo/ernest_ws/src/ernest_simulations/install/description/share/description/urdf/ernest_control.xacro
[3.206s] -- Symlinking: /home/mariobo/ernest_ws/src/ernest_simulations/install/description/share/description/urdf/ernest_gazebo.xacro
[3.217s] -- Symlinking: /home/mariobo/ernest_ws/src/ernest_simulations/install/description/share/description/urdf/ernest_system.urdf.xacro
[3.223s] -- Symlinking: /home/mariobo/ernest_ws/src/ernest_simulations/install/description/share/description/urdf/inertial_macros.xacro
[3.233s] -- Symlinking: /home/mariobo/ernest_ws/src/ernest_simulations/install/description/share/description/urdf/joint_traj_controller.xacro
[3.239s] -- Symlinking: /home/mariobo/ernest_ws/src/ernest_simulations/install/description/share/description/urdf/robot_core.urdf.xacro
[3.246s] -- Symlinking: /home/mariobo/ernest_ws/src/ernest_simulations/install/description/share/description/launch/view_ernest.launch.py
[3.250s] -- Symlinking: /home/mariobo/ernest_ws/src/ernest_simulations/install/description/share/description/rviz/view_ernest.rviz
[3.258s] -- Symlinking: /home/mariobo/ernest_ws/src/ernest_simulations/install/description/share/description/meshes/bogie.STL
[3.266s] -- Symlinking: /home/mariobo/ernest_ws/src/ernest_simulations/install/description/share/description/meshes/bogie.dae
[3.272s] -- Symlinking: /home/mariobo/ernest_ws/src/ernest_simulations/install/description/share/description/meshes/bogie_link.STL
[3.276s] -- Symlinking: /home/mariobo/ernest_ws/src/ernest_simulations/install/description/share/description/meshes/chassis.STL
[3.282s] -- Symlinking: /home/mariobo/ernest_ws/src/ernest_simulations/install/description/share/description/meshes/chassis.dae
[3.288s] -- Symlinking: /home/mariobo/ernest_ws/src/ernest_simulations/install/description/share/description/meshes/front_left_steer.STL
[3.295s] -- Symlinking: /home/mariobo/ernest_ws/src/ernest_simulations/install/description/share/description/meshes/front_left_steer.dae
[3.300s] -- Symlinking: /home/mariobo/ernest_ws/src/ernest_simulations/install/description/share/description/meshes/front_left_wheel.STL
[3.314s] -- Symlinking: /home/mariobo/ernest_ws/src/ernest_simulations/install/description/share/description/meshes/front_left_wheel.dae
[3.318s] -- Symlinking: /home/mariobo/ernest_ws/src/ernest_simulations/install/description/share/description/meshes/front_right_steer.STL
[3.327s] -- Symlinking: /home/mariobo/ernest_ws/src/ernest_simulations/install/description/share/description/meshes/front_right_steer.dae
[3.334s] -- Symlinking: /home/mariobo/ernest_ws/src/ernest_simulations/install/description/share/description/meshes/front_right_wheel.STL
[3.338s] -- Symlinking: /home/mariobo/ernest_ws/src/ernest_simulations/install/description/share/description/meshes/front_right_wheel.dae
[3.344s] -- Symlinking: /home/mariobo/ernest_ws/src/ernest_simulations/install/description/share/description/meshes/pivot.STL
[3.356s] -- Symlinking: /home/mariobo/ernest_ws/src/ernest_simulations/install/description/share/description/meshes/pivot.dae
[3.357s] -- Symlinking: /home/mariobo/ernest_ws/src/ernest_simulations/install/description/share/description/meshes/rear_left_steer.STL
[3.365s] -- Symlinking: /home/mariobo/ernest_ws/src/ernest_simulations/install/description/share/description/meshes/rear_left_steer.dae
[3.374s] -- Symlinking: /home/mariobo/ernest_ws/src/ernest_simulations/install/description/share/description/meshes/rear_left_wheel.STL
[3.381s] -- Symlinking: /home/mariobo/ernest_ws/src/ernest_simulations/install/description/share/description/meshes/rear_left_wheel.dae
[3.393s] -- Symlinking: /home/mariobo/ernest_ws/src/ernest_simulations/install/description/share/description/meshes/rear_right_steer.STL
[3.394s] -- Symlinking: /home/mariobo/ernest_ws/src/ernest_simulations/install/description/share/description/meshes/rear_right_steer.dae
[3.400s] -- Symlinking: /home/mariobo/ernest_ws/src/ernest_simulations/install/description/share/description/meshes/rear_right_wheel.STL
[3.408s] -- Symlinking: /home/mariobo/ernest_ws/src/ernest_simulations/install/description/share/description/meshes/rear_right_wheel.dae
[3.414s] -- Symlinking: /home/mariobo/ernest_ws/src/ernest_simulations/install/description/share/description/worlds/empty.world
[3.421s] -- Symlinking: /home/mariobo/ernest_ws/src/ernest_simulations/install/description/share/ament_index/resource_index/package_run_dependencies/description
[3.425s] -- Symlinking: /home/mariobo/ernest_ws/src/ernest_simulations/install/description/share/ament_index/resource_index/parent_prefix_path/description
[3.435s] -- Symlinking: /home/mariobo/ernest_ws/src/ernest_simulations/install/description/share/description/environment/ament_prefix_path.sh
[3.453s] -- Symlinking: /home/mariobo/ernest_ws/src/ernest_simulations/install/description/share/description/environment/ament_prefix_path.dsv
[3.453s] -- Symlinking: /home/mariobo/ernest_ws/src/ernest_simulations/install/description/share/description/environment/path.sh
[3.453s] -- Symlinking: /home/mariobo/ernest_ws/src/ernest_simulations/install/description/share/description/environment/path.dsv
[3.454s] -- Symlinking: /home/mariobo/ernest_ws/src/ernest_simulations/install/description/share/description/local_setup.bash
[3.476s] -- Symlinking: /home/mariobo/ernest_ws/src/ernest_simulations/install/description/share/description/local_setup.sh
[3.476s] -- Symlinking: /home/mariobo/ernest_ws/src/ernest_simulations/install/description/share/description/local_setup.zsh
[3.480s] -- Symlinking: /home/mariobo/ernest_ws/src/ernest_simulations/install/description/share/description/local_setup.dsv
[3.484s] -- Symlinking: /home/mariobo/ernest_ws/src/ernest_simulations/install/description/share/description/package.dsv
[3.508s] -- Symlinking: /home/mariobo/ernest_ws/src/ernest_simulations/install/description/share/ament_index/resource_index/packages/description
[3.524s] -- Symlinking: /home/mariobo/ernest_ws/src/ernest_simulations/install/description/share/description/cmake/descriptionConfig.cmake
[3.532s] -- Symlinking: /home/mariobo/ernest_ws/src/ernest_simulations/install/description/share/description/cmake/descriptionConfig-version.cmake
[3.541s] -- Symlinking: /home/mariobo/ernest_ws/src/ernest_simulations/install/description/share/description/package.xml
[4.168s] Invoked command in '/home/mariobo/ernest_ws/src/ernest_simulations/build/description' returned '0': CMAKE_PREFIX_PATH=${CMAKE_PREFIX_PATH}:/home/mariobo/ernest_ws/install/mpc_controller:/opt/ros/foxy /usr/local/bin/cmake --install /home/mariobo/ernest_ws/src/ernest_simulations/build/description
