[3.897s] DEBUG:colcon:Command line arguments: ['/usr/bin/colcon', 'build', '--packages-select', 'ernest_mpc']
[3.897s] DEBUG:colcon:Parsed command line arguments: Namespace(allow_overriding=[], ament_cmake_args=None, base_paths=['.'], build_base='build', catkin_cmake_args=None, catkin_skip_building_tests=False, cmake_args=None, cmake_clean_cache=False, cmake_clean_first=False, cmake_force_configure=False, cmake_target=None, cmake_target_skip_unavailable=False, continue_on_error=False, event_handlers=None, executor='parallel', ignore_user_meta=False, install_base='install', log_base=None, log_level=None, main=<bound method BuildVerb.main of <colcon_core.verb.build.BuildVerb object at 0x7f2d74254a60>>, merge_install=False, metas=['./colcon.meta'], packages_above=None, packages_above_and_dependencies=None, packages_above_depth=None, packages_end=None, packages_ignore=None, packages_ignore_regex=None, packages_select=['ernest_mpc'], packages_select_build_failed=False, packages_select_by_dep=None, packages_select_regex=None, packages_select_test_failures=False, packages_skip=None, packages_skip_build_finished=False, packages_skip_by_dep=None, packages_skip_regex=None, packages_skip_test_passed=False, packages_skip_up_to=None, packages_start=None, packages_up_to=None, packages_up_to_regex=None, parallel_workers=8, paths=None, symlink_install=False, test_result_base=None, verb_extension=<colcon_core.verb.build.BuildVerb object at 0x7f2d74254a60>, verb_name='build', verb_parser=<colcon_defaults.argument_parser.defaults.DefaultArgumentsDecorator object at 0x7f2d7425d220>)
[4.046s] Level 1:colcon.colcon_core.package_discovery:discover_packages(colcon_meta) check parameters
[4.046s] Level 1:colcon.colcon_core.package_discovery:discover_packages(recursive) check parameters
[4.047s] Level 1:colcon.colcon_core.package_discovery:discover_packages(ignore) check parameters
[4.047s] Level 1:colcon.colcon_core.package_discovery:discover_packages(path) check parameters
[4.047s] Level 1:colcon.colcon_core.package_discovery:discover_packages(colcon_meta) discover
[4.047s] Level 1:colcon.colcon_core.package_discovery:discover_packages(recursive) discover
[4.047s] INFO:colcon.colcon_core.package_discovery:Crawling recursively for packages in '/home/mariobo/ernest_ws/src/ernest_simulations'
[4.047s] Level 1:colcon.colcon_core.package_identification:_identify(.) by extensions ['ignore', 'ignore_ament_install']
[4.047s] Level 1:colcon.colcon_core.package_identification:_identify(.) by extension 'ignore'
[4.047s] Level 1:colcon.colcon_core.package_identification:_identify(.) by extension 'ignore_ament_install'
[4.047s] Level 1:colcon.colcon_core.package_identification:_identify(.) by extensions ['colcon_pkg']
[4.048s] Level 1:colcon.colcon_core.package_identification:_identify(.) by extension 'colcon_pkg'
[4.048s] Level 1:colcon.colcon_core.package_identification:_identify(.) by extensions ['colcon_meta']
[4.048s] Level 1:colcon.colcon_core.package_identification:_identify(.) by extension 'colcon_meta'
[4.048s] Level 1:colcon.colcon_core.package_identification:_identify(.) by extensions ['ros']
[4.048s] Level 1:colcon.colcon_core.package_identification:_identify(.) by extension 'ros'
[4.064s] Level 1:colcon.colcon_core.package_identification:_identify(.) by extensions ['cmake', 'python']
[4.065s] Level 1:colcon.colcon_core.package_identification:_identify(.) by extension 'cmake'
[4.065s] Level 1:colcon.colcon_core.package_identification:_identify(.) by extension 'python'
[4.065s] Level 1:colcon.colcon_core.package_identification:_identify(.) by extensions ['python_setup_py']
[4.065s] Level 1:colcon.colcon_core.package_identification:_identify(.) by extension 'python_setup_py'
[4.066s] Level 1:colcon.colcon_core.package_identification:_identify(build) by extensions ['ignore', 'ignore_ament_install']
[4.066s] Level 1:colcon.colcon_core.package_identification:_identify(build) by extension 'ignore'
[4.066s] Level 1:colcon.colcon_core.package_identification:_identify(build) ignored
[4.066s] Level 1:colcon.colcon_core.package_identification:_identify(ernest_controller) by extensions ['ignore', 'ignore_ament_install']
[4.066s] Level 1:colcon.colcon_core.package_identification:_identify(ernest_controller) by extension 'ignore'
[4.067s] Level 1:colcon.colcon_core.package_identification:_identify(ernest_controller) by extension 'ignore_ament_install'
[4.067s] Level 1:colcon.colcon_core.package_identification:_identify(ernest_controller) by extensions ['colcon_pkg']
[4.067s] Level 1:colcon.colcon_core.package_identification:_identify(ernest_controller) by extension 'colcon_pkg'
[4.067s] Level 1:colcon.colcon_core.package_identification:_identify(ernest_controller) by extensions ['colcon_meta']
[4.067s] Level 1:colcon.colcon_core.package_identification:_identify(ernest_controller) by extension 'colcon_meta'
[4.067s] Level 1:colcon.colcon_core.package_identification:_identify(ernest_controller) by extensions ['ros']
[4.067s] Level 1:colcon.colcon_core.package_identification:_identify(ernest_controller) by extension 'ros'
[4.072s] DEBUG:colcon.colcon_core.package_identification:Package 'ernest_controller' with type 'ros.ament_cmake' and name 'ernest_controller'
[4.072s] Level 1:colcon.colcon_core.package_identification:_identify(ernest_description) by extensions ['ignore', 'ignore_ament_install']
[4.072s] Level 1:colcon.colcon_core.package_identification:_identify(ernest_description) by extension 'ignore'
[4.072s] Level 1:colcon.colcon_core.package_identification:_identify(ernest_description) by extension 'ignore_ament_install'
[4.072s] Level 1:colcon.colcon_core.package_identification:_identify(ernest_description) by extensions ['colcon_pkg']
[4.073s] Level 1:colcon.colcon_core.package_identification:_identify(ernest_description) by extension 'colcon_pkg'
[4.073s] Level 1:colcon.colcon_core.package_identification:_identify(ernest_description) by extensions ['colcon_meta']
[4.073s] Level 1:colcon.colcon_core.package_identification:_identify(ernest_description) by extension 'colcon_meta'
[4.073s] Level 1:colcon.colcon_core.package_identification:_identify(ernest_description) by extensions ['ros']
[4.073s] Level 1:colcon.colcon_core.package_identification:_identify(ernest_description) by extension 'ros'
[4.074s] DEBUG:colcon.colcon_core.package_identification:Package 'ernest_description' with type 'ros.ament_cmake' and name 'ernest_description'
[4.074s] Level 1:colcon.colcon_core.package_identification:_identify(ernest_mpc) by extensions ['ignore', 'ignore_ament_install']
[4.074s] Level 1:colcon.colcon_core.package_identification:_identify(ernest_mpc) by extension 'ignore'
[4.074s] Level 1:colcon.colcon_core.package_identification:_identify(ernest_mpc) by extension 'ignore_ament_install'
[4.075s] Level 1:colcon.colcon_core.package_identification:_identify(ernest_mpc) by extensions ['colcon_pkg']
[4.075s] Level 1:colcon.colcon_core.package_identification:_identify(ernest_mpc) by extension 'colcon_pkg'
[4.075s] Level 1:colcon.colcon_core.package_identification:_identify(ernest_mpc) by extensions ['colcon_meta']
[4.075s] Level 1:colcon.colcon_core.package_identification:_identify(ernest_mpc) by extension 'colcon_meta'
[4.075s] Level 1:colcon.colcon_core.package_identification:_identify(ernest_mpc) by extensions ['ros']
[4.075s] Level 1:colcon.colcon_core.package_identification:_identify(ernest_mpc) by extension 'ros'
[4.076s] DEBUG:colcon.colcon_core.package_identification:Package 'ernest_mpc' with type 'ros.ament_cmake' and name 'ernest_mpc'
[4.076s] Level 1:colcon.colcon_core.package_identification:_identify(install) by extensions ['ignore', 'ignore_ament_install']
[4.077s] Level 1:colcon.colcon_core.package_identification:_identify(install) by extension 'ignore'
[4.077s] Level 1:colcon.colcon_core.package_identification:_identify(install) ignored
[4.077s] Level 1:colcon.colcon_core.package_identification:_identify(log) by extensions ['ignore', 'ignore_ament_install']
[4.077s] Level 1:colcon.colcon_core.package_identification:_identify(log) by extension 'ignore'
[4.077s] Level 1:colcon.colcon_core.package_identification:_identify(log) ignored
[4.077s] Level 1:colcon.colcon_core.package_discovery:discover_packages(recursive) using defaults
[4.077s] Level 1:colcon.colcon_core.package_discovery:discover_packages(ignore) discover
[4.078s] Level 1:colcon.colcon_core.package_discovery:discover_packages(ignore) using defaults
[4.078s] Level 1:colcon.colcon_core.package_discovery:discover_packages(path) discover
[4.078s] Level 1:colcon.colcon_core.package_discovery:discover_packages(path) using defaults
[4.266s] INFO:colcon.colcon_core.package_selection:Skipping not selected package 'ernest_controller' in 'ernest_controller'
[4.266s] INFO:colcon.colcon_core.package_selection:Skipping not selected package 'ernest_description' in 'ernest_description'
[4.371s] Level 1:colcon.colcon_core.package_discovery:discover_packages(prefix_path) check parameters
[4.371s] Level 1:colcon.colcon_core.package_discovery:discover_packages(prefix_path) discover
[4.474s] DEBUG:colcon.colcon_installed_package_information.package_discovery:Found 286 installed packages in /opt/ros/foxy
[4.476s] Level 1:colcon.colcon_core.package_discovery:discover_packages(prefix_path) using defaults
[4.713s] Level 5:colcon.colcon_core.verb:set package 'ernest_mpc' build argument 'cmake_args' from command line to 'None'
[4.713s] Level 5:colcon.colcon_core.verb:set package 'ernest_mpc' build argument 'cmake_target' from command line to 'None'
[4.713s] Level 5:colcon.colcon_core.verb:set package 'ernest_mpc' build argument 'cmake_target_skip_unavailable' from command line to 'False'
[4.713s] Level 5:colcon.colcon_core.verb:set package 'ernest_mpc' build argument 'cmake_clean_cache' from command line to 'False'
[4.713s] Level 5:colcon.colcon_core.verb:set package 'ernest_mpc' build argument 'cmake_clean_first' from command line to 'False'
[4.713s] Level 5:colcon.colcon_core.verb:set package 'ernest_mpc' build argument 'cmake_force_configure' from command line to 'False'
[4.713s] Level 5:colcon.colcon_core.verb:set package 'ernest_mpc' build argument 'ament_cmake_args' from command line to 'None'
[4.713s] Level 5:colcon.colcon_core.verb:set package 'ernest_mpc' build argument 'catkin_cmake_args' from command line to 'None'
[4.713s] Level 5:colcon.colcon_core.verb:set package 'ernest_mpc' build argument 'catkin_skip_building_tests' from command line to 'False'
[4.713s] DEBUG:colcon.colcon_core.verb:Building package 'ernest_mpc' with the following arguments: {'ament_cmake_args': None, 'build_base': '/home/mariobo/ernest_ws/src/ernest_simulations/build/ernest_mpc', 'catkin_cmake_args': None, 'catkin_skip_building_tests': False, 'cmake_args': None, 'cmake_clean_cache': False, 'cmake_clean_first': False, 'cmake_force_configure': False, 'cmake_target': None, 'cmake_target_skip_unavailable': False, 'install_base': '/home/mariobo/ernest_ws/src/ernest_simulations/install/ernest_mpc', 'merge_install': False, 'path': '/home/mariobo/ernest_ws/src/ernest_simulations/ernest_mpc', 'symlink_install': False, 'test_result_base': None}
[4.770s] INFO:colcon.colcon_core.executor:Executing jobs using 'parallel' executor
[4.824s] DEBUG:colcon.colcon_parallel_executor.executor.parallel:run_until_complete
[4.824s] INFO:colcon.colcon_ros.task.ament_cmake.build:Building ROS package in '/home/mariobo/ernest_ws/src/ernest_simulations/ernest_mpc' with build type 'ament_cmake'
[4.825s] INFO:colcon.colcon_cmake.task.cmake.build:Building CMake package in '/home/mariobo/ernest_ws/src/ernest_simulations/ernest_mpc'
[4.889s] INFO:colcon.colcon_core.plugin_system:Skipping extension 'colcon_core.shell.bat': Not used on non-Windows systems
[4.890s] INFO:colcon.colcon_core.shell:Skip shell extension 'powershell' for command environment: Not usable outside of PowerShell
[4.890s] DEBUG:colcon.colcon_core.shell:Skip shell extension 'dsv' for command environment
[5.047s] DEBUG:colcon.colcon_core.event_handler.log_command:Invoking command in '/home/mariobo/ernest_ws/src/ernest_simulations/build/ernest_mpc': CMAKE_PREFIX_PATH=/opt/ros/foxy /usr/local/bin/cmake --build /home/mariobo/ernest_ws/src/ernest_simulations/build/ernest_mpc -- -j8 -l8
[10.535s] DEBUG:colcon.colcon_core.event_handler.log_command:Invoked command in '/home/mariobo/ernest_ws/src/ernest_simulations/build/ernest_mpc' returned '0': CMAKE_PREFIX_PATH=/opt/ros/foxy /usr/local/bin/cmake --build /home/mariobo/ernest_ws/src/ernest_simulations/build/ernest_mpc -- -j8 -l8
[10.602s] DEBUG:colcon.colcon_core.event_handler.log_command:Invoking command in '/home/mariobo/ernest_ws/src/ernest_simulations/build/ernest_mpc': CMAKE_PREFIX_PATH=/opt/ros/foxy /usr/local/bin/cmake --install /home/mariobo/ernest_ws/src/ernest_simulations/build/ernest_mpc
[10.619s] Level 1:colcon.colcon_core.environment:create_environment_scripts_only(ernest_mpc)
[10.620s] DEBUG:colcon.colcon_core.event_handler.log_command:Invoked command in '/home/mariobo/ernest_ws/src/ernest_simulations/build/ernest_mpc' returned '0': CMAKE_PREFIX_PATH=/opt/ros/foxy /usr/local/bin/cmake --install /home/mariobo/ernest_ws/src/ernest_simulations/build/ernest_mpc
[10.729s] Level 1:colcon.colcon_core.environment:checking '/home/mariobo/ernest_ws/src/ernest_simulations/install/ernest_mpc' for CMake module files
[10.730s] Level 1:colcon.colcon_core.environment:checking '/home/mariobo/ernest_ws/src/ernest_simulations/install/ernest_mpc' for CMake config files
[10.731s] Level 1:colcon.colcon_core.shell:create_environment_hook('ernest_mpc', 'cmake_prefix_path')
[10.829s] INFO:colcon.colcon_core.shell:Creating environment hook '/home/mariobo/ernest_ws/src/ernest_simulations/install/ernest_mpc/share/ernest_mpc/hook/cmake_prefix_path.ps1'
[10.830s] INFO:colcon.colcon_core.shell:Creating environment descriptor '/home/mariobo/ernest_ws/src/ernest_simulations/install/ernest_mpc/share/ernest_mpc/hook/cmake_prefix_path.dsv'
[10.831s] INFO:colcon.colcon_core.shell:Creating environment hook '/home/mariobo/ernest_ws/src/ernest_simulations/install/ernest_mpc/share/ernest_mpc/hook/cmake_prefix_path.sh'
[10.834s] Level 1:colcon.colcon_core.environment:checking '/home/mariobo/ernest_ws/src/ernest_simulations/install/ernest_mpc/lib'
[10.834s] Level 1:colcon.colcon_core.environment:checking '/home/mariobo/ernest_ws/src/ernest_simulations/install/ernest_mpc/bin'
[10.835s] Level 1:colcon.colcon_core.environment:checking '/home/mariobo/ernest_ws/src/ernest_simulations/install/ernest_mpc/lib/pkgconfig/ernest_mpc.pc'
[10.835s] Level 1:colcon.colcon_core.environment:checking '/home/mariobo/ernest_ws/src/ernest_simulations/install/ernest_mpc/lib/python3.8/site-packages'
[10.835s] Level 1:colcon.colcon_core.environment:checking '/home/mariobo/ernest_ws/src/ernest_simulations/install/ernest_mpc/bin'
[10.928s] INFO:colcon.colcon_core.shell:Creating package script '/home/mariobo/ernest_ws/src/ernest_simulations/install/ernest_mpc/share/ernest_mpc/package.ps1'
[10.930s] INFO:colcon.colcon_core.shell:Creating package descriptor '/home/mariobo/ernest_ws/src/ernest_simulations/install/ernest_mpc/share/ernest_mpc/package.dsv'
[10.932s] INFO:colcon.colcon_core.shell:Creating package script '/home/mariobo/ernest_ws/src/ernest_simulations/install/ernest_mpc/share/ernest_mpc/package.sh'
[10.934s] INFO:colcon.colcon_core.shell:Creating package script '/home/mariobo/ernest_ws/src/ernest_simulations/install/ernest_mpc/share/ernest_mpc/package.bash'
[10.935s] INFO:colcon.colcon_core.shell:Creating package script '/home/mariobo/ernest_ws/src/ernest_simulations/install/ernest_mpc/share/ernest_mpc/package.zsh'
[10.937s] Level 1:colcon.colcon_core.environment:create_file_with_runtime_dependencies(/home/mariobo/ernest_ws/src/ernest_simulations/install/ernest_mpc/share/colcon-core/packages/ernest_mpc)
[11.075s] Level 1:colcon.colcon_core.environment:create_environment_scripts_only(ernest_mpc)
[11.169s] Level 1:colcon.colcon_core.environment:checking '/home/mariobo/ernest_ws/src/ernest_simulations/install/ernest_mpc' for CMake module files
[11.171s] Level 1:colcon.colcon_core.environment:checking '/home/mariobo/ernest_ws/src/ernest_simulations/install/ernest_mpc' for CMake config files
[11.172s] Level 1:colcon.colcon_core.shell:create_environment_hook('ernest_mpc', 'cmake_prefix_path')
[11.282s] INFO:colcon.colcon_core.shell:Creating environment hook '/home/mariobo/ernest_ws/src/ernest_simulations/install/ernest_mpc/share/ernest_mpc/hook/cmake_prefix_path.ps1'
[11.284s] INFO:colcon.colcon_core.shell:Creating environment descriptor '/home/mariobo/ernest_ws/src/ernest_simulations/install/ernest_mpc/share/ernest_mpc/hook/cmake_prefix_path.dsv'
[11.284s] INFO:colcon.colcon_core.shell:Creating environment hook '/home/mariobo/ernest_ws/src/ernest_simulations/install/ernest_mpc/share/ernest_mpc/hook/cmake_prefix_path.sh'
[11.286s] Level 1:colcon.colcon_core.environment:checking '/home/mariobo/ernest_ws/src/ernest_simulations/install/ernest_mpc/lib'
[11.287s] Level 1:colcon.colcon_core.environment:checking '/home/mariobo/ernest_ws/src/ernest_simulations/install/ernest_mpc/bin'
[11.287s] Level 1:colcon.colcon_core.environment:checking '/home/mariobo/ernest_ws/src/ernest_simulations/install/ernest_mpc/lib/pkgconfig/ernest_mpc.pc'
[11.287s] Level 1:colcon.colcon_core.environment:checking '/home/mariobo/ernest_ws/src/ernest_simulations/install/ernest_mpc/lib/python3.8/site-packages'
[11.288s] Level 1:colcon.colcon_core.environment:checking '/home/mariobo/ernest_ws/src/ernest_simulations/install/ernest_mpc/bin'
[11.367s] INFO:colcon.colcon_core.shell:Creating package script '/home/mariobo/ernest_ws/src/ernest_simulations/install/ernest_mpc/share/ernest_mpc/package.ps1'
[11.368s] INFO:colcon.colcon_core.shell:Creating package descriptor '/home/mariobo/ernest_ws/src/ernest_simulations/install/ernest_mpc/share/ernest_mpc/package.dsv'
[11.371s] INFO:colcon.colcon_core.shell:Creating package script '/home/mariobo/ernest_ws/src/ernest_simulations/install/ernest_mpc/share/ernest_mpc/package.sh'
[11.373s] INFO:colcon.colcon_core.shell:Creating package script '/home/mariobo/ernest_ws/src/ernest_simulations/install/ernest_mpc/share/ernest_mpc/package.bash'
[11.374s] INFO:colcon.colcon_core.shell:Creating package script '/home/mariobo/ernest_ws/src/ernest_simulations/install/ernest_mpc/share/ernest_mpc/package.zsh'
[11.375s] Level 1:colcon.colcon_core.environment:create_file_with_runtime_dependencies(/home/mariobo/ernest_ws/src/ernest_simulations/install/ernest_mpc/share/colcon-core/packages/ernest_mpc)
[11.377s] DEBUG:colcon.colcon_parallel_executor.executor.parallel:closing loop
[11.377s] DEBUG:colcon.colcon_parallel_executor.executor.parallel:loop closed
[11.378s] DEBUG:colcon.colcon_parallel_executor.executor.parallel:run_until_complete finished with '0'
[11.378s] DEBUG:colcon.colcon_core.event_reactor:joining thread
[11.464s] INFO:colcon.colcon_core.plugin_system:Skipping extension 'colcon_notification.desktop_notification.terminal_notifier': Not used on non-Darwin systems
[11.464s] INFO:colcon.colcon_core.plugin_system:Skipping extension 'colcon_notification.desktop_notification.win32': Not used on non-Windows systems
[11.465s] INFO:colcon.colcon_notification.desktop_notification:Sending desktop notification using 'notify2'
[11.497s] DEBUG:colcon.colcon_core.event_reactor:joined thread
[11.591s] INFO:colcon.colcon_core.shell:Creating prefix script '/home/mariobo/ernest_ws/src/ernest_simulations/install/local_setup.ps1'
[11.594s] INFO:colcon.colcon_core.shell:Creating prefix util module '/home/mariobo/ernest_ws/src/ernest_simulations/install/_local_setup_util_ps1.py'
[11.597s] INFO:colcon.colcon_core.shell:Creating prefix chain script '/home/mariobo/ernest_ws/src/ernest_simulations/install/setup.ps1'
[11.696s] INFO:colcon.colcon_core.shell:Creating prefix script '/home/mariobo/ernest_ws/src/ernest_simulations/install/local_setup.sh'
[11.698s] INFO:colcon.colcon_core.shell:Creating prefix util module '/home/mariobo/ernest_ws/src/ernest_simulations/install/_local_setup_util_sh.py'
[11.699s] INFO:colcon.colcon_core.shell:Creating prefix chain script '/home/mariobo/ernest_ws/src/ernest_simulations/install/setup.sh'
[11.771s] INFO:colcon.colcon_core.shell:Creating prefix script '/home/mariobo/ernest_ws/src/ernest_simulations/install/local_setup.bash'
[11.772s] INFO:colcon.colcon_core.shell:Creating prefix chain script '/home/mariobo/ernest_ws/src/ernest_simulations/install/setup.bash'
[11.840s] INFO:colcon.colcon_core.shell:Creating prefix script '/home/mariobo/ernest_ws/src/ernest_simulations/install/local_setup.zsh'
[11.842s] INFO:colcon.colcon_core.shell:Creating prefix chain script '/home/mariobo/ernest_ws/src/ernest_simulations/install/setup.zsh'
