[1.843s] Invoking command in '/home/mariobo/ernest_ws/src/ernest_simulations/build/controller': CMAKE_PREFIX_PATH=${CMAKE_PREFIX_PATH}:/home/mariobo/ernest_ws/src/ernest_simulations/install/mpc_controller:/home/mariobo/ernest_ws/install/mpc_controller:/opt/ros/foxy /usr/local/bin/cmake --build /home/mariobo/ernest_ws/src/ernest_simulations/build/controller -- -j8 -l8
[2.742s] [ 33%] Built target pid_controller
[2.743s] [ 66%] Built target trajectory_controller
[2.744s] [100%] Built target odom_subs
[2.772s] Invoked command in '/home/mariobo/ernest_ws/src/ernest_simulations/build/controller' returned '0': CMAKE_PREFIX_PATH=${CMAKE_PREFIX_PATH}:/home/mariobo/ernest_ws/src/ernest_simulations/install/mpc_controller:/home/mariobo/ernest_ws/install/mpc_controller:/opt/ros/foxy /usr/local/bin/cmake --build /home/mariobo/ernest_ws/src/ernest_simulations/build/controller -- -j8 -l8
[2.863s] Invoking command in '/home/mariobo/ernest_ws/src/ernest_simulations/build/controller': CMAKE_PREFIX_PATH=${CMAKE_PREFIX_PATH}:/home/mariobo/ernest_ws/src/ernest_simulations/install/mpc_controller:/home/mariobo/ernest_ws/install/mpc_controller:/opt/ros/foxy /usr/local/bin/cmake --install /home/mariobo/ernest_ws/src/ernest_simulations/build/controller
[2.931s] -- Install configuration: ""
[2.931s] -- Execute custom install script
[2.932s] -- Up-to-date symlink: /home/mariobo/ernest_ws/src/ernest_simulations/install/controller/lib/controller/pid_controller
[2.932s] -- Up-to-date symlink: /home/mariobo/ernest_ws/src/ernest_simulations/install/controller/lib/controller/odom_subs
[2.932s] -- Up-to-date symlink: /home/mariobo/ernest_ws/src/ernest_simulations/install/controller/lib/controller/trajectory_controller
[2.933s] -- Up-to-date symlink: /home/mariobo/ernest_ws/src/ernest_simulations/install/controller/share/controller/matlab/README.md
[2.933s] -- Up-to-date symlink: /home/mariobo/ernest_ws/src/ernest_simulations/install/controller/share/controller/matlab/prova.txt
[2.933s] -- Up-to-date symlink: /home/mariobo/ernest_ws/src/ernest_simulations/install/controller/share/controller/matlab/speed.txt
[2.934s] -- Up-to-date symlink: /home/mariobo/ernest_ws/src/ernest_simulations/install/controller/share/controller/matlab/steering_angles.txt
[2.934s] -- Up-to-date symlink: /home/mariobo/ernest_ws/src/ernest_simulations/install/controller/share/controller/matlab/traj_gen.m
[2.935s] -- Up-to-date symlink: /home/mariobo/ernest_ws/src/ernest_simulations/install/controller/share/ament_index/resource_index/package_run_dependencies/controller
[2.935s] -- Up-to-date symlink: /home/mariobo/ernest_ws/src/ernest_simulations/install/controller/share/ament_index/resource_index/parent_prefix_path/controller
[2.936s] -- Up-to-date symlink: /home/mariobo/ernest_ws/src/ernest_simulations/install/controller/share/controller/environment/ament_prefix_path.sh
[2.936s] -- Up-to-date symlink: /home/mariobo/ernest_ws/src/ernest_simulations/install/controller/share/controller/environment/ament_prefix_path.dsv
[2.937s] -- Up-to-date symlink: /home/mariobo/ernest_ws/src/ernest_simulations/install/controller/share/controller/environment/path.sh
[2.937s] -- Up-to-date symlink: /home/mariobo/ernest_ws/src/ernest_simulations/install/controller/share/controller/environment/path.dsv
[2.937s] -- Up-to-date symlink: /home/mariobo/ernest_ws/src/ernest_simulations/install/controller/share/controller/local_setup.bash
[2.938s] -- Up-to-date symlink: /home/mariobo/ernest_ws/src/ernest_simulations/install/controller/share/controller/local_setup.sh
[2.938s] -- Up-to-date symlink: /home/mariobo/ernest_ws/src/ernest_simulations/install/controller/share/controller/local_setup.zsh
[2.938s] -- Up-to-date symlink: /home/mariobo/ernest_ws/src/ernest_simulations/install/controller/share/controller/local_setup.dsv
[2.939s] -- Symlinking: /home/mariobo/ernest_ws/src/ernest_simulations/install/controller/share/controller/package.dsv
[2.943s] -- Up-to-date symlink: /home/mariobo/ernest_ws/src/ernest_simulations/install/controller/share/ament_index/resource_index/packages/controller
[2.943s] -- Up-to-date symlink: /home/mariobo/ernest_ws/src/ernest_simulations/install/controller/share/controller/cmake/controllerConfig.cmake
[2.943s] -- Up-to-date symlink: /home/mariobo/ernest_ws/src/ernest_simulations/install/controller/share/controller/cmake/controllerConfig-version.cmake
[2.944s] -- Up-to-date symlink: /home/mariobo/ernest_ws/src/ernest_simulations/install/controller/share/controller/package.xml
[3.548s] Invoked command in '/home/mariobo/ernest_ws/src/ernest_simulations/build/controller' returned '0': CMAKE_PREFIX_PATH=${CMAKE_PREFIX_PATH}:/home/mariobo/ernest_ws/src/ernest_simulations/install/mpc_controller:/home/mariobo/ernest_ws/install/mpc_controller:/opt/ros/foxy /usr/local/bin/cmake --install /home/mariobo/ernest_ws/src/ernest_simulations/build/controller
