[4.218s] DEBUG:colcon:Command line arguments: ['/usr/bin/colcon', 'build', '--packages-select', 'ernest_mpc']
[4.218s] DEBUG:colcon:Parsed command line arguments: Namespace(allow_overriding=[], ament_cmake_args=None, base_paths=['.'], build_base='build', catkin_cmake_args=None, catkin_skip_building_tests=False, cmake_args=None, cmake_clean_cache=False, cmake_clean_first=False, cmake_force_configure=False, cmake_target=None, cmake_target_skip_unavailable=False, continue_on_error=False, event_handlers=None, executor='parallel', ignore_user_meta=False, install_base='install', log_base=None, log_level=None, main=<bound method BuildVerb.main of <colcon_core.verb.build.BuildVerb object at 0x7f7478945970>>, merge_install=False, metas=['./colcon.meta'], packages_above=None, packages_above_and_dependencies=None, packages_above_depth=None, packages_end=None, packages_ignore=None, packages_ignore_regex=None, packages_select=['ernest_mpc'], packages_select_build_failed=False, packages_select_by_dep=None, packages_select_regex=None, packages_select_test_failures=False, packages_skip=None, packages_skip_build_finished=False, packages_skip_by_dep=None, packages_skip_regex=None, packages_skip_test_passed=False, packages_skip_up_to=None, packages_start=None, packages_up_to=None, packages_up_to_regex=None, parallel_workers=8, paths=None, symlink_install=False, test_result_base=None, verb_extension=<colcon_core.verb.build.BuildVerb object at 0x7f7478945970>, verb_name='build', verb_parser=<colcon_defaults.argument_parser.defaults.DefaultArgumentsDecorator object at 0x7f74789452b0>)
[4.462s] Level 1:colcon.colcon_core.package_discovery:discover_packages(colcon_meta) check parameters
[4.463s] Level 1:colcon.colcon_core.package_discovery:discover_packages(recursive) check parameters
[4.463s] Level 1:colcon.colcon_core.package_discovery:discover_packages(ignore) check parameters
[4.463s] Level 1:colcon.colcon_core.package_discovery:discover_packages(path) check parameters
[4.463s] Level 1:colcon.colcon_core.package_discovery:discover_packages(colcon_meta) discover
[4.463s] Level 1:colcon.colcon_core.package_discovery:discover_packages(recursive) discover
[4.463s] INFO:colcon.colcon_core.package_discovery:Crawling recursively for packages in '/home/mariobo/ernest_ws/src/ernest_simulations'
[4.463s] Level 1:colcon.colcon_core.package_identification:_identify(.) by extensions ['ignore', 'ignore_ament_install']
[4.464s] Level 1:colcon.colcon_core.package_identification:_identify(.) by extension 'ignore'
[4.464s] Level 1:colcon.colcon_core.package_identification:_identify(.) by extension 'ignore_ament_install'
[4.464s] Level 1:colcon.colcon_core.package_identification:_identify(.) by extensions ['colcon_pkg']
[4.465s] Level 1:colcon.colcon_core.package_identification:_identify(.) by extension 'colcon_pkg'
[4.465s] Level 1:colcon.colcon_core.package_identification:_identify(.) by extensions ['colcon_meta']
[4.465s] Level 1:colcon.colcon_core.package_identification:_identify(.) by extension 'colcon_meta'
[4.465s] Level 1:colcon.colcon_core.package_identification:_identify(.) by extensions ['ros']
[4.465s] Level 1:colcon.colcon_core.package_identification:_identify(.) by extension 'ros'
[4.489s] Level 1:colcon.colcon_core.package_identification:_identify(.) by extensions ['cmake', 'python']
[4.489s] Level 1:colcon.colcon_core.package_identification:_identify(.) by extension 'cmake'
[4.489s] Level 1:colcon.colcon_core.package_identification:_identify(.) by extension 'python'
[4.490s] Level 1:colcon.colcon_core.package_identification:_identify(.) by extensions ['python_setup_py']
[4.490s] Level 1:colcon.colcon_core.package_identification:_identify(.) by extension 'python_setup_py'
[4.490s] Level 1:colcon.colcon_core.package_identification:_identify(build) by extensions ['ignore', 'ignore_ament_install']
[4.490s] Level 1:colcon.colcon_core.package_identification:_identify(build) by extension 'ignore'
[4.490s] Level 1:colcon.colcon_core.package_identification:_identify(build) ignored
[4.491s] Level 1:colcon.colcon_core.package_identification:_identify(ernest_controller) by extensions ['ignore', 'ignore_ament_install']
[4.491s] Level 1:colcon.colcon_core.package_identification:_identify(ernest_controller) by extension 'ignore'
[4.491s] Level 1:colcon.colcon_core.package_identification:_identify(ernest_controller) by extension 'ignore_ament_install'
[4.491s] Level 1:colcon.colcon_core.package_identification:_identify(ernest_controller) by extensions ['colcon_pkg']
[4.491s] Level 1:colcon.colcon_core.package_identification:_identify(ernest_controller) by extension 'colcon_pkg'
[4.491s] Level 1:colcon.colcon_core.package_identification:_identify(ernest_controller) by extensions ['colcon_meta']
[4.491s] Level 1:colcon.colcon_core.package_identification:_identify(ernest_controller) by extension 'colcon_meta'
[4.492s] Level 1:colcon.colcon_core.package_identification:_identify(ernest_controller) by extensions ['ros']
[4.492s] Level 1:colcon.colcon_core.package_identification:_identify(ernest_controller) by extension 'ros'
[4.499s] DEBUG:colcon.colcon_core.package_identification:Package 'ernest_controller' with type 'ros.ament_cmake' and name 'ernest_controller'
[4.499s] Level 1:colcon.colcon_core.package_identification:_identify(ernest_description) by extensions ['ignore', 'ignore_ament_install']
[4.500s] Level 1:colcon.colcon_core.package_identification:_identify(ernest_description) by extension 'ignore'
[4.500s] Level 1:colcon.colcon_core.package_identification:_identify(ernest_description) by extension 'ignore_ament_install'
[4.500s] Level 1:colcon.colcon_core.package_identification:_identify(ernest_description) by extensions ['colcon_pkg']
[4.500s] Level 1:colcon.colcon_core.package_identification:_identify(ernest_description) by extension 'colcon_pkg'
[4.500s] Level 1:colcon.colcon_core.package_identification:_identify(ernest_description) by extensions ['colcon_meta']
[4.501s] Level 1:colcon.colcon_core.package_identification:_identify(ernest_description) by extension 'colcon_meta'
[4.501s] Level 1:colcon.colcon_core.package_identification:_identify(ernest_description) by extensions ['ros']
[4.501s] Level 1:colcon.colcon_core.package_identification:_identify(ernest_description) by extension 'ros'
[4.503s] DEBUG:colcon.colcon_core.package_identification:Package 'ernest_description' with type 'ros.ament_cmake' and name 'ernest_description'
[4.503s] Level 1:colcon.colcon_core.package_identification:_identify(ernest_mpc) by extensions ['ignore', 'ignore_ament_install']
[4.503s] Level 1:colcon.colcon_core.package_identification:_identify(ernest_mpc) by extension 'ignore'
[4.503s] Level 1:colcon.colcon_core.package_identification:_identify(ernest_mpc) by extension 'ignore_ament_install'
[4.504s] Level 1:colcon.colcon_core.package_identification:_identify(ernest_mpc) by extensions ['colcon_pkg']
[4.504s] Level 1:colcon.colcon_core.package_identification:_identify(ernest_mpc) by extension 'colcon_pkg'
[4.504s] Level 1:colcon.colcon_core.package_identification:_identify(ernest_mpc) by extensions ['colcon_meta']
[4.504s] Level 1:colcon.colcon_core.package_identification:_identify(ernest_mpc) by extension 'colcon_meta'
[4.504s] Level 1:colcon.colcon_core.package_identification:_identify(ernest_mpc) by extensions ['ros']
[4.504s] Level 1:colcon.colcon_core.package_identification:_identify(ernest_mpc) by extension 'ros'
[4.505s] DEBUG:colcon.colcon_core.package_identification:Package 'ernest_mpc' with type 'ros.ament_cmake' and name 'ernest_mpc'
[4.506s] Level 1:colcon.colcon_core.package_identification:_identify(install) by extensions ['ignore', 'ignore_ament_install']
[4.506s] Level 1:colcon.colcon_core.package_identification:_identify(install) by extension 'ignore'
[4.506s] Level 1:colcon.colcon_core.package_identification:_identify(install) ignored
[4.506s] Level 1:colcon.colcon_core.package_identification:_identify(log) by extensions ['ignore', 'ignore_ament_install']
[4.507s] Level 1:colcon.colcon_core.package_identification:_identify(log) by extension 'ignore'
[4.507s] Level 1:colcon.colcon_core.package_identification:_identify(log) ignored
[4.507s] Level 1:colcon.colcon_core.package_discovery:discover_packages(recursive) using defaults
[4.507s] Level 1:colcon.colcon_core.package_discovery:discover_packages(ignore) discover
[4.507s] Level 1:colcon.colcon_core.package_discovery:discover_packages(ignore) using defaults
[4.507s] Level 1:colcon.colcon_core.package_discovery:discover_packages(path) discover
[4.507s] Level 1:colcon.colcon_core.package_discovery:discover_packages(path) using defaults
[4.784s] INFO:colcon.colcon_core.package_selection:Skipping not selected package 'ernest_controller' in 'ernest_controller'
[4.784s] INFO:colcon.colcon_core.package_selection:Skipping not selected package 'ernest_description' in 'ernest_description'
[4.991s] Level 1:colcon.colcon_core.package_discovery:discover_packages(prefix_path) check parameters
[4.991s] Level 1:colcon.colcon_core.package_discovery:discover_packages(prefix_path) discover
[5.165s] DEBUG:colcon.colcon_installed_package_information.package_discovery:Found 1 installed packages in /home/mariobo/ernest_ws/src/ernest_simulations/install
[5.246s] DEBUG:colcon.colcon_installed_package_information.package_discovery:Found 286 installed packages in /opt/ros/foxy
[5.249s] Level 1:colcon.colcon_core.package_discovery:discover_packages(prefix_path) using defaults
[5.579s] Level 5:colcon.colcon_core.verb:set package 'ernest_mpc' build argument 'cmake_args' from command line to 'None'
[5.579s] Level 5:colcon.colcon_core.verb:set package 'ernest_mpc' build argument 'cmake_target' from command line to 'None'
[5.579s] Level 5:colcon.colcon_core.verb:set package 'ernest_mpc' build argument 'cmake_target_skip_unavailable' from command line to 'False'
[5.579s] Level 5:colcon.colcon_core.verb:set package 'ernest_mpc' build argument 'cmake_clean_cache' from command line to 'False'
[5.579s] Level 5:colcon.colcon_core.verb:set package 'ernest_mpc' build argument 'cmake_clean_first' from command line to 'False'
[5.579s] Level 5:colcon.colcon_core.verb:set package 'ernest_mpc' build argument 'cmake_force_configure' from command line to 'False'
[5.579s] Level 5:colcon.colcon_core.verb:set package 'ernest_mpc' build argument 'ament_cmake_args' from command line to 'None'
[5.579s] Level 5:colcon.colcon_core.verb:set package 'ernest_mpc' build argument 'catkin_cmake_args' from command line to 'None'
[5.579s] Level 5:colcon.colcon_core.verb:set package 'ernest_mpc' build argument 'catkin_skip_building_tests' from command line to 'False'
[5.580s] DEBUG:colcon.colcon_core.verb:Building package 'ernest_mpc' with the following arguments: {'ament_cmake_args': None, 'build_base': '/home/mariobo/ernest_ws/src/ernest_simulations/build/ernest_mpc', 'catkin_cmake_args': None, 'catkin_skip_building_tests': False, 'cmake_args': None, 'cmake_clean_cache': False, 'cmake_clean_first': False, 'cmake_force_configure': False, 'cmake_target': None, 'cmake_target_skip_unavailable': False, 'install_base': '/home/mariobo/ernest_ws/src/ernest_simulations/install/ernest_mpc', 'merge_install': False, 'path': '/home/mariobo/ernest_ws/src/ernest_simulations/ernest_mpc', 'symlink_install': False, 'test_result_base': None}
[5.669s] INFO:colcon.colcon_core.executor:Executing jobs using 'parallel' executor
[5.778s] DEBUG:colcon.colcon_parallel_executor.executor.parallel:run_until_complete
[5.779s] INFO:colcon.colcon_ros.task.ament_cmake.build:Building ROS package in '/home/mariobo/ernest_ws/src/ernest_simulations/ernest_mpc' with build type 'ament_cmake'
[5.779s] INFO:colcon.colcon_cmake.task.cmake.build:Building CMake package in '/home/mariobo/ernest_ws/src/ernest_simulations/ernest_mpc'
[5.883s] INFO:colcon.colcon_core.plugin_system:Skipping extension 'colcon_core.shell.bat': Not used on non-Windows systems
[5.883s] INFO:colcon.colcon_core.shell:Skip shell extension 'powershell' for command environment: Not usable outside of PowerShell
[5.883s] DEBUG:colcon.colcon_core.shell:Skip shell extension 'dsv' for command environment
[6.196s] DEBUG:colcon.colcon_core.event_handler.log_command:Invoking command in '/home/mariobo/ernest_ws/src/ernest_simulations/build/ernest_mpc': CMAKE_PREFIX_PATH=${CMAKE_PREFIX_PATH}:/opt/ros/foxy /usr/local/bin/cmake --build /home/mariobo/ernest_ws/src/ernest_simulations/build/ernest_mpc -- -j8 -l8
[19.066s] DEBUG:colcon.colcon_core.event_handler.log_command:Invoked command in '/home/mariobo/ernest_ws/src/ernest_simulations/build/ernest_mpc' returned '0': CMAKE_PREFIX_PATH=${CMAKE_PREFIX_PATH}:/opt/ros/foxy /usr/local/bin/cmake --build /home/mariobo/ernest_ws/src/ernest_simulations/build/ernest_mpc -- -j8 -l8
[19.157s] DEBUG:colcon.colcon_core.event_handler.log_command:Invoking command in '/home/mariobo/ernest_ws/src/ernest_simulations/build/ernest_mpc': CMAKE_PREFIX_PATH=${CMAKE_PREFIX_PATH}:/opt/ros/foxy /usr/local/bin/cmake --install /home/mariobo/ernest_ws/src/ernest_simulations/build/ernest_mpc
[19.184s] Level 1:colcon.colcon_core.environment:create_environment_scripts_only(ernest_mpc)
[19.188s] DEBUG:colcon.colcon_core.event_handler.log_command:Invoked command in '/home/mariobo/ernest_ws/src/ernest_simulations/build/ernest_mpc' returned '0': CMAKE_PREFIX_PATH=${CMAKE_PREFIX_PATH}:/opt/ros/foxy /usr/local/bin/cmake --install /home/mariobo/ernest_ws/src/ernest_simulations/build/ernest_mpc
[19.320s] Level 1:colcon.colcon_core.environment:checking '/home/mariobo/ernest_ws/src/ernest_simulations/install/ernest_mpc' for CMake module files
[19.322s] Level 1:colcon.colcon_core.environment:checking '/home/mariobo/ernest_ws/src/ernest_simulations/install/ernest_mpc' for CMake config files
[19.323s] Level 1:colcon.colcon_core.shell:create_environment_hook('ernest_mpc', 'cmake_prefix_path')
[19.457s] INFO:colcon.colcon_core.shell:Creating environment hook '/home/mariobo/ernest_ws/src/ernest_simulations/install/ernest_mpc/share/ernest_mpc/hook/cmake_prefix_path.ps1'
[19.459s] INFO:colcon.colcon_core.shell:Creating environment descriptor '/home/mariobo/ernest_ws/src/ernest_simulations/install/ernest_mpc/share/ernest_mpc/hook/cmake_prefix_path.dsv'
[19.460s] INFO:colcon.colcon_core.shell:Creating environment hook '/home/mariobo/ernest_ws/src/ernest_simulations/install/ernest_mpc/share/ernest_mpc/hook/cmake_prefix_path.sh'
[19.462s] Level 1:colcon.colcon_core.environment:checking '/home/mariobo/ernest_ws/src/ernest_simulations/install/ernest_mpc/lib'
[19.463s] Level 1:colcon.colcon_core.environment:checking '/home/mariobo/ernest_ws/src/ernest_simulations/install/ernest_mpc/bin'
[19.463s] Level 1:colcon.colcon_core.environment:checking '/home/mariobo/ernest_ws/src/ernest_simulations/install/ernest_mpc/lib/pkgconfig/ernest_mpc.pc'
[19.464s] Level 1:colcon.colcon_core.environment:checking '/home/mariobo/ernest_ws/src/ernest_simulations/install/ernest_mpc/lib/python3.8/site-packages'
[19.464s] Level 1:colcon.colcon_core.environment:checking '/home/mariobo/ernest_ws/src/ernest_simulations/install/ernest_mpc/bin'
[19.585s] INFO:colcon.colcon_core.shell:Creating package script '/home/mariobo/ernest_ws/src/ernest_simulations/install/ernest_mpc/share/ernest_mpc/package.ps1'
[19.587s] INFO:colcon.colcon_core.shell:Creating package descriptor '/home/mariobo/ernest_ws/src/ernest_simulations/install/ernest_mpc/share/ernest_mpc/package.dsv'
[19.589s] INFO:colcon.colcon_core.shell:Creating package script '/home/mariobo/ernest_ws/src/ernest_simulations/install/ernest_mpc/share/ernest_mpc/package.sh'
[19.591s] INFO:colcon.colcon_core.shell:Creating package script '/home/mariobo/ernest_ws/src/ernest_simulations/install/ernest_mpc/share/ernest_mpc/package.bash'
[19.593s] INFO:colcon.colcon_core.shell:Creating package script '/home/mariobo/ernest_ws/src/ernest_simulations/install/ernest_mpc/share/ernest_mpc/package.zsh'
[19.595s] Level 1:colcon.colcon_core.environment:create_file_with_runtime_dependencies(/home/mariobo/ernest_ws/src/ernest_simulations/install/ernest_mpc/share/colcon-core/packages/ernest_mpc)
[19.741s] Level 1:colcon.colcon_core.environment:create_environment_scripts_only(ernest_mpc)
[19.851s] Level 1:colcon.colcon_core.environment:checking '/home/mariobo/ernest_ws/src/ernest_simulations/install/ernest_mpc' for CMake module files
[19.853s] Level 1:colcon.colcon_core.environment:checking '/home/mariobo/ernest_ws/src/ernest_simulations/install/ernest_mpc' for CMake config files
[19.854s] Level 1:colcon.colcon_core.shell:create_environment_hook('ernest_mpc', 'cmake_prefix_path')
[19.963s] INFO:colcon.colcon_core.shell:Creating environment hook '/home/mariobo/ernest_ws/src/ernest_simulations/install/ernest_mpc/share/ernest_mpc/hook/cmake_prefix_path.ps1'
[19.965s] INFO:colcon.colcon_core.shell:Creating environment descriptor '/home/mariobo/ernest_ws/src/ernest_simulations/install/ernest_mpc/share/ernest_mpc/hook/cmake_prefix_path.dsv'
[19.966s] INFO:colcon.colcon_core.shell:Creating environment hook '/home/mariobo/ernest_ws/src/ernest_simulations/install/ernest_mpc/share/ernest_mpc/hook/cmake_prefix_path.sh'
[19.968s] Level 1:colcon.colcon_core.environment:checking '/home/mariobo/ernest_ws/src/ernest_simulations/install/ernest_mpc/lib'
[19.968s] Level 1:colcon.colcon_core.environment:checking '/home/mariobo/ernest_ws/src/ernest_simulations/install/ernest_mpc/bin'
[19.968s] Level 1:colcon.colcon_core.environment:checking '/home/mariobo/ernest_ws/src/ernest_simulations/install/ernest_mpc/lib/pkgconfig/ernest_mpc.pc'
[19.969s] Level 1:colcon.colcon_core.environment:checking '/home/mariobo/ernest_ws/src/ernest_simulations/install/ernest_mpc/lib/python3.8/site-packages'
[19.969s] Level 1:colcon.colcon_core.environment:checking '/home/mariobo/ernest_ws/src/ernest_simulations/install/ernest_mpc/bin'
[20.058s] INFO:colcon.colcon_core.shell:Creating package script '/home/mariobo/ernest_ws/src/ernest_simulations/install/ernest_mpc/share/ernest_mpc/package.ps1'
[20.059s] INFO:colcon.colcon_core.shell:Creating package descriptor '/home/mariobo/ernest_ws/src/ernest_simulations/install/ernest_mpc/share/ernest_mpc/package.dsv'
[20.061s] INFO:colcon.colcon_core.shell:Creating package script '/home/mariobo/ernest_ws/src/ernest_simulations/install/ernest_mpc/share/ernest_mpc/package.sh'
[20.062s] INFO:colcon.colcon_core.shell:Creating package script '/home/mariobo/ernest_ws/src/ernest_simulations/install/ernest_mpc/share/ernest_mpc/package.bash'
[20.064s] INFO:colcon.colcon_core.shell:Creating package script '/home/mariobo/ernest_ws/src/ernest_simulations/install/ernest_mpc/share/ernest_mpc/package.zsh'
[20.066s] Level 1:colcon.colcon_core.environment:create_file_with_runtime_dependencies(/home/mariobo/ernest_ws/src/ernest_simulations/install/ernest_mpc/share/colcon-core/packages/ernest_mpc)
[20.067s] DEBUG:colcon.colcon_parallel_executor.executor.parallel:closing loop
[20.067s] DEBUG:colcon.colcon_parallel_executor.executor.parallel:loop closed
[20.068s] DEBUG:colcon.colcon_parallel_executor.executor.parallel:run_until_complete finished with '0'
[20.069s] DEBUG:colcon.colcon_core.event_reactor:joining thread
[20.191s] INFO:colcon.colcon_core.plugin_system:Skipping extension 'colcon_notification.desktop_notification.terminal_notifier': Not used on non-Darwin systems
[20.191s] INFO:colcon.colcon_core.plugin_system:Skipping extension 'colcon_notification.desktop_notification.win32': Not used on non-Windows systems
[20.191s] INFO:colcon.colcon_notification.desktop_notification:Sending desktop notification using 'notify2'
[20.249s] DEBUG:colcon.colcon_core.event_reactor:joined thread
[20.351s] INFO:colcon.colcon_core.shell:Creating prefix script '/home/mariobo/ernest_ws/src/ernest_simulations/install/local_setup.ps1'
[20.353s] INFO:colcon.colcon_core.shell:Creating prefix util module '/home/mariobo/ernest_ws/src/ernest_simulations/install/_local_setup_util_ps1.py'
[20.355s] INFO:colcon.colcon_core.shell:Creating prefix chain script '/home/mariobo/ernest_ws/src/ernest_simulations/install/setup.ps1'
[20.436s] INFO:colcon.colcon_core.shell:Creating prefix script '/home/mariobo/ernest_ws/src/ernest_simulations/install/local_setup.sh'
[20.438s] INFO:colcon.colcon_core.shell:Creating prefix util module '/home/mariobo/ernest_ws/src/ernest_simulations/install/_local_setup_util_sh.py'
[20.439s] INFO:colcon.colcon_core.shell:Creating prefix chain script '/home/mariobo/ernest_ws/src/ernest_simulations/install/setup.sh'
[20.525s] INFO:colcon.colcon_core.shell:Creating prefix script '/home/mariobo/ernest_ws/src/ernest_simulations/install/local_setup.bash'
[20.527s] INFO:colcon.colcon_core.shell:Creating prefix chain script '/home/mariobo/ernest_ws/src/ernest_simulations/install/setup.bash'
[20.608s] INFO:colcon.colcon_core.shell:Creating prefix script '/home/mariobo/ernest_ws/src/ernest_simulations/install/local_setup.zsh'
[20.610s] INFO:colcon.colcon_core.shell:Creating prefix chain script '/home/mariobo/ernest_ws/src/ernest_simulations/install/setup.zsh'
