[4.528s] DEBUG:colcon:Command line arguments: ['/usr/bin/colcon', 'build', '--symlink-install']
[4.528s] DEBUG:colcon:Parsed command line arguments: Namespace(allow_overriding=[], ament_cmake_args=None, base_paths=['.'], build_base='build', catkin_cmake_args=None, catkin_skip_building_tests=False, cmake_args=None, cmake_clean_cache=False, cmake_clean_first=False, cmake_force_configure=False, cmake_target=None, cmake_target_skip_unavailable=False, continue_on_error=False, event_handlers=None, executor='parallel', ignore_user_meta=False, install_base='install', log_base=None, log_level=None, main=<bound method BuildVerb.main of <colcon_core.verb.build.BuildVerb object at 0x7f12c21291c0>>, merge_install=False, metas=['./colcon.meta'], packages_above=None, packages_above_and_dependencies=None, packages_above_depth=None, packages_end=None, packages_ignore=None, packages_ignore_regex=None, packages_select=None, packages_select_build_failed=False, packages_select_by_dep=None, packages_select_regex=None, packages_select_test_failures=False, packages_skip=None, packages_skip_build_finished=False, packages_skip_by_dep=None, packages_skip_regex=None, packages_skip_test_passed=False, packages_skip_up_to=None, packages_start=None, packages_up_to=None, packages_up_to_regex=None, parallel_workers=8, paths=None, symlink_install=True, test_result_base=None, verb_extension=<colcon_core.verb.build.BuildVerb object at 0x7f12c21291c0>, verb_name='build', verb_parser=<colcon_defaults.argument_parser.defaults.DefaultArgumentsDecorator object at 0x7f12c2129850>)
[4.741s] Level 1:colcon.colcon_core.package_discovery:discover_packages(colcon_meta) check parameters
[4.741s] Level 1:colcon.colcon_core.package_discovery:discover_packages(recursive) check parameters
[4.741s] Level 1:colcon.colcon_core.package_discovery:discover_packages(ignore) check parameters
[4.741s] Level 1:colcon.colcon_core.package_discovery:discover_packages(path) check parameters
[4.741s] Level 1:colcon.colcon_core.package_discovery:discover_packages(colcon_meta) discover
[4.742s] Level 1:colcon.colcon_core.package_discovery:discover_packages(recursive) discover
[4.742s] INFO:colcon.colcon_core.package_discovery:Crawling recursively for packages in '/home/mariobo/ernest_ws/src/ernest_simulations'
[4.742s] Level 1:colcon.colcon_core.package_identification:_identify(.) by extensions ['ignore', 'ignore_ament_install']
[4.742s] Level 1:colcon.colcon_core.package_identification:_identify(.) by extension 'ignore'
[4.742s] Level 1:colcon.colcon_core.package_identification:_identify(.) by extension 'ignore_ament_install'
[4.742s] Level 1:colcon.colcon_core.package_identification:_identify(.) by extensions ['colcon_pkg']
[4.743s] Level 1:colcon.colcon_core.package_identification:_identify(.) by extension 'colcon_pkg'
[4.743s] Level 1:colcon.colcon_core.package_identification:_identify(.) by extensions ['colcon_meta']
[4.743s] Level 1:colcon.colcon_core.package_identification:_identify(.) by extension 'colcon_meta'
[4.743s] Level 1:colcon.colcon_core.package_identification:_identify(.) by extensions ['ros']
[4.743s] Level 1:colcon.colcon_core.package_identification:_identify(.) by extension 'ros'
[4.769s] Level 1:colcon.colcon_core.package_identification:_identify(.) by extensions ['cmake', 'python']
[4.770s] Level 1:colcon.colcon_core.package_identification:_identify(.) by extension 'cmake'
[4.770s] Level 1:colcon.colcon_core.package_identification:_identify(.) by extension 'python'
[4.770s] Level 1:colcon.colcon_core.package_identification:_identify(.) by extensions ['python_setup_py']
[4.770s] Level 1:colcon.colcon_core.package_identification:_identify(.) by extension 'python_setup_py'
[4.771s] Level 1:colcon.colcon_core.package_identification:_identify(bringup) by extensions ['ignore', 'ignore_ament_install']
[4.771s] Level 1:colcon.colcon_core.package_identification:_identify(bringup) by extension 'ignore'
[4.771s] Level 1:colcon.colcon_core.package_identification:_identify(bringup) by extension 'ignore_ament_install'
[4.771s] Level 1:colcon.colcon_core.package_identification:_identify(bringup) by extensions ['colcon_pkg']
[4.771s] Level 1:colcon.colcon_core.package_identification:_identify(bringup) by extension 'colcon_pkg'
[4.772s] Level 1:colcon.colcon_core.package_identification:_identify(bringup) by extensions ['colcon_meta']
[4.772s] Level 1:colcon.colcon_core.package_identification:_identify(bringup) by extension 'colcon_meta'
[4.772s] Level 1:colcon.colcon_core.package_identification:_identify(bringup) by extensions ['ros']
[4.772s] Level 1:colcon.colcon_core.package_identification:_identify(bringup) by extension 'ros'
[4.776s] DEBUG:colcon.colcon_core.package_identification:Package 'bringup' with type 'ros.ament_cmake' and name 'bringup'
[4.777s] Level 1:colcon.colcon_core.package_identification:_identify(build) by extensions ['ignore', 'ignore_ament_install']
[4.777s] Level 1:colcon.colcon_core.package_identification:_identify(build) by extension 'ignore'
[4.777s] Level 1:colcon.colcon_core.package_identification:_identify(build) ignored
[4.777s] Level 1:colcon.colcon_core.package_identification:_identify(controller) by extensions ['ignore', 'ignore_ament_install']
[4.778s] Level 1:colcon.colcon_core.package_identification:_identify(controller) by extension 'ignore'
[4.778s] Level 1:colcon.colcon_core.package_identification:_identify(controller) by extension 'ignore_ament_install'
[4.778s] Level 1:colcon.colcon_core.package_identification:_identify(controller) by extensions ['colcon_pkg']
[4.778s] Level 1:colcon.colcon_core.package_identification:_identify(controller) by extension 'colcon_pkg'
[4.778s] Level 1:colcon.colcon_core.package_identification:_identify(controller) by extensions ['colcon_meta']
[4.778s] Level 1:colcon.colcon_core.package_identification:_identify(controller) by extension 'colcon_meta'
[4.778s] Level 1:colcon.colcon_core.package_identification:_identify(controller) by extensions ['ros']
[4.778s] Level 1:colcon.colcon_core.package_identification:_identify(controller) by extension 'ros'
[4.779s] DEBUG:colcon.colcon_core.package_identification:Package 'controller' with type 'ros.ament_cmake' and name 'controller'
[4.779s] Level 1:colcon.colcon_core.package_identification:_identify(description) by extensions ['ignore', 'ignore_ament_install']
[4.780s] Level 1:colcon.colcon_core.package_identification:_identify(description) by extension 'ignore'
[4.780s] Level 1:colcon.colcon_core.package_identification:_identify(description) by extension 'ignore_ament_install'
[4.780s] Level 1:colcon.colcon_core.package_identification:_identify(description) by extensions ['colcon_pkg']
[4.780s] Level 1:colcon.colcon_core.package_identification:_identify(description) by extension 'colcon_pkg'
[4.780s] Level 1:colcon.colcon_core.package_identification:_identify(description) by extensions ['colcon_meta']
[4.780s] Level 1:colcon.colcon_core.package_identification:_identify(description) by extension 'colcon_meta'
[4.780s] Level 1:colcon.colcon_core.package_identification:_identify(description) by extensions ['ros']
[4.780s] Level 1:colcon.colcon_core.package_identification:_identify(description) by extension 'ros'
[4.781s] DEBUG:colcon.colcon_core.package_identification:Package 'description' with type 'ros.ament_cmake' and name 'description'
[4.782s] Level 1:colcon.colcon_core.package_identification:_identify(gazebo_ros2_control) by extensions ['ignore', 'ignore_ament_install']
[4.782s] Level 1:colcon.colcon_core.package_identification:_identify(gazebo_ros2_control) by extension 'ignore'
[4.782s] Level 1:colcon.colcon_core.package_identification:_identify(gazebo_ros2_control) by extension 'ignore_ament_install'
[4.782s] Level 1:colcon.colcon_core.package_identification:_identify(gazebo_ros2_control) by extensions ['colcon_pkg']
[4.783s] Level 1:colcon.colcon_core.package_identification:_identify(gazebo_ros2_control) by extension 'colcon_pkg'
[4.783s] Level 1:colcon.colcon_core.package_identification:_identify(gazebo_ros2_control) by extensions ['colcon_meta']
[4.783s] Level 1:colcon.colcon_core.package_identification:_identify(gazebo_ros2_control) by extension 'colcon_meta'
[4.783s] Level 1:colcon.colcon_core.package_identification:_identify(gazebo_ros2_control) by extensions ['ros']
[4.783s] Level 1:colcon.colcon_core.package_identification:_identify(gazebo_ros2_control) by extension 'ros'
[4.786s] DEBUG:colcon.colcon_core.package_identification:Package 'gazebo_ros2_control' with type 'ros.ament_cmake' and name 'gazebo_ros2_control'
[4.787s] Level 1:colcon.colcon_core.package_identification:_identify(install) by extensions ['ignore', 'ignore_ament_install']
[4.787s] Level 1:colcon.colcon_core.package_identification:_identify(install) by extension 'ignore'
[4.787s] Level 1:colcon.colcon_core.package_identification:_identify(install) ignored
[4.787s] Level 1:colcon.colcon_core.package_identification:_identify(log) by extensions ['ignore', 'ignore_ament_install']
[4.788s] Level 1:colcon.colcon_core.package_identification:_identify(log) by extension 'ignore'
[4.788s] Level 1:colcon.colcon_core.package_identification:_identify(log) ignored
[4.788s] Level 1:colcon.colcon_core.package_identification:_identify(mpc_controller) by extensions ['ignore', 'ignore_ament_install']
[4.788s] Level 1:colcon.colcon_core.package_identification:_identify(mpc_controller) by extension 'ignore'
[4.788s] Level 1:colcon.colcon_core.package_identification:_identify(mpc_controller) by extension 'ignore_ament_install'
[4.789s] Level 1:colcon.colcon_core.package_identification:_identify(mpc_controller) by extensions ['colcon_pkg']
[4.789s] Level 1:colcon.colcon_core.package_identification:_identify(mpc_controller) by extension 'colcon_pkg'
[4.789s] Level 1:colcon.colcon_core.package_identification:_identify(mpc_controller) by extensions ['colcon_meta']
[4.789s] Level 1:colcon.colcon_core.package_identification:_identify(mpc_controller) by extension 'colcon_meta'
[4.789s] Level 1:colcon.colcon_core.package_identification:_identify(mpc_controller) by extensions ['ros']
[4.789s] Level 1:colcon.colcon_core.package_identification:_identify(mpc_controller) by extension 'ros'
[4.790s] DEBUG:colcon.colcon_core.package_identification:Package 'mpc_controller' with type 'ros.ament_python' and name 'mpc_controller'
[4.790s] Level 1:colcon.colcon_core.package_discovery:discover_packages(recursive) using defaults
[4.790s] Level 1:colcon.colcon_core.package_discovery:discover_packages(ignore) discover
[4.790s] Level 1:colcon.colcon_core.package_discovery:discover_packages(ignore) using defaults
[4.790s] Level 1:colcon.colcon_core.package_discovery:discover_packages(path) discover
[4.790s] Level 1:colcon.colcon_core.package_discovery:discover_packages(path) using defaults
[5.271s] Level 1:colcon.colcon_core.package_discovery:discover_packages(prefix_path) check parameters
[5.271s] Level 1:colcon.colcon_core.package_discovery:discover_packages(prefix_path) discover
[5.460s] DEBUG:colcon.colcon_installed_package_information.package_discovery:Found 5 installed packages in /home/mariobo/ernest_ws/src/ernest_simulations/install
[5.545s] DEBUG:colcon.colcon_installed_package_information.package_discovery:Found 5 installed packages in /home/mariobo/ernest_ws/install
[5.637s] DEBUG:colcon.colcon_installed_package_information.package_discovery:Found 282 installed packages in /opt/ros/foxy
[5.640s] Level 1:colcon.colcon_core.package_discovery:discover_packages(prefix_path) using defaults
[5.941s] Level 5:colcon.colcon_core.verb:set package 'bringup' build argument 'cmake_args' from command line to 'None'
[5.941s] Level 5:colcon.colcon_core.verb:set package 'bringup' build argument 'cmake_target' from command line to 'None'
[5.941s] Level 5:colcon.colcon_core.verb:set package 'bringup' build argument 'cmake_target_skip_unavailable' from command line to 'False'
[5.941s] Level 5:colcon.colcon_core.verb:set package 'bringup' build argument 'cmake_clean_cache' from command line to 'False'
[5.941s] Level 5:colcon.colcon_core.verb:set package 'bringup' build argument 'cmake_clean_first' from command line to 'False'
[5.941s] Level 5:colcon.colcon_core.verb:set package 'bringup' build argument 'cmake_force_configure' from command line to 'False'
[5.941s] Level 5:colcon.colcon_core.verb:set package 'bringup' build argument 'ament_cmake_args' from command line to 'None'
[5.941s] Level 5:colcon.colcon_core.verb:set package 'bringup' build argument 'catkin_cmake_args' from command line to 'None'
[5.941s] Level 5:colcon.colcon_core.verb:set package 'bringup' build argument 'catkin_skip_building_tests' from command line to 'False'
[5.941s] DEBUG:colcon.colcon_core.verb:Building package 'bringup' with the following arguments: {'ament_cmake_args': None, 'build_base': '/home/mariobo/ernest_ws/src/ernest_simulations/build/bringup', 'catkin_cmake_args': None, 'catkin_skip_building_tests': False, 'cmake_args': None, 'cmake_clean_cache': False, 'cmake_clean_first': False, 'cmake_force_configure': False, 'cmake_target': None, 'cmake_target_skip_unavailable': False, 'install_base': '/home/mariobo/ernest_ws/src/ernest_simulations/install/bringup', 'merge_install': False, 'path': '/home/mariobo/ernest_ws/src/ernest_simulations/bringup', 'symlink_install': True, 'test_result_base': None}
[6.013s] Level 5:colcon.colcon_core.verb:set package 'controller' build argument 'cmake_args' from command line to 'None'
[6.014s] Level 5:colcon.colcon_core.verb:set package 'controller' build argument 'cmake_target' from command line to 'None'
[6.014s] Level 5:colcon.colcon_core.verb:set package 'controller' build argument 'cmake_target_skip_unavailable' from command line to 'False'
[6.014s] Level 5:colcon.colcon_core.verb:set package 'controller' build argument 'cmake_clean_cache' from command line to 'False'
[6.014s] Level 5:colcon.colcon_core.verb:set package 'controller' build argument 'cmake_clean_first' from command line to 'False'
[6.014s] Level 5:colcon.colcon_core.verb:set package 'controller' build argument 'cmake_force_configure' from command line to 'False'
[6.014s] Level 5:colcon.colcon_core.verb:set package 'controller' build argument 'ament_cmake_args' from command line to 'None'
[6.014s] Level 5:colcon.colcon_core.verb:set package 'controller' build argument 'catkin_cmake_args' from command line to 'None'
[6.014s] Level 5:colcon.colcon_core.verb:set package 'controller' build argument 'catkin_skip_building_tests' from command line to 'False'
[6.014s] DEBUG:colcon.colcon_core.verb:Building package 'controller' with the following arguments: {'ament_cmake_args': None, 'build_base': '/home/mariobo/ernest_ws/src/ernest_simulations/build/controller', 'catkin_cmake_args': None, 'catkin_skip_building_tests': False, 'cmake_args': None, 'cmake_clean_cache': False, 'cmake_clean_first': False, 'cmake_force_configure': False, 'cmake_target': None, 'cmake_target_skip_unavailable': False, 'install_base': '/home/mariobo/ernest_ws/src/ernest_simulations/install/controller', 'merge_install': False, 'path': '/home/mariobo/ernest_ws/src/ernest_simulations/controller', 'symlink_install': True, 'test_result_base': None}
[6.086s] Level 5:colcon.colcon_core.verb:set package 'description' build argument 'cmake_args' from command line to 'None'
[6.087s] Level 5:colcon.colcon_core.verb:set package 'description' build argument 'cmake_target' from command line to 'None'
[6.087s] Level 5:colcon.colcon_core.verb:set package 'description' build argument 'cmake_target_skip_unavailable' from command line to 'False'
[6.087s] Level 5:colcon.colcon_core.verb:set package 'description' build argument 'cmake_clean_cache' from command line to 'False'
[6.087s] Level 5:colcon.colcon_core.verb:set package 'description' build argument 'cmake_clean_first' from command line to 'False'
[6.087s] Level 5:colcon.colcon_core.verb:set package 'description' build argument 'cmake_force_configure' from command line to 'False'
[6.087s] Level 5:colcon.colcon_core.verb:set package 'description' build argument 'ament_cmake_args' from command line to 'None'
[6.087s] Level 5:colcon.colcon_core.verb:set package 'description' build argument 'catkin_cmake_args' from command line to 'None'
[6.087s] Level 5:colcon.colcon_core.verb:set package 'description' build argument 'catkin_skip_building_tests' from command line to 'False'
[6.087s] DEBUG:colcon.colcon_core.verb:Building package 'description' with the following arguments: {'ament_cmake_args': None, 'build_base': '/home/mariobo/ernest_ws/src/ernest_simulations/build/description', 'catkin_cmake_args': None, 'catkin_skip_building_tests': False, 'cmake_args': None, 'cmake_clean_cache': False, 'cmake_clean_first': False, 'cmake_force_configure': False, 'cmake_target': None, 'cmake_target_skip_unavailable': False, 'install_base': '/home/mariobo/ernest_ws/src/ernest_simulations/install/description', 'merge_install': False, 'path': '/home/mariobo/ernest_ws/src/ernest_simulations/description', 'symlink_install': True, 'test_result_base': None}
[6.157s] Level 5:colcon.colcon_core.verb:set package 'gazebo_ros2_control' build argument 'cmake_args' from command line to 'None'
[6.157s] Level 5:colcon.colcon_core.verb:set package 'gazebo_ros2_control' build argument 'cmake_target' from command line to 'None'
[6.157s] Level 5:colcon.colcon_core.verb:set package 'gazebo_ros2_control' build argument 'cmake_target_skip_unavailable' from command line to 'False'
[6.157s] Level 5:colcon.colcon_core.verb:set package 'gazebo_ros2_control' build argument 'cmake_clean_cache' from command line to 'False'
[6.157s] Level 5:colcon.colcon_core.verb:set package 'gazebo_ros2_control' build argument 'cmake_clean_first' from command line to 'False'
[6.157s] Level 5:colcon.colcon_core.verb:set package 'gazebo_ros2_control' build argument 'cmake_force_configure' from command line to 'False'
[6.157s] Level 5:colcon.colcon_core.verb:set package 'gazebo_ros2_control' build argument 'ament_cmake_args' from command line to 'None'
[6.157s] Level 5:colcon.colcon_core.verb:set package 'gazebo_ros2_control' build argument 'catkin_cmake_args' from command line to 'None'
[6.157s] Level 5:colcon.colcon_core.verb:set package 'gazebo_ros2_control' build argument 'catkin_skip_building_tests' from command line to 'False'
[6.157s] DEBUG:colcon.colcon_core.verb:Building package 'gazebo_ros2_control' with the following arguments: {'ament_cmake_args': None, 'build_base': '/home/mariobo/ernest_ws/src/ernest_simulations/build/gazebo_ros2_control', 'catkin_cmake_args': None, 'catkin_skip_building_tests': False, 'cmake_args': None, 'cmake_clean_cache': False, 'cmake_clean_first': False, 'cmake_force_configure': False, 'cmake_target': None, 'cmake_target_skip_unavailable': False, 'install_base': '/home/mariobo/ernest_ws/src/ernest_simulations/install/gazebo_ros2_control', 'merge_install': False, 'path': '/home/mariobo/ernest_ws/src/ernest_simulations/gazebo_ros2_control', 'symlink_install': True, 'test_result_base': None}
[6.232s] Level 5:colcon.colcon_core.verb:set package 'mpc_controller' build argument 'cmake_args' from command line to 'None'
[6.232s] Level 5:colcon.colcon_core.verb:set package 'mpc_controller' build argument 'cmake_target' from command line to 'None'
[6.232s] Level 5:colcon.colcon_core.verb:set package 'mpc_controller' build argument 'cmake_target_skip_unavailable' from command line to 'False'
[6.232s] Level 5:colcon.colcon_core.verb:set package 'mpc_controller' build argument 'cmake_clean_cache' from command line to 'False'
[6.232s] Level 5:colcon.colcon_core.verb:set package 'mpc_controller' build argument 'cmake_clean_first' from command line to 'False'
[6.232s] Level 5:colcon.colcon_core.verb:set package 'mpc_controller' build argument 'cmake_force_configure' from command line to 'False'
[6.233s] Level 5:colcon.colcon_core.verb:set package 'mpc_controller' build argument 'ament_cmake_args' from command line to 'None'
[6.233s] Level 5:colcon.colcon_core.verb:set package 'mpc_controller' build argument 'catkin_cmake_args' from command line to 'None'
[6.233s] Level 5:colcon.colcon_core.verb:set package 'mpc_controller' build argument 'catkin_skip_building_tests' from command line to 'False'
[6.233s] DEBUG:colcon.colcon_core.verb:Building package 'mpc_controller' with the following arguments: {'ament_cmake_args': None, 'build_base': '/home/mariobo/ernest_ws/src/ernest_simulations/build/mpc_controller', 'catkin_cmake_args': None, 'catkin_skip_building_tests': False, 'cmake_args': None, 'cmake_clean_cache': False, 'cmake_clean_first': False, 'cmake_force_configure': False, 'cmake_target': None, 'cmake_target_skip_unavailable': False, 'install_base': '/home/mariobo/ernest_ws/src/ernest_simulations/install/mpc_controller', 'merge_install': False, 'path': '/home/mariobo/ernest_ws/src/ernest_simulations/mpc_controller', 'symlink_install': True, 'test_result_base': None}
[6.301s] INFO:colcon.colcon_core.executor:Executing jobs using 'parallel' executor
[6.385s] DEBUG:colcon.colcon_parallel_executor.executor.parallel:run_until_complete
[6.386s] INFO:colcon.colcon_ros.task.ament_cmake.build:Building ROS package in '/home/mariobo/ernest_ws/src/ernest_simulations/bringup' with build type 'ament_cmake'
[6.386s] INFO:colcon.colcon_cmake.task.cmake.build:Building CMake package in '/home/mariobo/ernest_ws/src/ernest_simulations/bringup'
[6.469s] INFO:colcon.colcon_core.plugin_system:Skipping extension 'colcon_core.shell.bat': Not used on non-Windows systems
[6.470s] INFO:colcon.colcon_core.shell:Skip shell extension 'powershell' for command environment: Not usable outside of PowerShell
[6.470s] DEBUG:colcon.colcon_core.shell:Skip shell extension 'dsv' for command environment
[6.850s] INFO:colcon.colcon_ros.task.ament_cmake.build:Building ROS package in '/home/mariobo/ernest_ws/src/ernest_simulations/controller' with build type 'ament_cmake'
[6.851s] INFO:colcon.colcon_cmake.task.cmake.build:Building CMake package in '/home/mariobo/ernest_ws/src/ernest_simulations/controller'
[6.931s] INFO:colcon.colcon_core.shell:Skip shell extension 'powershell' for command environment: Not usable outside of PowerShell
[6.931s] DEBUG:colcon.colcon_core.shell:Skip shell extension 'dsv' for command environment
[7.267s] INFO:colcon.colcon_ros.task.ament_cmake.build:Building ROS package in '/home/mariobo/ernest_ws/src/ernest_simulations/description' with build type 'ament_cmake'
[7.268s] INFO:colcon.colcon_cmake.task.cmake.build:Building CMake package in '/home/mariobo/ernest_ws/src/ernest_simulations/description'
[7.359s] INFO:colcon.colcon_core.shell:Skip shell extension 'powershell' for command environment: Not usable outside of PowerShell
[7.359s] DEBUG:colcon.colcon_core.shell:Skip shell extension 'dsv' for command environment
[7.696s] INFO:colcon.colcon_ros.task.ament_cmake.build:Building ROS package in '/home/mariobo/ernest_ws/src/ernest_simulations/gazebo_ros2_control' with build type 'ament_cmake'
[7.698s] INFO:colcon.colcon_cmake.task.cmake.build:Building CMake package in '/home/mariobo/ernest_ws/src/ernest_simulations/gazebo_ros2_control'
[7.784s] INFO:colcon.colcon_core.shell:Skip shell extension 'powershell' for command environment: Not usable outside of PowerShell
[7.785s] DEBUG:colcon.colcon_core.shell:Skip shell extension 'dsv' for command environment
[8.137s] INFO:colcon.colcon_ros.task.ament_python.build:Building ROS package in '/home/mariobo/ernest_ws/src/ernest_simulations/mpc_controller' with build type 'ament_python'
[8.138s] Level 1:colcon.colcon_core.shell:create_environment_hook('mpc_controller', 'ament_prefix_path')
[8.218s] INFO:colcon.colcon_core.shell:Creating environment hook '/home/mariobo/ernest_ws/src/ernest_simulations/install/mpc_controller/share/mpc_controller/hook/ament_prefix_path.ps1'
[8.220s] INFO:colcon.colcon_core.shell:Creating environment descriptor '/home/mariobo/ernest_ws/src/ernest_simulations/install/mpc_controller/share/mpc_controller/hook/ament_prefix_path.dsv'
[8.221s] INFO:colcon.colcon_core.shell:Creating environment hook '/home/mariobo/ernest_ws/src/ernest_simulations/install/mpc_controller/share/mpc_controller/hook/ament_prefix_path.sh'
[8.303s] INFO:colcon.colcon_core.shell:Skip shell extension 'powershell' for command environment: Not usable outside of PowerShell
[8.303s] DEBUG:colcon.colcon_core.shell:Skip shell extension 'dsv' for command environment
[8.675s] DEBUG:colcon.colcon_core.event_handler.log_command:Invoking command in '/home/mariobo/ernest_ws/src/ernest_simulations/build/bringup': CMAKE_PREFIX_PATH=${CMAKE_PREFIX_PATH}:/home/mariobo/ernest_ws/src/ernest_simulations/install/mpc_controller:/home/mariobo/ernest_ws/install/mpc_controller:/opt/ros/foxy /usr/local/bin/cmake --build /home/mariobo/ernest_ws/src/ernest_simulations/build/bringup -- -j8 -l8
[8.695s] DEBUG:colcon.colcon_core.event_handler.log_command:Invoking command in '/home/mariobo/ernest_ws/src/ernest_simulations/build/controller': CMAKE_PREFIX_PATH=${CMAKE_PREFIX_PATH}:/home/mariobo/ernest_ws/src/ernest_simulations/install/mpc_controller:/home/mariobo/ernest_ws/install/mpc_controller:/opt/ros/foxy /usr/local/bin/cmake --build /home/mariobo/ernest_ws/src/ernest_simulations/build/controller -- -j8 -l8
[8.707s] DEBUG:colcon.colcon_core.event_handler.log_command:Invoking command in '/home/mariobo/ernest_ws/src/ernest_simulations/build/description': CMAKE_PREFIX_PATH=${CMAKE_PREFIX_PATH}:/home/mariobo/ernest_ws/src/ernest_simulations/install/mpc_controller:/home/mariobo/ernest_ws/install/mpc_controller:/opt/ros/foxy /usr/local/bin/cmake --build /home/mariobo/ernest_ws/src/ernest_simulations/build/description -- -j8 -l8
[8.726s] DEBUG:colcon.colcon_core.event_handler.log_command:Invoking command in '/home/mariobo/ernest_ws/src/ernest_simulations/build/gazebo_ros2_control': CMAKE_PREFIX_PATH=${CMAKE_PREFIX_PATH}:/home/mariobo/ernest_ws/src/ernest_simulations/install/mpc_controller:/home/mariobo/ernest_ws/install/mpc_controller:/opt/ros/foxy /usr/local/bin/cmake --build /home/mariobo/ernest_ws/src/ernest_simulations/build/gazebo_ros2_control -- -j8 -l8
[9.162s] INFO:colcon.colcon_core.task.python.build:Building Python package in '/home/mariobo/ernest_ws/src/ernest_simulations/mpc_controller'
[9.244s] INFO:colcon.colcon_core.shell:Skip shell extension 'powershell' for command environment: Not usable outside of PowerShell
[9.244s] DEBUG:colcon.colcon_core.shell:Skip shell extension 'dsv' for command environment
[9.612s] DEBUG:colcon.colcon_core.event_handler.log_command:Invoked command in '/home/mariobo/ernest_ws/src/ernest_simulations/build/bringup' returned '0': CMAKE_PREFIX_PATH=${CMAKE_PREFIX_PATH}:/home/mariobo/ernest_ws/src/ernest_simulations/install/mpc_controller:/home/mariobo/ernest_ws/install/mpc_controller:/opt/ros/foxy /usr/local/bin/cmake --build /home/mariobo/ernest_ws/src/ernest_simulations/build/bringup -- -j8 -l8
[9.614s] DEBUG:colcon.colcon_core.event_handler.log_command:Invoked command in '/home/mariobo/ernest_ws/src/ernest_simulations/build/description' returned '0': CMAKE_PREFIX_PATH=${CMAKE_PREFIX_PATH}:/home/mariobo/ernest_ws/src/ernest_simulations/install/mpc_controller:/home/mariobo/ernest_ws/install/mpc_controller:/opt/ros/foxy /usr/local/bin/cmake --build /home/mariobo/ernest_ws/src/ernest_simulations/build/description -- -j8 -l8
[9.624s] DEBUG:colcon.colcon_core.event_handler.log_command:Invoked command in '/home/mariobo/ernest_ws/src/ernest_simulations/build/controller' returned '0': CMAKE_PREFIX_PATH=${CMAKE_PREFIX_PATH}:/home/mariobo/ernest_ws/src/ernest_simulations/install/mpc_controller:/home/mariobo/ernest_ws/install/mpc_controller:/opt/ros/foxy /usr/local/bin/cmake --build /home/mariobo/ernest_ws/src/ernest_simulations/build/controller -- -j8 -l8
[9.638s] DEBUG:colcon.colcon_core.event_handler.log_command:Invoked command in '/home/mariobo/ernest_ws/src/ernest_simulations/build/gazebo_ros2_control' returned '0': CMAKE_PREFIX_PATH=${CMAKE_PREFIX_PATH}:/home/mariobo/ernest_ws/src/ernest_simulations/install/mpc_controller:/home/mariobo/ernest_ws/install/mpc_controller:/opt/ros/foxy /usr/local/bin/cmake --build /home/mariobo/ernest_ws/src/ernest_simulations/build/gazebo_ros2_control -- -j8 -l8
[9.687s] DEBUG:colcon.colcon_core.event_handler.log_command:Invoking command in '/home/mariobo/ernest_ws/src/ernest_simulations/build/bringup': CMAKE_PREFIX_PATH=${CMAKE_PREFIX_PATH}:/home/mariobo/ernest_ws/src/ernest_simulations/install/mpc_controller:/home/mariobo/ernest_ws/install/mpc_controller:/opt/ros/foxy /usr/local/bin/cmake --install /home/mariobo/ernest_ws/src/ernest_simulations/build/bringup
[9.700s] DEBUG:colcon.colcon_core.event_handler.log_command:Invoking command in '/home/mariobo/ernest_ws/src/ernest_simulations/build/description': CMAKE_PREFIX_PATH=${CMAKE_PREFIX_PATH}:/home/mariobo/ernest_ws/src/ernest_simulations/install/mpc_controller:/home/mariobo/ernest_ws/install/mpc_controller:/opt/ros/foxy /usr/local/bin/cmake --install /home/mariobo/ernest_ws/src/ernest_simulations/build/description
[9.715s] DEBUG:colcon.colcon_core.event_handler.log_command:Invoking command in '/home/mariobo/ernest_ws/src/ernest_simulations/build/controller': CMAKE_PREFIX_PATH=${CMAKE_PREFIX_PATH}:/home/mariobo/ernest_ws/src/ernest_simulations/install/mpc_controller:/home/mariobo/ernest_ws/install/mpc_controller:/opt/ros/foxy /usr/local/bin/cmake --install /home/mariobo/ernest_ws/src/ernest_simulations/build/controller
[9.769s] Level 1:colcon.colcon_core.environment:create_environment_scripts_only(bringup)
[9.779s] DEBUG:colcon.colcon_core.event_handler.log_command:Invoking command in '/home/mariobo/ernest_ws/src/ernest_simulations/build/gazebo_ros2_control': CMAKE_PREFIX_PATH=${CMAKE_PREFIX_PATH}:/home/mariobo/ernest_ws/src/ernest_simulations/install/mpc_controller:/home/mariobo/ernest_ws/install/mpc_controller:/opt/ros/foxy /usr/local/bin/cmake --install /home/mariobo/ernest_ws/src/ernest_simulations/build/gazebo_ros2_control
[9.796s] DEBUG:colcon.colcon_core.event_handler.log_command:Invoked command in '/home/mariobo/ernest_ws/src/ernest_simulations/build/bringup' returned '0': CMAKE_PREFIX_PATH=${CMAKE_PREFIX_PATH}:/home/mariobo/ernest_ws/src/ernest_simulations/install/mpc_controller:/home/mariobo/ernest_ws/install/mpc_controller:/opt/ros/foxy /usr/local/bin/cmake --install /home/mariobo/ernest_ws/src/ernest_simulations/build/bringup
[9.890s] Level 1:colcon.colcon_core.environment:checking '/home/mariobo/ernest_ws/src/ernest_simulations/install/bringup' for CMake module files
[9.891s] Level 1:colcon.colcon_core.environment:checking '/home/mariobo/ernest_ws/src/ernest_simulations/install/bringup' for CMake config files
[9.892s] Level 1:colcon.colcon_core.shell:create_environment_hook('bringup', 'cmake_prefix_path')
[9.986s] INFO:colcon.colcon_core.shell:Creating environment hook '/home/mariobo/ernest_ws/src/ernest_simulations/install/bringup/share/bringup/hook/cmake_prefix_path.ps1'
[9.988s] INFO:colcon.colcon_core.shell:Creating environment descriptor '/home/mariobo/ernest_ws/src/ernest_simulations/install/bringup/share/bringup/hook/cmake_prefix_path.dsv'
[9.989s] INFO:colcon.colcon_core.shell:Creating environment hook '/home/mariobo/ernest_ws/src/ernest_simulations/install/bringup/share/bringup/hook/cmake_prefix_path.sh'
[9.991s] Level 1:colcon.colcon_core.environment:checking '/home/mariobo/ernest_ws/src/ernest_simulations/install/bringup/bin'
[9.992s] Level 1:colcon.colcon_core.environment:checking '/home/mariobo/ernest_ws/src/ernest_simulations/install/bringup/lib/pkgconfig/bringup.pc'
[9.992s] Level 1:colcon.colcon_core.environment:checking '/home/mariobo/ernest_ws/src/ernest_simulations/install/bringup/lib/python3.8/site-packages'
[9.993s] Level 1:colcon.colcon_core.environment:checking '/home/mariobo/ernest_ws/src/ernest_simulations/install/bringup/bin'
[10.074s] INFO:colcon.colcon_core.shell:Creating package script '/home/mariobo/ernest_ws/src/ernest_simulations/install/bringup/share/bringup/package.ps1'
[10.076s] INFO:colcon.colcon_core.shell:Creating package descriptor '/home/mariobo/ernest_ws/src/ernest_simulations/install/bringup/share/bringup/package.dsv'
[10.077s] INFO:colcon.colcon_core.shell:Creating package script '/home/mariobo/ernest_ws/src/ernest_simulations/install/bringup/share/bringup/package.sh'
[10.079s] INFO:colcon.colcon_core.shell:Creating package script '/home/mariobo/ernest_ws/src/ernest_simulations/install/bringup/share/bringup/package.bash'
[10.082s] INFO:colcon.colcon_core.shell:Creating package script '/home/mariobo/ernest_ws/src/ernest_simulations/install/bringup/share/bringup/package.zsh'
[10.085s] Level 1:colcon.colcon_core.environment:create_file_with_runtime_dependencies(/home/mariobo/ernest_ws/src/ernest_simulations/install/bringup/share/colcon-core/packages/bringup)
[10.095s] Level 1:colcon.colcon_core.environment:create_environment_scripts_only(description)
[10.099s] DEBUG:colcon.colcon_core.event_handler.log_command:Invoked command in '/home/mariobo/ernest_ws/src/ernest_simulations/build/description' returned '0': CMAKE_PREFIX_PATH=${CMAKE_PREFIX_PATH}:/home/mariobo/ernest_ws/src/ernest_simulations/install/mpc_controller:/home/mariobo/ernest_ws/install/mpc_controller:/opt/ros/foxy /usr/local/bin/cmake --install /home/mariobo/ernest_ws/src/ernest_simulations/build/description
[10.192s] Level 1:colcon.colcon_core.environment:checking '/home/mariobo/ernest_ws/src/ernest_simulations/install/description' for CMake module files
[10.193s] Level 1:colcon.colcon_core.environment:checking '/home/mariobo/ernest_ws/src/ernest_simulations/install/description' for CMake config files
[10.194s] Level 1:colcon.colcon_core.shell:create_environment_hook('description', 'cmake_prefix_path')
[10.288s] INFO:colcon.colcon_core.shell:Creating environment hook '/home/mariobo/ernest_ws/src/ernest_simulations/install/description/share/description/hook/cmake_prefix_path.ps1'
[10.290s] INFO:colcon.colcon_core.shell:Creating environment descriptor '/home/mariobo/ernest_ws/src/ernest_simulations/install/description/share/description/hook/cmake_prefix_path.dsv'
[10.291s] INFO:colcon.colcon_core.shell:Creating environment hook '/home/mariobo/ernest_ws/src/ernest_simulations/install/description/share/description/hook/cmake_prefix_path.sh'
[10.292s] Level 1:colcon.colcon_core.environment:checking '/home/mariobo/ernest_ws/src/ernest_simulations/install/description/bin'
[10.292s] Level 1:colcon.colcon_core.environment:checking '/home/mariobo/ernest_ws/src/ernest_simulations/install/description/lib/pkgconfig/description.pc'
[10.293s] Level 1:colcon.colcon_core.environment:checking '/home/mariobo/ernest_ws/src/ernest_simulations/install/description/lib/python3.8/site-packages'
[10.293s] Level 1:colcon.colcon_core.environment:checking '/home/mariobo/ernest_ws/src/ernest_simulations/install/description/bin'
[10.383s] INFO:colcon.colcon_core.shell:Creating package script '/home/mariobo/ernest_ws/src/ernest_simulations/install/description/share/description/package.ps1'
[10.385s] INFO:colcon.colcon_core.shell:Creating package descriptor '/home/mariobo/ernest_ws/src/ernest_simulations/install/description/share/description/package.dsv'
[10.386s] INFO:colcon.colcon_core.shell:Creating package script '/home/mariobo/ernest_ws/src/ernest_simulations/install/description/share/description/package.sh'
[10.387s] INFO:colcon.colcon_core.shell:Creating package script '/home/mariobo/ernest_ws/src/ernest_simulations/install/description/share/description/package.bash'
[10.388s] INFO:colcon.colcon_core.shell:Creating package script '/home/mariobo/ernest_ws/src/ernest_simulations/install/description/share/description/package.zsh'
[10.390s] Level 1:colcon.colcon_core.environment:create_file_with_runtime_dependencies(/home/mariobo/ernest_ws/src/ernest_simulations/install/description/share/colcon-core/packages/description)
[10.398s] Level 1:colcon.colcon_core.environment:create_environment_scripts_only(controller)
[10.399s] DEBUG:colcon.colcon_core.event_handler.log_command:Invoked command in '/home/mariobo/ernest_ws/src/ernest_simulations/build/controller' returned '0': CMAKE_PREFIX_PATH=${CMAKE_PREFIX_PATH}:/home/mariobo/ernest_ws/src/ernest_simulations/install/mpc_controller:/home/mariobo/ernest_ws/install/mpc_controller:/opt/ros/foxy /usr/local/bin/cmake --install /home/mariobo/ernest_ws/src/ernest_simulations/build/controller
[10.490s] Level 1:colcon.colcon_core.environment:checking '/home/mariobo/ernest_ws/src/ernest_simulations/install/controller' for CMake module files
[10.491s] Level 1:colcon.colcon_core.environment:checking '/home/mariobo/ernest_ws/src/ernest_simulations/install/controller' for CMake config files
[10.492s] Level 1:colcon.colcon_core.shell:create_environment_hook('controller', 'cmake_prefix_path')
[10.577s] INFO:colcon.colcon_core.shell:Creating environment hook '/home/mariobo/ernest_ws/src/ernest_simulations/install/controller/share/controller/hook/cmake_prefix_path.ps1'
[10.579s] INFO:colcon.colcon_core.shell:Creating environment descriptor '/home/mariobo/ernest_ws/src/ernest_simulations/install/controller/share/controller/hook/cmake_prefix_path.dsv'
[10.580s] INFO:colcon.colcon_core.shell:Creating environment hook '/home/mariobo/ernest_ws/src/ernest_simulations/install/controller/share/controller/hook/cmake_prefix_path.sh'
[10.581s] Level 1:colcon.colcon_core.environment:checking '/home/mariobo/ernest_ws/src/ernest_simulations/install/controller/lib'
[10.582s] Level 1:colcon.colcon_core.environment:checking '/home/mariobo/ernest_ws/src/ernest_simulations/install/controller/bin'
[10.582s] Level 1:colcon.colcon_core.environment:checking '/home/mariobo/ernest_ws/src/ernest_simulations/install/controller/lib/pkgconfig/controller.pc'
[10.583s] Level 1:colcon.colcon_core.environment:checking '/home/mariobo/ernest_ws/src/ernest_simulations/install/controller/lib/python3.8/site-packages'
[10.583s] Level 1:colcon.colcon_core.environment:checking '/home/mariobo/ernest_ws/src/ernest_simulations/install/controller/bin'
[10.670s] INFO:colcon.colcon_core.shell:Creating package script '/home/mariobo/ernest_ws/src/ernest_simulations/install/controller/share/controller/package.ps1'
[10.672s] INFO:colcon.colcon_core.shell:Creating package descriptor '/home/mariobo/ernest_ws/src/ernest_simulations/install/controller/share/controller/package.dsv'
[10.672s] INFO:colcon.colcon_core.shell:Creating package script '/home/mariobo/ernest_ws/src/ernest_simulations/install/controller/share/controller/package.sh'
[10.673s] INFO:colcon.colcon_core.shell:Creating package script '/home/mariobo/ernest_ws/src/ernest_simulations/install/controller/share/controller/package.bash'
[10.674s] INFO:colcon.colcon_core.shell:Creating package script '/home/mariobo/ernest_ws/src/ernest_simulations/install/controller/share/controller/package.zsh'
[10.675s] Level 1:colcon.colcon_core.environment:create_file_with_runtime_dependencies(/home/mariobo/ernest_ws/src/ernest_simulations/install/controller/share/colcon-core/packages/controller)
[10.685s] Level 1:colcon.colcon_core.environment:create_environment_scripts_only(gazebo_ros2_control)
[10.687s] DEBUG:colcon.colcon_core.event_handler.log_command:Invoked command in '/home/mariobo/ernest_ws/src/ernest_simulations/build/gazebo_ros2_control' returned '0': CMAKE_PREFIX_PATH=${CMAKE_PREFIX_PATH}:/home/mariobo/ernest_ws/src/ernest_simulations/install/mpc_controller:/home/mariobo/ernest_ws/install/mpc_controller:/opt/ros/foxy /usr/local/bin/cmake --install /home/mariobo/ernest_ws/src/ernest_simulations/build/gazebo_ros2_control
[10.788s] Level 1:colcon.colcon_core.environment:checking '/home/mariobo/ernest_ws/src/ernest_simulations/install/gazebo_ros2_control' for CMake module files
[10.789s] Level 1:colcon.colcon_core.environment:checking '/home/mariobo/ernest_ws/src/ernest_simulations/install/gazebo_ros2_control' for CMake config files
[10.790s] Level 1:colcon.colcon_core.shell:create_environment_hook('gazebo_ros2_control', 'cmake_prefix_path')
[10.872s] INFO:colcon.colcon_core.shell:Creating environment hook '/home/mariobo/ernest_ws/src/ernest_simulations/install/gazebo_ros2_control/share/gazebo_ros2_control/hook/cmake_prefix_path.ps1'
[10.873s] INFO:colcon.colcon_core.shell:Creating environment descriptor '/home/mariobo/ernest_ws/src/ernest_simulations/install/gazebo_ros2_control/share/gazebo_ros2_control/hook/cmake_prefix_path.dsv'
[10.875s] INFO:colcon.colcon_core.shell:Creating environment hook '/home/mariobo/ernest_ws/src/ernest_simulations/install/gazebo_ros2_control/share/gazebo_ros2_control/hook/cmake_prefix_path.sh'
[10.877s] Level 1:colcon.colcon_core.environment:checking '/home/mariobo/ernest_ws/src/ernest_simulations/install/gazebo_ros2_control/lib'
[10.877s] Level 1:colcon.colcon_core.shell:create_environment_hook('gazebo_ros2_control', 'ld_library_path_lib')
[10.953s] INFO:colcon.colcon_core.shell:Creating environment hook '/home/mariobo/ernest_ws/src/ernest_simulations/install/gazebo_ros2_control/share/gazebo_ros2_control/hook/ld_library_path_lib.ps1'
[10.954s] INFO:colcon.colcon_core.shell:Creating environment descriptor '/home/mariobo/ernest_ws/src/ernest_simulations/install/gazebo_ros2_control/share/gazebo_ros2_control/hook/ld_library_path_lib.dsv'
[10.956s] INFO:colcon.colcon_core.shell:Creating environment hook '/home/mariobo/ernest_ws/src/ernest_simulations/install/gazebo_ros2_control/share/gazebo_ros2_control/hook/ld_library_path_lib.sh'
[10.958s] Level 1:colcon.colcon_core.environment:checking '/home/mariobo/ernest_ws/src/ernest_simulations/install/gazebo_ros2_control/bin'
[10.958s] Level 1:colcon.colcon_core.environment:checking '/home/mariobo/ernest_ws/src/ernest_simulations/install/gazebo_ros2_control/lib/pkgconfig/gazebo_ros2_control.pc'
[10.959s] Level 1:colcon.colcon_core.environment:checking '/home/mariobo/ernest_ws/src/ernest_simulations/install/gazebo_ros2_control/lib/python3.8/site-packages'
[10.960s] Level 1:colcon.colcon_core.environment:checking '/home/mariobo/ernest_ws/src/ernest_simulations/install/gazebo_ros2_control/bin'
[11.043s] INFO:colcon.colcon_core.shell:Creating package script '/home/mariobo/ernest_ws/src/ernest_simulations/install/gazebo_ros2_control/share/gazebo_ros2_control/package.ps1'
[11.045s] INFO:colcon.colcon_core.shell:Creating package descriptor '/home/mariobo/ernest_ws/src/ernest_simulations/install/gazebo_ros2_control/share/gazebo_ros2_control/package.dsv'
[11.046s] INFO:colcon.colcon_core.shell:Creating package script '/home/mariobo/ernest_ws/src/ernest_simulations/install/gazebo_ros2_control/share/gazebo_ros2_control/package.sh'
[11.047s] INFO:colcon.colcon_core.shell:Creating package script '/home/mariobo/ernest_ws/src/ernest_simulations/install/gazebo_ros2_control/share/gazebo_ros2_control/package.bash'
[11.048s] INFO:colcon.colcon_core.shell:Creating package script '/home/mariobo/ernest_ws/src/ernest_simulations/install/gazebo_ros2_control/share/gazebo_ros2_control/package.zsh'
[11.049s] Level 1:colcon.colcon_core.environment:create_file_with_runtime_dependencies(/home/mariobo/ernest_ws/src/ernest_simulations/install/gazebo_ros2_control/share/colcon-core/packages/gazebo_ros2_control)
[11.150s] Level 1:colcon.colcon_core.environment:create_environment_scripts_only(bringup)
[11.233s] Level 1:colcon.colcon_core.environment:checking '/home/mariobo/ernest_ws/src/ernest_simulations/install/bringup' for CMake module files
[11.234s] Level 1:colcon.colcon_core.environment:checking '/home/mariobo/ernest_ws/src/ernest_simulations/install/bringup' for CMake config files
[11.234s] Level 1:colcon.colcon_core.shell:create_environment_hook('bringup', 'cmake_prefix_path')
[11.329s] INFO:colcon.colcon_core.shell:Creating environment hook '/home/mariobo/ernest_ws/src/ernest_simulations/install/bringup/share/bringup/hook/cmake_prefix_path.ps1'
[11.331s] INFO:colcon.colcon_core.shell:Creating environment descriptor '/home/mariobo/ernest_ws/src/ernest_simulations/install/bringup/share/bringup/hook/cmake_prefix_path.dsv'
[11.332s] INFO:colcon.colcon_core.shell:Creating environment hook '/home/mariobo/ernest_ws/src/ernest_simulations/install/bringup/share/bringup/hook/cmake_prefix_path.sh'
[11.334s] Level 1:colcon.colcon_core.environment:checking '/home/mariobo/ernest_ws/src/ernest_simulations/install/bringup/bin'
[11.334s] Level 1:colcon.colcon_core.environment:checking '/home/mariobo/ernest_ws/src/ernest_simulations/install/bringup/lib/pkgconfig/bringup.pc'
[11.335s] Level 1:colcon.colcon_core.environment:checking '/home/mariobo/ernest_ws/src/ernest_simulations/install/bringup/lib/python3.8/site-packages'
[11.335s] Level 1:colcon.colcon_core.environment:checking '/home/mariobo/ernest_ws/src/ernest_simulations/install/bringup/bin'
[11.415s] INFO:colcon.colcon_core.shell:Creating package script '/home/mariobo/ernest_ws/src/ernest_simulations/install/bringup/share/bringup/package.ps1'
[11.417s] INFO:colcon.colcon_core.shell:Creating package descriptor '/home/mariobo/ernest_ws/src/ernest_simulations/install/bringup/share/bringup/package.dsv'
[11.418s] INFO:colcon.colcon_core.shell:Creating package script '/home/mariobo/ernest_ws/src/ernest_simulations/install/bringup/share/bringup/package.sh'
[11.419s] INFO:colcon.colcon_core.shell:Creating package script '/home/mariobo/ernest_ws/src/ernest_simulations/install/bringup/share/bringup/package.bash'
[11.420s] INFO:colcon.colcon_core.shell:Creating package script '/home/mariobo/ernest_ws/src/ernest_simulations/install/bringup/share/bringup/package.zsh'
[11.421s] Level 1:colcon.colcon_core.environment:create_file_with_runtime_dependencies(/home/mariobo/ernest_ws/src/ernest_simulations/install/bringup/share/colcon-core/packages/bringup)
[11.516s] Level 1:colcon.colcon_core.environment:create_environment_scripts_only(description)
[11.602s] Level 1:colcon.colcon_core.environment:checking '/home/mariobo/ernest_ws/src/ernest_simulations/install/description' for CMake module files
[11.604s] Level 1:colcon.colcon_core.environment:checking '/home/mariobo/ernest_ws/src/ernest_simulations/install/description' for CMake config files
[11.604s] Level 1:colcon.colcon_core.shell:create_environment_hook('description', 'cmake_prefix_path')
[11.681s] INFO:colcon.colcon_core.shell:Creating environment hook '/home/mariobo/ernest_ws/src/ernest_simulations/install/description/share/description/hook/cmake_prefix_path.ps1'
[11.683s] INFO:colcon.colcon_core.shell:Creating environment descriptor '/home/mariobo/ernest_ws/src/ernest_simulations/install/description/share/description/hook/cmake_prefix_path.dsv'
[11.686s] INFO:colcon.colcon_core.shell:Creating environment hook '/home/mariobo/ernest_ws/src/ernest_simulations/install/description/share/description/hook/cmake_prefix_path.sh'
[11.688s] Level 1:colcon.colcon_core.environment:checking '/home/mariobo/ernest_ws/src/ernest_simulations/install/description/bin'
[11.689s] Level 1:colcon.colcon_core.environment:checking '/home/mariobo/ernest_ws/src/ernest_simulations/install/description/lib/pkgconfig/description.pc'
[11.690s] Level 1:colcon.colcon_core.environment:checking '/home/mariobo/ernest_ws/src/ernest_simulations/install/description/lib/python3.8/site-packages'
[11.691s] Level 1:colcon.colcon_core.environment:checking '/home/mariobo/ernest_ws/src/ernest_simulations/install/description/bin'
[11.768s] INFO:colcon.colcon_core.shell:Creating package script '/home/mariobo/ernest_ws/src/ernest_simulations/install/description/share/description/package.ps1'
[11.769s] INFO:colcon.colcon_core.shell:Creating package descriptor '/home/mariobo/ernest_ws/src/ernest_simulations/install/description/share/description/package.dsv'
[11.771s] INFO:colcon.colcon_core.shell:Creating package script '/home/mariobo/ernest_ws/src/ernest_simulations/install/description/share/description/package.sh'
[11.772s] INFO:colcon.colcon_core.shell:Creating package script '/home/mariobo/ernest_ws/src/ernest_simulations/install/description/share/description/package.bash'
[11.774s] INFO:colcon.colcon_core.shell:Creating package script '/home/mariobo/ernest_ws/src/ernest_simulations/install/description/share/description/package.zsh'
[11.776s] Level 1:colcon.colcon_core.environment:create_file_with_runtime_dependencies(/home/mariobo/ernest_ws/src/ernest_simulations/install/description/share/colcon-core/packages/description)
[11.795s] DEBUG:colcon.colcon_core.event_handler.log_command:Invoking command in '/home/mariobo/ernest_ws/src/ernest_simulations/build/mpc_controller': PYTHONPATH=/home/mariobo/ernest_ws/src/ernest_simulations/build/mpc_controller/prefix_override:/home/mariobo/ernest_ws/src/ernest_simulations/install/mpc_controller/lib/python3.8/site-packages:${PYTHONPATH} /usr/bin/python3 setup.py develop --editable --build-directory /home/mariobo/ernest_ws/src/ernest_simulations/build/mpc_controller/build --no-deps install_data
[11.879s] Level 1:colcon.colcon_core.environment:create_environment_scripts_only(controller)
[11.990s] Level 1:colcon.colcon_core.environment:checking '/home/mariobo/ernest_ws/src/ernest_simulations/install/controller' for CMake module files
[11.991s] Level 1:colcon.colcon_core.environment:checking '/home/mariobo/ernest_ws/src/ernest_simulations/install/controller' for CMake config files
[11.992s] Level 1:colcon.colcon_core.shell:create_environment_hook('controller', 'cmake_prefix_path')
[12.076s] INFO:colcon.colcon_core.shell:Creating environment hook '/home/mariobo/ernest_ws/src/ernest_simulations/install/controller/share/controller/hook/cmake_prefix_path.ps1'
[12.077s] INFO:colcon.colcon_core.shell:Creating environment descriptor '/home/mariobo/ernest_ws/src/ernest_simulations/install/controller/share/controller/hook/cmake_prefix_path.dsv'
[12.079s] INFO:colcon.colcon_core.shell:Creating environment hook '/home/mariobo/ernest_ws/src/ernest_simulations/install/controller/share/controller/hook/cmake_prefix_path.sh'
[12.081s] Level 1:colcon.colcon_core.environment:checking '/home/mariobo/ernest_ws/src/ernest_simulations/install/controller/lib'
[12.082s] Level 1:colcon.colcon_core.environment:checking '/home/mariobo/ernest_ws/src/ernest_simulations/install/controller/bin'
[12.082s] Level 1:colcon.colcon_core.environment:checking '/home/mariobo/ernest_ws/src/ernest_simulations/install/controller/lib/pkgconfig/controller.pc'
[12.083s] Level 1:colcon.colcon_core.environment:checking '/home/mariobo/ernest_ws/src/ernest_simulations/install/controller/lib/python3.8/site-packages'
[12.083s] Level 1:colcon.colcon_core.environment:checking '/home/mariobo/ernest_ws/src/ernest_simulations/install/controller/bin'
[12.165s] INFO:colcon.colcon_core.shell:Creating package script '/home/mariobo/ernest_ws/src/ernest_simulations/install/controller/share/controller/package.ps1'
[12.166s] INFO:colcon.colcon_core.shell:Creating package descriptor '/home/mariobo/ernest_ws/src/ernest_simulations/install/controller/share/controller/package.dsv'
[12.168s] INFO:colcon.colcon_core.shell:Creating package script '/home/mariobo/ernest_ws/src/ernest_simulations/install/controller/share/controller/package.sh'
[12.169s] INFO:colcon.colcon_core.shell:Creating package script '/home/mariobo/ernest_ws/src/ernest_simulations/install/controller/share/controller/package.bash'
[12.170s] INFO:colcon.colcon_core.shell:Creating package script '/home/mariobo/ernest_ws/src/ernest_simulations/install/controller/share/controller/package.zsh'
[12.172s] Level 1:colcon.colcon_core.environment:create_file_with_runtime_dependencies(/home/mariobo/ernest_ws/src/ernest_simulations/install/controller/share/colcon-core/packages/controller)
[12.272s] Level 1:colcon.colcon_core.environment:create_environment_scripts_only(gazebo_ros2_control)
[12.377s] Level 1:colcon.colcon_core.environment:checking '/home/mariobo/ernest_ws/src/ernest_simulations/install/gazebo_ros2_control' for CMake module files
[12.379s] Level 1:colcon.colcon_core.environment:checking '/home/mariobo/ernest_ws/src/ernest_simulations/install/gazebo_ros2_control' for CMake config files
[12.380s] Level 1:colcon.colcon_core.shell:create_environment_hook('gazebo_ros2_control', 'cmake_prefix_path')
[12.477s] INFO:colcon.colcon_core.shell:Creating environment hook '/home/mariobo/ernest_ws/src/ernest_simulations/install/gazebo_ros2_control/share/gazebo_ros2_control/hook/cmake_prefix_path.ps1'
[12.478s] INFO:colcon.colcon_core.shell:Creating environment descriptor '/home/mariobo/ernest_ws/src/ernest_simulations/install/gazebo_ros2_control/share/gazebo_ros2_control/hook/cmake_prefix_path.dsv'
[12.479s] INFO:colcon.colcon_core.shell:Creating environment hook '/home/mariobo/ernest_ws/src/ernest_simulations/install/gazebo_ros2_control/share/gazebo_ros2_control/hook/cmake_prefix_path.sh'
[12.481s] Level 1:colcon.colcon_core.environment:checking '/home/mariobo/ernest_ws/src/ernest_simulations/install/gazebo_ros2_control/lib'
[12.481s] Level 1:colcon.colcon_core.shell:create_environment_hook('gazebo_ros2_control', 'ld_library_path_lib')
[12.581s] INFO:colcon.colcon_core.shell:Creating environment hook '/home/mariobo/ernest_ws/src/ernest_simulations/install/gazebo_ros2_control/share/gazebo_ros2_control/hook/ld_library_path_lib.ps1'
[12.583s] INFO:colcon.colcon_core.shell:Creating environment descriptor '/home/mariobo/ernest_ws/src/ernest_simulations/install/gazebo_ros2_control/share/gazebo_ros2_control/hook/ld_library_path_lib.dsv'
[12.584s] INFO:colcon.colcon_core.shell:Creating environment hook '/home/mariobo/ernest_ws/src/ernest_simulations/install/gazebo_ros2_control/share/gazebo_ros2_control/hook/ld_library_path_lib.sh'
[12.585s] Level 1:colcon.colcon_core.environment:checking '/home/mariobo/ernest_ws/src/ernest_simulations/install/gazebo_ros2_control/bin'
[12.585s] Level 1:colcon.colcon_core.environment:checking '/home/mariobo/ernest_ws/src/ernest_simulations/install/gazebo_ros2_control/lib/pkgconfig/gazebo_ros2_control.pc'
[12.585s] Level 1:colcon.colcon_core.environment:checking '/home/mariobo/ernest_ws/src/ernest_simulations/install/gazebo_ros2_control/lib/python3.8/site-packages'
[12.586s] Level 1:colcon.colcon_core.environment:checking '/home/mariobo/ernest_ws/src/ernest_simulations/install/gazebo_ros2_control/bin'
[12.692s] INFO:colcon.colcon_core.shell:Creating package script '/home/mariobo/ernest_ws/src/ernest_simulations/install/gazebo_ros2_control/share/gazebo_ros2_control/package.ps1'
[12.693s] INFO:colcon.colcon_core.shell:Creating package descriptor '/home/mariobo/ernest_ws/src/ernest_simulations/install/gazebo_ros2_control/share/gazebo_ros2_control/package.dsv'
[12.694s] INFO:colcon.colcon_core.shell:Creating package script '/home/mariobo/ernest_ws/src/ernest_simulations/install/gazebo_ros2_control/share/gazebo_ros2_control/package.sh'
[12.695s] INFO:colcon.colcon_core.shell:Creating package script '/home/mariobo/ernest_ws/src/ernest_simulations/install/gazebo_ros2_control/share/gazebo_ros2_control/package.bash'
[12.696s] INFO:colcon.colcon_core.shell:Creating package script '/home/mariobo/ernest_ws/src/ernest_simulations/install/gazebo_ros2_control/share/gazebo_ros2_control/package.zsh'
[12.697s] Level 1:colcon.colcon_core.environment:create_file_with_runtime_dependencies(/home/mariobo/ernest_ws/src/ernest_simulations/install/gazebo_ros2_control/share/colcon-core/packages/gazebo_ros2_control)
[12.850s] Level 1:colcon.colcon_core.shell:create_environment_hook('mpc_controller', 'pythonpath_develop')
[12.853s] DEBUG:colcon.colcon_core.event_handler.log_command:Invoked command in '/home/mariobo/ernest_ws/src/ernest_simulations/build/mpc_controller' returned '0': PYTHONPATH=/home/mariobo/ernest_ws/src/ernest_simulations/build/mpc_controller/prefix_override:/home/mariobo/ernest_ws/src/ernest_simulations/install/mpc_controller/lib/python3.8/site-packages:${PYTHONPATH} /usr/bin/python3 setup.py develop --editable --build-directory /home/mariobo/ernest_ws/src/ernest_simulations/build/mpc_controller/build --no-deps install_data
[12.942s] INFO:colcon.colcon_core.shell:Creating environment hook '/home/mariobo/ernest_ws/src/ernest_simulations/build/mpc_controller/share/mpc_controller/hook/pythonpath_develop.ps1'
[12.945s] INFO:colcon.colcon_core.shell:Creating environment descriptor '/home/mariobo/ernest_ws/src/ernest_simulations/build/mpc_controller/share/mpc_controller/hook/pythonpath_develop.dsv'
[12.947s] INFO:colcon.colcon_core.shell:Creating environment hook '/home/mariobo/ernest_ws/src/ernest_simulations/build/mpc_controller/share/mpc_controller/hook/pythonpath_develop.sh'
[13.028s] Level 1:colcon.colcon_core.environment:checking '/home/mariobo/ernest_ws/src/ernest_simulations/install/mpc_controller' for CMake module files
[13.029s] Level 1:colcon.colcon_core.environment:checking '/home/mariobo/ernest_ws/src/ernest_simulations/install/mpc_controller' for CMake config files
[13.029s] Level 1:colcon.colcon_core.environment:checking '/home/mariobo/ernest_ws/src/ernest_simulations/install/mpc_controller/lib'
[13.030s] Level 1:colcon.colcon_core.environment:checking '/home/mariobo/ernest_ws/src/ernest_simulations/install/mpc_controller/bin'
[13.030s] Level 1:colcon.colcon_core.environment:checking '/home/mariobo/ernest_ws/src/ernest_simulations/install/mpc_controller/lib/pkgconfig/mpc_controller.pc'
[13.030s] Level 1:colcon.colcon_core.environment:checking '/home/mariobo/ernest_ws/src/ernest_simulations/install/mpc_controller/lib/python3.8/site-packages'
[13.030s] Level 1:colcon.colcon_core.shell:create_environment_hook('mpc_controller', 'pythonpath')
[13.102s] INFO:colcon.colcon_core.shell:Creating environment hook '/home/mariobo/ernest_ws/src/ernest_simulations/install/mpc_controller/share/mpc_controller/hook/pythonpath.ps1'
[13.104s] INFO:colcon.colcon_core.shell:Creating environment descriptor '/home/mariobo/ernest_ws/src/ernest_simulations/install/mpc_controller/share/mpc_controller/hook/pythonpath.dsv'
[13.105s] INFO:colcon.colcon_core.shell:Creating environment hook '/home/mariobo/ernest_ws/src/ernest_simulations/install/mpc_controller/share/mpc_controller/hook/pythonpath.sh'
[13.107s] Level 1:colcon.colcon_core.environment:checking '/home/mariobo/ernest_ws/src/ernest_simulations/install/mpc_controller/bin'
[13.108s] Level 1:colcon.colcon_core.environment:create_environment_scripts_only(mpc_controller)
[13.195s] INFO:colcon.colcon_core.shell:Creating package script '/home/mariobo/ernest_ws/src/ernest_simulations/install/mpc_controller/share/mpc_controller/package.ps1'
[13.197s] INFO:colcon.colcon_core.shell:Creating package descriptor '/home/mariobo/ernest_ws/src/ernest_simulations/install/mpc_controller/share/mpc_controller/package.dsv'
[13.198s] INFO:colcon.colcon_core.shell:Creating package script '/home/mariobo/ernest_ws/src/ernest_simulations/install/mpc_controller/share/mpc_controller/package.sh'
[13.199s] INFO:colcon.colcon_core.shell:Creating package script '/home/mariobo/ernest_ws/src/ernest_simulations/install/mpc_controller/share/mpc_controller/package.bash'
[13.200s] INFO:colcon.colcon_core.shell:Creating package script '/home/mariobo/ernest_ws/src/ernest_simulations/install/mpc_controller/share/mpc_controller/package.zsh'
[13.201s] Level 1:colcon.colcon_core.environment:create_file_with_runtime_dependencies(/home/mariobo/ernest_ws/src/ernest_simulations/install/mpc_controller/share/colcon-core/packages/mpc_controller)
[13.202s] DEBUG:colcon.colcon_parallel_executor.executor.parallel:closing loop
[13.203s] DEBUG:colcon.colcon_parallel_executor.executor.parallel:loop closed
[13.203s] DEBUG:colcon.colcon_parallel_executor.executor.parallel:run_until_complete finished with '0'
[13.203s] DEBUG:colcon.colcon_core.event_reactor:joining thread
[13.292s] INFO:colcon.colcon_core.plugin_system:Skipping extension 'colcon_notification.desktop_notification.terminal_notifier': Not used on non-Darwin systems
[13.293s] INFO:colcon.colcon_core.plugin_system:Skipping extension 'colcon_notification.desktop_notification.win32': Not used on non-Windows systems
[13.293s] INFO:colcon.colcon_notification.desktop_notification:Sending desktop notification using 'notify2'
[13.340s] DEBUG:colcon.colcon_core.event_reactor:joined thread
[13.434s] INFO:colcon.colcon_core.shell:Creating prefix script '/home/mariobo/ernest_ws/src/ernest_simulations/install/local_setup.ps1'
[13.436s] INFO:colcon.colcon_core.shell:Creating prefix util module '/home/mariobo/ernest_ws/src/ernest_simulations/install/_local_setup_util_ps1.py'
[13.438s] INFO:colcon.colcon_core.shell:Creating prefix chain script '/home/mariobo/ernest_ws/src/ernest_simulations/install/setup.ps1'
[13.516s] INFO:colcon.colcon_core.shell:Creating prefix script '/home/mariobo/ernest_ws/src/ernest_simulations/install/local_setup.sh'
[13.518s] INFO:colcon.colcon_core.shell:Creating prefix util module '/home/mariobo/ernest_ws/src/ernest_simulations/install/_local_setup_util_sh.py'
[13.519s] INFO:colcon.colcon_core.shell:Creating prefix chain script '/home/mariobo/ernest_ws/src/ernest_simulations/install/setup.sh'
[13.605s] INFO:colcon.colcon_core.shell:Creating prefix script '/home/mariobo/ernest_ws/src/ernest_simulations/install/local_setup.bash'
[13.607s] INFO:colcon.colcon_core.shell:Creating prefix chain script '/home/mariobo/ernest_ws/src/ernest_simulations/install/setup.bash'
[13.699s] INFO:colcon.colcon_core.shell:Creating prefix script '/home/mariobo/ernest_ws/src/ernest_simulations/install/local_setup.zsh'
[13.701s] INFO:colcon.colcon_core.shell:Creating prefix chain script '/home/mariobo/ernest_ws/src/ernest_simulations/install/setup.zsh'
