[3.026s] DEBUG:colcon:Command line arguments: ['/usr/bin/colcon', 'build', '--packages-select', 'ernest_mpc']
[3.027s] DEBUG:colcon:Parsed command line arguments: Namespace(allow_overriding=[], ament_cmake_args=None, base_paths=['.'], build_base='build', catkin_cmake_args=None, catkin_skip_building_tests=False, cmake_args=None, cmake_clean_cache=False, cmake_clean_first=False, cmake_force_configure=False, cmake_target=None, cmake_target_skip_unavailable=False, continue_on_error=False, event_handlers=None, executor='parallel', ignore_user_meta=False, install_base='install', log_base=None, log_level=None, main=<bound method BuildVerb.main of <colcon_core.verb.build.BuildVerb object at 0x7f7801eac3d0>>, merge_install=False, metas=['./colcon.meta'], packages_above=None, packages_above_and_dependencies=None, packages_above_depth=None, packages_end=None, packages_ignore=None, packages_ignore_regex=None, packages_select=['ernest_mpc'], packages_select_build_failed=False, packages_select_by_dep=None, packages_select_regex=None, packages_select_test_failures=False, packages_skip=None, packages_skip_build_finished=False, packages_skip_by_dep=None, packages_skip_regex=None, packages_skip_test_passed=False, packages_skip_up_to=None, packages_start=None, packages_up_to=None, packages_up_to_regex=None, parallel_workers=8, paths=None, symlink_install=False, test_result_base=None, verb_extension=<colcon_core.verb.build.BuildVerb object at 0x7f7801eac3d0>, verb_name='build', verb_parser=<colcon_defaults.argument_parser.defaults.DefaultArgumentsDecorator object at 0x7f7801eacb50>)
[3.187s] Level 1:colcon.colcon_core.package_discovery:discover_packages(colcon_meta) check parameters
[3.187s] Level 1:colcon.colcon_core.package_discovery:discover_packages(recursive) check parameters
[3.188s] Level 1:colcon.colcon_core.package_discovery:discover_packages(ignore) check parameters
[3.188s] Level 1:colcon.colcon_core.package_discovery:discover_packages(path) check parameters
[3.188s] Level 1:colcon.colcon_core.package_discovery:discover_packages(colcon_meta) discover
[3.188s] Level 1:colcon.colcon_core.package_discovery:discover_packages(recursive) discover
[3.188s] INFO:colcon.colcon_core.package_discovery:Crawling recursively for packages in '/home/mariobo/ernest_ws/src/ernest_simulations'
[3.188s] Level 1:colcon.colcon_core.package_identification:_identify(.) by extensions ['ignore', 'ignore_ament_install']
[3.189s] Level 1:colcon.colcon_core.package_identification:_identify(.) by extension 'ignore'
[3.189s] Level 1:colcon.colcon_core.package_identification:_identify(.) by extension 'ignore_ament_install'
[3.189s] Level 1:colcon.colcon_core.package_identification:_identify(.) by extensions ['colcon_pkg']
[3.189s] Level 1:colcon.colcon_core.package_identification:_identify(.) by extension 'colcon_pkg'
[3.189s] Level 1:colcon.colcon_core.package_identification:_identify(.) by extensions ['colcon_meta']
[3.189s] Level 1:colcon.colcon_core.package_identification:_identify(.) by extension 'colcon_meta'
[3.189s] Level 1:colcon.colcon_core.package_identification:_identify(.) by extensions ['ros']
[3.190s] Level 1:colcon.colcon_core.package_identification:_identify(.) by extension 'ros'
[3.213s] Level 1:colcon.colcon_core.package_identification:_identify(.) by extensions ['cmake', 'python']
[3.213s] Level 1:colcon.colcon_core.package_identification:_identify(.) by extension 'cmake'
[3.213s] Level 1:colcon.colcon_core.package_identification:_identify(.) by extension 'python'
[3.213s] Level 1:colcon.colcon_core.package_identification:_identify(.) by extensions ['python_setup_py']
[3.213s] Level 1:colcon.colcon_core.package_identification:_identify(.) by extension 'python_setup_py'
[3.213s] Level 1:colcon.colcon_core.package_identification:_identify(build) by extensions ['ignore', 'ignore_ament_install']
[3.213s] Level 1:colcon.colcon_core.package_identification:_identify(build) by extension 'ignore'
[3.213s] Level 1:colcon.colcon_core.package_identification:_identify(build) ignored
[3.214s] Level 1:colcon.colcon_core.package_identification:_identify(ernest_controller) by extensions ['ignore', 'ignore_ament_install']
[3.214s] Level 1:colcon.colcon_core.package_identification:_identify(ernest_controller) by extension 'ignore'
[3.214s] Level 1:colcon.colcon_core.package_identification:_identify(ernest_controller) by extension 'ignore_ament_install'
[3.214s] Level 1:colcon.colcon_core.package_identification:_identify(ernest_controller) by extensions ['colcon_pkg']
[3.214s] Level 1:colcon.colcon_core.package_identification:_identify(ernest_controller) by extension 'colcon_pkg'
[3.214s] Level 1:colcon.colcon_core.package_identification:_identify(ernest_controller) by extensions ['colcon_meta']
[3.214s] Level 1:colcon.colcon_core.package_identification:_identify(ernest_controller) by extension 'colcon_meta'
[3.214s] Level 1:colcon.colcon_core.package_identification:_identify(ernest_controller) by extensions ['ros']
[3.214s] Level 1:colcon.colcon_core.package_identification:_identify(ernest_controller) by extension 'ros'
[3.222s] DEBUG:colcon.colcon_core.package_identification:Package 'ernest_controller' with type 'ros.ament_cmake' and name 'ernest_controller'
[3.222s] Level 1:colcon.colcon_core.package_identification:_identify(ernest_description) by extensions ['ignore', 'ignore_ament_install']
[3.223s] Level 1:colcon.colcon_core.package_identification:_identify(ernest_description) by extension 'ignore'
[3.223s] Level 1:colcon.colcon_core.package_identification:_identify(ernest_description) by extension 'ignore_ament_install'
[3.223s] Level 1:colcon.colcon_core.package_identification:_identify(ernest_description) by extensions ['colcon_pkg']
[3.223s] Level 1:colcon.colcon_core.package_identification:_identify(ernest_description) by extension 'colcon_pkg'
[3.223s] Level 1:colcon.colcon_core.package_identification:_identify(ernest_description) by extensions ['colcon_meta']
[3.223s] Level 1:colcon.colcon_core.package_identification:_identify(ernest_description) by extension 'colcon_meta'
[3.224s] Level 1:colcon.colcon_core.package_identification:_identify(ernest_description) by extensions ['ros']
[3.224s] Level 1:colcon.colcon_core.package_identification:_identify(ernest_description) by extension 'ros'
[3.225s] DEBUG:colcon.colcon_core.package_identification:Package 'ernest_description' with type 'ros.ament_cmake' and name 'ernest_description'
[3.225s] Level 1:colcon.colcon_core.package_identification:_identify(ernest_mpc) by extensions ['ignore', 'ignore_ament_install']
[3.225s] Level 1:colcon.colcon_core.package_identification:_identify(ernest_mpc) by extension 'ignore'
[3.225s] Level 1:colcon.colcon_core.package_identification:_identify(ernest_mpc) by extension 'ignore_ament_install'
[3.226s] Level 1:colcon.colcon_core.package_identification:_identify(ernest_mpc) by extensions ['colcon_pkg']
[3.226s] Level 1:colcon.colcon_core.package_identification:_identify(ernest_mpc) by extension 'colcon_pkg'
[3.226s] Level 1:colcon.colcon_core.package_identification:_identify(ernest_mpc) by extensions ['colcon_meta']
[3.226s] Level 1:colcon.colcon_core.package_identification:_identify(ernest_mpc) by extension 'colcon_meta'
[3.226s] Level 1:colcon.colcon_core.package_identification:_identify(ernest_mpc) by extensions ['ros']
[3.226s] Level 1:colcon.colcon_core.package_identification:_identify(ernest_mpc) by extension 'ros'
[3.228s] DEBUG:colcon.colcon_core.package_identification:Package 'ernest_mpc' with type 'ros.ament_cmake' and name 'ernest_mpc'
[3.228s] Level 1:colcon.colcon_core.package_identification:_identify(install) by extensions ['ignore', 'ignore_ament_install']
[3.228s] Level 1:colcon.colcon_core.package_identification:_identify(install) by extension 'ignore'
[3.228s] Level 1:colcon.colcon_core.package_identification:_identify(install) ignored
[3.228s] Level 1:colcon.colcon_core.package_identification:_identify(log) by extensions ['ignore', 'ignore_ament_install']
[3.228s] Level 1:colcon.colcon_core.package_identification:_identify(log) by extension 'ignore'
[3.229s] Level 1:colcon.colcon_core.package_identification:_identify(log) ignored
[3.229s] Level 1:colcon.colcon_core.package_discovery:discover_packages(recursive) using defaults
[3.229s] Level 1:colcon.colcon_core.package_discovery:discover_packages(ignore) discover
[3.229s] Level 1:colcon.colcon_core.package_discovery:discover_packages(ignore) using defaults
[3.229s] Level 1:colcon.colcon_core.package_discovery:discover_packages(path) discover
[3.229s] Level 1:colcon.colcon_core.package_discovery:discover_packages(path) using defaults
[3.450s] INFO:colcon.colcon_core.package_selection:Skipping not selected package 'ernest_controller' in 'ernest_controller'
[3.450s] INFO:colcon.colcon_core.package_selection:Skipping not selected package 'ernest_description' in 'ernest_description'
[3.569s] Level 1:colcon.colcon_core.package_discovery:discover_packages(prefix_path) check parameters
[3.569s] Level 1:colcon.colcon_core.package_discovery:discover_packages(prefix_path) discover
[3.694s] DEBUG:colcon.colcon_installed_package_information.package_discovery:Found 286 installed packages in /opt/ros/foxy
[3.696s] Level 1:colcon.colcon_core.package_discovery:discover_packages(prefix_path) using defaults
[3.946s] Level 5:colcon.colcon_core.verb:set package 'ernest_mpc' build argument 'cmake_args' from command line to 'None'
[3.946s] Level 5:colcon.colcon_core.verb:set package 'ernest_mpc' build argument 'cmake_target' from command line to 'None'
[3.946s] Level 5:colcon.colcon_core.verb:set package 'ernest_mpc' build argument 'cmake_target_skip_unavailable' from command line to 'False'
[3.946s] Level 5:colcon.colcon_core.verb:set package 'ernest_mpc' build argument 'cmake_clean_cache' from command line to 'False'
[3.946s] Level 5:colcon.colcon_core.verb:set package 'ernest_mpc' build argument 'cmake_clean_first' from command line to 'False'
[3.946s] Level 5:colcon.colcon_core.verb:set package 'ernest_mpc' build argument 'cmake_force_configure' from command line to 'False'
[3.946s] Level 5:colcon.colcon_core.verb:set package 'ernest_mpc' build argument 'ament_cmake_args' from command line to 'None'
[3.946s] Level 5:colcon.colcon_core.verb:set package 'ernest_mpc' build argument 'catkin_cmake_args' from command line to 'None'
[3.946s] Level 5:colcon.colcon_core.verb:set package 'ernest_mpc' build argument 'catkin_skip_building_tests' from command line to 'False'
[3.946s] DEBUG:colcon.colcon_core.verb:Building package 'ernest_mpc' with the following arguments: {'ament_cmake_args': None, 'build_base': '/home/mariobo/ernest_ws/src/ernest_simulations/build/ernest_mpc', 'catkin_cmake_args': None, 'catkin_skip_building_tests': False, 'cmake_args': None, 'cmake_clean_cache': False, 'cmake_clean_first': False, 'cmake_force_configure': False, 'cmake_target': None, 'cmake_target_skip_unavailable': False, 'install_base': '/home/mariobo/ernest_ws/src/ernest_simulations/install/ernest_mpc', 'merge_install': False, 'path': '/home/mariobo/ernest_ws/src/ernest_simulations/ernest_mpc', 'symlink_install': False, 'test_result_base': None}
[4.013s] INFO:colcon.colcon_core.executor:Executing jobs using 'parallel' executor
[4.076s] DEBUG:colcon.colcon_parallel_executor.executor.parallel:run_until_complete
[4.077s] INFO:colcon.colcon_ros.task.ament_cmake.build:Building ROS package in '/home/mariobo/ernest_ws/src/ernest_simulations/ernest_mpc' with build type 'ament_cmake'
[4.077s] INFO:colcon.colcon_cmake.task.cmake.build:Building CMake package in '/home/mariobo/ernest_ws/src/ernest_simulations/ernest_mpc'
[4.156s] INFO:colcon.colcon_core.plugin_system:Skipping extension 'colcon_core.shell.bat': Not used on non-Windows systems
[4.157s] INFO:colcon.colcon_core.shell:Skip shell extension 'powershell' for command environment: Not usable outside of PowerShell
[4.157s] DEBUG:colcon.colcon_core.shell:Skip shell extension 'dsv' for command environment
[4.353s] DEBUG:colcon.colcon_core.event_handler.log_command:Invoking command in '/home/mariobo/ernest_ws/src/ernest_simulations/build/ernest_mpc': CMAKE_PREFIX_PATH=/opt/ros/foxy /usr/local/bin/cmake /home/mariobo/ernest_ws/src/ernest_simulations/ernest_mpc -DCMAKE_INSTALL_PREFIX=/home/mariobo/ernest_ws/src/ernest_simulations/install/ernest_mpc
[6.510s] DEBUG:colcon.colcon_core.event_handler.log_command:Invoked command in '/home/mariobo/ernest_ws/src/ernest_simulations/build/ernest_mpc' returned '0': CMAKE_PREFIX_PATH=/opt/ros/foxy /usr/local/bin/cmake /home/mariobo/ernest_ws/src/ernest_simulations/ernest_mpc -DCMAKE_INSTALL_PREFIX=/home/mariobo/ernest_ws/src/ernest_simulations/install/ernest_mpc
[6.518s] DEBUG:colcon.colcon_core.event_handler.log_command:Invoking command in '/home/mariobo/ernest_ws/src/ernest_simulations/build/ernest_mpc': CMAKE_PREFIX_PATH=/opt/ros/foxy /usr/local/bin/cmake --build /home/mariobo/ernest_ws/src/ernest_simulations/build/ernest_mpc -- -j8 -l8
[6.554s] DEBUG:colcon.colcon_core.event_handler.log_command:Invoked command in '/home/mariobo/ernest_ws/src/ernest_simulations/build/ernest_mpc' returned '0': CMAKE_PREFIX_PATH=/opt/ros/foxy /usr/local/bin/cmake --build /home/mariobo/ernest_ws/src/ernest_simulations/build/ernest_mpc -- -j8 -l8
[6.591s] DEBUG:colcon.colcon_core.event_handler.log_command:Invoking command in '/home/mariobo/ernest_ws/src/ernest_simulations/build/ernest_mpc': CMAKE_PREFIX_PATH=/opt/ros/foxy /usr/local/bin/cmake --install /home/mariobo/ernest_ws/src/ernest_simulations/build/ernest_mpc
[6.604s] Level 1:colcon.colcon_core.environment:create_environment_scripts_only(ernest_mpc)
[6.604s] DEBUG:colcon.colcon_core.event_handler.log_command:Invoked command in '/home/mariobo/ernest_ws/src/ernest_simulations/build/ernest_mpc' returned '0': CMAKE_PREFIX_PATH=/opt/ros/foxy /usr/local/bin/cmake --install /home/mariobo/ernest_ws/src/ernest_simulations/build/ernest_mpc
[6.677s] Level 1:colcon.colcon_core.environment:checking '/home/mariobo/ernest_ws/src/ernest_simulations/install/ernest_mpc' for CMake module files
[6.678s] Level 1:colcon.colcon_core.environment:checking '/home/mariobo/ernest_ws/src/ernest_simulations/install/ernest_mpc' for CMake config files
[6.679s] Level 1:colcon.colcon_core.shell:create_environment_hook('ernest_mpc', 'cmake_prefix_path')
[6.740s] INFO:colcon.colcon_core.shell:Creating environment hook '/home/mariobo/ernest_ws/src/ernest_simulations/install/ernest_mpc/share/ernest_mpc/hook/cmake_prefix_path.ps1'
[6.741s] INFO:colcon.colcon_core.shell:Creating environment descriptor '/home/mariobo/ernest_ws/src/ernest_simulations/install/ernest_mpc/share/ernest_mpc/hook/cmake_prefix_path.dsv'
[6.742s] INFO:colcon.colcon_core.shell:Creating environment hook '/home/mariobo/ernest_ws/src/ernest_simulations/install/ernest_mpc/share/ernest_mpc/hook/cmake_prefix_path.sh'
[6.744s] Level 1:colcon.colcon_core.environment:checking '/home/mariobo/ernest_ws/src/ernest_simulations/install/ernest_mpc/bin'
[6.744s] Level 1:colcon.colcon_core.environment:checking '/home/mariobo/ernest_ws/src/ernest_simulations/install/ernest_mpc/lib/pkgconfig/ernest_mpc.pc'
[6.745s] Level 1:colcon.colcon_core.environment:checking '/home/mariobo/ernest_ws/src/ernest_simulations/install/ernest_mpc/lib/python3.8/site-packages'
[6.745s] Level 1:colcon.colcon_core.environment:checking '/home/mariobo/ernest_ws/src/ernest_simulations/install/ernest_mpc/bin'
[6.811s] INFO:colcon.colcon_core.shell:Creating package script '/home/mariobo/ernest_ws/src/ernest_simulations/install/ernest_mpc/share/ernest_mpc/package.ps1'
[6.812s] INFO:colcon.colcon_core.shell:Creating package descriptor '/home/mariobo/ernest_ws/src/ernest_simulations/install/ernest_mpc/share/ernest_mpc/package.dsv'
[6.813s] INFO:colcon.colcon_core.shell:Creating package script '/home/mariobo/ernest_ws/src/ernest_simulations/install/ernest_mpc/share/ernest_mpc/package.sh'
[6.814s] INFO:colcon.colcon_core.shell:Creating package script '/home/mariobo/ernest_ws/src/ernest_simulations/install/ernest_mpc/share/ernest_mpc/package.bash'
[6.816s] INFO:colcon.colcon_core.shell:Creating package script '/home/mariobo/ernest_ws/src/ernest_simulations/install/ernest_mpc/share/ernest_mpc/package.zsh'
[6.817s] Level 1:colcon.colcon_core.environment:create_file_with_runtime_dependencies(/home/mariobo/ernest_ws/src/ernest_simulations/install/ernest_mpc/share/colcon-core/packages/ernest_mpc)
[6.914s] Level 1:colcon.colcon_core.environment:create_environment_scripts_only(ernest_mpc)
[6.982s] Level 1:colcon.colcon_core.environment:checking '/home/mariobo/ernest_ws/src/ernest_simulations/install/ernest_mpc' for CMake module files
[6.982s] Level 1:colcon.colcon_core.environment:checking '/home/mariobo/ernest_ws/src/ernest_simulations/install/ernest_mpc' for CMake config files
[6.983s] Level 1:colcon.colcon_core.shell:create_environment_hook('ernest_mpc', 'cmake_prefix_path')
[7.056s] INFO:colcon.colcon_core.shell:Creating environment hook '/home/mariobo/ernest_ws/src/ernest_simulations/install/ernest_mpc/share/ernest_mpc/hook/cmake_prefix_path.ps1'
[7.057s] INFO:colcon.colcon_core.shell:Creating environment descriptor '/home/mariobo/ernest_ws/src/ernest_simulations/install/ernest_mpc/share/ernest_mpc/hook/cmake_prefix_path.dsv'
[7.058s] INFO:colcon.colcon_core.shell:Creating environment hook '/home/mariobo/ernest_ws/src/ernest_simulations/install/ernest_mpc/share/ernest_mpc/hook/cmake_prefix_path.sh'
[7.059s] Level 1:colcon.colcon_core.environment:checking '/home/mariobo/ernest_ws/src/ernest_simulations/install/ernest_mpc/bin'
[7.059s] Level 1:colcon.colcon_core.environment:checking '/home/mariobo/ernest_ws/src/ernest_simulations/install/ernest_mpc/lib/pkgconfig/ernest_mpc.pc'
[7.059s] Level 1:colcon.colcon_core.environment:checking '/home/mariobo/ernest_ws/src/ernest_simulations/install/ernest_mpc/lib/python3.8/site-packages'
[7.059s] Level 1:colcon.colcon_core.environment:checking '/home/mariobo/ernest_ws/src/ernest_simulations/install/ernest_mpc/bin'
[7.128s] INFO:colcon.colcon_core.shell:Creating package script '/home/mariobo/ernest_ws/src/ernest_simulations/install/ernest_mpc/share/ernest_mpc/package.ps1'
[7.129s] INFO:colcon.colcon_core.shell:Creating package descriptor '/home/mariobo/ernest_ws/src/ernest_simulations/install/ernest_mpc/share/ernest_mpc/package.dsv'
[7.131s] INFO:colcon.colcon_core.shell:Creating package script '/home/mariobo/ernest_ws/src/ernest_simulations/install/ernest_mpc/share/ernest_mpc/package.sh'
[7.132s] INFO:colcon.colcon_core.shell:Creating package script '/home/mariobo/ernest_ws/src/ernest_simulations/install/ernest_mpc/share/ernest_mpc/package.bash'
[7.133s] INFO:colcon.colcon_core.shell:Creating package script '/home/mariobo/ernest_ws/src/ernest_simulations/install/ernest_mpc/share/ernest_mpc/package.zsh'
[7.134s] Level 1:colcon.colcon_core.environment:create_file_with_runtime_dependencies(/home/mariobo/ernest_ws/src/ernest_simulations/install/ernest_mpc/share/colcon-core/packages/ernest_mpc)
[7.135s] DEBUG:colcon.colcon_parallel_executor.executor.parallel:closing loop
[7.136s] DEBUG:colcon.colcon_parallel_executor.executor.parallel:loop closed
[7.137s] DEBUG:colcon.colcon_parallel_executor.executor.parallel:run_until_complete finished with '0'
[7.137s] DEBUG:colcon.colcon_core.event_reactor:joining thread
[7.229s] INFO:colcon.colcon_core.plugin_system:Skipping extension 'colcon_notification.desktop_notification.terminal_notifier': Not used on non-Darwin systems
[7.229s] INFO:colcon.colcon_core.plugin_system:Skipping extension 'colcon_notification.desktop_notification.win32': Not used on non-Windows systems
[7.229s] INFO:colcon.colcon_notification.desktop_notification:Sending desktop notification using 'notify2'
[7.260s] DEBUG:colcon.colcon_core.event_reactor:joined thread
[7.352s] INFO:colcon.colcon_core.shell:Creating prefix script '/home/mariobo/ernest_ws/src/ernest_simulations/install/local_setup.ps1'
[7.354s] INFO:colcon.colcon_core.shell:Creating prefix util module '/home/mariobo/ernest_ws/src/ernest_simulations/install/_local_setup_util_ps1.py'
[7.357s] INFO:colcon.colcon_core.shell:Creating prefix chain script '/home/mariobo/ernest_ws/src/ernest_simulations/install/setup.ps1'
[7.432s] INFO:colcon.colcon_core.shell:Creating prefix script '/home/mariobo/ernest_ws/src/ernest_simulations/install/local_setup.sh'
[7.433s] INFO:colcon.colcon_core.shell:Creating prefix util module '/home/mariobo/ernest_ws/src/ernest_simulations/install/_local_setup_util_sh.py'
[7.433s] INFO:colcon.colcon_core.shell:Creating prefix chain script '/home/mariobo/ernest_ws/src/ernest_simulations/install/setup.sh'
[7.511s] INFO:colcon.colcon_core.shell:Creating prefix script '/home/mariobo/ernest_ws/src/ernest_simulations/install/local_setup.bash'
[7.512s] INFO:colcon.colcon_core.shell:Creating prefix chain script '/home/mariobo/ernest_ws/src/ernest_simulations/install/setup.bash'
[7.587s] INFO:colcon.colcon_core.shell:Creating prefix script '/home/mariobo/ernest_ws/src/ernest_simulations/install/local_setup.zsh'
[7.589s] INFO:colcon.colcon_core.shell:Creating prefix chain script '/home/mariobo/ernest_ws/src/ernest_simulations/install/setup.zsh'
