[0.416s] Invoking command in '/home/mariobo/ernest_ws/src/ernest_simulations/build/ernest_mpc': CMAKE_PREFIX_PATH=${CMAKE_PREFIX_PATH}:/opt/ros/foxy /usr/local/bin/cmake --build /home/mariobo/ernest_ws/src/ernest_simulations/build/ernest_mpc -- -j8 -l8
[0.490s] [35m[1mConsolidate compiler generated dependencies of target straight_line_node[0m
[0.519s] [ 50%] [32mBuilding CXX object CMakeFiles/straight_line_node.dir/src/straight_line.cpp.o[0m
[12.619s] [100%] [32m[1mLinking CXX executable straight_line_node[0m
[13.271s] [100%] Built target straight_line_node
[13.286s] Invoked command in '/home/mariobo/ernest_ws/src/ernest_simulations/build/ernest_mpc' returned '0': CMAKE_PREFIX_PATH=${CMAKE_PREFIX_PATH}:/opt/ros/foxy /usr/local/bin/cmake --build /home/mariobo/ernest_ws/src/ernest_simulations/build/ernest_mpc -- -j8 -l8
[13.377s] Invoking command in '/home/mariobo/ernest_ws/src/ernest_simulations/build/ernest_mpc': CMAKE_PREFIX_PATH=${CMAKE_PREFIX_PATH}:/opt/ros/foxy /usr/local/bin/cmake --install /home/mariobo/ernest_ws/src/ernest_simulations/build/ernest_mpc
[13.388s] -- Install configuration: ""
[13.391s] -- Installing: /home/mariobo/ernest_ws/src/ernest_simulations/install/ernest_mpc/lib/ernest_mpc/straight_line_node
[13.395s] -- Set runtime path of "/home/mariobo/ernest_ws/src/ernest_simulations/install/ernest_mpc/lib/ernest_mpc/straight_line_node" to ""
[13.395s] -- Up-to-date: /home/mariobo/ernest_ws/src/ernest_simulations/install/ernest_mpc/share/ament_index/resource_index/package_run_dependencies/ernest_mpc
[13.397s] -- Up-to-date: /home/mariobo/ernest_ws/src/ernest_simulations/install/ernest_mpc/share/ament_index/resource_index/parent_prefix_path/ernest_mpc
[13.397s] -- Up-to-date: /home/mariobo/ernest_ws/src/ernest_simulations/install/ernest_mpc/share/ernest_mpc/environment/ament_prefix_path.sh
[13.398s] -- Up-to-date: /home/mariobo/ernest_ws/src/ernest_simulations/install/ernest_mpc/share/ernest_mpc/environment/ament_prefix_path.dsv
[13.399s] -- Up-to-date: /home/mariobo/ernest_ws/src/ernest_simulations/install/ernest_mpc/share/ernest_mpc/environment/path.sh
[13.399s] -- Up-to-date: /home/mariobo/ernest_ws/src/ernest_simulations/install/ernest_mpc/share/ernest_mpc/environment/path.dsv
[13.400s] -- Up-to-date: /home/mariobo/ernest_ws/src/ernest_simulations/install/ernest_mpc/share/ernest_mpc/local_setup.bash
[13.401s] -- Up-to-date: /home/mariobo/ernest_ws/src/ernest_simulations/install/ernest_mpc/share/ernest_mpc/local_setup.sh
[13.402s] -- Up-to-date: /home/mariobo/ernest_ws/src/ernest_simulations/install/ernest_mpc/share/ernest_mpc/local_setup.zsh
[13.402s] -- Up-to-date: /home/mariobo/ernest_ws/src/ernest_simulations/install/ernest_mpc/share/ernest_mpc/local_setup.dsv
[13.406s] -- Installing: /home/mariobo/ernest_ws/src/ernest_simulations/install/ernest_mpc/share/ernest_mpc/package.dsv
[13.406s] -- Up-to-date: /home/mariobo/ernest_ws/src/ernest_simulations/install/ernest_mpc/share/ament_index/resource_index/packages/ernest_mpc
[13.407s] -- Up-to-date: /home/mariobo/ernest_ws/src/ernest_simulations/install/ernest_mpc/share/ernest_mpc/cmake/ernest_mpcConfig.cmake
[13.407s] -- Up-to-date: /home/mariobo/ernest_ws/src/ernest_simulations/install/ernest_mpc/share/ernest_mpc/cmake/ernest_mpcConfig-version.cmake
[13.407s] -- Up-to-date: /home/mariobo/ernest_ws/src/ernest_simulations/install/ernest_mpc/share/ernest_mpc/package.xml
[13.408s] Invoked command in '/home/mariobo/ernest_ws/src/ernest_simulations/build/ernest_mpc' returned '0': CMAKE_PREFIX_PATH=${CMAKE_PREFIX_PATH}:/opt/ros/foxy /usr/local/bin/cmake --install /home/mariobo/ernest_ws/src/ernest_simulations/build/ernest_mpc
