[2.956s] DEBUG:colcon:Command line arguments: ['/usr/bin/colcon', 'build', '--symlink-install']
[2.956s] DEBUG:colcon:Parsed command line arguments: Namespace(allow_overriding=[], ament_cmake_args=None, base_paths=['.'], build_base='build', catkin_cmake_args=None, catkin_skip_building_tests=False, cmake_args=None, cmake_clean_cache=False, cmake_clean_first=False, cmake_force_configure=False, cmake_target=None, cmake_target_skip_unavailable=False, continue_on_error=False, event_handlers=None, executor='parallel', ignore_user_meta=False, install_base='install', log_base=None, log_level=None, main=<bound method BuildVerb.main of <colcon_core.verb.build.BuildVerb object at 0x7f954ec150a0>>, merge_install=False, metas=['./colcon.meta'], packages_above=None, packages_above_and_dependencies=None, packages_above_depth=None, packages_end=None, packages_ignore=None, packages_ignore_regex=None, packages_select=None, packages_select_build_failed=False, packages_select_by_dep=None, packages_select_regex=None, packages_select_test_failures=False, packages_skip=None, packages_skip_build_finished=False, packages_skip_by_dep=None, packages_skip_regex=None, packages_skip_test_passed=False, packages_skip_up_to=None, packages_start=None, packages_up_to=None, packages_up_to_regex=None, parallel_workers=8, paths=None, symlink_install=True, test_result_base=None, verb_extension=<colcon_core.verb.build.BuildVerb object at 0x7f954ec150a0>, verb_name='build', verb_parser=<colcon_defaults.argument_parser.defaults.DefaultArgumentsDecorator object at 0x7f954ec15d00>)
[3.104s] Level 1:colcon.colcon_core.package_discovery:discover_packages(colcon_meta) check parameters
[3.104s] Level 1:colcon.colcon_core.package_discovery:discover_packages(recursive) check parameters
[3.104s] Level 1:colcon.colcon_core.package_discovery:discover_packages(ignore) check parameters
[3.104s] Level 1:colcon.colcon_core.package_discovery:discover_packages(path) check parameters
[3.104s] Level 1:colcon.colcon_core.package_discovery:discover_packages(colcon_meta) discover
[3.104s] Level 1:colcon.colcon_core.package_discovery:discover_packages(recursive) discover
[3.104s] INFO:colcon.colcon_core.package_discovery:Crawling recursively for packages in '/home/mariobo/ernest_ws/src/ernest_simulations'
[3.104s] Level 1:colcon.colcon_core.package_identification:_identify(.) by extensions ['ignore', 'ignore_ament_install']
[3.104s] Level 1:colcon.colcon_core.package_identification:_identify(.) by extension 'ignore'
[3.104s] Level 1:colcon.colcon_core.package_identification:_identify(.) by extension 'ignore_ament_install'
[3.104s] Level 1:colcon.colcon_core.package_identification:_identify(.) by extensions ['colcon_pkg']
[3.104s] Level 1:colcon.colcon_core.package_identification:_identify(.) by extension 'colcon_pkg'
[3.104s] Level 1:colcon.colcon_core.package_identification:_identify(.) by extensions ['colcon_meta']
[3.104s] Level 1:colcon.colcon_core.package_identification:_identify(.) by extension 'colcon_meta'
[3.104s] Level 1:colcon.colcon_core.package_identification:_identify(.) by extensions ['ros']
[3.104s] Level 1:colcon.colcon_core.package_identification:_identify(.) by extension 'ros'
[3.117s] Level 1:colcon.colcon_core.package_identification:_identify(.) by extensions ['cmake', 'python']
[3.117s] Level 1:colcon.colcon_core.package_identification:_identify(.) by extension 'cmake'
[3.117s] Level 1:colcon.colcon_core.package_identification:_identify(.) by extension 'python'
[3.117s] Level 1:colcon.colcon_core.package_identification:_identify(.) by extensions ['python_setup_py']
[3.117s] Level 1:colcon.colcon_core.package_identification:_identify(.) by extension 'python_setup_py'
[3.118s] Level 1:colcon.colcon_core.package_identification:_identify(bringup) by extensions ['ignore', 'ignore_ament_install']
[3.118s] Level 1:colcon.colcon_core.package_identification:_identify(bringup) by extension 'ignore'
[3.118s] Level 1:colcon.colcon_core.package_identification:_identify(bringup) by extension 'ignore_ament_install'
[3.118s] Level 1:colcon.colcon_core.package_identification:_identify(bringup) by extensions ['colcon_pkg']
[3.118s] Level 1:colcon.colcon_core.package_identification:_identify(bringup) by extension 'colcon_pkg'
[3.118s] Level 1:colcon.colcon_core.package_identification:_identify(bringup) by extensions ['colcon_meta']
[3.118s] Level 1:colcon.colcon_core.package_identification:_identify(bringup) by extension 'colcon_meta'
[3.118s] Level 1:colcon.colcon_core.package_identification:_identify(bringup) by extensions ['ros']
[3.118s] Level 1:colcon.colcon_core.package_identification:_identify(bringup) by extension 'ros'
[3.120s] DEBUG:colcon.colcon_core.package_identification:Package 'bringup' with type 'ros.ament_cmake' and name 'bringup'
[3.121s] Level 1:colcon.colcon_core.package_identification:_identify(build) by extensions ['ignore', 'ignore_ament_install']
[3.121s] Level 1:colcon.colcon_core.package_identification:_identify(build) by extension 'ignore'
[3.121s] Level 1:colcon.colcon_core.package_identification:_identify(build) ignored
[3.121s] Level 1:colcon.colcon_core.package_identification:_identify(controller) by extensions ['ignore', 'ignore_ament_install']
[3.121s] Level 1:colcon.colcon_core.package_identification:_identify(controller) by extension 'ignore'
[3.121s] Level 1:colcon.colcon_core.package_identification:_identify(controller) by extension 'ignore_ament_install'
[3.121s] Level 1:colcon.colcon_core.package_identification:_identify(controller) by extensions ['colcon_pkg']
[3.121s] Level 1:colcon.colcon_core.package_identification:_identify(controller) by extension 'colcon_pkg'
[3.121s] Level 1:colcon.colcon_core.package_identification:_identify(controller) by extensions ['colcon_meta']
[3.121s] Level 1:colcon.colcon_core.package_identification:_identify(controller) by extension 'colcon_meta'
[3.121s] Level 1:colcon.colcon_core.package_identification:_identify(controller) by extensions ['ros']
[3.121s] Level 1:colcon.colcon_core.package_identification:_identify(controller) by extension 'ros'
[3.122s] DEBUG:colcon.colcon_core.package_identification:Package 'controller' with type 'ros.ament_cmake' and name 'controller'
[3.122s] Level 1:colcon.colcon_core.package_identification:_identify(description) by extensions ['ignore', 'ignore_ament_install']
[3.122s] Level 1:colcon.colcon_core.package_identification:_identify(description) by extension 'ignore'
[3.122s] Level 1:colcon.colcon_core.package_identification:_identify(description) by extension 'ignore_ament_install'
[3.122s] Level 1:colcon.colcon_core.package_identification:_identify(description) by extensions ['colcon_pkg']
[3.122s] Level 1:colcon.colcon_core.package_identification:_identify(description) by extension 'colcon_pkg'
[3.122s] Level 1:colcon.colcon_core.package_identification:_identify(description) by extensions ['colcon_meta']
[3.122s] Level 1:colcon.colcon_core.package_identification:_identify(description) by extension 'colcon_meta'
[3.122s] Level 1:colcon.colcon_core.package_identification:_identify(description) by extensions ['ros']
[3.122s] Level 1:colcon.colcon_core.package_identification:_identify(description) by extension 'ros'
[3.123s] DEBUG:colcon.colcon_core.package_identification:Package 'description' with type 'ros.ament_cmake' and name 'description'
[3.123s] Level 1:colcon.colcon_core.package_identification:_identify(gazebo_ros2_control) by extensions ['ignore', 'ignore_ament_install']
[3.124s] Level 1:colcon.colcon_core.package_identification:_identify(gazebo_ros2_control) by extension 'ignore'
[3.124s] Level 1:colcon.colcon_core.package_identification:_identify(gazebo_ros2_control) by extension 'ignore_ament_install'
[3.124s] Level 1:colcon.colcon_core.package_identification:_identify(gazebo_ros2_control) by extensions ['colcon_pkg']
[3.124s] Level 1:colcon.colcon_core.package_identification:_identify(gazebo_ros2_control) by extension 'colcon_pkg'
[3.124s] Level 1:colcon.colcon_core.package_identification:_identify(gazebo_ros2_control) by extensions ['colcon_meta']
[3.125s] Level 1:colcon.colcon_core.package_identification:_identify(gazebo_ros2_control) by extension 'colcon_meta'
[3.125s] Level 1:colcon.colcon_core.package_identification:_identify(gazebo_ros2_control) by extensions ['ros']
[3.125s] Level 1:colcon.colcon_core.package_identification:_identify(gazebo_ros2_control) by extension 'ros'
[3.126s] DEBUG:colcon.colcon_core.package_identification:Package 'gazebo_ros2_control' with type 'ros.ament_cmake' and name 'gazebo_ros2_control'
[3.126s] Level 1:colcon.colcon_core.package_identification:_identify(install) by extensions ['ignore', 'ignore_ament_install']
[3.126s] Level 1:colcon.colcon_core.package_identification:_identify(install) by extension 'ignore'
[3.126s] Level 1:colcon.colcon_core.package_identification:_identify(install) ignored
[3.126s] Level 1:colcon.colcon_core.package_identification:_identify(log) by extensions ['ignore', 'ignore_ament_install']
[3.127s] Level 1:colcon.colcon_core.package_identification:_identify(log) by extension 'ignore'
[3.127s] Level 1:colcon.colcon_core.package_identification:_identify(log) ignored
[3.127s] Level 1:colcon.colcon_core.package_identification:_identify(mpc_controller) by extensions ['ignore', 'ignore_ament_install']
[3.127s] Level 1:colcon.colcon_core.package_identification:_identify(mpc_controller) by extension 'ignore'
[3.127s] Level 1:colcon.colcon_core.package_identification:_identify(mpc_controller) by extension 'ignore_ament_install'
[3.127s] Level 1:colcon.colcon_core.package_identification:_identify(mpc_controller) by extensions ['colcon_pkg']
[3.127s] Level 1:colcon.colcon_core.package_identification:_identify(mpc_controller) by extension 'colcon_pkg'
[3.127s] Level 1:colcon.colcon_core.package_identification:_identify(mpc_controller) by extensions ['colcon_meta']
[3.127s] Level 1:colcon.colcon_core.package_identification:_identify(mpc_controller) by extension 'colcon_meta'
[3.127s] Level 1:colcon.colcon_core.package_identification:_identify(mpc_controller) by extensions ['ros']
[3.127s] Level 1:colcon.colcon_core.package_identification:_identify(mpc_controller) by extension 'ros'
[3.128s] DEBUG:colcon.colcon_core.package_identification:Package 'mpc_controller' with type 'ros.ament_python' and name 'mpc_controller'
[3.128s] Level 1:colcon.colcon_core.package_discovery:discover_packages(recursive) using defaults
[3.128s] Level 1:colcon.colcon_core.package_discovery:discover_packages(ignore) discover
[3.128s] Level 1:colcon.colcon_core.package_discovery:discover_packages(ignore) using defaults
[3.128s] Level 1:colcon.colcon_core.package_discovery:discover_packages(path) discover
[3.128s] Level 1:colcon.colcon_core.package_discovery:discover_packages(path) using defaults
[3.392s] Level 1:colcon.colcon_core.package_discovery:discover_packages(prefix_path) check parameters
[3.392s] Level 1:colcon.colcon_core.package_discovery:discover_packages(prefix_path) discover
[3.495s] DEBUG:colcon.colcon_installed_package_information.package_discovery:Found 5 installed packages in /home/mariobo/ernest_ws/install
[3.544s] DEBUG:colcon.colcon_installed_package_information.package_discovery:Found 282 installed packages in /opt/ros/foxy
[3.545s] Level 1:colcon.colcon_core.package_discovery:discover_packages(prefix_path) using defaults
[3.819s] Level 5:colcon.colcon_core.verb:set package 'bringup' build argument 'cmake_args' from command line to 'None'
[3.819s] Level 5:colcon.colcon_core.verb:set package 'bringup' build argument 'cmake_target' from command line to 'None'
[3.819s] Level 5:colcon.colcon_core.verb:set package 'bringup' build argument 'cmake_target_skip_unavailable' from command line to 'False'
[3.819s] Level 5:colcon.colcon_core.verb:set package 'bringup' build argument 'cmake_clean_cache' from command line to 'False'
[3.819s] Level 5:colcon.colcon_core.verb:set package 'bringup' build argument 'cmake_clean_first' from command line to 'False'
[3.819s] Level 5:colcon.colcon_core.verb:set package 'bringup' build argument 'cmake_force_configure' from command line to 'False'
[3.819s] Level 5:colcon.colcon_core.verb:set package 'bringup' build argument 'ament_cmake_args' from command line to 'None'
[3.819s] Level 5:colcon.colcon_core.verb:set package 'bringup' build argument 'catkin_cmake_args' from command line to 'None'
[3.819s] Level 5:colcon.colcon_core.verb:set package 'bringup' build argument 'catkin_skip_building_tests' from command line to 'False'
[3.819s] DEBUG:colcon.colcon_core.verb:Building package 'bringup' with the following arguments: {'ament_cmake_args': None, 'build_base': '/home/mariobo/ernest_ws/src/ernest_simulations/build/bringup', 'catkin_cmake_args': None, 'catkin_skip_building_tests': False, 'cmake_args': None, 'cmake_clean_cache': False, 'cmake_clean_first': False, 'cmake_force_configure': False, 'cmake_target': None, 'cmake_target_skip_unavailable': False, 'install_base': '/home/mariobo/ernest_ws/src/ernest_simulations/install/bringup', 'merge_install': False, 'path': '/home/mariobo/ernest_ws/src/ernest_simulations/bringup', 'symlink_install': True, 'test_result_base': None}
[3.878s] Level 5:colcon.colcon_core.verb:set package 'controller' build argument 'cmake_args' from command line to 'None'
[3.878s] Level 5:colcon.colcon_core.verb:set package 'controller' build argument 'cmake_target' from command line to 'None'
[3.878s] Level 5:colcon.colcon_core.verb:set package 'controller' build argument 'cmake_target_skip_unavailable' from command line to 'False'
[3.878s] Level 5:colcon.colcon_core.verb:set package 'controller' build argument 'cmake_clean_cache' from command line to 'False'
[3.878s] Level 5:colcon.colcon_core.verb:set package 'controller' build argument 'cmake_clean_first' from command line to 'False'
[3.878s] Level 5:colcon.colcon_core.verb:set package 'controller' build argument 'cmake_force_configure' from command line to 'False'
[3.878s] Level 5:colcon.colcon_core.verb:set package 'controller' build argument 'ament_cmake_args' from command line to 'None'
[3.878s] Level 5:colcon.colcon_core.verb:set package 'controller' build argument 'catkin_cmake_args' from command line to 'None'
[3.878s] Level 5:colcon.colcon_core.verb:set package 'controller' build argument 'catkin_skip_building_tests' from command line to 'False'
[3.878s] DEBUG:colcon.colcon_core.verb:Building package 'controller' with the following arguments: {'ament_cmake_args': None, 'build_base': '/home/mariobo/ernest_ws/src/ernest_simulations/build/controller', 'catkin_cmake_args': None, 'catkin_skip_building_tests': False, 'cmake_args': None, 'cmake_clean_cache': False, 'cmake_clean_first': False, 'cmake_force_configure': False, 'cmake_target': None, 'cmake_target_skip_unavailable': False, 'install_base': '/home/mariobo/ernest_ws/src/ernest_simulations/install/controller', 'merge_install': False, 'path': '/home/mariobo/ernest_ws/src/ernest_simulations/controller', 'symlink_install': True, 'test_result_base': None}
[3.923s] Level 5:colcon.colcon_core.verb:set package 'description' build argument 'cmake_args' from command line to 'None'
[3.923s] Level 5:colcon.colcon_core.verb:set package 'description' build argument 'cmake_target' from command line to 'None'
[3.923s] Level 5:colcon.colcon_core.verb:set package 'description' build argument 'cmake_target_skip_unavailable' from command line to 'False'
[3.923s] Level 5:colcon.colcon_core.verb:set package 'description' build argument 'cmake_clean_cache' from command line to 'False'
[3.923s] Level 5:colcon.colcon_core.verb:set package 'description' build argument 'cmake_clean_first' from command line to 'False'
[3.923s] Level 5:colcon.colcon_core.verb:set package 'description' build argument 'cmake_force_configure' from command line to 'False'
[3.923s] Level 5:colcon.colcon_core.verb:set package 'description' build argument 'ament_cmake_args' from command line to 'None'
[3.923s] Level 5:colcon.colcon_core.verb:set package 'description' build argument 'catkin_cmake_args' from command line to 'None'
[3.923s] Level 5:colcon.colcon_core.verb:set package 'description' build argument 'catkin_skip_building_tests' from command line to 'False'
[3.923s] DEBUG:colcon.colcon_core.verb:Building package 'description' with the following arguments: {'ament_cmake_args': None, 'build_base': '/home/mariobo/ernest_ws/src/ernest_simulations/build/description', 'catkin_cmake_args': None, 'catkin_skip_building_tests': False, 'cmake_args': None, 'cmake_clean_cache': False, 'cmake_clean_first': False, 'cmake_force_configure': False, 'cmake_target': None, 'cmake_target_skip_unavailable': False, 'install_base': '/home/mariobo/ernest_ws/src/ernest_simulations/install/description', 'merge_install': False, 'path': '/home/mariobo/ernest_ws/src/ernest_simulations/description', 'symlink_install': True, 'test_result_base': None}
[3.969s] Level 5:colcon.colcon_core.verb:set package 'gazebo_ros2_control' build argument 'cmake_args' from command line to 'None'
[3.969s] Level 5:colcon.colcon_core.verb:set package 'gazebo_ros2_control' build argument 'cmake_target' from command line to 'None'
[3.969s] Level 5:colcon.colcon_core.verb:set package 'gazebo_ros2_control' build argument 'cmake_target_skip_unavailable' from command line to 'False'
[3.969s] Level 5:colcon.colcon_core.verb:set package 'gazebo_ros2_control' build argument 'cmake_clean_cache' from command line to 'False'
[3.969s] Level 5:colcon.colcon_core.verb:set package 'gazebo_ros2_control' build argument 'cmake_clean_first' from command line to 'False'
[3.969s] Level 5:colcon.colcon_core.verb:set package 'gazebo_ros2_control' build argument 'cmake_force_configure' from command line to 'False'
[3.969s] Level 5:colcon.colcon_core.verb:set package 'gazebo_ros2_control' build argument 'ament_cmake_args' from command line to 'None'
[3.969s] Level 5:colcon.colcon_core.verb:set package 'gazebo_ros2_control' build argument 'catkin_cmake_args' from command line to 'None'
[3.969s] Level 5:colcon.colcon_core.verb:set package 'gazebo_ros2_control' build argument 'catkin_skip_building_tests' from command line to 'False'
[3.969s] DEBUG:colcon.colcon_core.verb:Building package 'gazebo_ros2_control' with the following arguments: {'ament_cmake_args': None, 'build_base': '/home/mariobo/ernest_ws/src/ernest_simulations/build/gazebo_ros2_control', 'catkin_cmake_args': None, 'catkin_skip_building_tests': False, 'cmake_args': None, 'cmake_clean_cache': False, 'cmake_clean_first': False, 'cmake_force_configure': False, 'cmake_target': None, 'cmake_target_skip_unavailable': False, 'install_base': '/home/mariobo/ernest_ws/src/ernest_simulations/install/gazebo_ros2_control', 'merge_install': False, 'path': '/home/mariobo/ernest_ws/src/ernest_simulations/gazebo_ros2_control', 'symlink_install': True, 'test_result_base': None}
[4.016s] Level 5:colcon.colcon_core.verb:set package 'mpc_controller' build argument 'cmake_args' from command line to 'None'
[4.016s] Level 5:colcon.colcon_core.verb:set package 'mpc_controller' build argument 'cmake_target' from command line to 'None'
[4.016s] Level 5:colcon.colcon_core.verb:set package 'mpc_controller' build argument 'cmake_target_skip_unavailable' from command line to 'False'
[4.016s] Level 5:colcon.colcon_core.verb:set package 'mpc_controller' build argument 'cmake_clean_cache' from command line to 'False'
[4.016s] Level 5:colcon.colcon_core.verb:set package 'mpc_controller' build argument 'cmake_clean_first' from command line to 'False'
[4.016s] Level 5:colcon.colcon_core.verb:set package 'mpc_controller' build argument 'cmake_force_configure' from command line to 'False'
[4.016s] Level 5:colcon.colcon_core.verb:set package 'mpc_controller' build argument 'ament_cmake_args' from command line to 'None'
[4.016s] Level 5:colcon.colcon_core.verb:set package 'mpc_controller' build argument 'catkin_cmake_args' from command line to 'None'
[4.016s] Level 5:colcon.colcon_core.verb:set package 'mpc_controller' build argument 'catkin_skip_building_tests' from command line to 'False'
[4.016s] DEBUG:colcon.colcon_core.verb:Building package 'mpc_controller' with the following arguments: {'ament_cmake_args': None, 'build_base': '/home/mariobo/ernest_ws/src/ernest_simulations/build/mpc_controller', 'catkin_cmake_args': None, 'catkin_skip_building_tests': False, 'cmake_args': None, 'cmake_clean_cache': False, 'cmake_clean_first': False, 'cmake_force_configure': False, 'cmake_target': None, 'cmake_target_skip_unavailable': False, 'install_base': '/home/mariobo/ernest_ws/src/ernest_simulations/install/mpc_controller', 'merge_install': False, 'path': '/home/mariobo/ernest_ws/src/ernest_simulations/mpc_controller', 'symlink_install': True, 'test_result_base': None}
[4.061s] INFO:colcon.colcon_core.executor:Executing jobs using 'parallel' executor
[4.119s] DEBUG:colcon.colcon_parallel_executor.executor.parallel:run_until_complete
[4.119s] INFO:colcon.colcon_ros.task.ament_cmake.build:Building ROS package in '/home/mariobo/ernest_ws/src/ernest_simulations/bringup' with build type 'ament_cmake'
[4.119s] INFO:colcon.colcon_cmake.task.cmake.build:Building CMake package in '/home/mariobo/ernest_ws/src/ernest_simulations/bringup'
[4.188s] INFO:colcon.colcon_core.plugin_system:Skipping extension 'colcon_core.shell.bat': Not used on non-Windows systems
[4.189s] INFO:colcon.colcon_core.shell:Skip shell extension 'powershell' for command environment: Not usable outside of PowerShell
[4.189s] DEBUG:colcon.colcon_core.shell:Skip shell extension 'dsv' for command environment
[4.375s] INFO:colcon.colcon_ros.task.ament_cmake.build:Building ROS package in '/home/mariobo/ernest_ws/src/ernest_simulations/controller' with build type 'ament_cmake'
[4.375s] INFO:colcon.colcon_cmake.task.cmake.build:Building CMake package in '/home/mariobo/ernest_ws/src/ernest_simulations/controller'
[4.430s] INFO:colcon.colcon_core.shell:Skip shell extension 'powershell' for command environment: Not usable outside of PowerShell
[4.431s] DEBUG:colcon.colcon_core.shell:Skip shell extension 'dsv' for command environment
[4.634s] INFO:colcon.colcon_ros.task.ament_cmake.build:Building ROS package in '/home/mariobo/ernest_ws/src/ernest_simulations/description' with build type 'ament_cmake'
[4.635s] INFO:colcon.colcon_cmake.task.cmake.build:Building CMake package in '/home/mariobo/ernest_ws/src/ernest_simulations/description'
[4.695s] INFO:colcon.colcon_core.shell:Skip shell extension 'powershell' for command environment: Not usable outside of PowerShell
[4.695s] DEBUG:colcon.colcon_core.shell:Skip shell extension 'dsv' for command environment
[4.861s] INFO:colcon.colcon_ros.task.ament_cmake.build:Building ROS package in '/home/mariobo/ernest_ws/src/ernest_simulations/gazebo_ros2_control' with build type 'ament_cmake'
[4.861s] INFO:colcon.colcon_cmake.task.cmake.build:Building CMake package in '/home/mariobo/ernest_ws/src/ernest_simulations/gazebo_ros2_control'
[4.921s] INFO:colcon.colcon_core.shell:Skip shell extension 'powershell' for command environment: Not usable outside of PowerShell
[4.921s] DEBUG:colcon.colcon_core.shell:Skip shell extension 'dsv' for command environment
[5.099s] INFO:colcon.colcon_ros.task.ament_python.build:Building ROS package in '/home/mariobo/ernest_ws/src/ernest_simulations/mpc_controller' with build type 'ament_python'
[5.100s] Level 1:colcon.colcon_core.shell:create_environment_hook('mpc_controller', 'ament_prefix_path')
[5.168s] INFO:colcon.colcon_core.shell:Creating environment hook '/home/mariobo/ernest_ws/src/ernest_simulations/install/mpc_controller/share/mpc_controller/hook/ament_prefix_path.ps1'
[5.169s] INFO:colcon.colcon_core.shell:Creating environment descriptor '/home/mariobo/ernest_ws/src/ernest_simulations/install/mpc_controller/share/mpc_controller/hook/ament_prefix_path.dsv'
[5.169s] INFO:colcon.colcon_core.shell:Creating environment hook '/home/mariobo/ernest_ws/src/ernest_simulations/install/mpc_controller/share/mpc_controller/hook/ament_prefix_path.sh'
[5.222s] INFO:colcon.colcon_core.shell:Skip shell extension 'powershell' for command environment: Not usable outside of PowerShell
[5.222s] DEBUG:colcon.colcon_core.shell:Skip shell extension 'dsv' for command environment
[5.390s] DEBUG:colcon.colcon_core.event_handler.log_command:Invoking command in '/home/mariobo/ernest_ws/src/ernest_simulations/build/bringup': CMAKE_PREFIX_PATH=${CMAKE_PREFIX_PATH}:/home/mariobo/ernest_ws/install/mpc_controller:/opt/ros/foxy /usr/local/bin/cmake /home/mariobo/ernest_ws/src/ernest_simulations/bringup -DAMENT_CMAKE_SYMLINK_INSTALL=1 -DCMAKE_INSTALL_PREFIX=/home/mariobo/ernest_ws/src/ernest_simulations/install/bringup
[5.403s] DEBUG:colcon.colcon_core.event_handler.log_command:Invoking command in '/home/mariobo/ernest_ws/src/ernest_simulations/build/controller': CMAKE_PREFIX_PATH=${CMAKE_PREFIX_PATH}:/home/mariobo/ernest_ws/install/mpc_controller:/opt/ros/foxy /usr/local/bin/cmake /home/mariobo/ernest_ws/src/ernest_simulations/controller -DAMENT_CMAKE_SYMLINK_INSTALL=1 -DCMAKE_INSTALL_PREFIX=/home/mariobo/ernest_ws/src/ernest_simulations/install/controller
[5.410s] DEBUG:colcon.colcon_core.event_handler.log_command:Invoking command in '/home/mariobo/ernest_ws/src/ernest_simulations/build/description': CMAKE_PREFIX_PATH=${CMAKE_PREFIX_PATH}:/home/mariobo/ernest_ws/install/mpc_controller:/opt/ros/foxy /usr/local/bin/cmake /home/mariobo/ernest_ws/src/ernest_simulations/description -DAMENT_CMAKE_SYMLINK_INSTALL=1 -DCMAKE_INSTALL_PREFIX=/home/mariobo/ernest_ws/src/ernest_simulations/install/description
[5.417s] DEBUG:colcon.colcon_core.event_handler.log_command:Invoking command in '/home/mariobo/ernest_ws/src/ernest_simulations/build/gazebo_ros2_control': CMAKE_PREFIX_PATH=${CMAKE_PREFIX_PATH}:/home/mariobo/ernest_ws/install/mpc_controller:/opt/ros/foxy /usr/local/bin/cmake /home/mariobo/ernest_ws/src/ernest_simulations/gazebo_ros2_control -DAMENT_CMAKE_SYMLINK_INSTALL=1 -DCMAKE_INSTALL_PREFIX=/home/mariobo/ernest_ws/src/ernest_simulations/install/gazebo_ros2_control
[5.870s] INFO:colcon.colcon_core.task.python.build:Building Python package in '/home/mariobo/ernest_ws/src/ernest_simulations/mpc_controller'
[5.985s] INFO:colcon.colcon_core.shell:Skip shell extension 'powershell' for command environment: Not usable outside of PowerShell
[5.985s] DEBUG:colcon.colcon_core.shell:Skip shell extension 'dsv' for command environment
[7.143s] DEBUG:colcon.colcon_core.event_handler.log_command:Invoking command in '/home/mariobo/ernest_ws/src/ernest_simulations/build/mpc_controller': PYTHONPATH=/home/mariobo/ernest_ws/src/ernest_simulations/build/mpc_controller/prefix_override:/home/mariobo/ernest_ws/src/ernest_simulations/install/mpc_controller/lib/python3.8/site-packages:${PYTHONPATH} /usr/bin/python3 setup.py develop --editable --build-directory /home/mariobo/ernest_ws/src/ernest_simulations/build/mpc_controller/build --no-deps install_data
[7.744s] DEBUG:colcon.colcon_core.event_handler.log_command:Invoked command in '/home/mariobo/ernest_ws/src/ernest_simulations/build/description' returned '0': CMAKE_PREFIX_PATH=${CMAKE_PREFIX_PATH}:/home/mariobo/ernest_ws/install/mpc_controller:/opt/ros/foxy /usr/local/bin/cmake /home/mariobo/ernest_ws/src/ernest_simulations/description -DAMENT_CMAKE_SYMLINK_INSTALL=1 -DCMAKE_INSTALL_PREFIX=/home/mariobo/ernest_ws/src/ernest_simulations/install/description
[7.748s] DEBUG:colcon.colcon_core.event_handler.log_command:Invoking command in '/home/mariobo/ernest_ws/src/ernest_simulations/build/description': CMAKE_PREFIX_PATH=${CMAKE_PREFIX_PATH}:/home/mariobo/ernest_ws/install/mpc_controller:/opt/ros/foxy /usr/local/bin/cmake --build /home/mariobo/ernest_ws/src/ernest_simulations/build/description -- -j8 -l8
[7.783s] DEBUG:colcon.colcon_core.event_handler.log_command:Invoked command in '/home/mariobo/ernest_ws/src/ernest_simulations/build/description' returned '0': CMAKE_PREFIX_PATH=${CMAKE_PREFIX_PATH}:/home/mariobo/ernest_ws/install/mpc_controller:/opt/ros/foxy /usr/local/bin/cmake --build /home/mariobo/ernest_ws/src/ernest_simulations/build/description -- -j8 -l8
[7.821s] DEBUG:colcon.colcon_core.event_handler.log_command:Invoking command in '/home/mariobo/ernest_ws/src/ernest_simulations/build/description': CMAKE_PREFIX_PATH=${CMAKE_PREFIX_PATH}:/home/mariobo/ernest_ws/install/mpc_controller:/opt/ros/foxy /usr/local/bin/cmake --install /home/mariobo/ernest_ws/src/ernest_simulations/build/description
[7.941s] DEBUG:colcon.colcon_core.event_handler.log_command:Invoked command in '/home/mariobo/ernest_ws/src/ernest_simulations/build/bringup' returned '0': CMAKE_PREFIX_PATH=${CMAKE_PREFIX_PATH}:/home/mariobo/ernest_ws/install/mpc_controller:/opt/ros/foxy /usr/local/bin/cmake /home/mariobo/ernest_ws/src/ernest_simulations/bringup -DAMENT_CMAKE_SYMLINK_INSTALL=1 -DCMAKE_INSTALL_PREFIX=/home/mariobo/ernest_ws/src/ernest_simulations/install/bringup
[7.946s] DEBUG:colcon.colcon_core.event_handler.log_command:Invoking command in '/home/mariobo/ernest_ws/src/ernest_simulations/build/bringup': CMAKE_PREFIX_PATH=${CMAKE_PREFIX_PATH}:/home/mariobo/ernest_ws/install/mpc_controller:/opt/ros/foxy /usr/local/bin/cmake --build /home/mariobo/ernest_ws/src/ernest_simulations/build/bringup -- -j8 -l8
[7.990s] DEBUG:colcon.colcon_core.event_handler.log_command:Invoked command in '/home/mariobo/ernest_ws/src/ernest_simulations/build/bringup' returned '0': CMAKE_PREFIX_PATH=${CMAKE_PREFIX_PATH}:/home/mariobo/ernest_ws/install/mpc_controller:/opt/ros/foxy /usr/local/bin/cmake --build /home/mariobo/ernest_ws/src/ernest_simulations/build/bringup -- -j8 -l8
[8.029s] DEBUG:colcon.colcon_core.event_handler.log_command:Invoking command in '/home/mariobo/ernest_ws/src/ernest_simulations/build/bringup': CMAKE_PREFIX_PATH=${CMAKE_PREFIX_PATH}:/home/mariobo/ernest_ws/install/mpc_controller:/opt/ros/foxy /usr/local/bin/cmake --install /home/mariobo/ernest_ws/src/ernest_simulations/build/bringup
[8.035s] DEBUG:colcon.colcon_core.event_handler.log_command:Invoked command in '/home/mariobo/ernest_ws/src/ernest_simulations/build/controller' returned '0': CMAKE_PREFIX_PATH=${CMAKE_PREFIX_PATH}:/home/mariobo/ernest_ws/install/mpc_controller:/opt/ros/foxy /usr/local/bin/cmake /home/mariobo/ernest_ws/src/ernest_simulations/controller -DAMENT_CMAKE_SYMLINK_INSTALL=1 -DCMAKE_INSTALL_PREFIX=/home/mariobo/ernest_ws/src/ernest_simulations/install/controller
[8.041s] DEBUG:colcon.colcon_core.event_handler.log_command:Invoking command in '/home/mariobo/ernest_ws/src/ernest_simulations/build/controller': CMAKE_PREFIX_PATH=${CMAKE_PREFIX_PATH}:/home/mariobo/ernest_ws/install/mpc_controller:/opt/ros/foxy /usr/local/bin/cmake --build /home/mariobo/ernest_ws/src/ernest_simulations/build/controller -- -j8 -l8
[8.045s] Level 1:colcon.colcon_core.shell:create_environment_hook('mpc_controller', 'pythonpath_develop')
[8.046s] DEBUG:colcon.colcon_core.event_handler.log_command:Invoked command in '/home/mariobo/ernest_ws/src/ernest_simulations/build/mpc_controller' returned '0': PYTHONPATH=/home/mariobo/ernest_ws/src/ernest_simulations/build/mpc_controller/prefix_override:/home/mariobo/ernest_ws/src/ernest_simulations/install/mpc_controller/lib/python3.8/site-packages:${PYTHONPATH} /usr/bin/python3 setup.py develop --editable --build-directory /home/mariobo/ernest_ws/src/ernest_simulations/build/mpc_controller/build --no-deps install_data
[8.159s] INFO:colcon.colcon_core.shell:Creating environment hook '/home/mariobo/ernest_ws/src/ernest_simulations/build/mpc_controller/share/mpc_controller/hook/pythonpath_develop.ps1'
[8.160s] INFO:colcon.colcon_core.shell:Creating environment descriptor '/home/mariobo/ernest_ws/src/ernest_simulations/build/mpc_controller/share/mpc_controller/hook/pythonpath_develop.dsv'
[8.161s] INFO:colcon.colcon_core.shell:Creating environment hook '/home/mariobo/ernest_ws/src/ernest_simulations/build/mpc_controller/share/mpc_controller/hook/pythonpath_develop.sh'
[8.267s] Level 1:colcon.colcon_core.environment:checking '/home/mariobo/ernest_ws/src/ernest_simulations/install/mpc_controller' for CMake module files
[8.268s] Level 1:colcon.colcon_core.environment:checking '/home/mariobo/ernest_ws/src/ernest_simulations/install/mpc_controller' for CMake config files
[8.270s] Level 1:colcon.colcon_core.environment:checking '/home/mariobo/ernest_ws/src/ernest_simulations/install/mpc_controller/lib'
[8.270s] Level 1:colcon.colcon_core.environment:checking '/home/mariobo/ernest_ws/src/ernest_simulations/install/mpc_controller/bin'
[8.270s] Level 1:colcon.colcon_core.environment:checking '/home/mariobo/ernest_ws/src/ernest_simulations/install/mpc_controller/lib/pkgconfig/mpc_controller.pc'
[8.271s] Level 1:colcon.colcon_core.environment:checking '/home/mariobo/ernest_ws/src/ernest_simulations/install/mpc_controller/lib/python3.8/site-packages'
[8.271s] Level 1:colcon.colcon_core.shell:create_environment_hook('mpc_controller', 'pythonpath')
[8.348s] INFO:colcon.colcon_core.shell:Creating environment hook '/home/mariobo/ernest_ws/src/ernest_simulations/install/mpc_controller/share/mpc_controller/hook/pythonpath.ps1'
[8.349s] INFO:colcon.colcon_core.shell:Creating environment descriptor '/home/mariobo/ernest_ws/src/ernest_simulations/install/mpc_controller/share/mpc_controller/hook/pythonpath.dsv'
[8.349s] INFO:colcon.colcon_core.shell:Creating environment hook '/home/mariobo/ernest_ws/src/ernest_simulations/install/mpc_controller/share/mpc_controller/hook/pythonpath.sh'
[8.350s] Level 1:colcon.colcon_core.environment:checking '/home/mariobo/ernest_ws/src/ernest_simulations/install/mpc_controller/bin'
[8.350s] Level 1:colcon.colcon_core.environment:create_environment_scripts_only(mpc_controller)
[8.439s] INFO:colcon.colcon_core.shell:Creating package script '/home/mariobo/ernest_ws/src/ernest_simulations/install/mpc_controller/share/mpc_controller/package.ps1'
[8.441s] INFO:colcon.colcon_core.shell:Creating package descriptor '/home/mariobo/ernest_ws/src/ernest_simulations/install/mpc_controller/share/mpc_controller/package.dsv'
[8.444s] INFO:colcon.colcon_core.shell:Creating package script '/home/mariobo/ernest_ws/src/ernest_simulations/install/mpc_controller/share/mpc_controller/package.sh'
[8.447s] INFO:colcon.colcon_core.shell:Creating package script '/home/mariobo/ernest_ws/src/ernest_simulations/install/mpc_controller/share/mpc_controller/package.bash'
[8.449s] INFO:colcon.colcon_core.shell:Creating package script '/home/mariobo/ernest_ws/src/ernest_simulations/install/mpc_controller/share/mpc_controller/package.zsh'
[8.452s] Level 1:colcon.colcon_core.environment:create_file_with_runtime_dependencies(/home/mariobo/ernest_ws/src/ernest_simulations/install/mpc_controller/share/colcon-core/packages/mpc_controller)
[8.458s] Level 1:colcon.colcon_core.environment:create_environment_scripts_only(bringup)
[8.459s] DEBUG:colcon.colcon_core.event_handler.log_command:Invoked command in '/home/mariobo/ernest_ws/src/ernest_simulations/build/bringup' returned '0': CMAKE_PREFIX_PATH=${CMAKE_PREFIX_PATH}:/home/mariobo/ernest_ws/install/mpc_controller:/opt/ros/foxy /usr/local/bin/cmake --install /home/mariobo/ernest_ws/src/ernest_simulations/build/bringup
[8.566s] Level 1:colcon.colcon_core.environment:checking '/home/mariobo/ernest_ws/src/ernest_simulations/install/bringup' for CMake module files
[8.568s] Level 1:colcon.colcon_core.environment:checking '/home/mariobo/ernest_ws/src/ernest_simulations/install/bringup' for CMake config files
[8.568s] Level 1:colcon.colcon_core.shell:create_environment_hook('bringup', 'cmake_prefix_path')
[8.676s] INFO:colcon.colcon_core.shell:Creating environment hook '/home/mariobo/ernest_ws/src/ernest_simulations/install/bringup/share/bringup/hook/cmake_prefix_path.ps1'
[8.677s] INFO:colcon.colcon_core.shell:Creating environment descriptor '/home/mariobo/ernest_ws/src/ernest_simulations/install/bringup/share/bringup/hook/cmake_prefix_path.dsv'
[8.677s] INFO:colcon.colcon_core.shell:Creating environment hook '/home/mariobo/ernest_ws/src/ernest_simulations/install/bringup/share/bringup/hook/cmake_prefix_path.sh'
[8.678s] Level 1:colcon.colcon_core.environment:checking '/home/mariobo/ernest_ws/src/ernest_simulations/install/bringup/bin'
[8.678s] Level 1:colcon.colcon_core.environment:checking '/home/mariobo/ernest_ws/src/ernest_simulations/install/bringup/lib/pkgconfig/bringup.pc'
[8.679s] Level 1:colcon.colcon_core.environment:checking '/home/mariobo/ernest_ws/src/ernest_simulations/install/bringup/lib/python3.8/site-packages'
[8.679s] Level 1:colcon.colcon_core.environment:checking '/home/mariobo/ernest_ws/src/ernest_simulations/install/bringup/bin'
[8.781s] INFO:colcon.colcon_core.shell:Creating package script '/home/mariobo/ernest_ws/src/ernest_simulations/install/bringup/share/bringup/package.ps1'
[8.782s] INFO:colcon.colcon_core.shell:Creating package descriptor '/home/mariobo/ernest_ws/src/ernest_simulations/install/bringup/share/bringup/package.dsv'
[8.783s] INFO:colcon.colcon_core.shell:Creating package script '/home/mariobo/ernest_ws/src/ernest_simulations/install/bringup/share/bringup/package.sh'
[8.783s] INFO:colcon.colcon_core.shell:Creating package script '/home/mariobo/ernest_ws/src/ernest_simulations/install/bringup/share/bringup/package.bash'
[8.784s] INFO:colcon.colcon_core.shell:Creating package script '/home/mariobo/ernest_ws/src/ernest_simulations/install/bringup/share/bringup/package.zsh'
[8.784s] Level 1:colcon.colcon_core.environment:create_file_with_runtime_dependencies(/home/mariobo/ernest_ws/src/ernest_simulations/install/bringup/share/colcon-core/packages/bringup)
[8.796s] Level 1:colcon.colcon_core.environment:create_environment_scripts_only(description)
[8.803s] DEBUG:colcon.colcon_core.event_handler.log_command:Invoked command in '/home/mariobo/ernest_ws/src/ernest_simulations/build/description' returned '0': CMAKE_PREFIX_PATH=${CMAKE_PREFIX_PATH}:/home/mariobo/ernest_ws/install/mpc_controller:/opt/ros/foxy /usr/local/bin/cmake --install /home/mariobo/ernest_ws/src/ernest_simulations/build/description
[8.888s] Level 1:colcon.colcon_core.environment:checking '/home/mariobo/ernest_ws/src/ernest_simulations/install/description' for CMake module files
[8.889s] Level 1:colcon.colcon_core.environment:checking '/home/mariobo/ernest_ws/src/ernest_simulations/install/description' for CMake config files
[8.890s] Level 1:colcon.colcon_core.shell:create_environment_hook('description', 'cmake_prefix_path')
[8.964s] INFO:colcon.colcon_core.shell:Creating environment hook '/home/mariobo/ernest_ws/src/ernest_simulations/install/description/share/description/hook/cmake_prefix_path.ps1'
[8.965s] INFO:colcon.colcon_core.shell:Creating environment descriptor '/home/mariobo/ernest_ws/src/ernest_simulations/install/description/share/description/hook/cmake_prefix_path.dsv'
[8.966s] INFO:colcon.colcon_core.shell:Creating environment hook '/home/mariobo/ernest_ws/src/ernest_simulations/install/description/share/description/hook/cmake_prefix_path.sh'
[8.968s] Level 1:colcon.colcon_core.environment:checking '/home/mariobo/ernest_ws/src/ernest_simulations/install/description/bin'
[8.968s] Level 1:colcon.colcon_core.environment:checking '/home/mariobo/ernest_ws/src/ernest_simulations/install/description/lib/pkgconfig/description.pc'
[8.968s] Level 1:colcon.colcon_core.environment:checking '/home/mariobo/ernest_ws/src/ernest_simulations/install/description/lib/python3.8/site-packages'
[8.969s] Level 1:colcon.colcon_core.environment:checking '/home/mariobo/ernest_ws/src/ernest_simulations/install/description/bin'
[9.057s] INFO:colcon.colcon_core.shell:Creating package script '/home/mariobo/ernest_ws/src/ernest_simulations/install/description/share/description/package.ps1'
[9.058s] INFO:colcon.colcon_core.shell:Creating package descriptor '/home/mariobo/ernest_ws/src/ernest_simulations/install/description/share/description/package.dsv'
[9.059s] INFO:colcon.colcon_core.shell:Creating package script '/home/mariobo/ernest_ws/src/ernest_simulations/install/description/share/description/package.sh'
[9.059s] INFO:colcon.colcon_core.shell:Creating package script '/home/mariobo/ernest_ws/src/ernest_simulations/install/description/share/description/package.bash'
[9.060s] INFO:colcon.colcon_core.shell:Creating package script '/home/mariobo/ernest_ws/src/ernest_simulations/install/description/share/description/package.zsh'
[9.060s] Level 1:colcon.colcon_core.environment:create_file_with_runtime_dependencies(/home/mariobo/ernest_ws/src/ernest_simulations/install/description/share/colcon-core/packages/description)
[9.149s] Level 1:colcon.colcon_core.environment:create_environment_scripts_only(bringup)
[9.242s] Level 1:colcon.colcon_core.environment:checking '/home/mariobo/ernest_ws/src/ernest_simulations/install/bringup' for CMake module files
[9.243s] Level 1:colcon.colcon_core.environment:checking '/home/mariobo/ernest_ws/src/ernest_simulations/install/bringup' for CMake config files
[9.244s] Level 1:colcon.colcon_core.shell:create_environment_hook('bringup', 'cmake_prefix_path')
[9.355s] INFO:colcon.colcon_core.shell:Creating environment hook '/home/mariobo/ernest_ws/src/ernest_simulations/install/bringup/share/bringup/hook/cmake_prefix_path.ps1'
[9.357s] INFO:colcon.colcon_core.shell:Creating environment descriptor '/home/mariobo/ernest_ws/src/ernest_simulations/install/bringup/share/bringup/hook/cmake_prefix_path.dsv'
[9.359s] INFO:colcon.colcon_core.shell:Creating environment hook '/home/mariobo/ernest_ws/src/ernest_simulations/install/bringup/share/bringup/hook/cmake_prefix_path.sh'
[9.360s] Level 1:colcon.colcon_core.environment:checking '/home/mariobo/ernest_ws/src/ernest_simulations/install/bringup/bin'
[9.361s] Level 1:colcon.colcon_core.environment:checking '/home/mariobo/ernest_ws/src/ernest_simulations/install/bringup/lib/pkgconfig/bringup.pc'
[9.361s] Level 1:colcon.colcon_core.environment:checking '/home/mariobo/ernest_ws/src/ernest_simulations/install/bringup/lib/python3.8/site-packages'
[9.362s] Level 1:colcon.colcon_core.environment:checking '/home/mariobo/ernest_ws/src/ernest_simulations/install/bringup/bin'
[9.448s] INFO:colcon.colcon_core.shell:Creating package script '/home/mariobo/ernest_ws/src/ernest_simulations/install/bringup/share/bringup/package.ps1'
[9.450s] INFO:colcon.colcon_core.shell:Creating package descriptor '/home/mariobo/ernest_ws/src/ernest_simulations/install/bringup/share/bringup/package.dsv'
[9.451s] INFO:colcon.colcon_core.shell:Creating package script '/home/mariobo/ernest_ws/src/ernest_simulations/install/bringup/share/bringup/package.sh'
[9.452s] INFO:colcon.colcon_core.shell:Creating package script '/home/mariobo/ernest_ws/src/ernest_simulations/install/bringup/share/bringup/package.bash'
[9.453s] INFO:colcon.colcon_core.shell:Creating package script '/home/mariobo/ernest_ws/src/ernest_simulations/install/bringup/share/bringup/package.zsh'
[9.454s] Level 1:colcon.colcon_core.environment:create_file_with_runtime_dependencies(/home/mariobo/ernest_ws/src/ernest_simulations/install/bringup/share/colcon-core/packages/bringup)
[9.557s] Level 1:colcon.colcon_core.environment:create_environment_scripts_only(description)
[9.663s] Level 1:colcon.colcon_core.environment:checking '/home/mariobo/ernest_ws/src/ernest_simulations/install/description' for CMake module files
[9.664s] Level 1:colcon.colcon_core.environment:checking '/home/mariobo/ernest_ws/src/ernest_simulations/install/description' for CMake config files
[9.665s] Level 1:colcon.colcon_core.shell:create_environment_hook('description', 'cmake_prefix_path')
[9.760s] INFO:colcon.colcon_core.shell:Creating environment hook '/home/mariobo/ernest_ws/src/ernest_simulations/install/description/share/description/hook/cmake_prefix_path.ps1'
[9.761s] INFO:colcon.colcon_core.shell:Creating environment descriptor '/home/mariobo/ernest_ws/src/ernest_simulations/install/description/share/description/hook/cmake_prefix_path.dsv'
[9.762s] INFO:colcon.colcon_core.shell:Creating environment hook '/home/mariobo/ernest_ws/src/ernest_simulations/install/description/share/description/hook/cmake_prefix_path.sh'
[9.763s] Level 1:colcon.colcon_core.environment:checking '/home/mariobo/ernest_ws/src/ernest_simulations/install/description/bin'
[9.763s] Level 1:colcon.colcon_core.environment:checking '/home/mariobo/ernest_ws/src/ernest_simulations/install/description/lib/pkgconfig/description.pc'
[9.764s] Level 1:colcon.colcon_core.environment:checking '/home/mariobo/ernest_ws/src/ernest_simulations/install/description/lib/python3.8/site-packages'
[9.764s] Level 1:colcon.colcon_core.environment:checking '/home/mariobo/ernest_ws/src/ernest_simulations/install/description/bin'
[9.841s] INFO:colcon.colcon_core.shell:Creating package script '/home/mariobo/ernest_ws/src/ernest_simulations/install/description/share/description/package.ps1'
[9.843s] INFO:colcon.colcon_core.shell:Creating package descriptor '/home/mariobo/ernest_ws/src/ernest_simulations/install/description/share/description/package.dsv'
[9.844s] INFO:colcon.colcon_core.shell:Creating package script '/home/mariobo/ernest_ws/src/ernest_simulations/install/description/share/description/package.sh'
[9.845s] INFO:colcon.colcon_core.shell:Creating package script '/home/mariobo/ernest_ws/src/ernest_simulations/install/description/share/description/package.bash'
[9.846s] INFO:colcon.colcon_core.shell:Creating package script '/home/mariobo/ernest_ws/src/ernest_simulations/install/description/share/description/package.zsh'
[9.847s] Level 1:colcon.colcon_core.environment:create_file_with_runtime_dependencies(/home/mariobo/ernest_ws/src/ernest_simulations/install/description/share/colcon-core/packages/description)
[11.340s] DEBUG:colcon.colcon_core.event_handler.log_command:Invoked command in '/home/mariobo/ernest_ws/src/ernest_simulations/build/gazebo_ros2_control' returned '0': CMAKE_PREFIX_PATH=${CMAKE_PREFIX_PATH}:/home/mariobo/ernest_ws/install/mpc_controller:/opt/ros/foxy /usr/local/bin/cmake /home/mariobo/ernest_ws/src/ernest_simulations/gazebo_ros2_control -DAMENT_CMAKE_SYMLINK_INSTALL=1 -DCMAKE_INSTALL_PREFIX=/home/mariobo/ernest_ws/src/ernest_simulations/install/gazebo_ros2_control
[11.347s] DEBUG:colcon.colcon_core.event_handler.log_command:Invoking command in '/home/mariobo/ernest_ws/src/ernest_simulations/build/gazebo_ros2_control': CMAKE_PREFIX_PATH=${CMAKE_PREFIX_PATH}:/home/mariobo/ernest_ws/install/mpc_controller:/opt/ros/foxy /usr/local/bin/cmake --build /home/mariobo/ernest_ws/src/ernest_simulations/build/gazebo_ros2_control -- -j8 -l8
[26.221s] DEBUG:colcon.colcon_core.event_handler.log_command:Invoked command in '/home/mariobo/ernest_ws/src/ernest_simulations/build/controller' returned '0': CMAKE_PREFIX_PATH=${CMAKE_PREFIX_PATH}:/home/mariobo/ernest_ws/install/mpc_controller:/opt/ros/foxy /usr/local/bin/cmake --build /home/mariobo/ernest_ws/src/ernest_simulations/build/controller -- -j8 -l8
[26.263s] DEBUG:colcon.colcon_core.event_handler.log_command:Invoking command in '/home/mariobo/ernest_ws/src/ernest_simulations/build/controller': CMAKE_PREFIX_PATH=${CMAKE_PREFIX_PATH}:/home/mariobo/ernest_ws/install/mpc_controller:/opt/ros/foxy /usr/local/bin/cmake --install /home/mariobo/ernest_ws/src/ernest_simulations/build/controller
[26.382s] Level 1:colcon.colcon_core.environment:create_environment_scripts_only(controller)
[26.384s] DEBUG:colcon.colcon_core.event_handler.log_command:Invoked command in '/home/mariobo/ernest_ws/src/ernest_simulations/build/controller' returned '0': CMAKE_PREFIX_PATH=${CMAKE_PREFIX_PATH}:/home/mariobo/ernest_ws/install/mpc_controller:/opt/ros/foxy /usr/local/bin/cmake --install /home/mariobo/ernest_ws/src/ernest_simulations/build/controller
[26.456s] Level 1:colcon.colcon_core.environment:checking '/home/mariobo/ernest_ws/src/ernest_simulations/install/controller' for CMake module files
[26.457s] Level 1:colcon.colcon_core.environment:checking '/home/mariobo/ernest_ws/src/ernest_simulations/install/controller' for CMake config files
[26.458s] Level 1:colcon.colcon_core.shell:create_environment_hook('controller', 'cmake_prefix_path')
[26.536s] INFO:colcon.colcon_core.shell:Creating environment hook '/home/mariobo/ernest_ws/src/ernest_simulations/install/controller/share/controller/hook/cmake_prefix_path.ps1'
[26.538s] INFO:colcon.colcon_core.shell:Creating environment descriptor '/home/mariobo/ernest_ws/src/ernest_simulations/install/controller/share/controller/hook/cmake_prefix_path.dsv'
[26.538s] INFO:colcon.colcon_core.shell:Creating environment hook '/home/mariobo/ernest_ws/src/ernest_simulations/install/controller/share/controller/hook/cmake_prefix_path.sh'
[26.539s] Level 1:colcon.colcon_core.environment:checking '/home/mariobo/ernest_ws/src/ernest_simulations/install/controller/lib'
[26.539s] Level 1:colcon.colcon_core.environment:checking '/home/mariobo/ernest_ws/src/ernest_simulations/install/controller/bin'
[26.539s] Level 1:colcon.colcon_core.environment:checking '/home/mariobo/ernest_ws/src/ernest_simulations/install/controller/lib/pkgconfig/controller.pc'
[26.540s] Level 1:colcon.colcon_core.environment:checking '/home/mariobo/ernest_ws/src/ernest_simulations/install/controller/lib/python3.8/site-packages'
[26.540s] Level 1:colcon.colcon_core.environment:checking '/home/mariobo/ernest_ws/src/ernest_simulations/install/controller/bin'
[26.601s] INFO:colcon.colcon_core.shell:Creating package script '/home/mariobo/ernest_ws/src/ernest_simulations/install/controller/share/controller/package.ps1'
[26.601s] INFO:colcon.colcon_core.shell:Creating package descriptor '/home/mariobo/ernest_ws/src/ernest_simulations/install/controller/share/controller/package.dsv'
[26.602s] INFO:colcon.colcon_core.shell:Creating package script '/home/mariobo/ernest_ws/src/ernest_simulations/install/controller/share/controller/package.sh'
[26.602s] INFO:colcon.colcon_core.shell:Creating package script '/home/mariobo/ernest_ws/src/ernest_simulations/install/controller/share/controller/package.bash'
[26.603s] INFO:colcon.colcon_core.shell:Creating package script '/home/mariobo/ernest_ws/src/ernest_simulations/install/controller/share/controller/package.zsh'
[26.603s] Level 1:colcon.colcon_core.environment:create_file_with_runtime_dependencies(/home/mariobo/ernest_ws/src/ernest_simulations/install/controller/share/colcon-core/packages/controller)
[26.716s] Level 1:colcon.colcon_core.environment:create_environment_scripts_only(controller)
[26.811s] Level 1:colcon.colcon_core.environment:checking '/home/mariobo/ernest_ws/src/ernest_simulations/install/controller' for CMake module files
[26.812s] Level 1:colcon.colcon_core.environment:checking '/home/mariobo/ernest_ws/src/ernest_simulations/install/controller' for CMake config files
[26.813s] Level 1:colcon.colcon_core.shell:create_environment_hook('controller', 'cmake_prefix_path')
[26.888s] INFO:colcon.colcon_core.shell:Creating environment hook '/home/mariobo/ernest_ws/src/ernest_simulations/install/controller/share/controller/hook/cmake_prefix_path.ps1'
[26.889s] INFO:colcon.colcon_core.shell:Creating environment descriptor '/home/mariobo/ernest_ws/src/ernest_simulations/install/controller/share/controller/hook/cmake_prefix_path.dsv'
[26.890s] INFO:colcon.colcon_core.shell:Creating environment hook '/home/mariobo/ernest_ws/src/ernest_simulations/install/controller/share/controller/hook/cmake_prefix_path.sh'
[26.892s] Level 1:colcon.colcon_core.environment:checking '/home/mariobo/ernest_ws/src/ernest_simulations/install/controller/lib'
[26.892s] Level 1:colcon.colcon_core.environment:checking '/home/mariobo/ernest_ws/src/ernest_simulations/install/controller/bin'
[26.892s] Level 1:colcon.colcon_core.environment:checking '/home/mariobo/ernest_ws/src/ernest_simulations/install/controller/lib/pkgconfig/controller.pc'
[26.892s] Level 1:colcon.colcon_core.environment:checking '/home/mariobo/ernest_ws/src/ernest_simulations/install/controller/lib/python3.8/site-packages'
[26.892s] Level 1:colcon.colcon_core.environment:checking '/home/mariobo/ernest_ws/src/ernest_simulations/install/controller/bin'
[26.960s] INFO:colcon.colcon_core.shell:Creating package script '/home/mariobo/ernest_ws/src/ernest_simulations/install/controller/share/controller/package.ps1'
[26.961s] INFO:colcon.colcon_core.shell:Creating package descriptor '/home/mariobo/ernest_ws/src/ernest_simulations/install/controller/share/controller/package.dsv'
[26.962s] INFO:colcon.colcon_core.shell:Creating package script '/home/mariobo/ernest_ws/src/ernest_simulations/install/controller/share/controller/package.sh'
[26.963s] INFO:colcon.colcon_core.shell:Creating package script '/home/mariobo/ernest_ws/src/ernest_simulations/install/controller/share/controller/package.bash'
[26.964s] INFO:colcon.colcon_core.shell:Creating package script '/home/mariobo/ernest_ws/src/ernest_simulations/install/controller/share/controller/package.zsh'
[26.965s] Level 1:colcon.colcon_core.environment:create_file_with_runtime_dependencies(/home/mariobo/ernest_ws/src/ernest_simulations/install/controller/share/colcon-core/packages/controller)
[40.334s] DEBUG:colcon.colcon_core.event_handler.log_command:Invoked command in '/home/mariobo/ernest_ws/src/ernest_simulations/build/gazebo_ros2_control' returned '0': CMAKE_PREFIX_PATH=${CMAKE_PREFIX_PATH}:/home/mariobo/ernest_ws/install/mpc_controller:/opt/ros/foxy /usr/local/bin/cmake --build /home/mariobo/ernest_ws/src/ernest_simulations/build/gazebo_ros2_control -- -j8 -l8
[40.373s] DEBUG:colcon.colcon_core.event_handler.log_command:Invoking command in '/home/mariobo/ernest_ws/src/ernest_simulations/build/gazebo_ros2_control': CMAKE_PREFIX_PATH=${CMAKE_PREFIX_PATH}:/home/mariobo/ernest_ws/install/mpc_controller:/opt/ros/foxy /usr/local/bin/cmake --install /home/mariobo/ernest_ws/src/ernest_simulations/build/gazebo_ros2_control
[40.504s] Level 1:colcon.colcon_core.environment:create_environment_scripts_only(gazebo_ros2_control)
[40.505s] DEBUG:colcon.colcon_core.event_handler.log_command:Invoked command in '/home/mariobo/ernest_ws/src/ernest_simulations/build/gazebo_ros2_control' returned '0': CMAKE_PREFIX_PATH=${CMAKE_PREFIX_PATH}:/home/mariobo/ernest_ws/install/mpc_controller:/opt/ros/foxy /usr/local/bin/cmake --install /home/mariobo/ernest_ws/src/ernest_simulations/build/gazebo_ros2_control
[40.562s] Level 1:colcon.colcon_core.environment:checking '/home/mariobo/ernest_ws/src/ernest_simulations/install/gazebo_ros2_control' for CMake module files
[40.562s] Level 1:colcon.colcon_core.environment:checking '/home/mariobo/ernest_ws/src/ernest_simulations/install/gazebo_ros2_control' for CMake config files
[40.563s] Level 1:colcon.colcon_core.shell:create_environment_hook('gazebo_ros2_control', 'cmake_prefix_path')
[40.613s] INFO:colcon.colcon_core.shell:Creating environment hook '/home/mariobo/ernest_ws/src/ernest_simulations/install/gazebo_ros2_control/share/gazebo_ros2_control/hook/cmake_prefix_path.ps1'
[40.614s] INFO:colcon.colcon_core.shell:Creating environment descriptor '/home/mariobo/ernest_ws/src/ernest_simulations/install/gazebo_ros2_control/share/gazebo_ros2_control/hook/cmake_prefix_path.dsv'
[40.615s] INFO:colcon.colcon_core.shell:Creating environment hook '/home/mariobo/ernest_ws/src/ernest_simulations/install/gazebo_ros2_control/share/gazebo_ros2_control/hook/cmake_prefix_path.sh'
[40.616s] Level 1:colcon.colcon_core.environment:checking '/home/mariobo/ernest_ws/src/ernest_simulations/install/gazebo_ros2_control/lib'
[40.616s] Level 1:colcon.colcon_core.shell:create_environment_hook('gazebo_ros2_control', 'ld_library_path_lib')
[40.671s] INFO:colcon.colcon_core.shell:Creating environment hook '/home/mariobo/ernest_ws/src/ernest_simulations/install/gazebo_ros2_control/share/gazebo_ros2_control/hook/ld_library_path_lib.ps1'
[40.672s] INFO:colcon.colcon_core.shell:Creating environment descriptor '/home/mariobo/ernest_ws/src/ernest_simulations/install/gazebo_ros2_control/share/gazebo_ros2_control/hook/ld_library_path_lib.dsv'
[40.672s] INFO:colcon.colcon_core.shell:Creating environment hook '/home/mariobo/ernest_ws/src/ernest_simulations/install/gazebo_ros2_control/share/gazebo_ros2_control/hook/ld_library_path_lib.sh'
[40.672s] Level 1:colcon.colcon_core.environment:checking '/home/mariobo/ernest_ws/src/ernest_simulations/install/gazebo_ros2_control/bin'
[40.672s] Level 1:colcon.colcon_core.environment:checking '/home/mariobo/ernest_ws/src/ernest_simulations/install/gazebo_ros2_control/lib/pkgconfig/gazebo_ros2_control.pc'
[40.672s] Level 1:colcon.colcon_core.environment:checking '/home/mariobo/ernest_ws/src/ernest_simulations/install/gazebo_ros2_control/lib/python3.8/site-packages'
[40.673s] Level 1:colcon.colcon_core.environment:checking '/home/mariobo/ernest_ws/src/ernest_simulations/install/gazebo_ros2_control/bin'
[40.730s] INFO:colcon.colcon_core.shell:Creating package script '/home/mariobo/ernest_ws/src/ernest_simulations/install/gazebo_ros2_control/share/gazebo_ros2_control/package.ps1'
[40.731s] INFO:colcon.colcon_core.shell:Creating package descriptor '/home/mariobo/ernest_ws/src/ernest_simulations/install/gazebo_ros2_control/share/gazebo_ros2_control/package.dsv'
[40.732s] INFO:colcon.colcon_core.shell:Creating package script '/home/mariobo/ernest_ws/src/ernest_simulations/install/gazebo_ros2_control/share/gazebo_ros2_control/package.sh'
[40.733s] INFO:colcon.colcon_core.shell:Creating package script '/home/mariobo/ernest_ws/src/ernest_simulations/install/gazebo_ros2_control/share/gazebo_ros2_control/package.bash'
[40.733s] INFO:colcon.colcon_core.shell:Creating package script '/home/mariobo/ernest_ws/src/ernest_simulations/install/gazebo_ros2_control/share/gazebo_ros2_control/package.zsh'
[40.734s] Level 1:colcon.colcon_core.environment:create_file_with_runtime_dependencies(/home/mariobo/ernest_ws/src/ernest_simulations/install/gazebo_ros2_control/share/colcon-core/packages/gazebo_ros2_control)
[40.823s] Level 1:colcon.colcon_core.environment:create_environment_scripts_only(gazebo_ros2_control)
[40.880s] Level 1:colcon.colcon_core.environment:checking '/home/mariobo/ernest_ws/src/ernest_simulations/install/gazebo_ros2_control' for CMake module files
[40.881s] Level 1:colcon.colcon_core.environment:checking '/home/mariobo/ernest_ws/src/ernest_simulations/install/gazebo_ros2_control' for CMake config files
[40.882s] Level 1:colcon.colcon_core.shell:create_environment_hook('gazebo_ros2_control', 'cmake_prefix_path')
[40.940s] INFO:colcon.colcon_core.shell:Creating environment hook '/home/mariobo/ernest_ws/src/ernest_simulations/install/gazebo_ros2_control/share/gazebo_ros2_control/hook/cmake_prefix_path.ps1'
[40.941s] INFO:colcon.colcon_core.shell:Creating environment descriptor '/home/mariobo/ernest_ws/src/ernest_simulations/install/gazebo_ros2_control/share/gazebo_ros2_control/hook/cmake_prefix_path.dsv'
[40.942s] INFO:colcon.colcon_core.shell:Creating environment hook '/home/mariobo/ernest_ws/src/ernest_simulations/install/gazebo_ros2_control/share/gazebo_ros2_control/hook/cmake_prefix_path.sh'
[40.944s] Level 1:colcon.colcon_core.environment:checking '/home/mariobo/ernest_ws/src/ernest_simulations/install/gazebo_ros2_control/lib'
[40.945s] Level 1:colcon.colcon_core.shell:create_environment_hook('gazebo_ros2_control', 'ld_library_path_lib')
[41.001s] INFO:colcon.colcon_core.shell:Creating environment hook '/home/mariobo/ernest_ws/src/ernest_simulations/install/gazebo_ros2_control/share/gazebo_ros2_control/hook/ld_library_path_lib.ps1'
[41.002s] INFO:colcon.colcon_core.shell:Creating environment descriptor '/home/mariobo/ernest_ws/src/ernest_simulations/install/gazebo_ros2_control/share/gazebo_ros2_control/hook/ld_library_path_lib.dsv'
[41.003s] INFO:colcon.colcon_core.shell:Creating environment hook '/home/mariobo/ernest_ws/src/ernest_simulations/install/gazebo_ros2_control/share/gazebo_ros2_control/hook/ld_library_path_lib.sh'
[41.003s] Level 1:colcon.colcon_core.environment:checking '/home/mariobo/ernest_ws/src/ernest_simulations/install/gazebo_ros2_control/bin'
[41.003s] Level 1:colcon.colcon_core.environment:checking '/home/mariobo/ernest_ws/src/ernest_simulations/install/gazebo_ros2_control/lib/pkgconfig/gazebo_ros2_control.pc'
[41.004s] Level 1:colcon.colcon_core.environment:checking '/home/mariobo/ernest_ws/src/ernest_simulations/install/gazebo_ros2_control/lib/python3.8/site-packages'
[41.004s] Level 1:colcon.colcon_core.environment:checking '/home/mariobo/ernest_ws/src/ernest_simulations/install/gazebo_ros2_control/bin'
[41.063s] INFO:colcon.colcon_core.shell:Creating package script '/home/mariobo/ernest_ws/src/ernest_simulations/install/gazebo_ros2_control/share/gazebo_ros2_control/package.ps1'
[41.064s] INFO:colcon.colcon_core.shell:Creating package descriptor '/home/mariobo/ernest_ws/src/ernest_simulations/install/gazebo_ros2_control/share/gazebo_ros2_control/package.dsv'
[41.065s] INFO:colcon.colcon_core.shell:Creating package script '/home/mariobo/ernest_ws/src/ernest_simulations/install/gazebo_ros2_control/share/gazebo_ros2_control/package.sh'
[41.066s] INFO:colcon.colcon_core.shell:Creating package script '/home/mariobo/ernest_ws/src/ernest_simulations/install/gazebo_ros2_control/share/gazebo_ros2_control/package.bash'
[41.067s] INFO:colcon.colcon_core.shell:Creating package script '/home/mariobo/ernest_ws/src/ernest_simulations/install/gazebo_ros2_control/share/gazebo_ros2_control/package.zsh'
[41.068s] Level 1:colcon.colcon_core.environment:create_file_with_runtime_dependencies(/home/mariobo/ernest_ws/src/ernest_simulations/install/gazebo_ros2_control/share/colcon-core/packages/gazebo_ros2_control)
[41.069s] DEBUG:colcon.colcon_parallel_executor.executor.parallel:closing loop
[41.071s] DEBUG:colcon.colcon_parallel_executor.executor.parallel:loop closed
[41.071s] DEBUG:colcon.colcon_parallel_executor.executor.parallel:run_until_complete finished with '0'
[41.071s] DEBUG:colcon.colcon_core.event_reactor:joining thread
[41.145s] INFO:colcon.colcon_core.plugin_system:Skipping extension 'colcon_notification.desktop_notification.terminal_notifier': Not used on non-Darwin systems
[41.145s] INFO:colcon.colcon_core.plugin_system:Skipping extension 'colcon_notification.desktop_notification.win32': Not used on non-Windows systems
[41.145s] INFO:colcon.colcon_notification.desktop_notification:Sending desktop notification using 'notify2'
[41.166s] DEBUG:colcon.colcon_core.event_reactor:joined thread
[41.226s] INFO:colcon.colcon_core.shell:Creating prefix script '/home/mariobo/ernest_ws/src/ernest_simulations/install/local_setup.ps1'
[41.228s] INFO:colcon.colcon_core.shell:Creating prefix util module '/home/mariobo/ernest_ws/src/ernest_simulations/install/_local_setup_util_ps1.py'
[41.230s] INFO:colcon.colcon_core.shell:Creating prefix chain script '/home/mariobo/ernest_ws/src/ernest_simulations/install/setup.ps1'
[41.301s] INFO:colcon.colcon_core.shell:Creating prefix script '/home/mariobo/ernest_ws/src/ernest_simulations/install/local_setup.sh'
[41.301s] INFO:colcon.colcon_core.shell:Creating prefix util module '/home/mariobo/ernest_ws/src/ernest_simulations/install/_local_setup_util_sh.py'
[41.302s] INFO:colcon.colcon_core.shell:Creating prefix chain script '/home/mariobo/ernest_ws/src/ernest_simulations/install/setup.sh'
[41.382s] INFO:colcon.colcon_core.shell:Creating prefix script '/home/mariobo/ernest_ws/src/ernest_simulations/install/local_setup.bash'
[41.384s] INFO:colcon.colcon_core.shell:Creating prefix chain script '/home/mariobo/ernest_ws/src/ernest_simulations/install/setup.bash'
[41.438s] INFO:colcon.colcon_core.shell:Creating prefix script '/home/mariobo/ernest_ws/src/ernest_simulations/install/local_setup.zsh'
[41.440s] INFO:colcon.colcon_core.shell:Creating prefix chain script '/home/mariobo/ernest_ws/src/ernest_simulations/install/setup.zsh'
