[4.899s] DEBUG:colcon:Command line arguments: ['/usr/bin/colcon', 'build', '--symlink-install']
[4.900s] DEBUG:colcon:Parsed command line arguments: Namespace(allow_overriding=[], ament_cmake_args=None, base_paths=['.'], build_base='build', catkin_cmake_args=None, catkin_skip_building_tests=False, cmake_args=None, cmake_clean_cache=False, cmake_clean_first=False, cmake_force_configure=False, cmake_target=None, cmake_target_skip_unavailable=False, continue_on_error=False, event_handlers=None, executor='parallel', ignore_user_meta=False, install_base='install', log_base=None, log_level=None, main=<bound method BuildVerb.main of <colcon_core.verb.build.BuildVerb object at 0x7f5633261be0>>, merge_install=False, metas=['./colcon.meta'], packages_above=None, packages_above_and_dependencies=None, packages_above_depth=None, packages_end=None, packages_ignore=None, packages_ignore_regex=None, packages_select=None, packages_select_build_failed=False, packages_select_by_dep=None, packages_select_regex=None, packages_select_test_failures=False, packages_skip=None, packages_skip_build_finished=False, packages_skip_by_dep=None, packages_skip_regex=None, packages_skip_test_passed=False, packages_skip_up_to=None, packages_start=None, packages_up_to=None, packages_up_to_regex=None, parallel_workers=8, paths=None, symlink_install=True, test_result_base=None, verb_extension=<colcon_core.verb.build.BuildVerb object at 0x7f5633261be0>, verb_name='build', verb_parser=<colcon_defaults.argument_parser.defaults.DefaultArgumentsDecorator object at 0x7f5633261ee0>)
[5.123s] Level 1:colcon.colcon_core.package_discovery:discover_packages(colcon_meta) check parameters
[5.124s] Level 1:colcon.colcon_core.package_discovery:discover_packages(recursive) check parameters
[5.124s] Level 1:colcon.colcon_core.package_discovery:discover_packages(ignore) check parameters
[5.124s] Level 1:colcon.colcon_core.package_discovery:discover_packages(path) check parameters
[5.124s] Level 1:colcon.colcon_core.package_discovery:discover_packages(colcon_meta) discover
[5.124s] Level 1:colcon.colcon_core.package_discovery:discover_packages(recursive) discover
[5.124s] INFO:colcon.colcon_core.package_discovery:Crawling recursively for packages in '/home/mariobo/ernest_ws/src/ernest_simulations'
[5.124s] Level 1:colcon.colcon_core.package_identification:_identify(.) by extensions ['ignore', 'ignore_ament_install']
[5.125s] Level 1:colcon.colcon_core.package_identification:_identify(.) by extension 'ignore'
[5.125s] Level 1:colcon.colcon_core.package_identification:_identify(.) by extension 'ignore_ament_install'
[5.125s] Level 1:colcon.colcon_core.package_identification:_identify(.) by extensions ['colcon_pkg']
[5.125s] Level 1:colcon.colcon_core.package_identification:_identify(.) by extension 'colcon_pkg'
[5.125s] Level 1:colcon.colcon_core.package_identification:_identify(.) by extensions ['colcon_meta']
[5.126s] Level 1:colcon.colcon_core.package_identification:_identify(.) by extension 'colcon_meta'
[5.126s] Level 1:colcon.colcon_core.package_identification:_identify(.) by extensions ['ros']
[5.126s] Level 1:colcon.colcon_core.package_identification:_identify(.) by extension 'ros'
[5.148s] Level 1:colcon.colcon_core.package_identification:_identify(.) by extensions ['cmake', 'python']
[5.148s] Level 1:colcon.colcon_core.package_identification:_identify(.) by extension 'cmake'
[5.148s] Level 1:colcon.colcon_core.package_identification:_identify(.) by extension 'python'
[5.148s] Level 1:colcon.colcon_core.package_identification:_identify(.) by extensions ['python_setup_py']
[5.148s] Level 1:colcon.colcon_core.package_identification:_identify(.) by extension 'python_setup_py'
[5.149s] Level 1:colcon.colcon_core.package_identification:_identify(bringup) by extensions ['ignore', 'ignore_ament_install']
[5.149s] Level 1:colcon.colcon_core.package_identification:_identify(bringup) by extension 'ignore'
[5.149s] Level 1:colcon.colcon_core.package_identification:_identify(bringup) by extension 'ignore_ament_install'
[5.150s] Level 1:colcon.colcon_core.package_identification:_identify(bringup) by extensions ['colcon_pkg']
[5.150s] Level 1:colcon.colcon_core.package_identification:_identify(bringup) by extension 'colcon_pkg'
[5.150s] Level 1:colcon.colcon_core.package_identification:_identify(bringup) by extensions ['colcon_meta']
[5.150s] Level 1:colcon.colcon_core.package_identification:_identify(bringup) by extension 'colcon_meta'
[5.150s] Level 1:colcon.colcon_core.package_identification:_identify(bringup) by extensions ['ros']
[5.150s] Level 1:colcon.colcon_core.package_identification:_identify(bringup) by extension 'ros'
[5.158s] DEBUG:colcon.colcon_core.package_identification:Package 'bringup' with type 'ros.ament_cmake' and name 'bringup'
[5.159s] Level 1:colcon.colcon_core.package_identification:_identify(build) by extensions ['ignore', 'ignore_ament_install']
[5.159s] Level 1:colcon.colcon_core.package_identification:_identify(build) by extension 'ignore'
[5.159s] Level 1:colcon.colcon_core.package_identification:_identify(build) ignored
[5.160s] Level 1:colcon.colcon_core.package_identification:_identify(controller) by extensions ['ignore', 'ignore_ament_install']
[5.160s] Level 1:colcon.colcon_core.package_identification:_identify(controller) by extension 'ignore'
[5.160s] Level 1:colcon.colcon_core.package_identification:_identify(controller) by extension 'ignore_ament_install'
[5.160s] Level 1:colcon.colcon_core.package_identification:_identify(controller) by extensions ['colcon_pkg']
[5.161s] Level 1:colcon.colcon_core.package_identification:_identify(controller) by extension 'colcon_pkg'
[5.161s] Level 1:colcon.colcon_core.package_identification:_identify(controller) by extensions ['colcon_meta']
[5.161s] Level 1:colcon.colcon_core.package_identification:_identify(controller) by extension 'colcon_meta'
[5.161s] Level 1:colcon.colcon_core.package_identification:_identify(controller) by extensions ['ros']
[5.161s] Level 1:colcon.colcon_core.package_identification:_identify(controller) by extension 'ros'
[5.162s] DEBUG:colcon.colcon_core.package_identification:Package 'controller' with type 'ros.ament_cmake' and name 'controller'
[5.163s] Level 1:colcon.colcon_core.package_identification:_identify(description) by extensions ['ignore', 'ignore_ament_install']
[5.163s] Level 1:colcon.colcon_core.package_identification:_identify(description) by extension 'ignore'
[5.163s] Level 1:colcon.colcon_core.package_identification:_identify(description) by extension 'ignore_ament_install'
[5.163s] Level 1:colcon.colcon_core.package_identification:_identify(description) by extensions ['colcon_pkg']
[5.163s] Level 1:colcon.colcon_core.package_identification:_identify(description) by extension 'colcon_pkg'
[5.164s] Level 1:colcon.colcon_core.package_identification:_identify(description) by extensions ['colcon_meta']
[5.164s] Level 1:colcon.colcon_core.package_identification:_identify(description) by extension 'colcon_meta'
[5.164s] Level 1:colcon.colcon_core.package_identification:_identify(description) by extensions ['ros']
[5.164s] Level 1:colcon.colcon_core.package_identification:_identify(description) by extension 'ros'
[5.165s] DEBUG:colcon.colcon_core.package_identification:Package 'description' with type 'ros.ament_cmake' and name 'description'
[5.165s] Level 1:colcon.colcon_core.package_identification:_identify(gazebo_ros2_control) by extensions ['ignore', 'ignore_ament_install']
[5.166s] Level 1:colcon.colcon_core.package_identification:_identify(gazebo_ros2_control) by extension 'ignore'
[5.166s] Level 1:colcon.colcon_core.package_identification:_identify(gazebo_ros2_control) by extension 'ignore_ament_install'
[5.166s] Level 1:colcon.colcon_core.package_identification:_identify(gazebo_ros2_control) by extensions ['colcon_pkg']
[5.166s] Level 1:colcon.colcon_core.package_identification:_identify(gazebo_ros2_control) by extension 'colcon_pkg'
[5.166s] Level 1:colcon.colcon_core.package_identification:_identify(gazebo_ros2_control) by extensions ['colcon_meta']
[5.166s] Level 1:colcon.colcon_core.package_identification:_identify(gazebo_ros2_control) by extension 'colcon_meta'
[5.166s] Level 1:colcon.colcon_core.package_identification:_identify(gazebo_ros2_control) by extensions ['ros']
[5.166s] Level 1:colcon.colcon_core.package_identification:_identify(gazebo_ros2_control) by extension 'ros'
[5.169s] DEBUG:colcon.colcon_core.package_identification:Package 'gazebo_ros2_control' with type 'ros.ament_cmake' and name 'gazebo_ros2_control'
[5.170s] Level 1:colcon.colcon_core.package_identification:_identify(install) by extensions ['ignore', 'ignore_ament_install']
[5.170s] Level 1:colcon.colcon_core.package_identification:_identify(install) by extension 'ignore'
[5.170s] Level 1:colcon.colcon_core.package_identification:_identify(install) ignored
[5.170s] Level 1:colcon.colcon_core.package_identification:_identify(log) by extensions ['ignore', 'ignore_ament_install']
[5.170s] Level 1:colcon.colcon_core.package_identification:_identify(log) by extension 'ignore'
[5.170s] Level 1:colcon.colcon_core.package_identification:_identify(log) ignored
[5.171s] Level 1:colcon.colcon_core.package_identification:_identify(mpc_controller) by extensions ['ignore', 'ignore_ament_install']
[5.171s] Level 1:colcon.colcon_core.package_identification:_identify(mpc_controller) by extension 'ignore'
[5.171s] Level 1:colcon.colcon_core.package_identification:_identify(mpc_controller) by extension 'ignore_ament_install'
[5.171s] Level 1:colcon.colcon_core.package_identification:_identify(mpc_controller) by extensions ['colcon_pkg']
[5.171s] Level 1:colcon.colcon_core.package_identification:_identify(mpc_controller) by extension 'colcon_pkg'
[5.171s] Level 1:colcon.colcon_core.package_identification:_identify(mpc_controller) by extensions ['colcon_meta']
[5.172s] Level 1:colcon.colcon_core.package_identification:_identify(mpc_controller) by extension 'colcon_meta'
[5.172s] Level 1:colcon.colcon_core.package_identification:_identify(mpc_controller) by extensions ['ros']
[5.172s] Level 1:colcon.colcon_core.package_identification:_identify(mpc_controller) by extension 'ros'
[5.174s] DEBUG:colcon.colcon_core.package_identification:Package 'mpc_controller' with type 'ros.ament_python' and name 'mpc_controller'
[5.174s] Level 1:colcon.colcon_core.package_discovery:discover_packages(recursive) using defaults
[5.174s] Level 1:colcon.colcon_core.package_discovery:discover_packages(ignore) discover
[5.174s] Level 1:colcon.colcon_core.package_discovery:discover_packages(ignore) using defaults
[5.174s] Level 1:colcon.colcon_core.package_discovery:discover_packages(path) discover
[5.174s] Level 1:colcon.colcon_core.package_discovery:discover_packages(path) using defaults
[5.685s] Level 1:colcon.colcon_core.package_discovery:discover_packages(prefix_path) check parameters
[5.686s] Level 1:colcon.colcon_core.package_discovery:discover_packages(prefix_path) discover
[5.838s] DEBUG:colcon.colcon_installed_package_information.package_discovery:Found 5 installed packages in /home/mariobo/ernest_ws/src/ernest_simulations/install
[5.913s] DEBUG:colcon.colcon_installed_package_information.package_discovery:Found 5 installed packages in /home/mariobo/ernest_ws/install
[5.990s] DEBUG:colcon.colcon_installed_package_information.package_discovery:Found 282 installed packages in /opt/ros/foxy
[5.992s] Level 1:colcon.colcon_core.package_discovery:discover_packages(prefix_path) using defaults
[6.331s] Level 5:colcon.colcon_core.verb:set package 'bringup' build argument 'cmake_args' from command line to 'None'
[6.331s] Level 5:colcon.colcon_core.verb:set package 'bringup' build argument 'cmake_target' from command line to 'None'
[6.331s] Level 5:colcon.colcon_core.verb:set package 'bringup' build argument 'cmake_target_skip_unavailable' from command line to 'False'
[6.331s] Level 5:colcon.colcon_core.verb:set package 'bringup' build argument 'cmake_clean_cache' from command line to 'False'
[6.332s] Level 5:colcon.colcon_core.verb:set package 'bringup' build argument 'cmake_clean_first' from command line to 'False'
[6.332s] Level 5:colcon.colcon_core.verb:set package 'bringup' build argument 'cmake_force_configure' from command line to 'False'
[6.332s] Level 5:colcon.colcon_core.verb:set package 'bringup' build argument 'ament_cmake_args' from command line to 'None'
[6.332s] Level 5:colcon.colcon_core.verb:set package 'bringup' build argument 'catkin_cmake_args' from command line to 'None'
[6.332s] Level 5:colcon.colcon_core.verb:set package 'bringup' build argument 'catkin_skip_building_tests' from command line to 'False'
[6.332s] DEBUG:colcon.colcon_core.verb:Building package 'bringup' with the following arguments: {'ament_cmake_args': None, 'build_base': '/home/mariobo/ernest_ws/src/ernest_simulations/build/bringup', 'catkin_cmake_args': None, 'catkin_skip_building_tests': False, 'cmake_args': None, 'cmake_clean_cache': False, 'cmake_clean_first': False, 'cmake_force_configure': False, 'cmake_target': None, 'cmake_target_skip_unavailable': False, 'install_base': '/home/mariobo/ernest_ws/src/ernest_simulations/install/bringup', 'merge_install': False, 'path': '/home/mariobo/ernest_ws/src/ernest_simulations/bringup', 'symlink_install': True, 'test_result_base': None}
[6.407s] Level 5:colcon.colcon_core.verb:set package 'controller' build argument 'cmake_args' from command line to 'None'
[6.408s] Level 5:colcon.colcon_core.verb:set package 'controller' build argument 'cmake_target' from command line to 'None'
[6.408s] Level 5:colcon.colcon_core.verb:set package 'controller' build argument 'cmake_target_skip_unavailable' from command line to 'False'
[6.408s] Level 5:colcon.colcon_core.verb:set package 'controller' build argument 'cmake_clean_cache' from command line to 'False'
[6.408s] Level 5:colcon.colcon_core.verb:set package 'controller' build argument 'cmake_clean_first' from command line to 'False'
[6.408s] Level 5:colcon.colcon_core.verb:set package 'controller' build argument 'cmake_force_configure' from command line to 'False'
[6.408s] Level 5:colcon.colcon_core.verb:set package 'controller' build argument 'ament_cmake_args' from command line to 'None'
[6.408s] Level 5:colcon.colcon_core.verb:set package 'controller' build argument 'catkin_cmake_args' from command line to 'None'
[6.408s] Level 5:colcon.colcon_core.verb:set package 'controller' build argument 'catkin_skip_building_tests' from command line to 'False'
[6.408s] DEBUG:colcon.colcon_core.verb:Building package 'controller' with the following arguments: {'ament_cmake_args': None, 'build_base': '/home/mariobo/ernest_ws/src/ernest_simulations/build/controller', 'catkin_cmake_args': None, 'catkin_skip_building_tests': False, 'cmake_args': None, 'cmake_clean_cache': False, 'cmake_clean_first': False, 'cmake_force_configure': False, 'cmake_target': None, 'cmake_target_skip_unavailable': False, 'install_base': '/home/mariobo/ernest_ws/src/ernest_simulations/install/controller', 'merge_install': False, 'path': '/home/mariobo/ernest_ws/src/ernest_simulations/controller', 'symlink_install': True, 'test_result_base': None}
[6.481s] Level 5:colcon.colcon_core.verb:set package 'description' build argument 'cmake_args' from command line to 'None'
[6.481s] Level 5:colcon.colcon_core.verb:set package 'description' build argument 'cmake_target' from command line to 'None'
[6.481s] Level 5:colcon.colcon_core.verb:set package 'description' build argument 'cmake_target_skip_unavailable' from command line to 'False'
[6.481s] Level 5:colcon.colcon_core.verb:set package 'description' build argument 'cmake_clean_cache' from command line to 'False'
[6.481s] Level 5:colcon.colcon_core.verb:set package 'description' build argument 'cmake_clean_first' from command line to 'False'
[6.481s] Level 5:colcon.colcon_core.verb:set package 'description' build argument 'cmake_force_configure' from command line to 'False'
[6.481s] Level 5:colcon.colcon_core.verb:set package 'description' build argument 'ament_cmake_args' from command line to 'None'
[6.481s] Level 5:colcon.colcon_core.verb:set package 'description' build argument 'catkin_cmake_args' from command line to 'None'
[6.481s] Level 5:colcon.colcon_core.verb:set package 'description' build argument 'catkin_skip_building_tests' from command line to 'False'
[6.481s] DEBUG:colcon.colcon_core.verb:Building package 'description' with the following arguments: {'ament_cmake_args': None, 'build_base': '/home/mariobo/ernest_ws/src/ernest_simulations/build/description', 'catkin_cmake_args': None, 'catkin_skip_building_tests': False, 'cmake_args': None, 'cmake_clean_cache': False, 'cmake_clean_first': False, 'cmake_force_configure': False, 'cmake_target': None, 'cmake_target_skip_unavailable': False, 'install_base': '/home/mariobo/ernest_ws/src/ernest_simulations/install/description', 'merge_install': False, 'path': '/home/mariobo/ernest_ws/src/ernest_simulations/description', 'symlink_install': True, 'test_result_base': None}
[6.552s] Level 5:colcon.colcon_core.verb:set package 'gazebo_ros2_control' build argument 'cmake_args' from command line to 'None'
[6.552s] Level 5:colcon.colcon_core.verb:set package 'gazebo_ros2_control' build argument 'cmake_target' from command line to 'None'
[6.552s] Level 5:colcon.colcon_core.verb:set package 'gazebo_ros2_control' build argument 'cmake_target_skip_unavailable' from command line to 'False'
[6.553s] Level 5:colcon.colcon_core.verb:set package 'gazebo_ros2_control' build argument 'cmake_clean_cache' from command line to 'False'
[6.553s] Level 5:colcon.colcon_core.verb:set package 'gazebo_ros2_control' build argument 'cmake_clean_first' from command line to 'False'
[6.553s] Level 5:colcon.colcon_core.verb:set package 'gazebo_ros2_control' build argument 'cmake_force_configure' from command line to 'False'
[6.553s] Level 5:colcon.colcon_core.verb:set package 'gazebo_ros2_control' build argument 'ament_cmake_args' from command line to 'None'
[6.553s] Level 5:colcon.colcon_core.verb:set package 'gazebo_ros2_control' build argument 'catkin_cmake_args' from command line to 'None'
[6.553s] Level 5:colcon.colcon_core.verb:set package 'gazebo_ros2_control' build argument 'catkin_skip_building_tests' from command line to 'False'
[6.553s] DEBUG:colcon.colcon_core.verb:Building package 'gazebo_ros2_control' with the following arguments: {'ament_cmake_args': None, 'build_base': '/home/mariobo/ernest_ws/src/ernest_simulations/build/gazebo_ros2_control', 'catkin_cmake_args': None, 'catkin_skip_building_tests': False, 'cmake_args': None, 'cmake_clean_cache': False, 'cmake_clean_first': False, 'cmake_force_configure': False, 'cmake_target': None, 'cmake_target_skip_unavailable': False, 'install_base': '/home/mariobo/ernest_ws/src/ernest_simulations/install/gazebo_ros2_control', 'merge_install': False, 'path': '/home/mariobo/ernest_ws/src/ernest_simulations/gazebo_ros2_control', 'symlink_install': True, 'test_result_base': None}
[6.629s] Level 5:colcon.colcon_core.verb:set package 'mpc_controller' build argument 'cmake_args' from command line to 'None'
[6.630s] Level 5:colcon.colcon_core.verb:set package 'mpc_controller' build argument 'cmake_target' from command line to 'None'
[6.630s] Level 5:colcon.colcon_core.verb:set package 'mpc_controller' build argument 'cmake_target_skip_unavailable' from command line to 'False'
[6.630s] Level 5:colcon.colcon_core.verb:set package 'mpc_controller' build argument 'cmake_clean_cache' from command line to 'False'
[6.630s] Level 5:colcon.colcon_core.verb:set package 'mpc_controller' build argument 'cmake_clean_first' from command line to 'False'
[6.630s] Level 5:colcon.colcon_core.verb:set package 'mpc_controller' build argument 'cmake_force_configure' from command line to 'False'
[6.630s] Level 5:colcon.colcon_core.verb:set package 'mpc_controller' build argument 'ament_cmake_args' from command line to 'None'
[6.630s] Level 5:colcon.colcon_core.verb:set package 'mpc_controller' build argument 'catkin_cmake_args' from command line to 'None'
[6.630s] Level 5:colcon.colcon_core.verb:set package 'mpc_controller' build argument 'catkin_skip_building_tests' from command line to 'False'
[6.630s] DEBUG:colcon.colcon_core.verb:Building package 'mpc_controller' with the following arguments: {'ament_cmake_args': None, 'build_base': '/home/mariobo/ernest_ws/src/ernest_simulations/build/mpc_controller', 'catkin_cmake_args': None, 'catkin_skip_building_tests': False, 'cmake_args': None, 'cmake_clean_cache': False, 'cmake_clean_first': False, 'cmake_force_configure': False, 'cmake_target': None, 'cmake_target_skip_unavailable': False, 'install_base': '/home/mariobo/ernest_ws/src/ernest_simulations/install/mpc_controller', 'merge_install': False, 'path': '/home/mariobo/ernest_ws/src/ernest_simulations/mpc_controller', 'symlink_install': True, 'test_result_base': None}
[6.700s] INFO:colcon.colcon_core.executor:Executing jobs using 'parallel' executor
[6.773s] DEBUG:colcon.colcon_parallel_executor.executor.parallel:run_until_complete
[6.774s] INFO:colcon.colcon_ros.task.ament_cmake.build:Building ROS package in '/home/mariobo/ernest_ws/src/ernest_simulations/bringup' with build type 'ament_cmake'
[6.774s] INFO:colcon.colcon_cmake.task.cmake.build:Building CMake package in '/home/mariobo/ernest_ws/src/ernest_simulations/bringup'
[6.853s] INFO:colcon.colcon_core.plugin_system:Skipping extension 'colcon_core.shell.bat': Not used on non-Windows systems
[6.853s] INFO:colcon.colcon_core.shell:Skip shell extension 'powershell' for command environment: Not usable outside of PowerShell
[6.853s] DEBUG:colcon.colcon_core.shell:Skip shell extension 'dsv' for command environment
[7.238s] INFO:colcon.colcon_ros.task.ament_cmake.build:Building ROS package in '/home/mariobo/ernest_ws/src/ernest_simulations/controller' with build type 'ament_cmake'
[7.239s] INFO:colcon.colcon_cmake.task.cmake.build:Building CMake package in '/home/mariobo/ernest_ws/src/ernest_simulations/controller'
[7.327s] INFO:colcon.colcon_core.shell:Skip shell extension 'powershell' for command environment: Not usable outside of PowerShell
[7.327s] DEBUG:colcon.colcon_core.shell:Skip shell extension 'dsv' for command environment
[7.667s] INFO:colcon.colcon_ros.task.ament_cmake.build:Building ROS package in '/home/mariobo/ernest_ws/src/ernest_simulations/description' with build type 'ament_cmake'
[7.668s] INFO:colcon.colcon_cmake.task.cmake.build:Building CMake package in '/home/mariobo/ernest_ws/src/ernest_simulations/description'
[7.752s] INFO:colcon.colcon_core.shell:Skip shell extension 'powershell' for command environment: Not usable outside of PowerShell
[7.753s] DEBUG:colcon.colcon_core.shell:Skip shell extension 'dsv' for command environment
[8.083s] INFO:colcon.colcon_ros.task.ament_cmake.build:Building ROS package in '/home/mariobo/ernest_ws/src/ernest_simulations/gazebo_ros2_control' with build type 'ament_cmake'
[8.084s] INFO:colcon.colcon_cmake.task.cmake.build:Building CMake package in '/home/mariobo/ernest_ws/src/ernest_simulations/gazebo_ros2_control'
[8.177s] INFO:colcon.colcon_core.shell:Skip shell extension 'powershell' for command environment: Not usable outside of PowerShell
[8.178s] DEBUG:colcon.colcon_core.shell:Skip shell extension 'dsv' for command environment
[8.515s] INFO:colcon.colcon_ros.task.ament_python.build:Building ROS package in '/home/mariobo/ernest_ws/src/ernest_simulations/mpc_controller' with build type 'ament_python'
[8.516s] Level 1:colcon.colcon_core.shell:create_environment_hook('mpc_controller', 'ament_prefix_path')
[8.605s] INFO:colcon.colcon_core.shell:Creating environment hook '/home/mariobo/ernest_ws/src/ernest_simulations/install/mpc_controller/share/mpc_controller/hook/ament_prefix_path.ps1'
[8.606s] INFO:colcon.colcon_core.shell:Creating environment descriptor '/home/mariobo/ernest_ws/src/ernest_simulations/install/mpc_controller/share/mpc_controller/hook/ament_prefix_path.dsv'
[8.607s] INFO:colcon.colcon_core.shell:Creating environment hook '/home/mariobo/ernest_ws/src/ernest_simulations/install/mpc_controller/share/mpc_controller/hook/ament_prefix_path.sh'
[8.704s] INFO:colcon.colcon_core.shell:Skip shell extension 'powershell' for command environment: Not usable outside of PowerShell
[8.704s] DEBUG:colcon.colcon_core.shell:Skip shell extension 'dsv' for command environment
[9.089s] DEBUG:colcon.colcon_core.event_handler.log_command:Invoking command in '/home/mariobo/ernest_ws/src/ernest_simulations/build/bringup': CMAKE_PREFIX_PATH=${CMAKE_PREFIX_PATH}:/home/mariobo/ernest_ws/src/ernest_simulations/install/mpc_controller:/home/mariobo/ernest_ws/install/mpc_controller:/opt/ros/foxy /usr/local/bin/cmake --build /home/mariobo/ernest_ws/src/ernest_simulations/build/bringup -- -j8 -l8
[9.105s] DEBUG:colcon.colcon_core.event_handler.log_command:Invoking command in '/home/mariobo/ernest_ws/src/ernest_simulations/build/controller': CMAKE_PREFIX_PATH=${CMAKE_PREFIX_PATH}:/home/mariobo/ernest_ws/src/ernest_simulations/install/mpc_controller:/home/mariobo/ernest_ws/install/mpc_controller:/opt/ros/foxy /usr/local/bin/cmake --build /home/mariobo/ernest_ws/src/ernest_simulations/build/controller -- -j8 -l8
[9.120s] DEBUG:colcon.colcon_core.event_handler.log_command:Invoking command in '/home/mariobo/ernest_ws/src/ernest_simulations/build/description': CMAKE_PREFIX_PATH=${CMAKE_PREFIX_PATH}:/home/mariobo/ernest_ws/src/ernest_simulations/install/mpc_controller:/home/mariobo/ernest_ws/install/mpc_controller:/opt/ros/foxy /usr/local/bin/cmake --build /home/mariobo/ernest_ws/src/ernest_simulations/build/description -- -j8 -l8
[9.135s] DEBUG:colcon.colcon_core.event_handler.log_command:Invoking command in '/home/mariobo/ernest_ws/src/ernest_simulations/build/gazebo_ros2_control': CMAKE_PREFIX_PATH=${CMAKE_PREFIX_PATH}:/home/mariobo/ernest_ws/src/ernest_simulations/install/mpc_controller:/home/mariobo/ernest_ws/install/mpc_controller:/opt/ros/foxy /usr/local/bin/cmake --build /home/mariobo/ernest_ws/src/ernest_simulations/build/gazebo_ros2_control -- -j8 -l8
[9.621s] INFO:colcon.colcon_core.task.python.build:Building Python package in '/home/mariobo/ernest_ws/src/ernest_simulations/mpc_controller'
[9.708s] INFO:colcon.colcon_core.shell:Skip shell extension 'powershell' for command environment: Not usable outside of PowerShell
[9.708s] DEBUG:colcon.colcon_core.shell:Skip shell extension 'dsv' for command environment
[10.094s] DEBUG:colcon.colcon_core.event_handler.log_command:Invoked command in '/home/mariobo/ernest_ws/src/ernest_simulations/build/bringup' returned '0': CMAKE_PREFIX_PATH=${CMAKE_PREFIX_PATH}:/home/mariobo/ernest_ws/src/ernest_simulations/install/mpc_controller:/home/mariobo/ernest_ws/install/mpc_controller:/opt/ros/foxy /usr/local/bin/cmake --build /home/mariobo/ernest_ws/src/ernest_simulations/build/bringup -- -j8 -l8
[10.109s] DEBUG:colcon.colcon_core.event_handler.log_command:Invoked command in '/home/mariobo/ernest_ws/src/ernest_simulations/build/description' returned '0': CMAKE_PREFIX_PATH=${CMAKE_PREFIX_PATH}:/home/mariobo/ernest_ws/src/ernest_simulations/install/mpc_controller:/home/mariobo/ernest_ws/install/mpc_controller:/opt/ros/foxy /usr/local/bin/cmake --build /home/mariobo/ernest_ws/src/ernest_simulations/build/description -- -j8 -l8
[10.124s] DEBUG:colcon.colcon_core.event_handler.log_command:Invoked command in '/home/mariobo/ernest_ws/src/ernest_simulations/build/controller' returned '0': CMAKE_PREFIX_PATH=${CMAKE_PREFIX_PATH}:/home/mariobo/ernest_ws/src/ernest_simulations/install/mpc_controller:/home/mariobo/ernest_ws/install/mpc_controller:/opt/ros/foxy /usr/local/bin/cmake --build /home/mariobo/ernest_ws/src/ernest_simulations/build/controller -- -j8 -l8
[10.126s] DEBUG:colcon.colcon_core.event_handler.log_command:Invoked command in '/home/mariobo/ernest_ws/src/ernest_simulations/build/gazebo_ros2_control' returned '0': CMAKE_PREFIX_PATH=${CMAKE_PREFIX_PATH}:/home/mariobo/ernest_ws/src/ernest_simulations/install/mpc_controller:/home/mariobo/ernest_ws/install/mpc_controller:/opt/ros/foxy /usr/local/bin/cmake --build /home/mariobo/ernest_ws/src/ernest_simulations/build/gazebo_ros2_control -- -j8 -l8
[10.165s] DEBUG:colcon.colcon_core.event_handler.log_command:Invoking command in '/home/mariobo/ernest_ws/src/ernest_simulations/build/bringup': CMAKE_PREFIX_PATH=${CMAKE_PREFIX_PATH}:/home/mariobo/ernest_ws/src/ernest_simulations/install/mpc_controller:/home/mariobo/ernest_ws/install/mpc_controller:/opt/ros/foxy /usr/local/bin/cmake --install /home/mariobo/ernest_ws/src/ernest_simulations/build/bringup
[10.176s] DEBUG:colcon.colcon_core.event_handler.log_command:Invoking command in '/home/mariobo/ernest_ws/src/ernest_simulations/build/description': CMAKE_PREFIX_PATH=${CMAKE_PREFIX_PATH}:/home/mariobo/ernest_ws/src/ernest_simulations/install/mpc_controller:/home/mariobo/ernest_ws/install/mpc_controller:/opt/ros/foxy /usr/local/bin/cmake --install /home/mariobo/ernest_ws/src/ernest_simulations/build/description
[10.209s] DEBUG:colcon.colcon_core.event_handler.log_command:Invoking command in '/home/mariobo/ernest_ws/src/ernest_simulations/build/gazebo_ros2_control': CMAKE_PREFIX_PATH=${CMAKE_PREFIX_PATH}:/home/mariobo/ernest_ws/src/ernest_simulations/install/mpc_controller:/home/mariobo/ernest_ws/install/mpc_controller:/opt/ros/foxy /usr/local/bin/cmake --install /home/mariobo/ernest_ws/src/ernest_simulations/build/gazebo_ros2_control
[10.248s] Level 1:colcon.colcon_core.environment:create_environment_scripts_only(bringup)
[10.250s] DEBUG:colcon.colcon_core.event_handler.log_command:Invoking command in '/home/mariobo/ernest_ws/src/ernest_simulations/build/controller': CMAKE_PREFIX_PATH=${CMAKE_PREFIX_PATH}:/home/mariobo/ernest_ws/src/ernest_simulations/install/mpc_controller:/home/mariobo/ernest_ws/install/mpc_controller:/opt/ros/foxy /usr/local/bin/cmake --install /home/mariobo/ernest_ws/src/ernest_simulations/build/controller
[10.268s] DEBUG:colcon.colcon_core.event_handler.log_command:Invoked command in '/home/mariobo/ernest_ws/src/ernest_simulations/build/bringup' returned '0': CMAKE_PREFIX_PATH=${CMAKE_PREFIX_PATH}:/home/mariobo/ernest_ws/src/ernest_simulations/install/mpc_controller:/home/mariobo/ernest_ws/install/mpc_controller:/opt/ros/foxy /usr/local/bin/cmake --install /home/mariobo/ernest_ws/src/ernest_simulations/build/bringup
[10.364s] Level 1:colcon.colcon_core.environment:checking '/home/mariobo/ernest_ws/src/ernest_simulations/install/bringup' for CMake module files
[10.365s] Level 1:colcon.colcon_core.environment:checking '/home/mariobo/ernest_ws/src/ernest_simulations/install/bringup' for CMake config files
[10.365s] Level 1:colcon.colcon_core.shell:create_environment_hook('bringup', 'cmake_prefix_path')
[10.458s] INFO:colcon.colcon_core.shell:Creating environment hook '/home/mariobo/ernest_ws/src/ernest_simulations/install/bringup/share/bringup/hook/cmake_prefix_path.ps1'
[10.459s] INFO:colcon.colcon_core.shell:Creating environment descriptor '/home/mariobo/ernest_ws/src/ernest_simulations/install/bringup/share/bringup/hook/cmake_prefix_path.dsv'
[10.460s] INFO:colcon.colcon_core.shell:Creating environment hook '/home/mariobo/ernest_ws/src/ernest_simulations/install/bringup/share/bringup/hook/cmake_prefix_path.sh'
[10.462s] Level 1:colcon.colcon_core.environment:checking '/home/mariobo/ernest_ws/src/ernest_simulations/install/bringup/bin'
[10.462s] Level 1:colcon.colcon_core.environment:checking '/home/mariobo/ernest_ws/src/ernest_simulations/install/bringup/lib/pkgconfig/bringup.pc'
[10.463s] Level 1:colcon.colcon_core.environment:checking '/home/mariobo/ernest_ws/src/ernest_simulations/install/bringup/lib/python3.8/site-packages'
[10.463s] Level 1:colcon.colcon_core.environment:checking '/home/mariobo/ernest_ws/src/ernest_simulations/install/bringup/bin'
[10.550s] INFO:colcon.colcon_core.shell:Creating package script '/home/mariobo/ernest_ws/src/ernest_simulations/install/bringup/share/bringup/package.ps1'
[10.552s] INFO:colcon.colcon_core.shell:Creating package descriptor '/home/mariobo/ernest_ws/src/ernest_simulations/install/bringup/share/bringup/package.dsv'
[10.553s] INFO:colcon.colcon_core.shell:Creating package script '/home/mariobo/ernest_ws/src/ernest_simulations/install/bringup/share/bringup/package.sh'
[10.556s] INFO:colcon.colcon_core.shell:Creating package script '/home/mariobo/ernest_ws/src/ernest_simulations/install/bringup/share/bringup/package.bash'
[10.558s] INFO:colcon.colcon_core.shell:Creating package script '/home/mariobo/ernest_ws/src/ernest_simulations/install/bringup/share/bringup/package.zsh'
[10.559s] Level 1:colcon.colcon_core.environment:create_file_with_runtime_dependencies(/home/mariobo/ernest_ws/src/ernest_simulations/install/bringup/share/colcon-core/packages/bringup)
[10.566s] Level 1:colcon.colcon_core.environment:create_environment_scripts_only(gazebo_ros2_control)
[10.569s] DEBUG:colcon.colcon_core.event_handler.log_command:Invoked command in '/home/mariobo/ernest_ws/src/ernest_simulations/build/gazebo_ros2_control' returned '0': CMAKE_PREFIX_PATH=${CMAKE_PREFIX_PATH}:/home/mariobo/ernest_ws/src/ernest_simulations/install/mpc_controller:/home/mariobo/ernest_ws/install/mpc_controller:/opt/ros/foxy /usr/local/bin/cmake --install /home/mariobo/ernest_ws/src/ernest_simulations/build/gazebo_ros2_control
[10.665s] Level 1:colcon.colcon_core.environment:checking '/home/mariobo/ernest_ws/src/ernest_simulations/install/gazebo_ros2_control' for CMake module files
[10.667s] Level 1:colcon.colcon_core.environment:checking '/home/mariobo/ernest_ws/src/ernest_simulations/install/gazebo_ros2_control' for CMake config files
[10.667s] Level 1:colcon.colcon_core.shell:create_environment_hook('gazebo_ros2_control', 'cmake_prefix_path')
[10.753s] INFO:colcon.colcon_core.shell:Creating environment hook '/home/mariobo/ernest_ws/src/ernest_simulations/install/gazebo_ros2_control/share/gazebo_ros2_control/hook/cmake_prefix_path.ps1'
[10.755s] INFO:colcon.colcon_core.shell:Creating environment descriptor '/home/mariobo/ernest_ws/src/ernest_simulations/install/gazebo_ros2_control/share/gazebo_ros2_control/hook/cmake_prefix_path.dsv'
[10.756s] INFO:colcon.colcon_core.shell:Creating environment hook '/home/mariobo/ernest_ws/src/ernest_simulations/install/gazebo_ros2_control/share/gazebo_ros2_control/hook/cmake_prefix_path.sh'
[10.757s] Level 1:colcon.colcon_core.environment:checking '/home/mariobo/ernest_ws/src/ernest_simulations/install/gazebo_ros2_control/lib'
[10.758s] Level 1:colcon.colcon_core.shell:create_environment_hook('gazebo_ros2_control', 'ld_library_path_lib')
[10.844s] INFO:colcon.colcon_core.shell:Creating environment hook '/home/mariobo/ernest_ws/src/ernest_simulations/install/gazebo_ros2_control/share/gazebo_ros2_control/hook/ld_library_path_lib.ps1'
[10.845s] INFO:colcon.colcon_core.shell:Creating environment descriptor '/home/mariobo/ernest_ws/src/ernest_simulations/install/gazebo_ros2_control/share/gazebo_ros2_control/hook/ld_library_path_lib.dsv'
[10.847s] INFO:colcon.colcon_core.shell:Creating environment hook '/home/mariobo/ernest_ws/src/ernest_simulations/install/gazebo_ros2_control/share/gazebo_ros2_control/hook/ld_library_path_lib.sh'
[10.848s] Level 1:colcon.colcon_core.environment:checking '/home/mariobo/ernest_ws/src/ernest_simulations/install/gazebo_ros2_control/bin'
[10.848s] Level 1:colcon.colcon_core.environment:checking '/home/mariobo/ernest_ws/src/ernest_simulations/install/gazebo_ros2_control/lib/pkgconfig/gazebo_ros2_control.pc'
[10.848s] Level 1:colcon.colcon_core.environment:checking '/home/mariobo/ernest_ws/src/ernest_simulations/install/gazebo_ros2_control/lib/python3.8/site-packages'
[10.849s] Level 1:colcon.colcon_core.environment:checking '/home/mariobo/ernest_ws/src/ernest_simulations/install/gazebo_ros2_control/bin'
[10.946s] INFO:colcon.colcon_core.shell:Creating package script '/home/mariobo/ernest_ws/src/ernest_simulations/install/gazebo_ros2_control/share/gazebo_ros2_control/package.ps1'
[10.948s] INFO:colcon.colcon_core.shell:Creating package descriptor '/home/mariobo/ernest_ws/src/ernest_simulations/install/gazebo_ros2_control/share/gazebo_ros2_control/package.dsv'
[10.949s] INFO:colcon.colcon_core.shell:Creating package script '/home/mariobo/ernest_ws/src/ernest_simulations/install/gazebo_ros2_control/share/gazebo_ros2_control/package.sh'
[10.950s] INFO:colcon.colcon_core.shell:Creating package script '/home/mariobo/ernest_ws/src/ernest_simulations/install/gazebo_ros2_control/share/gazebo_ros2_control/package.bash'
[10.952s] INFO:colcon.colcon_core.shell:Creating package script '/home/mariobo/ernest_ws/src/ernest_simulations/install/gazebo_ros2_control/share/gazebo_ros2_control/package.zsh'
[10.954s] Level 1:colcon.colcon_core.environment:create_file_with_runtime_dependencies(/home/mariobo/ernest_ws/src/ernest_simulations/install/gazebo_ros2_control/share/colcon-core/packages/gazebo_ros2_control)
[10.962s] Level 1:colcon.colcon_core.environment:create_environment_scripts_only(description)
[10.964s] DEBUG:colcon.colcon_core.event_handler.log_command:Invoked command in '/home/mariobo/ernest_ws/src/ernest_simulations/build/description' returned '0': CMAKE_PREFIX_PATH=${CMAKE_PREFIX_PATH}:/home/mariobo/ernest_ws/src/ernest_simulations/install/mpc_controller:/home/mariobo/ernest_ws/install/mpc_controller:/opt/ros/foxy /usr/local/bin/cmake --install /home/mariobo/ernest_ws/src/ernest_simulations/build/description
[11.069s] Level 1:colcon.colcon_core.environment:checking '/home/mariobo/ernest_ws/src/ernest_simulations/install/description' for CMake module files
[11.070s] Level 1:colcon.colcon_core.environment:checking '/home/mariobo/ernest_ws/src/ernest_simulations/install/description' for CMake config files
[11.071s] Level 1:colcon.colcon_core.shell:create_environment_hook('description', 'cmake_prefix_path')
[11.156s] INFO:colcon.colcon_core.shell:Creating environment hook '/home/mariobo/ernest_ws/src/ernest_simulations/install/description/share/description/hook/cmake_prefix_path.ps1'
[11.159s] INFO:colcon.colcon_core.shell:Creating environment descriptor '/home/mariobo/ernest_ws/src/ernest_simulations/install/description/share/description/hook/cmake_prefix_path.dsv'
[11.160s] INFO:colcon.colcon_core.shell:Creating environment hook '/home/mariobo/ernest_ws/src/ernest_simulations/install/description/share/description/hook/cmake_prefix_path.sh'
[11.162s] Level 1:colcon.colcon_core.environment:checking '/home/mariobo/ernest_ws/src/ernest_simulations/install/description/bin'
[11.162s] Level 1:colcon.colcon_core.environment:checking '/home/mariobo/ernest_ws/src/ernest_simulations/install/description/lib/pkgconfig/description.pc'
[11.162s] Level 1:colcon.colcon_core.environment:checking '/home/mariobo/ernest_ws/src/ernest_simulations/install/description/lib/python3.8/site-packages'
[11.163s] Level 1:colcon.colcon_core.environment:checking '/home/mariobo/ernest_ws/src/ernest_simulations/install/description/bin'
[11.243s] INFO:colcon.colcon_core.shell:Creating package script '/home/mariobo/ernest_ws/src/ernest_simulations/install/description/share/description/package.ps1'
[11.244s] INFO:colcon.colcon_core.shell:Creating package descriptor '/home/mariobo/ernest_ws/src/ernest_simulations/install/description/share/description/package.dsv'
[11.246s] INFO:colcon.colcon_core.shell:Creating package script '/home/mariobo/ernest_ws/src/ernest_simulations/install/description/share/description/package.sh'
[11.248s] INFO:colcon.colcon_core.shell:Creating package script '/home/mariobo/ernest_ws/src/ernest_simulations/install/description/share/description/package.bash'
[11.250s] INFO:colcon.colcon_core.shell:Creating package script '/home/mariobo/ernest_ws/src/ernest_simulations/install/description/share/description/package.zsh'
[11.251s] Level 1:colcon.colcon_core.environment:create_file_with_runtime_dependencies(/home/mariobo/ernest_ws/src/ernest_simulations/install/description/share/colcon-core/packages/description)
[11.259s] Level 1:colcon.colcon_core.environment:create_environment_scripts_only(controller)
[11.261s] DEBUG:colcon.colcon_core.event_handler.log_command:Invoked command in '/home/mariobo/ernest_ws/src/ernest_simulations/build/controller' returned '0': CMAKE_PREFIX_PATH=${CMAKE_PREFIX_PATH}:/home/mariobo/ernest_ws/src/ernest_simulations/install/mpc_controller:/home/mariobo/ernest_ws/install/mpc_controller:/opt/ros/foxy /usr/local/bin/cmake --install /home/mariobo/ernest_ws/src/ernest_simulations/build/controller
[11.357s] Level 1:colcon.colcon_core.environment:checking '/home/mariobo/ernest_ws/src/ernest_simulations/install/controller' for CMake module files
[11.358s] Level 1:colcon.colcon_core.environment:checking '/home/mariobo/ernest_ws/src/ernest_simulations/install/controller' for CMake config files
[11.359s] Level 1:colcon.colcon_core.shell:create_environment_hook('controller', 'cmake_prefix_path')
[11.446s] INFO:colcon.colcon_core.shell:Creating environment hook '/home/mariobo/ernest_ws/src/ernest_simulations/install/controller/share/controller/hook/cmake_prefix_path.ps1'
[11.447s] INFO:colcon.colcon_core.shell:Creating environment descriptor '/home/mariobo/ernest_ws/src/ernest_simulations/install/controller/share/controller/hook/cmake_prefix_path.dsv'
[11.449s] INFO:colcon.colcon_core.shell:Creating environment hook '/home/mariobo/ernest_ws/src/ernest_simulations/install/controller/share/controller/hook/cmake_prefix_path.sh'
[11.451s] Level 1:colcon.colcon_core.environment:checking '/home/mariobo/ernest_ws/src/ernest_simulations/install/controller/lib'
[11.451s] Level 1:colcon.colcon_core.environment:checking '/home/mariobo/ernest_ws/src/ernest_simulations/install/controller/bin'
[11.451s] Level 1:colcon.colcon_core.environment:checking '/home/mariobo/ernest_ws/src/ernest_simulations/install/controller/lib/pkgconfig/controller.pc'
[11.452s] Level 1:colcon.colcon_core.environment:checking '/home/mariobo/ernest_ws/src/ernest_simulations/install/controller/lib/python3.8/site-packages'
[11.452s] Level 1:colcon.colcon_core.environment:checking '/home/mariobo/ernest_ws/src/ernest_simulations/install/controller/bin'
[11.539s] INFO:colcon.colcon_core.shell:Creating package script '/home/mariobo/ernest_ws/src/ernest_simulations/install/controller/share/controller/package.ps1'
[11.541s] INFO:colcon.colcon_core.shell:Creating package descriptor '/home/mariobo/ernest_ws/src/ernest_simulations/install/controller/share/controller/package.dsv'
[11.542s] INFO:colcon.colcon_core.shell:Creating package script '/home/mariobo/ernest_ws/src/ernest_simulations/install/controller/share/controller/package.sh'
[11.542s] INFO:colcon.colcon_core.shell:Creating package script '/home/mariobo/ernest_ws/src/ernest_simulations/install/controller/share/controller/package.bash'
[11.543s] INFO:colcon.colcon_core.shell:Creating package script '/home/mariobo/ernest_ws/src/ernest_simulations/install/controller/share/controller/package.zsh'
[11.544s] Level 1:colcon.colcon_core.environment:create_file_with_runtime_dependencies(/home/mariobo/ernest_ws/src/ernest_simulations/install/controller/share/colcon-core/packages/controller)
[11.562s] DEBUG:colcon.colcon_core.event_handler.log_command:Invoking command in '/home/mariobo/ernest_ws/src/ernest_simulations/build/mpc_controller': PYTHONPATH=/home/mariobo/ernest_ws/src/ernest_simulations/build/mpc_controller/prefix_override:/home/mariobo/ernest_ws/src/ernest_simulations/install/mpc_controller/lib/python3.8/site-packages:${PYTHONPATH} /usr/bin/python3 setup.py develop --editable --build-directory /home/mariobo/ernest_ws/src/ernest_simulations/build/mpc_controller/build --no-deps install_data
[11.657s] Level 1:colcon.colcon_core.environment:create_environment_scripts_only(bringup)
[11.747s] Level 1:colcon.colcon_core.environment:checking '/home/mariobo/ernest_ws/src/ernest_simulations/install/bringup' for CMake module files
[11.748s] Level 1:colcon.colcon_core.environment:checking '/home/mariobo/ernest_ws/src/ernest_simulations/install/bringup' for CMake config files
[11.750s] Level 1:colcon.colcon_core.shell:create_environment_hook('bringup', 'cmake_prefix_path')
[11.832s] INFO:colcon.colcon_core.shell:Creating environment hook '/home/mariobo/ernest_ws/src/ernest_simulations/install/bringup/share/bringup/hook/cmake_prefix_path.ps1'
[11.833s] INFO:colcon.colcon_core.shell:Creating environment descriptor '/home/mariobo/ernest_ws/src/ernest_simulations/install/bringup/share/bringup/hook/cmake_prefix_path.dsv'
[11.835s] INFO:colcon.colcon_core.shell:Creating environment hook '/home/mariobo/ernest_ws/src/ernest_simulations/install/bringup/share/bringup/hook/cmake_prefix_path.sh'
[11.836s] Level 1:colcon.colcon_core.environment:checking '/home/mariobo/ernest_ws/src/ernest_simulations/install/bringup/bin'
[11.837s] Level 1:colcon.colcon_core.environment:checking '/home/mariobo/ernest_ws/src/ernest_simulations/install/bringup/lib/pkgconfig/bringup.pc'
[11.837s] Level 1:colcon.colcon_core.environment:checking '/home/mariobo/ernest_ws/src/ernest_simulations/install/bringup/lib/python3.8/site-packages'
[11.838s] Level 1:colcon.colcon_core.environment:checking '/home/mariobo/ernest_ws/src/ernest_simulations/install/bringup/bin'
[11.925s] INFO:colcon.colcon_core.shell:Creating package script '/home/mariobo/ernest_ws/src/ernest_simulations/install/bringup/share/bringup/package.ps1'
[11.927s] INFO:colcon.colcon_core.shell:Creating package descriptor '/home/mariobo/ernest_ws/src/ernest_simulations/install/bringup/share/bringup/package.dsv'
[11.929s] INFO:colcon.colcon_core.shell:Creating package script '/home/mariobo/ernest_ws/src/ernest_simulations/install/bringup/share/bringup/package.sh'
[11.930s] INFO:colcon.colcon_core.shell:Creating package script '/home/mariobo/ernest_ws/src/ernest_simulations/install/bringup/share/bringup/package.bash'
[11.931s] INFO:colcon.colcon_core.shell:Creating package script '/home/mariobo/ernest_ws/src/ernest_simulations/install/bringup/share/bringup/package.zsh'
[11.932s] Level 1:colcon.colcon_core.environment:create_file_with_runtime_dependencies(/home/mariobo/ernest_ws/src/ernest_simulations/install/bringup/share/colcon-core/packages/bringup)
[12.020s] Level 1:colcon.colcon_core.environment:create_environment_scripts_only(gazebo_ros2_control)
[12.117s] Level 1:colcon.colcon_core.environment:checking '/home/mariobo/ernest_ws/src/ernest_simulations/install/gazebo_ros2_control' for CMake module files
[12.118s] Level 1:colcon.colcon_core.environment:checking '/home/mariobo/ernest_ws/src/ernest_simulations/install/gazebo_ros2_control' for CMake config files
[12.119s] Level 1:colcon.colcon_core.shell:create_environment_hook('gazebo_ros2_control', 'cmake_prefix_path')
[12.217s] INFO:colcon.colcon_core.shell:Creating environment hook '/home/mariobo/ernest_ws/src/ernest_simulations/install/gazebo_ros2_control/share/gazebo_ros2_control/hook/cmake_prefix_path.ps1'
[12.218s] INFO:colcon.colcon_core.shell:Creating environment descriptor '/home/mariobo/ernest_ws/src/ernest_simulations/install/gazebo_ros2_control/share/gazebo_ros2_control/hook/cmake_prefix_path.dsv'
[12.219s] INFO:colcon.colcon_core.shell:Creating environment hook '/home/mariobo/ernest_ws/src/ernest_simulations/install/gazebo_ros2_control/share/gazebo_ros2_control/hook/cmake_prefix_path.sh'
[12.221s] Level 1:colcon.colcon_core.environment:checking '/home/mariobo/ernest_ws/src/ernest_simulations/install/gazebo_ros2_control/lib'
[12.221s] Level 1:colcon.colcon_core.shell:create_environment_hook('gazebo_ros2_control', 'ld_library_path_lib')
[12.310s] INFO:colcon.colcon_core.shell:Creating environment hook '/home/mariobo/ernest_ws/src/ernest_simulations/install/gazebo_ros2_control/share/gazebo_ros2_control/hook/ld_library_path_lib.ps1'
[12.311s] INFO:colcon.colcon_core.shell:Creating environment descriptor '/home/mariobo/ernest_ws/src/ernest_simulations/install/gazebo_ros2_control/share/gazebo_ros2_control/hook/ld_library_path_lib.dsv'
[12.312s] INFO:colcon.colcon_core.shell:Creating environment hook '/home/mariobo/ernest_ws/src/ernest_simulations/install/gazebo_ros2_control/share/gazebo_ros2_control/hook/ld_library_path_lib.sh'
[12.313s] Level 1:colcon.colcon_core.environment:checking '/home/mariobo/ernest_ws/src/ernest_simulations/install/gazebo_ros2_control/bin'
[12.314s] Level 1:colcon.colcon_core.environment:checking '/home/mariobo/ernest_ws/src/ernest_simulations/install/gazebo_ros2_control/lib/pkgconfig/gazebo_ros2_control.pc'
[12.314s] Level 1:colcon.colcon_core.environment:checking '/home/mariobo/ernest_ws/src/ernest_simulations/install/gazebo_ros2_control/lib/python3.8/site-packages'
[12.315s] Level 1:colcon.colcon_core.environment:checking '/home/mariobo/ernest_ws/src/ernest_simulations/install/gazebo_ros2_control/bin'
[12.415s] INFO:colcon.colcon_core.shell:Creating package script '/home/mariobo/ernest_ws/src/ernest_simulations/install/gazebo_ros2_control/share/gazebo_ros2_control/package.ps1'
[12.417s] INFO:colcon.colcon_core.shell:Creating package descriptor '/home/mariobo/ernest_ws/src/ernest_simulations/install/gazebo_ros2_control/share/gazebo_ros2_control/package.dsv'
[12.418s] INFO:colcon.colcon_core.shell:Creating package script '/home/mariobo/ernest_ws/src/ernest_simulations/install/gazebo_ros2_control/share/gazebo_ros2_control/package.sh'
[12.420s] INFO:colcon.colcon_core.shell:Creating package script '/home/mariobo/ernest_ws/src/ernest_simulations/install/gazebo_ros2_control/share/gazebo_ros2_control/package.bash'
[12.422s] INFO:colcon.colcon_core.shell:Creating package script '/home/mariobo/ernest_ws/src/ernest_simulations/install/gazebo_ros2_control/share/gazebo_ros2_control/package.zsh'
[12.423s] Level 1:colcon.colcon_core.environment:create_file_with_runtime_dependencies(/home/mariobo/ernest_ws/src/ernest_simulations/install/gazebo_ros2_control/share/colcon-core/packages/gazebo_ros2_control)
[12.565s] Level 1:colcon.colcon_core.environment:create_environment_scripts_only(description)
[12.648s] Level 1:colcon.colcon_core.environment:checking '/home/mariobo/ernest_ws/src/ernest_simulations/install/description' for CMake module files
[12.650s] Level 1:colcon.colcon_core.environment:checking '/home/mariobo/ernest_ws/src/ernest_simulations/install/description' for CMake config files
[12.651s] Level 1:colcon.colcon_core.shell:create_environment_hook('description', 'cmake_prefix_path')
[12.735s] INFO:colcon.colcon_core.shell:Creating environment hook '/home/mariobo/ernest_ws/src/ernest_simulations/install/description/share/description/hook/cmake_prefix_path.ps1'
[12.736s] INFO:colcon.colcon_core.shell:Creating environment descriptor '/home/mariobo/ernest_ws/src/ernest_simulations/install/description/share/description/hook/cmake_prefix_path.dsv'
[12.737s] INFO:colcon.colcon_core.shell:Creating environment hook '/home/mariobo/ernest_ws/src/ernest_simulations/install/description/share/description/hook/cmake_prefix_path.sh'
[12.738s] Level 1:colcon.colcon_core.environment:checking '/home/mariobo/ernest_ws/src/ernest_simulations/install/description/bin'
[12.738s] Level 1:colcon.colcon_core.environment:checking '/home/mariobo/ernest_ws/src/ernest_simulations/install/description/lib/pkgconfig/description.pc'
[12.738s] Level 1:colcon.colcon_core.environment:checking '/home/mariobo/ernest_ws/src/ernest_simulations/install/description/lib/python3.8/site-packages'
[12.739s] Level 1:colcon.colcon_core.environment:checking '/home/mariobo/ernest_ws/src/ernest_simulations/install/description/bin'
[12.826s] INFO:colcon.colcon_core.shell:Creating package script '/home/mariobo/ernest_ws/src/ernest_simulations/install/description/share/description/package.ps1'
[12.828s] INFO:colcon.colcon_core.shell:Creating package descriptor '/home/mariobo/ernest_ws/src/ernest_simulations/install/description/share/description/package.dsv'
[12.829s] INFO:colcon.colcon_core.shell:Creating package script '/home/mariobo/ernest_ws/src/ernest_simulations/install/description/share/description/package.sh'
[12.830s] INFO:colcon.colcon_core.shell:Creating package script '/home/mariobo/ernest_ws/src/ernest_simulations/install/description/share/description/package.bash'
[12.831s] INFO:colcon.colcon_core.shell:Creating package script '/home/mariobo/ernest_ws/src/ernest_simulations/install/description/share/description/package.zsh'
[12.832s] Level 1:colcon.colcon_core.environment:create_file_with_runtime_dependencies(/home/mariobo/ernest_ws/src/ernest_simulations/install/description/share/colcon-core/packages/description)
[12.927s] Level 1:colcon.colcon_core.environment:create_environment_scripts_only(controller)
[13.007s] Level 1:colcon.colcon_core.environment:checking '/home/mariobo/ernest_ws/src/ernest_simulations/install/controller' for CMake module files
[13.008s] Level 1:colcon.colcon_core.environment:checking '/home/mariobo/ernest_ws/src/ernest_simulations/install/controller' for CMake config files
[13.008s] Level 1:colcon.colcon_core.shell:create_environment_hook('controller', 'cmake_prefix_path')
[13.083s] INFO:colcon.colcon_core.shell:Creating environment hook '/home/mariobo/ernest_ws/src/ernest_simulations/install/controller/share/controller/hook/cmake_prefix_path.ps1'
[13.085s] INFO:colcon.colcon_core.shell:Creating environment descriptor '/home/mariobo/ernest_ws/src/ernest_simulations/install/controller/share/controller/hook/cmake_prefix_path.dsv'
[13.087s] INFO:colcon.colcon_core.shell:Creating environment hook '/home/mariobo/ernest_ws/src/ernest_simulations/install/controller/share/controller/hook/cmake_prefix_path.sh'
[13.089s] Level 1:colcon.colcon_core.environment:checking '/home/mariobo/ernest_ws/src/ernest_simulations/install/controller/lib'
[13.089s] Level 1:colcon.colcon_core.environment:checking '/home/mariobo/ernest_ws/src/ernest_simulations/install/controller/bin'
[13.089s] Level 1:colcon.colcon_core.environment:checking '/home/mariobo/ernest_ws/src/ernest_simulations/install/controller/lib/pkgconfig/controller.pc'
[13.090s] Level 1:colcon.colcon_core.environment:checking '/home/mariobo/ernest_ws/src/ernest_simulations/install/controller/lib/python3.8/site-packages'
[13.091s] Level 1:colcon.colcon_core.environment:checking '/home/mariobo/ernest_ws/src/ernest_simulations/install/controller/bin'
[13.171s] INFO:colcon.colcon_core.shell:Creating package script '/home/mariobo/ernest_ws/src/ernest_simulations/install/controller/share/controller/package.ps1'
[13.172s] INFO:colcon.colcon_core.shell:Creating package descriptor '/home/mariobo/ernest_ws/src/ernest_simulations/install/controller/share/controller/package.dsv'
[13.173s] INFO:colcon.colcon_core.shell:Creating package script '/home/mariobo/ernest_ws/src/ernest_simulations/install/controller/share/controller/package.sh'
[13.173s] INFO:colcon.colcon_core.shell:Creating package script '/home/mariobo/ernest_ws/src/ernest_simulations/install/controller/share/controller/package.bash'
[13.174s] INFO:colcon.colcon_core.shell:Creating package script '/home/mariobo/ernest_ws/src/ernest_simulations/install/controller/share/controller/package.zsh'
[13.175s] Level 1:colcon.colcon_core.environment:create_file_with_runtime_dependencies(/home/mariobo/ernest_ws/src/ernest_simulations/install/controller/share/colcon-core/packages/controller)
[13.176s] Level 1:colcon.colcon_core.shell:create_environment_hook('mpc_controller', 'pythonpath_develop')
[13.179s] DEBUG:colcon.colcon_core.event_handler.log_command:Invoked command in '/home/mariobo/ernest_ws/src/ernest_simulations/build/mpc_controller' returned '0': PYTHONPATH=/home/mariobo/ernest_ws/src/ernest_simulations/build/mpc_controller/prefix_override:/home/mariobo/ernest_ws/src/ernest_simulations/install/mpc_controller/lib/python3.8/site-packages:${PYTHONPATH} /usr/bin/python3 setup.py develop --editable --build-directory /home/mariobo/ernest_ws/src/ernest_simulations/build/mpc_controller/build --no-deps install_data
[13.260s] INFO:colcon.colcon_core.shell:Creating environment hook '/home/mariobo/ernest_ws/src/ernest_simulations/build/mpc_controller/share/mpc_controller/hook/pythonpath_develop.ps1'
[13.261s] INFO:colcon.colcon_core.shell:Creating environment descriptor '/home/mariobo/ernest_ws/src/ernest_simulations/build/mpc_controller/share/mpc_controller/hook/pythonpath_develop.dsv'
[13.262s] INFO:colcon.colcon_core.shell:Creating environment hook '/home/mariobo/ernest_ws/src/ernest_simulations/build/mpc_controller/share/mpc_controller/hook/pythonpath_develop.sh'
[13.346s] Level 1:colcon.colcon_core.environment:checking '/home/mariobo/ernest_ws/src/ernest_simulations/install/mpc_controller' for CMake module files
[13.348s] Level 1:colcon.colcon_core.environment:checking '/home/mariobo/ernest_ws/src/ernest_simulations/install/mpc_controller' for CMake config files
[13.349s] Level 1:colcon.colcon_core.environment:checking '/home/mariobo/ernest_ws/src/ernest_simulations/install/mpc_controller/lib'
[13.349s] Level 1:colcon.colcon_core.environment:checking '/home/mariobo/ernest_ws/src/ernest_simulations/install/mpc_controller/bin'
[13.349s] Level 1:colcon.colcon_core.environment:checking '/home/mariobo/ernest_ws/src/ernest_simulations/install/mpc_controller/lib/pkgconfig/mpc_controller.pc'
[13.350s] Level 1:colcon.colcon_core.environment:checking '/home/mariobo/ernest_ws/src/ernest_simulations/install/mpc_controller/lib/python3.8/site-packages'
[13.350s] Level 1:colcon.colcon_core.shell:create_environment_hook('mpc_controller', 'pythonpath')
[13.425s] INFO:colcon.colcon_core.shell:Creating environment hook '/home/mariobo/ernest_ws/src/ernest_simulations/install/mpc_controller/share/mpc_controller/hook/pythonpath.ps1'
[13.426s] INFO:colcon.colcon_core.shell:Creating environment descriptor '/home/mariobo/ernest_ws/src/ernest_simulations/install/mpc_controller/share/mpc_controller/hook/pythonpath.dsv'
[13.427s] INFO:colcon.colcon_core.shell:Creating environment hook '/home/mariobo/ernest_ws/src/ernest_simulations/install/mpc_controller/share/mpc_controller/hook/pythonpath.sh'
[13.429s] Level 1:colcon.colcon_core.environment:checking '/home/mariobo/ernest_ws/src/ernest_simulations/install/mpc_controller/bin'
[13.429s] Level 1:colcon.colcon_core.environment:create_environment_scripts_only(mpc_controller)
[13.508s] INFO:colcon.colcon_core.shell:Creating package script '/home/mariobo/ernest_ws/src/ernest_simulations/install/mpc_controller/share/mpc_controller/package.ps1'
[13.510s] INFO:colcon.colcon_core.shell:Creating package descriptor '/home/mariobo/ernest_ws/src/ernest_simulations/install/mpc_controller/share/mpc_controller/package.dsv'
[13.512s] INFO:colcon.colcon_core.shell:Creating package script '/home/mariobo/ernest_ws/src/ernest_simulations/install/mpc_controller/share/mpc_controller/package.sh'
[13.514s] INFO:colcon.colcon_core.shell:Creating package script '/home/mariobo/ernest_ws/src/ernest_simulations/install/mpc_controller/share/mpc_controller/package.bash'
[13.516s] INFO:colcon.colcon_core.shell:Creating package script '/home/mariobo/ernest_ws/src/ernest_simulations/install/mpc_controller/share/mpc_controller/package.zsh'
[13.517s] Level 1:colcon.colcon_core.environment:create_file_with_runtime_dependencies(/home/mariobo/ernest_ws/src/ernest_simulations/install/mpc_controller/share/colcon-core/packages/mpc_controller)
[13.518s] DEBUG:colcon.colcon_parallel_executor.executor.parallel:closing loop
[13.519s] DEBUG:colcon.colcon_parallel_executor.executor.parallel:loop closed
[13.520s] DEBUG:colcon.colcon_parallel_executor.executor.parallel:run_until_complete finished with '0'
[13.521s] DEBUG:colcon.colcon_core.event_reactor:joining thread
[13.610s] INFO:colcon.colcon_core.plugin_system:Skipping extension 'colcon_notification.desktop_notification.terminal_notifier': Not used on non-Darwin systems
[13.610s] INFO:colcon.colcon_core.plugin_system:Skipping extension 'colcon_notification.desktop_notification.win32': Not used on non-Windows systems
[13.610s] INFO:colcon.colcon_notification.desktop_notification:Sending desktop notification using 'notify2'
[13.654s] DEBUG:colcon.colcon_core.event_reactor:joined thread
[13.732s] INFO:colcon.colcon_core.shell:Creating prefix script '/home/mariobo/ernest_ws/src/ernest_simulations/install/local_setup.ps1'
[13.734s] INFO:colcon.colcon_core.shell:Creating prefix util module '/home/mariobo/ernest_ws/src/ernest_simulations/install/_local_setup_util_ps1.py'
[13.737s] INFO:colcon.colcon_core.shell:Creating prefix chain script '/home/mariobo/ernest_ws/src/ernest_simulations/install/setup.ps1'
[13.827s] INFO:colcon.colcon_core.shell:Creating prefix script '/home/mariobo/ernest_ws/src/ernest_simulations/install/local_setup.sh'
[13.829s] INFO:colcon.colcon_core.shell:Creating prefix util module '/home/mariobo/ernest_ws/src/ernest_simulations/install/_local_setup_util_sh.py'
[13.831s] INFO:colcon.colcon_core.shell:Creating prefix chain script '/home/mariobo/ernest_ws/src/ernest_simulations/install/setup.sh'
[13.919s] INFO:colcon.colcon_core.shell:Creating prefix script '/home/mariobo/ernest_ws/src/ernest_simulations/install/local_setup.bash'
[13.922s] INFO:colcon.colcon_core.shell:Creating prefix chain script '/home/mariobo/ernest_ws/src/ernest_simulations/install/setup.bash'
[14.015s] INFO:colcon.colcon_core.shell:Creating prefix script '/home/mariobo/ernest_ws/src/ernest_simulations/install/local_setup.zsh'
[14.017s] INFO:colcon.colcon_core.shell:Creating prefix chain script '/home/mariobo/ernest_ws/src/ernest_simulations/install/setup.zsh'
