[0.555s] Invoking command in '/home/mariobo/ernest_ws/src/ernest_simulations/build/gazebo_ros2_control': CMAKE_PREFIX_PATH=${CMAKE_PREFIX_PATH}:/home/mariobo/ernest_ws/install/mpc_controller:/opt/ros/foxy /usr/local/bin/cmake /home/mariobo/ernest_ws/src/ernest_simulations/gazebo_ros2_control -DAMENT_CMAKE_SYMLINK_INSTALL=1 -DCMAKE_INSTALL_PREFIX=/home/mariobo/ernest_ws/src/ernest_simulations/install/gazebo_ros2_control
[1.457s] -- The C compiler identification is GNU 9.4.0
[1.457s] -- The CXX compiler identification is GNU 9.4.0
[1.457s] -- Detecting C compiler ABI info
[1.457s] -- Detecting C compiler ABI info - done
[1.457s] -- Check for working C compiler: /usr/bin/cc - skipped
[1.457s] -- Detecting C compile features
[1.458s] -- Detecting C compile features - done
[1.458s] -- Detecting CXX compiler ABI info
[1.458s] -- Detecting CXX compiler ABI info - done
[1.458s] -- Check for working CXX compiler: /usr/bin/c++ - skipped
[1.458s] -- Detecting CXX compile features
[1.458s] -- Detecting CXX compile features - done
[1.458s] -- Found ament_cmake: 0.9.12 (/opt/ros/foxy/share/ament_cmake/cmake)
[1.458s] -- Found PythonInterp: /usr/bin/python3 (found suitable version "3.8.10", minimum required is "3") 
[1.458s] -- Using PYTHON_EXECUTABLE: /usr/bin/python3
[1.501s] -- Override CMake install command with custom implementation using symlinks instead of copying resources
[1.563s] -- Found angles: 1.12.6 (/opt/ros/foxy/share/angles/cmake)
[1.569s] -- Found controller_manager: 0.11.0 (/opt/ros/foxy/share/controller_manager/cmake)
[1.641s] -- Using all available rosidl_typesupport_c: rosidl_typesupport_fastrtps_c;rosidl_typesupport_introspection_c
[1.650s] -- Found rosidl_adapter: 1.3.1 (/opt/ros/foxy/share/rosidl_adapter/cmake)
[1.769s] -- Found OpenSSL: /usr/lib/x86_64-linux-gnu/libcrypto.so (found version "1.1.1f")  
[1.814s] -- Found FastRTPS: /opt/ros/foxy/include  
[1.922s] -- Using all available rosidl_typesupport_cpp: rosidl_typesupport_fastrtps_cpp;rosidl_typesupport_introspection_cpp
[2.763s] -- Found rmw_implementation_cmake: 1.0.4 (/opt/ros/foxy/share/rmw_implementation_cmake/cmake)
[2.765s] -- Using RMW implementation 'rmw_fastrtps_cpp' as default
[2.767s] -- Looking for pthread.h
[2.860s] -- Looking for pthread.h - found
[2.860s] -- Performing Test CMAKE_HAVE_LIBC_PTHREAD
[2.959s] -- Performing Test CMAKE_HAVE_LIBC_PTHREAD - Failed
[2.959s] -- Looking for pthread_create in pthreads
[3.044s] -- Looking for pthread_create in pthreads - not found
[3.045s] -- Looking for pthread_create in pthread
[3.154s] -- Looking for pthread_create in pthread - found
[3.156s] -- Found Threads: TRUE  
[3.721s] -- Found gazebo_dev: 3.5.3 (/opt/ros/foxy/share/gazebo_dev/cmake)
[3.749s] -- Found PkgConfig: /usr/bin/pkg-config (found version "0.29.1") 
[3.754s] -- Checking for module 'bullet>=2.82'
[3.849s] --   Found bullet, version 2.88
[4.147s] -- Found ccd: /usr/include (found suitable version "2.0", minimum required is "2.0") 
[4.245s] -- Found fcl: /usr/include (found suitable version "0.5.0", minimum required is "0.3.2") 
[4.342s] -- Found assimp: /usr/include (found version "5.0.0") 
[4.404s] -- Found DART: /usr/include (Required is at least version "6.6") found components: dart 
[4.448s] -- Found Boost: /usr/lib/x86_64-linux-gnu/cmake/Boost-1.71.0/BoostConfig.cmake (found suitable version "1.71.0", minimum required is "1.40.0") found components: thread system filesystem program_options regex iostreams date_time 
[4.468s] -- Found Protobuf: /usr/lib/x86_64-linux-gnu/libprotobuf.so;-lpthread (found version "3.6.1") 
[4.481s] -- Looking for ignition-math6 -- found version 6.15.0
[4.501s] -- Searching for dependencies of ignition-math6
[4.501s] -- Looking for OGRE...
[4.501s] -- OGRE_PREFIX_WATCH changed.
[4.505s] -- Checking for module 'OGRE'
[4.532s] --   Found OGRE, version 1.9.0
[4.607s] -- Found Ogre Ghadamon (1.9.0)
[4.624s] -- Found OGRE: optimized;/usr/lib/x86_64-linux-gnu/libOgreMain.so;debug;/usr/lib/x86_64-linux-gnu/libOgreMain.so
[4.643s] -- Looking for OGRE_Paging...
[4.656s] -- Found OGRE_Paging: optimized;/usr/lib/x86_64-linux-gnu/libOgrePaging.so;debug;/usr/lib/x86_64-linux-gnu/libOgrePaging.so
[4.658s] -- Looking for OGRE_Terrain...
[4.678s] -- Found OGRE_Terrain: optimized;/usr/lib/x86_64-linux-gnu/libOgreTerrain.so;debug;/usr/lib/x86_64-linux-gnu/libOgreTerrain.so
[4.678s] -- Looking for OGRE_Property...
[4.735s] -- Found OGRE_Property: optimized;/usr/lib/x86_64-linux-gnu/libOgreProperty.so;debug;/usr/lib/x86_64-linux-gnu/libOgreProperty.so
[4.736s] -- Looking for OGRE_RTShaderSystem...
[4.736s] -- Found OGRE_RTShaderSystem: optimized;/usr/lib/x86_64-linux-gnu/libOgreRTShaderSystem.so;debug;/usr/lib/x86_64-linux-gnu/libOgreRTShaderSystem.so
[4.736s] -- Looking for OGRE_Volume...
[4.736s] -- Found OGRE_Volume: optimized;/usr/lib/x86_64-linux-gnu/libOgreVolume.so;debug;/usr/lib/x86_64-linux-gnu/libOgreVolume.so
[4.736s] -- Looking for OGRE_Overlay...
[4.752s] -- Found OGRE_Overlay: optimized;/usr/lib/x86_64-linux-gnu/libOgreOverlay.so;debug;/usr/lib/x86_64-linux-gnu/libOgreOverlay.so
[5.025s] -- Looking for ignition-math6 -- found version 6.15.0
[5.025s] -- Looking for ignition-transport8 -- found version 8.4.0
[5.025s] -- Searching for dependencies of ignition-transport8
[5.051s] -- Found Protobuf: /usr/lib/x86_64-linux-gnu/libprotobuf.so;-lpthread (found suitable version "3.6.1", minimum required is "3") 
[5.069s] -- Config-file not installed for ZeroMQ -- checking for pkg-config
[5.077s] -- Checking for module 'libzmq >= 4'
[5.105s] --   Found libzmq , version 4.3.2
[5.174s] -- Found ZeroMQ: TRUE (Required is at least version "4") 
[5.182s] -- Checking for module 'uuid'
[5.205s] --   Found uuid, version 2.34.0
[5.272s] -- Found UUID: TRUE  
[5.276s] -- Looking for ignition-msgs5 -- found version 5.11.0
[5.276s] -- Searching for dependencies of ignition-msgs5
[5.311s] -- Looking for ignition-math6 -- found version 6.15.0
[5.321s] -- Checking for module 'tinyxml2'
[5.348s] --   Found tinyxml2, version 6.2.0
[5.427s] -- Looking for ignition-msgs5 -- found version 5.11.0
[5.430s] -- Looking for ignition-common3 -- found version 3.16.0
[5.431s] -- Searching for dependencies of ignition-common3
[5.431s] -- Looking for dlfcn.h - found
[5.433s] -- Looking for libdl - found
[5.437s] -- Found DL: TRUE  
[5.449s] -- Searching for <ignition-common3> component [graphics]
[5.452s] -- Looking for ignition-common3-graphics -- found version 3.16.0
[5.452s] -- Searching for dependencies of ignition-common3-graphics
[5.453s] -- Looking for ignition-math6 -- found version 6.15.0
[5.457s] -- Looking for ignition-fuel_tools4 -- found version 4.9.0
[5.458s] -- Searching for dependencies of ignition-fuel_tools4
[5.605s] -- Found CURL: /usr/lib/x86_64-linux-gnu/libcurl.so (found version "7.68.0")  
[5.619s] -- Checking for module 'jsoncpp'
[5.645s] --   Found jsoncpp, version 1.7.4
[5.720s] -- Found JSONCPP: TRUE  
[5.729s] -- Checking for module 'libzip'
[5.758s] --   Found libzip, version 1.5.1
[5.836s] -- Found ZIP: TRUE  
[5.837s] -- Looking for ignition-common3 -- found version 3.16.0
[5.838s] -- Looking for ignition-math6 -- found version 6.15.0
[5.839s] -- Looking for ignition-msgs5 -- found version 5.11.0
[5.842s] -- Gazebo version: 11.14
[5.844s] -- Found gazebo_ros: 3.5.3 (/opt/ros/foxy/share/gazebo_ros/cmake)
[5.859s] -- Found yaml_cpp_vendor: 7.0.3 (/opt/ros/foxy/share/yaml_cpp_vendor/cmake)
[5.860s] -- Setting yaml-cpp_DIR to: '/opt/ros/foxy/share/yaml_cpp_vendor/cmake/../../../opt/yaml_cpp_vendor/lib/cmake/yaml-cpp'
[6.175s] -- Found ament_cmake_gtest: 0.9.12 (/opt/ros/foxy/share/ament_cmake_gtest/cmake)
[6.178s] -- Found ament_lint_auto: 0.9.8 (/opt/ros/foxy/share/ament_lint_auto/cmake)
[6.356s] -- Added test 'copyright' to check source files copyright and LICENSE
[6.358s] -- Added test 'cppcheck' to perform static code analysis on C / C++ code
[6.359s] -- Configured cppcheck include dirs: /home/mariobo/ernest_ws/src/ernest_simulations/gazebo_ros2_control/include
[6.359s] -- Configured cppcheck exclude dirs and/or files: 
[6.361s] -- Added test 'cpplint' to check C / C++ code against the Google style
[6.361s] -- Configured cpplint exclude dirs and/or files: 
[6.362s] -- Added test 'lint_cmake' to check CMake code style
[6.365s] -- Added test 'uncrustify' to check C / C++ code style
[6.365s] -- Configured uncrustify additional arguments: 
[6.366s] -- Added test 'xmllint' to check XML markup files
[6.371s] -- Configuring done
[6.453s] -- Generating done
[6.458s] -- Build files have been written to: /home/mariobo/ernest_ws/src/ernest_simulations/build/gazebo_ros2_control
[6.477s] Invoked command in '/home/mariobo/ernest_ws/src/ernest_simulations/build/gazebo_ros2_control' returned '0': CMAKE_PREFIX_PATH=${CMAKE_PREFIX_PATH}:/home/mariobo/ernest_ws/install/mpc_controller:/opt/ros/foxy /usr/local/bin/cmake /home/mariobo/ernest_ws/src/ernest_simulations/gazebo_ros2_control -DAMENT_CMAKE_SYMLINK_INSTALL=1 -DCMAKE_INSTALL_PREFIX=/home/mariobo/ernest_ws/src/ernest_simulations/install/gazebo_ros2_control
[6.484s] Invoking command in '/home/mariobo/ernest_ws/src/ernest_simulations/build/gazebo_ros2_control': CMAKE_PREFIX_PATH=${CMAKE_PREFIX_PATH}:/home/mariobo/ernest_ws/install/mpc_controller:/opt/ros/foxy /usr/local/bin/cmake --build /home/mariobo/ernest_ws/src/ernest_simulations/build/gazebo_ros2_control -- -j8 -l8
[6.547s] [ 25%] [32mBuilding CXX object CMakeFiles/gazebo_hardware_plugins.dir/src/gazebo_system.cpp.o[0m
[6.547s] [ 50%] [32mBuilding CXX object CMakeFiles/gazebo_ros2_control.dir/src/gazebo_ros2_control_plugin.cpp.o[0m
[31.871s] [ 75%] [32m[1mLinking CXX shared library libgazebo_hardware_plugins.so[0m
[32.626s] [ 75%] Built target gazebo_hardware_plugins
[34.758s] [100%] [32m[1mLinking CXX shared library libgazebo_ros2_control.so[0m
[35.462s] [100%] Built target gazebo_ros2_control
[35.472s] Invoked command in '/home/mariobo/ernest_ws/src/ernest_simulations/build/gazebo_ros2_control' returned '0': CMAKE_PREFIX_PATH=${CMAKE_PREFIX_PATH}:/home/mariobo/ernest_ws/install/mpc_controller:/opt/ros/foxy /usr/local/bin/cmake --build /home/mariobo/ernest_ws/src/ernest_simulations/build/gazebo_ros2_control -- -j8 -l8
[35.510s] Invoking command in '/home/mariobo/ernest_ws/src/ernest_simulations/build/gazebo_ros2_control': CMAKE_PREFIX_PATH=${CMAKE_PREFIX_PATH}:/home/mariobo/ernest_ws/install/mpc_controller:/opt/ros/foxy /usr/local/bin/cmake --install /home/mariobo/ernest_ws/src/ernest_simulations/build/gazebo_ros2_control
[35.514s] -- Install configuration: ""
[35.514s] -- Execute custom install script
[35.515s] -- Symlinking: /home/mariobo/ernest_ws/src/ernest_simulations/install/gazebo_ros2_control/lib/libgazebo_ros2_control.so
[35.521s] -- Symlinking: /home/mariobo/ernest_ws/src/ernest_simulations/install/gazebo_ros2_control/lib/libgazebo_hardware_plugins.so
[35.527s] -- Symlinking: /home/mariobo/ernest_ws/src/ernest_simulations/install/gazebo_ros2_control/share/gazebo_ros2_control/environment/library_path.sh
[35.532s] -- Symlinking: /home/mariobo/ernest_ws/src/ernest_simulations/install/gazebo_ros2_control/share/gazebo_ros2_control/environment/library_path.dsv
[35.536s] -- Symlinking: /home/mariobo/ernest_ws/src/ernest_simulations/install/gazebo_ros2_control/include/gazebo_ros2_control/gazebo_ros2_control_plugin.hpp
[35.540s] -- Symlinking: /home/mariobo/ernest_ws/src/ernest_simulations/install/gazebo_ros2_control/include/gazebo_ros2_control/gazebo_system.hpp
[35.543s] -- Symlinking: /home/mariobo/ernest_ws/src/ernest_simulations/install/gazebo_ros2_control/include/gazebo_ros2_control/gazebo_system_interface.hpp
[35.549s] -- Symlinking: /home/mariobo/ernest_ws/src/ernest_simulations/install/gazebo_ros2_control/share/gazebo_ros2_control//gazebo_hardware_plugins.xml
[35.553s] -- Symlinking: /home/mariobo/ernest_ws/src/ernest_simulations/install/gazebo_ros2_control/share/ament_index/resource_index/package_run_dependencies/gazebo_ros2_control
[35.557s] -- Symlinking: /home/mariobo/ernest_ws/src/ernest_simulations/install/gazebo_ros2_control/share/ament_index/resource_index/parent_prefix_path/gazebo_ros2_control
[35.561s] -- Symlinking: /home/mariobo/ernest_ws/src/ernest_simulations/install/gazebo_ros2_control/share/gazebo_ros2_control/environment/ament_prefix_path.sh
[35.567s] -- Symlinking: /home/mariobo/ernest_ws/src/ernest_simulations/install/gazebo_ros2_control/share/gazebo_ros2_control/environment/ament_prefix_path.dsv
[35.571s] -- Symlinking: /home/mariobo/ernest_ws/src/ernest_simulations/install/gazebo_ros2_control/share/gazebo_ros2_control/environment/path.sh
[35.574s] -- Symlinking: /home/mariobo/ernest_ws/src/ernest_simulations/install/gazebo_ros2_control/share/gazebo_ros2_control/environment/path.dsv
[35.578s] -- Symlinking: /home/mariobo/ernest_ws/src/ernest_simulations/install/gazebo_ros2_control/share/gazebo_ros2_control/local_setup.bash
[35.584s] -- Symlinking: /home/mariobo/ernest_ws/src/ernest_simulations/install/gazebo_ros2_control/share/gazebo_ros2_control/local_setup.sh
[35.590s] -- Symlinking: /home/mariobo/ernest_ws/src/ernest_simulations/install/gazebo_ros2_control/share/gazebo_ros2_control/local_setup.zsh
[35.597s] -- Symlinking: /home/mariobo/ernest_ws/src/ernest_simulations/install/gazebo_ros2_control/share/gazebo_ros2_control/local_setup.dsv
[35.602s] -- Symlinking: /home/mariobo/ernest_ws/src/ernest_simulations/install/gazebo_ros2_control/share/gazebo_ros2_control/package.dsv
[35.606s] -- Symlinking: /home/mariobo/ernest_ws/src/ernest_simulations/install/gazebo_ros2_control/share/ament_index/resource_index/packages/gazebo_ros2_control
[35.611s] -- Symlinking: /home/mariobo/ernest_ws/src/ernest_simulations/install/gazebo_ros2_control/share/ament_index/resource_index/gazebo_ros2_control__pluginlib__plugin/gazebo_ros2_control
[35.616s] -- Symlinking: /home/mariobo/ernest_ws/src/ernest_simulations/install/gazebo_ros2_control/share/gazebo_ros2_control/cmake/ament_cmake_export_include_directories-extras.cmake
[35.619s] -- Symlinking: /home/mariobo/ernest_ws/src/ernest_simulations/install/gazebo_ros2_control/share/gazebo_ros2_control/cmake/ament_cmake_export_dependencies-extras.cmake
[35.622s] -- Symlinking: /home/mariobo/ernest_ws/src/ernest_simulations/install/gazebo_ros2_control/share/gazebo_ros2_control/cmake/ament_cmake_export_libraries-extras.cmake
[35.626s] -- Symlinking: /home/mariobo/ernest_ws/src/ernest_simulations/install/gazebo_ros2_control/share/gazebo_ros2_control/cmake/gazebo_ros2_controlConfig.cmake
[35.631s] -- Symlinking: /home/mariobo/ernest_ws/src/ernest_simulations/install/gazebo_ros2_control/share/gazebo_ros2_control/cmake/gazebo_ros2_controlConfig-version.cmake
[35.636s] -- Symlinking: /home/mariobo/ernest_ws/src/ernest_simulations/install/gazebo_ros2_control/share/gazebo_ros2_control/package.xml
[35.643s] Invoked command in '/home/mariobo/ernest_ws/src/ernest_simulations/build/gazebo_ros2_control' returned '0': CMAKE_PREFIX_PATH=${CMAKE_PREFIX_PATH}:/home/mariobo/ernest_ws/install/mpc_controller:/opt/ros/foxy /usr/local/bin/cmake --install /home/mariobo/ernest_ws/src/ernest_simulations/build/gazebo_ros2_control
