[1.050s] Invoking command in '/home/mariobo/ernest_ws/src/ernest_simulations/build/gazebo_ros2_control': CMAKE_PREFIX_PATH=${CMAKE_PREFIX_PATH}:/home/mariobo/ernest_ws/src/ernest_simulations/install/mpc_controller:/home/mariobo/ernest_ws/install/mpc_controller:/opt/ros/foxy /usr/local/bin/cmake --build /home/mariobo/ernest_ws/src/ernest_simulations/build/gazebo_ros2_control -- -j8 -l8
[2.004s] [ 50%] Built target gazebo_hardware_plugins
[2.004s] [100%] Built target gazebo_ros2_control
[2.040s] Invoked command in '/home/mariobo/ernest_ws/src/ernest_simulations/build/gazebo_ros2_control' returned '0': CMAKE_PREFIX_PATH=${CMAKE_PREFIX_PATH}:/home/mariobo/ernest_ws/src/ernest_simulations/install/mpc_controller:/home/mariobo/ernest_ws/install/mpc_controller:/opt/ros/foxy /usr/local/bin/cmake --build /home/mariobo/ernest_ws/src/ernest_simulations/build/gazebo_ros2_control -- -j8 -l8
[2.124s] Invoking command in '/home/mariobo/ernest_ws/src/ernest_simulations/build/gazebo_ros2_control': CMAKE_PREFIX_PATH=${CMAKE_PREFIX_PATH}:/home/mariobo/ernest_ws/src/ernest_simulations/install/mpc_controller:/home/mariobo/ernest_ws/install/mpc_controller:/opt/ros/foxy /usr/local/bin/cmake --install /home/mariobo/ernest_ws/src/ernest_simulations/build/gazebo_ros2_control
[2.166s] -- Install configuration: ""
[2.166s] -- Execute custom install script
[2.167s] -- Up-to-date symlink: /home/mariobo/ernest_ws/src/ernest_simulations/install/gazebo_ros2_control/lib/libgazebo_ros2_control.so
[2.167s] -- Up-to-date symlink: /home/mariobo/ernest_ws/src/ernest_simulations/install/gazebo_ros2_control/lib/libgazebo_hardware_plugins.so
[2.167s] -- Up-to-date symlink: /home/mariobo/ernest_ws/src/ernest_simulations/install/gazebo_ros2_control/share/gazebo_ros2_control/environment/library_path.sh
[2.168s] -- Up-to-date symlink: /home/mariobo/ernest_ws/src/ernest_simulations/install/gazebo_ros2_control/share/gazebo_ros2_control/environment/library_path.dsv
[2.168s] -- Up-to-date symlink: /home/mariobo/ernest_ws/src/ernest_simulations/install/gazebo_ros2_control/include/gazebo_ros2_control/gazebo_ros2_control_plugin.hpp
[2.168s] -- Up-to-date symlink: /home/mariobo/ernest_ws/src/ernest_simulations/install/gazebo_ros2_control/include/gazebo_ros2_control/gazebo_system.hpp
[2.169s] -- Up-to-date symlink: /home/mariobo/ernest_ws/src/ernest_simulations/install/gazebo_ros2_control/include/gazebo_ros2_control/gazebo_system_interface.hpp
[2.169s] -- Up-to-date symlink: /home/mariobo/ernest_ws/src/ernest_simulations/install/gazebo_ros2_control/share/gazebo_ros2_control//gazebo_hardware_plugins.xml
[2.169s] -- Up-to-date symlink: /home/mariobo/ernest_ws/src/ernest_simulations/install/gazebo_ros2_control/share/ament_index/resource_index/package_run_dependencies/gazebo_ros2_control
[2.169s] -- Up-to-date symlink: /home/mariobo/ernest_ws/src/ernest_simulations/install/gazebo_ros2_control/share/ament_index/resource_index/parent_prefix_path/gazebo_ros2_control
[2.170s] -- Up-to-date symlink: /home/mariobo/ernest_ws/src/ernest_simulations/install/gazebo_ros2_control/share/gazebo_ros2_control/environment/ament_prefix_path.sh
[2.170s] -- Up-to-date symlink: /home/mariobo/ernest_ws/src/ernest_simulations/install/gazebo_ros2_control/share/gazebo_ros2_control/environment/ament_prefix_path.dsv
[2.170s] -- Up-to-date symlink: /home/mariobo/ernest_ws/src/ernest_simulations/install/gazebo_ros2_control/share/gazebo_ros2_control/environment/path.sh
[2.170s] -- Up-to-date symlink: /home/mariobo/ernest_ws/src/ernest_simulations/install/gazebo_ros2_control/share/gazebo_ros2_control/environment/path.dsv
[2.171s] -- Up-to-date symlink: /home/mariobo/ernest_ws/src/ernest_simulations/install/gazebo_ros2_control/share/gazebo_ros2_control/local_setup.bash
[2.171s] -- Up-to-date symlink: /home/mariobo/ernest_ws/src/ernest_simulations/install/gazebo_ros2_control/share/gazebo_ros2_control/local_setup.sh
[2.171s] -- Up-to-date symlink: /home/mariobo/ernest_ws/src/ernest_simulations/install/gazebo_ros2_control/share/gazebo_ros2_control/local_setup.zsh
[2.171s] -- Up-to-date symlink: /home/mariobo/ernest_ws/src/ernest_simulations/install/gazebo_ros2_control/share/gazebo_ros2_control/local_setup.dsv
[2.171s] -- Symlinking: /home/mariobo/ernest_ws/src/ernest_simulations/install/gazebo_ros2_control/share/gazebo_ros2_control/package.dsv
[2.172s] -- Up-to-date symlink: /home/mariobo/ernest_ws/src/ernest_simulations/install/gazebo_ros2_control/share/ament_index/resource_index/packages/gazebo_ros2_control
[2.172s] -- Up-to-date symlink: /home/mariobo/ernest_ws/src/ernest_simulations/install/gazebo_ros2_control/share/ament_index/resource_index/gazebo_ros2_control__pluginlib__plugin/gazebo_ros2_control
[2.172s] -- Up-to-date symlink: /home/mariobo/ernest_ws/src/ernest_simulations/install/gazebo_ros2_control/share/gazebo_ros2_control/cmake/ament_cmake_export_include_directories-extras.cmake
[2.173s] -- Up-to-date symlink: /home/mariobo/ernest_ws/src/ernest_simulations/install/gazebo_ros2_control/share/gazebo_ros2_control/cmake/ament_cmake_export_dependencies-extras.cmake
[2.173s] -- Up-to-date symlink: /home/mariobo/ernest_ws/src/ernest_simulations/install/gazebo_ros2_control/share/gazebo_ros2_control/cmake/ament_cmake_export_libraries-extras.cmake
[2.174s] -- Up-to-date symlink: /home/mariobo/ernest_ws/src/ernest_simulations/install/gazebo_ros2_control/share/gazebo_ros2_control/cmake/gazebo_ros2_controlConfig.cmake
[2.174s] -- Up-to-date symlink: /home/mariobo/ernest_ws/src/ernest_simulations/install/gazebo_ros2_control/share/gazebo_ros2_control/cmake/gazebo_ros2_controlConfig-version.cmake
[2.175s] -- Up-to-date symlink: /home/mariobo/ernest_ws/src/ernest_simulations/install/gazebo_ros2_control/share/gazebo_ros2_control/package.xml
[2.483s] Invoked command in '/home/mariobo/ernest_ws/src/ernest_simulations/build/gazebo_ros2_control' returned '0': CMAKE_PREFIX_PATH=${CMAKE_PREFIX_PATH}:/home/mariobo/ernest_ws/src/ernest_simulations/install/mpc_controller:/home/mariobo/ernest_ws/install/mpc_controller:/opt/ros/foxy /usr/local/bin/cmake --install /home/mariobo/ernest_ws/src/ernest_simulations/build/gazebo_ros2_control
