[0.506s] Invoking command in '/home/mariobo/ernest_ws/src/ernest_simulations/build/ernest_mpc': CMAKE_PREFIX_PATH=${CMAKE_PREFIX_PATH}:/opt/ros/foxy /usr/local/bin/cmake --build /home/mariobo/ernest_ws/src/ernest_simulations/build/ernest_mpc -- -j8 -l8
[0.563s] [35m[1mConsolidate compiler generated dependencies of target straight_line_node[0m
[0.590s] [ 50%] [32mBuilding CXX object CMakeFiles/straight_line_node.dir/src/straight_line.cpp.o[0m
[10.023s] [100%] [32m[1mLinking CXX executable straight_line_node[0m
[10.344s] [100%] Built target straight_line_node
[10.353s] Invoked command in '/home/mariobo/ernest_ws/src/ernest_simulations/build/ernest_mpc' returned '0': CMAKE_PREFIX_PATH=${CMAKE_PREFIX_PATH}:/opt/ros/foxy /usr/local/bin/cmake --build /home/mariobo/ernest_ws/src/ernest_simulations/build/ernest_mpc -- -j8 -l8
[10.396s] Invoking command in '/home/mariobo/ernest_ws/src/ernest_simulations/build/ernest_mpc': CMAKE_PREFIX_PATH=${CMAKE_PREFIX_PATH}:/opt/ros/foxy /usr/local/bin/cmake --install /home/mariobo/ernest_ws/src/ernest_simulations/build/ernest_mpc
[10.398s] -- Install configuration: ""
[10.399s] -- Installing: /home/mariobo/ernest_ws/src/ernest_simulations/install/ernest_mpc/lib/ernest_mpc/straight_line_node
[10.402s] -- Set runtime path of "/home/mariobo/ernest_ws/src/ernest_simulations/install/ernest_mpc/lib/ernest_mpc/straight_line_node" to ""
[10.403s] -- Up-to-date: /home/mariobo/ernest_ws/src/ernest_simulations/install/ernest_mpc/share/ament_index/resource_index/package_run_dependencies/ernest_mpc
[10.403s] -- Up-to-date: /home/mariobo/ernest_ws/src/ernest_simulations/install/ernest_mpc/share/ament_index/resource_index/parent_prefix_path/ernest_mpc
[10.404s] -- Up-to-date: /home/mariobo/ernest_ws/src/ernest_simulations/install/ernest_mpc/share/ernest_mpc/environment/ament_prefix_path.sh
[10.404s] -- Up-to-date: /home/mariobo/ernest_ws/src/ernest_simulations/install/ernest_mpc/share/ernest_mpc/environment/ament_prefix_path.dsv
[10.404s] -- Up-to-date: /home/mariobo/ernest_ws/src/ernest_simulations/install/ernest_mpc/share/ernest_mpc/environment/path.sh
[10.404s] -- Up-to-date: /home/mariobo/ernest_ws/src/ernest_simulations/install/ernest_mpc/share/ernest_mpc/environment/path.dsv
[10.404s] -- Up-to-date: /home/mariobo/ernest_ws/src/ernest_simulations/install/ernest_mpc/share/ernest_mpc/local_setup.bash
[10.405s] -- Up-to-date: /home/mariobo/ernest_ws/src/ernest_simulations/install/ernest_mpc/share/ernest_mpc/local_setup.sh
[10.405s] -- Up-to-date: /home/mariobo/ernest_ws/src/ernest_simulations/install/ernest_mpc/share/ernest_mpc/local_setup.zsh
[10.405s] -- Up-to-date: /home/mariobo/ernest_ws/src/ernest_simulations/install/ernest_mpc/share/ernest_mpc/local_setup.dsv
[10.405s] -- Installing: /home/mariobo/ernest_ws/src/ernest_simulations/install/ernest_mpc/share/ernest_mpc/package.dsv
[10.407s] -- Up-to-date: /home/mariobo/ernest_ws/src/ernest_simulations/install/ernest_mpc/share/ament_index/resource_index/packages/ernest_mpc
[10.407s] -- Up-to-date: /home/mariobo/ernest_ws/src/ernest_simulations/install/ernest_mpc/share/ernest_mpc/cmake/ernest_mpcConfig.cmake
[10.407s] -- Up-to-date: /home/mariobo/ernest_ws/src/ernest_simulations/install/ernest_mpc/share/ernest_mpc/cmake/ernest_mpcConfig-version.cmake
[10.408s] -- Up-to-date: /home/mariobo/ernest_ws/src/ernest_simulations/install/ernest_mpc/share/ernest_mpc/package.xml
[10.410s] Invoked command in '/home/mariobo/ernest_ws/src/ernest_simulations/build/ernest_mpc' returned '0': CMAKE_PREFIX_PATH=${CMAKE_PREFIX_PATH}:/opt/ros/foxy /usr/local/bin/cmake --install /home/mariobo/ernest_ws/src/ernest_simulations/build/ernest_mpc
